Method: free_at
Seed: 2
Scheduler: OneCycleLR
Label smoothing: 0.4
Weight average: True, tau: 0.9995
m: 4


============ Epoch 0 ============
Training time: 164.76s
Training loss: 5.2283
Training accuracy: 0.0244
Current GPU memory: 2.41 GB
Validation time: 12.80s
Model - Validation accuracy: 0.0715
Model - FGSM accuracy: 0.0410
Model - PGD accuracy: 0.0395
WA Model - Validation accuracy: 0.0080
WA Model - FGSM accuracy: 0.0060
WA Model - PGD accuracy: 0.0060
Best model: model (PGD acc: 0.0395, Val acc: 0.0715)

============ Epoch 1 ============
Training time: 165.92s
Training loss: 5.1081
Training accuracy: 0.0539
Current GPU memory: 4.57 GB
Validation time: 12.90s
Model - Validation accuracy: 0.1120
Model - FGSM accuracy: 0.0570
Model - PGD accuracy: 0.0550
WA Model - Validation accuracy: 0.0195
WA Model - FGSM accuracy: 0.0135
WA Model - PGD accuracy: 0.0135
Best model: model (PGD acc: 0.0550, Val acc: 0.1120)

============ Epoch 2 ============
Training time: 166.23s
Training loss: 5.0271
Training accuracy: 0.0792
Current GPU memory: 4.57 GB
Validation time: 12.88s
Model - Validation accuracy: 0.1400
Model - FGSM accuracy: 0.0775
Model - PGD accuracy: 0.0725
WA Model - Validation accuracy: 0.1005
WA Model - FGSM accuracy: 0.0580
WA Model - PGD accuracy: 0.0575
Best model: model (PGD acc: 0.0725, Val acc: 0.1400)

============ Epoch 3 ============
Training time: 166.25s
Training loss: 4.9677
Training accuracy: 0.0987
Current GPU memory: 4.57 GB
Validation time: 12.92s
Model - Validation accuracy: 0.1810
Model - FGSM accuracy: 0.0975
Model - PGD accuracy: 0.0940
WA Model - Validation accuracy: 0.1800
WA Model - FGSM accuracy: 0.0965
WA Model - PGD accuracy: 0.0955
Best model: wa_model (PGD acc: 0.0955, Val acc: 0.1800)

============ Epoch 4 ============
Training time: 166.15s
Training loss: 4.9203
Training accuracy: 0.1149
Current GPU memory: 4.57 GB
Validation time: 12.80s
Model - Validation accuracy: 0.1965
Model - FGSM accuracy: 0.1065
Model - PGD accuracy: 0.1015
WA Model - Validation accuracy: 0.2240
WA Model - FGSM accuracy: 0.1125
WA Model - PGD accuracy: 0.1110
Best model: wa_model (PGD acc: 0.1110, Val acc: 0.2240)

============ Epoch 5 ============
Training time: 165.95s
Training loss: 4.8794
Training accuracy: 0.1282
Current GPU memory: 4.57 GB
Validation time: 12.77s
Model - Validation accuracy: 0.2310
Model - FGSM accuracy: 0.1125
Model - PGD accuracy: 0.1090
WA Model - Validation accuracy: 0.2490
WA Model - FGSM accuracy: 0.1320
WA Model - PGD accuracy: 0.1290
Best model: wa_model (PGD acc: 0.1290, Val acc: 0.2490)

============ Epoch 6 ============
Training time: 165.98s
Training loss: 4.8415
Training accuracy: 0.1426
Current GPU memory: 4.57 GB
Validation time: 12.84s
Model - Validation accuracy: 0.2340
Model - FGSM accuracy: 0.1165
Model - PGD accuracy: 0.1125
WA Model - Validation accuracy: 0.2740
WA Model - FGSM accuracy: 0.1510
WA Model - PGD accuracy: 0.1460
Best model: wa_model (PGD acc: 0.1460, Val acc: 0.2740)

============ Epoch 7 ============
Training time: 166.05s
Training loss: 4.8108
Training accuracy: 0.1534
Current GPU memory: 4.57 GB
Validation time: 12.85s
Model - Validation accuracy: 0.2530
Model - FGSM accuracy: 0.1175
Model - PGD accuracy: 0.1075
WA Model - Validation accuracy: 0.2955
WA Model - FGSM accuracy: 0.1650
WA Model - PGD accuracy: 0.1590
Best model: wa_model (PGD acc: 0.1590, Val acc: 0.2955)

============ Epoch 8 ============
Training time: 166.13s
Training loss: 4.7846
Training accuracy: 0.1627
Current GPU memory: 4.57 GB
Validation time: 12.81s
Model - Validation accuracy: 0.2755
Model - FGSM accuracy: 0.1305
Model - PGD accuracy: 0.1240
WA Model - Validation accuracy: 0.3085
WA Model - FGSM accuracy: 0.1735
WA Model - PGD accuracy: 0.1685
Best model: wa_model (PGD acc: 0.1685, Val acc: 0.3085)

============ Epoch 9 ============
Training time: 165.77s
Training loss: 4.7637
Training accuracy: 0.1706
Current GPU memory: 4.57 GB
Validation time: 12.78s
Model - Validation accuracy: 0.2740
Model - FGSM accuracy: 0.1265
Model - PGD accuracy: 0.1230
WA Model - Validation accuracy: 0.3240
WA Model - FGSM accuracy: 0.1815
WA Model - PGD accuracy: 0.1765
Best model: wa_model (PGD acc: 0.1765, Val acc: 0.3240)

============ Epoch 10 ============
Training time: 165.92s
Training loss: 4.7508
Training accuracy: 0.1752
Current GPU memory: 4.57 GB
Validation time: 12.76s
Model - Validation accuracy: 0.2950
Model - FGSM accuracy: 0.1430
Model - PGD accuracy: 0.1330
WA Model - Validation accuracy: 0.3365
WA Model - FGSM accuracy: 0.1880
WA Model - PGD accuracy: 0.1860
Best model: wa_model (PGD acc: 0.1860, Val acc: 0.3365)

============ Epoch 11 ============
Training time: 165.74s
Training loss: 4.7401
Training accuracy: 0.1803
Current GPU memory: 4.57 GB
Validation time: 12.77s
Model - Validation accuracy: 0.2780
Model - FGSM accuracy: 0.1455
Model - PGD accuracy: 0.1360
WA Model - Validation accuracy: 0.3505
WA Model - FGSM accuracy: 0.1955
WA Model - PGD accuracy: 0.1880
Best model: wa_model (PGD acc: 0.1880, Val acc: 0.3505)

============ Epoch 12 ============
Training time: 165.72s
Training loss: 4.7347
Training accuracy: 0.1818
Current GPU memory: 4.57 GB
Validation time: 12.87s
Model - Validation accuracy: 0.2780
Model - FGSM accuracy: 0.1335
Model - PGD accuracy: 0.1230
WA Model - Validation accuracy: 0.3585
WA Model - FGSM accuracy: 0.2005
WA Model - PGD accuracy: 0.1950
Best model: wa_model (PGD acc: 0.1950, Val acc: 0.3585)

============ Epoch 13 ============
Training time: 165.56s
Training loss: 4.7309
Training accuracy: 0.1827
Current GPU memory: 4.57 GB
Validation time: 12.84s
Model - Validation accuracy: 0.2585
Model - FGSM accuracy: 0.1135
Model - PGD accuracy: 0.1065
WA Model - Validation accuracy: 0.3705
WA Model - FGSM accuracy: 0.2050
WA Model - PGD accuracy: 0.1960
Best model: wa_model (PGD acc: 0.1960, Val acc: 0.3705)

============ Epoch 14 ============
Training time: 165.57s
Training loss: 4.7272
Training accuracy: 0.1846
Current GPU memory: 4.57 GB
Validation time: 12.80s
Model - Validation accuracy: 0.2610
Model - FGSM accuracy: 0.1230
Model - PGD accuracy: 0.1140
WA Model - Validation accuracy: 0.3705
WA Model - FGSM accuracy: 0.2105
WA Model - PGD accuracy: 0.2020
Best model: wa_model (PGD acc: 0.2020, Val acc: 0.3705)

============ Epoch 15 ============
Training time: 165.66s
Training loss: 4.7261
Training accuracy: 0.1851
Current GPU memory: 4.57 GB
Validation time: 12.93s
Model - Validation accuracy: 0.2635
Model - FGSM accuracy: 0.1195
Model - PGD accuracy: 0.1100
WA Model - Validation accuracy: 0.3765
WA Model - FGSM accuracy: 0.2070
WA Model - PGD accuracy: 0.2025
Best model: wa_model (PGD acc: 0.2025, Val acc: 0.3765)

============ Epoch 16 ============
Training time: 166.34s
Training loss: 4.7264
Training accuracy: 0.1850
Current GPU memory: 4.57 GB
Validation time: 12.83s
Model - Validation accuracy: 0.2840
Model - FGSM accuracy: 0.1375
Model - PGD accuracy: 0.1290
WA Model - Validation accuracy: 0.3755
WA Model - FGSM accuracy: 0.2135
WA Model - PGD accuracy: 0.2045
Best model: wa_model (PGD acc: 0.2045, Val acc: 0.3755)

============ Epoch 17 ============
Training time: 165.72s
Training loss: 4.7285
Training accuracy: 0.1838
Current GPU memory: 4.57 GB
Validation time: 12.75s
Model - Validation accuracy: 0.2725
Model - FGSM accuracy: 0.1325
Model - PGD accuracy: 0.1265
WA Model - Validation accuracy: 0.3785
WA Model - FGSM accuracy: 0.2090
WA Model - PGD accuracy: 0.2025
Best model: wa_model (PGD acc: 0.2025, Val acc: 0.3785)

============ Epoch 18 ============
Training time: 165.57s
Training loss: 4.7291
Training accuracy: 0.1837
Current GPU memory: 4.57 GB
Validation time: 12.83s
Model - Validation accuracy: 0.2930
Model - FGSM accuracy: 0.1435
Model - PGD accuracy: 0.1295
WA Model - Validation accuracy: 0.3785
WA Model - FGSM accuracy: 0.2095
WA Model - PGD accuracy: 0.2065
Best model: wa_model (PGD acc: 0.2065, Val acc: 0.3785)

============ Epoch 19 ============
Training time: 165.46s
Training loss: 4.7314
Training accuracy: 0.1831
Current GPU memory: 4.57 GB
Validation time: 12.93s
Model - Validation accuracy: 0.2665
Model - FGSM accuracy: 0.1330
Model - PGD accuracy: 0.1295
WA Model - Validation accuracy: 0.3850
WA Model - FGSM accuracy: 0.2105
WA Model - PGD accuracy: 0.2055
Best model: wa_model (PGD acc: 0.2055, Val acc: 0.3850)

============ Epoch 20 ============
Training time: 165.27s
Training loss: 4.7341
Training accuracy: 0.1825
Current GPU memory: 4.57 GB
Validation time: 12.71s
Model - Validation accuracy: 0.2525
Model - FGSM accuracy: 0.1195
Model - PGD accuracy: 0.1135
WA Model - Validation accuracy: 0.3730
WA Model - FGSM accuracy: 0.2165
WA Model - PGD accuracy: 0.2110
Best model: wa_model (PGD acc: 0.2110, Val acc: 0.3730)

============ Epoch 21 ============
Training time: 165.55s
Training loss: 4.7378
Training accuracy: 0.1813
Current GPU memory: 4.57 GB
Validation time: 12.88s
Model - Validation accuracy: 0.2745
Model - FGSM accuracy: 0.1285
Model - PGD accuracy: 0.1230
WA Model - Validation accuracy: 0.3730
WA Model - FGSM accuracy: 0.2135
WA Model - PGD accuracy: 0.2075
Best model: wa_model (PGD acc: 0.2075, Val acc: 0.3730)

============ Epoch 22 ============
Training time: 165.66s
Training loss: 4.7404
Training accuracy: 0.1791
Current GPU memory: 4.57 GB
Validation time: 12.82s
Model - Validation accuracy: 0.2670
Model - FGSM accuracy: 0.1230
Model - PGD accuracy: 0.1180
WA Model - Validation accuracy: 0.3700
WA Model - FGSM accuracy: 0.2175
WA Model - PGD accuracy: 0.2050
Best model: wa_model (PGD acc: 0.2050, Val acc: 0.3700)

============ Epoch 23 ============
Training time: 165.62s
Training loss: 4.7440
Training accuracy: 0.1784
Current GPU memory: 4.57 GB
Validation time: 12.81s
Model - Validation accuracy: 0.2605
Model - FGSM accuracy: 0.1165
Model - PGD accuracy: 0.1110
WA Model - Validation accuracy: 0.3725
WA Model - FGSM accuracy: 0.2085
WA Model - PGD accuracy: 0.2030
Best model: wa_model (PGD acc: 0.2030, Val acc: 0.3725)

============ Epoch 24 ============
Training time: 165.43s
Training loss: 4.7466
Training accuracy: 0.1777
Current GPU memory: 4.57 GB
Validation time: 12.73s
Model - Validation accuracy: 0.2480
Model - FGSM accuracy: 0.1195
Model - PGD accuracy: 0.1105
WA Model - Validation accuracy: 0.3605
WA Model - FGSM accuracy: 0.2095
WA Model - PGD accuracy: 0.2035
Best model: wa_model (PGD acc: 0.2035, Val acc: 0.3605)

============ Epoch 25 ============
Training time: 165.25s
Training loss: 4.7511
Training accuracy: 0.1748
Current GPU memory: 4.57 GB
Validation time: 12.78s
Model - Validation accuracy: 0.2370
Model - FGSM accuracy: 0.1140
Model - PGD accuracy: 0.1075
WA Model - Validation accuracy: 0.3700
WA Model - FGSM accuracy: 0.2085
WA Model - PGD accuracy: 0.2040
Best model: wa_model (PGD acc: 0.2040, Val acc: 0.3700)

============ Epoch 26 ============
Training time: 165.31s
Training loss: 4.7527
Training accuracy: 0.1751
Current GPU memory: 4.57 GB
Validation time: 12.77s
Model - Validation accuracy: 0.2375
Model - FGSM accuracy: 0.1125
Model - PGD accuracy: 0.1040
WA Model - Validation accuracy: 0.3680
WA Model - FGSM accuracy: 0.2085
WA Model - PGD accuracy: 0.1980
Best model: wa_model (PGD acc: 0.1980, Val acc: 0.3680)

============ Epoch 27 ============
Training time: 165.54s
Training loss: 4.7580
Training accuracy: 0.1737
Current GPU memory: 4.57 GB
Validation time: 12.77s
Model - Validation accuracy: 0.2095
Model - FGSM accuracy: 0.1005
Model - PGD accuracy: 0.0940
WA Model - Validation accuracy: 0.3660
WA Model - FGSM accuracy: 0.2070
WA Model - PGD accuracy: 0.1985
Best model: wa_model (PGD acc: 0.1985, Val acc: 0.3660)

============ Epoch 28 ============
Training time: 165.40s
Training loss: 4.7616
Training accuracy: 0.1714
Current GPU memory: 4.57 GB
Validation time: 12.75s
Model - Validation accuracy: 0.2395
Model - FGSM accuracy: 0.1090
Model - PGD accuracy: 0.1035
WA Model - Validation accuracy: 0.3595
WA Model - FGSM accuracy: 0.2085
WA Model - PGD accuracy: 0.1975
Best model: wa_model (PGD acc: 0.1975, Val acc: 0.3595)

============ Epoch 29 ============
Training time: 165.40s
Training loss: 4.7614
Training accuracy: 0.1718
Current GPU memory: 4.57 GB
Validation time: 12.76s
Model - Validation accuracy: 0.2500
Model - FGSM accuracy: 0.1100
Model - PGD accuracy: 0.1005
WA Model - Validation accuracy: 0.3610
WA Model - FGSM accuracy: 0.2020
WA Model - PGD accuracy: 0.1975
Best model: wa_model (PGD acc: 0.1975, Val acc: 0.3610)

============ Epoch 30 ============
Training time: 165.53s
Training loss: 4.7639
Training accuracy: 0.1705
Current GPU memory: 4.57 GB
Validation time: 12.74s
Model - Validation accuracy: 0.2400
Model - FGSM accuracy: 0.1100
Model - PGD accuracy: 0.1080
WA Model - Validation accuracy: 0.3625
WA Model - FGSM accuracy: 0.2075
WA Model - PGD accuracy: 0.2015
Best model: wa_model (PGD acc: 0.2015, Val acc: 0.3625)

============ Epoch 31 ============
Training time: 165.65s
Training loss: 4.7666
Training accuracy: 0.1702
Current GPU memory: 4.57 GB
Validation time: 12.78s
Model - Validation accuracy: 0.2145
Model - FGSM accuracy: 0.0865
Model - PGD accuracy: 0.0840
WA Model - Validation accuracy: 0.3590
WA Model - FGSM accuracy: 0.2085
WA Model - PGD accuracy: 0.2020
Best model: wa_model (PGD acc: 0.2020, Val acc: 0.3590)

============ Epoch 32 ============
Training time: 165.63s
Training loss: 4.7688
Training accuracy: 0.1694
Current GPU memory: 4.57 GB
Validation time: 12.88s
Model - Validation accuracy: 0.2375
Model - FGSM accuracy: 0.1220
Model - PGD accuracy: 0.1140
WA Model - Validation accuracy: 0.3530
WA Model - FGSM accuracy: 0.2030
WA Model - PGD accuracy: 0.1990
Best model: wa_model (PGD acc: 0.1990, Val acc: 0.3530)

============ Epoch 33 ============
Training time: 165.60s
Training loss: 4.7702
Training accuracy: 0.1686
Current GPU memory: 4.57 GB
Validation time: 12.75s
Model - Validation accuracy: 0.2040
Model - FGSM accuracy: 0.1050
Model - PGD accuracy: 0.0970
WA Model - Validation accuracy: 0.3585
WA Model - FGSM accuracy: 0.1985
WA Model - PGD accuracy: 0.1945
Best model: wa_model (PGD acc: 0.1945, Val acc: 0.3585)

============ Epoch 34 ============
Training time: 165.31s
Training loss: 4.7719
Training accuracy: 0.1687
Current GPU memory: 4.57 GB
Validation time: 12.74s
Model - Validation accuracy: 0.2390
Model - FGSM accuracy: 0.1170
Model - PGD accuracy: 0.1105
WA Model - Validation accuracy: 0.3555
WA Model - FGSM accuracy: 0.2030
WA Model - PGD accuracy: 0.2000
Best model: wa_model (PGD acc: 0.2000, Val acc: 0.3555)

============ Epoch 35 ============
Training time: 165.48s
Training loss: 4.7749
Training accuracy: 0.1667
Current GPU memory: 4.57 GB
Validation time: 12.78s
Model - Validation accuracy: 0.1940
Model - FGSM accuracy: 0.0865
Model - PGD accuracy: 0.0840
WA Model - Validation accuracy: 0.3525
WA Model - FGSM accuracy: 0.2055
WA Model - PGD accuracy: 0.2000
Best model: wa_model (PGD acc: 0.2000, Val acc: 0.3525)

============ Epoch 36 ============
Training time: 165.60s
Training loss: 4.7743
Training accuracy: 0.1665
Current GPU memory: 4.57 GB
Validation time: 12.78s
Model - Validation accuracy: 0.2355
Model - FGSM accuracy: 0.1145
Model - PGD accuracy: 0.1125
WA Model - Validation accuracy: 0.3510
WA Model - FGSM accuracy: 0.2045
WA Model - PGD accuracy: 0.1995
Best model: wa_model (PGD acc: 0.1995, Val acc: 0.3510)

============ Epoch 37 ============
Training time: 165.75s
Training loss: 4.7759
Training accuracy: 0.1671
Current GPU memory: 4.57 GB
Validation time: 12.76s
Model - Validation accuracy: 0.1950
Model - FGSM accuracy: 0.0815
Model - PGD accuracy: 0.0765
WA Model - Validation accuracy: 0.3435
WA Model - FGSM accuracy: 0.2020
WA Model - PGD accuracy: 0.1965
Best model: wa_model (PGD acc: 0.1965, Val acc: 0.3435)

============ Epoch 38 ============
Training time: 165.57s
Training loss: 4.7793
Training accuracy: 0.1646
Current GPU memory: 4.57 GB
Validation time: 12.78s
Model - Validation accuracy: 0.2085
Model - FGSM accuracy: 0.1065
Model - PGD accuracy: 0.1005
WA Model - Validation accuracy: 0.3410
WA Model - FGSM accuracy: 0.2005
WA Model - PGD accuracy: 0.1985
Best model: wa_model (PGD acc: 0.1985, Val acc: 0.3410)

============ Epoch 39 ============
Training time: 165.56s
Training loss: 4.7795
Training accuracy: 0.1652
Current GPU memory: 4.57 GB
Validation time: 12.73s
Model - Validation accuracy: 0.2105
Model - FGSM accuracy: 0.0885
Model - PGD accuracy: 0.0865
WA Model - Validation accuracy: 0.3430
WA Model - FGSM accuracy: 0.2030
WA Model - PGD accuracy: 0.1970
Best model: wa_model (PGD acc: 0.1970, Val acc: 0.3430)

============ Epoch 40 ============
Training time: 165.90s
Training loss: 4.7802
Training accuracy: 0.1640
Current GPU memory: 4.57 GB
Validation time: 12.76s
Model - Validation accuracy: 0.1865
Model - FGSM accuracy: 0.0840
Model - PGD accuracy: 0.0785
WA Model - Validation accuracy: 0.3405
WA Model - FGSM accuracy: 0.2035
WA Model - PGD accuracy: 0.1995
Best model: wa_model (PGD acc: 0.1995, Val acc: 0.3405)

============ Epoch 41 ============
Training time: 165.76s
Training loss: 4.7799
Training accuracy: 0.1656
Current GPU memory: 4.57 GB
Validation time: 12.88s
Model - Validation accuracy: 0.1825
Model - FGSM accuracy: 0.0865
Model - PGD accuracy: 0.0830
WA Model - Validation accuracy: 0.3460
WA Model - FGSM accuracy: 0.1985
WA Model - PGD accuracy: 0.1915
Best model: wa_model (PGD acc: 0.1915, Val acc: 0.3460)

============ Epoch 42 ============
Training time: 165.84s
Training loss: 4.7818
Training accuracy: 0.1639
Current GPU memory: 4.57 GB
Validation time: 12.79s
Model - Validation accuracy: 0.2120
Model - FGSM accuracy: 0.0985
Model - PGD accuracy: 0.0910
WA Model - Validation accuracy: 0.3445
WA Model - FGSM accuracy: 0.2050
WA Model - PGD accuracy: 0.2005
Best model: wa_model (PGD acc: 0.2005, Val acc: 0.3445)

============ Epoch 43 ============
Training time: 165.60s
Training loss: 4.7815
Training accuracy: 0.1648
Current GPU memory: 4.57 GB
Validation time: 12.71s
Model - Validation accuracy: 0.2120
Model - FGSM accuracy: 0.0925
Model - PGD accuracy: 0.0915
WA Model - Validation accuracy: 0.3405
WA Model - FGSM accuracy: 0.1995
WA Model - PGD accuracy: 0.1955
Best model: wa_model (PGD acc: 0.1955, Val acc: 0.3405)

============ Epoch 44 ============
Training time: 165.52s
Training loss: 4.7831
Training accuracy: 0.1635
Current GPU memory: 4.57 GB
Validation time: 12.82s
Model - Validation accuracy: 0.1970
Model - FGSM accuracy: 0.0835
Model - PGD accuracy: 0.0765
WA Model - Validation accuracy: 0.3345
WA Model - FGSM accuracy: 0.1985
WA Model - PGD accuracy: 0.1960
Best model: wa_model (PGD acc: 0.1960, Val acc: 0.3345)

============ Epoch 45 ============
Training time: 165.57s
Training loss: 4.7823
Training accuracy: 0.1650
Current GPU memory: 4.57 GB
Validation time: 12.83s
Model - Validation accuracy: 0.2080
Model - FGSM accuracy: 0.0905
Model - PGD accuracy: 0.0820
WA Model - Validation accuracy: 0.3370
WA Model - FGSM accuracy: 0.1960
WA Model - PGD accuracy: 0.1910
Best model: wa_model (PGD acc: 0.1910, Val acc: 0.3370)

============ Epoch 46 ============
Training time: 165.71s
Training loss: 4.7843
Training accuracy: 0.1633
Current GPU memory: 4.57 GB
Validation time: 12.83s
Model - Validation accuracy: 0.1990
Model - FGSM accuracy: 0.0970
Model - PGD accuracy: 0.0910
WA Model - Validation accuracy: 0.3415
WA Model - FGSM accuracy: 0.1970
WA Model - PGD accuracy: 0.1930
Best model: wa_model (PGD acc: 0.1930, Val acc: 0.3415)

============ Epoch 47 ============
Training time: 165.50s
Training loss: 4.7810
Training accuracy: 0.1646
Current GPU memory: 4.57 GB
Validation time: 12.73s
Model - Validation accuracy: 0.1755
Model - FGSM accuracy: 0.0825
Model - PGD accuracy: 0.0780
WA Model - Validation accuracy: 0.3355
WA Model - FGSM accuracy: 0.1900
WA Model - PGD accuracy: 0.1860
Best model: wa_model (PGD acc: 0.1860, Val acc: 0.3355)

============ Epoch 48 ============
Training time: 165.30s
Training loss: 4.7847
Training accuracy: 0.1634
Current GPU memory: 4.57 GB
Validation time: 12.78s
Model - Validation accuracy: 0.1910
Model - FGSM accuracy: 0.0805
Model - PGD accuracy: 0.0760
WA Model - Validation accuracy: 0.3320
WA Model - FGSM accuracy: 0.1955
WA Model - PGD accuracy: 0.1885
Best model: wa_model (PGD acc: 0.1885, Val acc: 0.3320)

============ Epoch 49 ============
Training time: 165.42s
Training loss: 4.7831
Training accuracy: 0.1629
Current GPU memory: 4.57 GB
Validation time: 12.82s
Model - Validation accuracy: 0.2015
Model - FGSM accuracy: 0.0875
Model - PGD accuracy: 0.0845
WA Model - Validation accuracy: 0.3305
WA Model - FGSM accuracy: 0.1990
WA Model - PGD accuracy: 0.1930
Best model: wa_model (PGD acc: 0.1930, Val acc: 0.3305)

train_acc_list: 
[0.02439030612244898, 0.05386479591836735, 0.0791530612244898, 0.09869642857142857, 0.11489540816326531, 0.12817091836734693, 0.14255867346938775, 0.15335969387755102, 0.16269132653061225, 0.17055357142857142, 0.17522448979591837, 0.18025510204081632, 0.1818392857142857, 0.18268877551020407, 0.1845816326530612, 0.18508418367346938, 0.1849515306122449, 0.18378061224489797, 0.1837091836734694, 0.1831377551020408, 0.1824591836734694, 0.18125255102040816, 0.17911479591836735, 0.17835969387755102, 0.17774489795918366, 0.1747780612244898, 0.17506377551020408, 0.17369897959183672, 0.17140561224489795, 0.1717857142857143, 0.17049489795918368, 0.17023979591836735, 0.16939795918367348, 0.16855612244897958, 0.1687219387755102, 0.16669132653061225, 0.16652551020408163, 0.1671173469387755, 0.16462244897959183, 0.16521173469387754, 0.16403826530612245, 0.16559183673469388, 0.1639234693877551, 0.16484948979591837, 0.16348979591836735, 0.1650280612244898, 0.16334948979591837, 0.16458673469387755, 0.16343877551020408, 0.16285204081632654]

model_val_acc_list: 
[0.0715, 0.112, 0.14, 0.181, 0.1965, 0.231, 0.234, 0.253, 0.2755, 0.274, 0.295, 0.278, 0.278, 0.2585, 0.261, 0.2635, 0.284, 0.2725, 0.293, 0.2665, 0.2525, 0.2745, 0.267, 0.2605, 0.248, 0.237, 0.2375, 0.2095, 0.2395, 0.25, 0.24, 0.2145, 0.2375, 0.204, 0.239, 0.194, 0.2355, 0.195, 0.2085, 0.2105, 0.1865, 0.1825, 0.212, 0.212, 0.197, 0.208, 0.199, 0.1755, 0.191, 0.2015]

model_pgd_acc_list: 
[0.0395, 0.055, 0.0725, 0.094, 0.1015, 0.109, 0.1125, 0.1075, 0.124, 0.123, 0.133, 0.136, 0.123, 0.1065, 0.114, 0.11, 0.129, 0.1265, 0.1295, 0.1295, 0.1135, 0.123, 0.118, 0.111, 0.1105, 0.1075, 0.104, 0.094, 0.1035, 0.1005, 0.108, 0.084, 0.114, 0.097, 0.1105, 0.084, 0.1125, 0.0765, 0.1005, 0.0865, 0.0785, 0.083, 0.091, 0.0915, 0.0765, 0.082, 0.091, 0.078, 0.076, 0.0845]

model_fgsm_acc_list: 
[0.041, 0.057, 0.0775, 0.0975, 0.1065, 0.1125, 0.1165, 0.1175, 0.1305, 0.1265, 0.143, 0.1455, 0.1335, 0.1135, 0.123, 0.1195, 0.1375, 0.1325, 0.1435, 0.133, 0.1195, 0.1285, 0.123, 0.1165, 0.1195, 0.114, 0.1125, 0.1005, 0.109, 0.11, 0.11, 0.0865, 0.122, 0.105, 0.117, 0.0865, 0.1145, 0.0815, 0.1065, 0.0885, 0.084, 0.0865, 0.0985, 0.0925, 0.0835, 0.0905, 0.097, 0.0825, 0.0805, 0.0875]

wa_val_acc_list: 
[0.008, 0.0195, 0.1005, 0.18, 0.224, 0.249, 0.274, 0.2955, 0.3085, 0.324, 0.3365, 0.3505, 0.3585, 0.3705, 0.3705, 0.3765, 0.3755, 0.3785, 0.3785, 0.385, 0.373, 0.373, 0.37, 0.3725, 0.3605, 0.37, 0.368, 0.366, 0.3595, 0.361, 0.3625, 0.359, 0.353, 0.3585, 0.3555, 0.3525, 0.351, 0.3435, 0.341, 0.343, 0.3405, 0.346, 0.3445, 0.3405, 0.3345, 0.337, 0.3415, 0.3355, 0.332, 0.3305]

wa_pgd_acc_list: 
[0.006, 0.0135, 0.0575, 0.0955, 0.111, 0.129, 0.146, 0.159, 0.1685, 0.1765, 0.186, 0.188, 0.195, 0.196, 0.202, 0.2025, 0.2045, 0.2025, 0.2065, 0.2055, 0.211, 0.2075, 0.205, 0.203, 0.2035, 0.204, 0.198, 0.1985, 0.1975, 0.1975, 0.2015, 0.202, 0.199, 0.1945, 0.2, 0.2, 0.1995, 0.1965, 0.1985, 0.197, 0.1995, 0.1915, 0.2005, 0.1955, 0.196, 0.191, 0.193, 0.186, 0.1885, 0.193]

wa_fgsm_acc_list: 
[0.006, 0.0135, 0.058, 0.0965, 0.1125, 0.132, 0.151, 0.165, 0.1735, 0.1815, 0.188, 0.1955, 0.2005, 0.205, 0.2105, 0.207, 0.2135, 0.209, 0.2095, 0.2105, 0.2165, 0.2135, 0.2175, 0.2085, 0.2095, 0.2085, 0.2085, 0.207, 0.2085, 0.202, 0.2075, 0.2085, 0.203, 0.1985, 0.203, 0.2055, 0.2045, 0.202, 0.2005, 0.203, 0.2035, 0.1985, 0.205, 0.1995, 0.1985, 0.196, 0.197, 0.19, 0.1955, 0.199]

total_training_time: 
8282.650627374649

total_val_time: 
640.121812582016

max_gpu_memory: 4.57 GB

==================================================
Starting final evaluation on test set...
==================================================
PGD test results:
  clean_acc: 0.3622
  pgd_10_acc: 0.2018
  pgd_20_acc: 0.2007
  pgd_50_acc: 0.2002
AutoAttack results:
  autoattack_acc: 0.1364
CR-Attack results:
  cr_attack_acc: 0.1366
