Method: free_at
Seed: 0
Scheduler: OneCycleLR
Label smoothing: 0.4
Weight average: True, tau: 0.9995
m: 4


============ Epoch 0 ============
Training time: 164.80s
Training loss: 5.2255
Training accuracy: 0.0244
Current GPU memory: 2.41 GB
Validation time: 12.83s
Model - Validation accuracy: 0.0620
Model - FGSM accuracy: 0.0345
Model - PGD accuracy: 0.0335
WA Model - Validation accuracy: 0.0050
WA Model - FGSM accuracy: 0.0020
WA Model - PGD accuracy: 0.0020
Best model: model (PGD acc: 0.0335, Val acc: 0.0620)

============ Epoch 1 ============
Training time: 166.32s
Training loss: 5.1048
Training accuracy: 0.0557
Current GPU memory: 4.57 GB
Validation time: 12.86s
Model - Validation accuracy: 0.1085
Model - FGSM accuracy: 0.0515
Model - PGD accuracy: 0.0515
WA Model - Validation accuracy: 0.0280
WA Model - FGSM accuracy: 0.0170
WA Model - PGD accuracy: 0.0175
Best model: model (PGD acc: 0.0515, Val acc: 0.1085)

============ Epoch 2 ============
Training time: 166.19s
Training loss: 5.0253
Training accuracy: 0.0790
Current GPU memory: 4.57 GB
Validation time: 12.83s
Model - Validation accuracy: 0.1465
Model - FGSM accuracy: 0.0765
Model - PGD accuracy: 0.0730
WA Model - Validation accuracy: 0.0985
WA Model - FGSM accuracy: 0.0535
WA Model - PGD accuracy: 0.0530
Best model: model (PGD acc: 0.0730, Val acc: 0.1465)

============ Epoch 3 ============
Training time: 166.05s
Training loss: 4.9665
Training accuracy: 0.0988
Current GPU memory: 4.57 GB
Validation time: 12.82s
Model - Validation accuracy: 0.1770
Model - FGSM accuracy: 0.0845
Model - PGD accuracy: 0.0810
WA Model - Validation accuracy: 0.1740
WA Model - FGSM accuracy: 0.0950
WA Model - PGD accuracy: 0.0940
Best model: wa_model (PGD acc: 0.0940, Val acc: 0.1740)

============ Epoch 4 ============
Training time: 166.59s
Training loss: 4.9204
Training accuracy: 0.1151
Current GPU memory: 4.57 GB
Validation time: 12.88s
Model - Validation accuracy: 0.1960
Model - FGSM accuracy: 0.0950
Model - PGD accuracy: 0.0935
WA Model - Validation accuracy: 0.2140
WA Model - FGSM accuracy: 0.1130
WA Model - PGD accuracy: 0.1055
Best model: wa_model (PGD acc: 0.1055, Val acc: 0.2140)

============ Epoch 5 ============
Training time: 167.12s
Training loss: 4.8777
Training accuracy: 0.1291
Current GPU memory: 4.57 GB
Validation time: 12.87s
Model - Validation accuracy: 0.2270
Model - FGSM accuracy: 0.1120
Model - PGD accuracy: 0.1090
WA Model - Validation accuracy: 0.2360
WA Model - FGSM accuracy: 0.1305
WA Model - PGD accuracy: 0.1255
Best model: wa_model (PGD acc: 0.1255, Val acc: 0.2360)

============ Epoch 6 ============
Training time: 166.12s
Training loss: 4.8423
Training accuracy: 0.1414
Current GPU memory: 4.57 GB
Validation time: 12.83s
Model - Validation accuracy: 0.2340
Model - FGSM accuracy: 0.1090
Model - PGD accuracy: 0.1040
WA Model - Validation accuracy: 0.2580
WA Model - FGSM accuracy: 0.1400
WA Model - PGD accuracy: 0.1365
Best model: wa_model (PGD acc: 0.1365, Val acc: 0.2580)

============ Epoch 7 ============
Training time: 166.44s
Training loss: 4.8109
Training accuracy: 0.1534
Current GPU memory: 4.57 GB
Validation time: 12.84s
Model - Validation accuracy: 0.2435
Model - FGSM accuracy: 0.1180
Model - PGD accuracy: 0.1110
WA Model - Validation accuracy: 0.2765
WA Model - FGSM accuracy: 0.1520
WA Model - PGD accuracy: 0.1465
Best model: wa_model (PGD acc: 0.1465, Val acc: 0.2765)

============ Epoch 8 ============
Training time: 166.28s
Training loss: 4.7848
Training accuracy: 0.1631
Current GPU memory: 4.57 GB
Validation time: 12.88s
Model - Validation accuracy: 0.2470
Model - FGSM accuracy: 0.1145
Model - PGD accuracy: 0.1110
WA Model - Validation accuracy: 0.2875
WA Model - FGSM accuracy: 0.1650
WA Model - PGD accuracy: 0.1590
Best model: wa_model (PGD acc: 0.1590, Val acc: 0.2875)

============ Epoch 9 ============
Training time: 166.24s
Training loss: 4.7653
Training accuracy: 0.1701
Current GPU memory: 4.57 GB
Validation time: 12.89s
Model - Validation accuracy: 0.2920
Model - FGSM accuracy: 0.1370
Model - PGD accuracy: 0.1295
WA Model - Validation accuracy: 0.2960
WA Model - FGSM accuracy: 0.1695
WA Model - PGD accuracy: 0.1650
Best model: wa_model (PGD acc: 0.1650, Val acc: 0.2960)

============ Epoch 10 ============
Training time: 166.68s
Training loss: 4.7505
Training accuracy: 0.1766
Current GPU memory: 4.57 GB
Validation time: 12.83s
Model - Validation accuracy: 0.2585
Model - FGSM accuracy: 0.1300
Model - PGD accuracy: 0.1255
WA Model - Validation accuracy: 0.3090
WA Model - FGSM accuracy: 0.1770
WA Model - PGD accuracy: 0.1730
Best model: wa_model (PGD acc: 0.1730, Val acc: 0.3090)

============ Epoch 11 ============
Training time: 166.07s
Training loss: 4.7435
Training accuracy: 0.1785
Current GPU memory: 4.57 GB
Validation time: 12.88s
Model - Validation accuracy: 0.2615
Model - FGSM accuracy: 0.1380
Model - PGD accuracy: 0.1330
WA Model - Validation accuracy: 0.3205
WA Model - FGSM accuracy: 0.1890
WA Model - PGD accuracy: 0.1825
Best model: wa_model (PGD acc: 0.1825, Val acc: 0.3205)

============ Epoch 12 ============
Training time: 166.28s
Training loss: 4.7354
Training accuracy: 0.1821
Current GPU memory: 4.57 GB
Validation time: 13.22s
Model - Validation accuracy: 0.2655
Model - FGSM accuracy: 0.1340
Model - PGD accuracy: 0.1290
WA Model - Validation accuracy: 0.3320
WA Model - FGSM accuracy: 0.1900
WA Model - PGD accuracy: 0.1860
Best model: wa_model (PGD acc: 0.1860, Val acc: 0.3320)

============ Epoch 13 ============
Training time: 166.18s
Training loss: 4.7323
Training accuracy: 0.1826
Current GPU memory: 4.57 GB
Validation time: 12.87s
Model - Validation accuracy: 0.2720
Model - FGSM accuracy: 0.1255
Model - PGD accuracy: 0.1150
WA Model - Validation accuracy: 0.3365
WA Model - FGSM accuracy: 0.1955
WA Model - PGD accuracy: 0.1885
Best model: wa_model (PGD acc: 0.1885, Val acc: 0.3365)

============ Epoch 14 ============
Training time: 166.24s
Training loss: 4.7290
Training accuracy: 0.1837
Current GPU memory: 4.57 GB
Validation time: 12.88s
Model - Validation accuracy: 0.2700
Model - FGSM accuracy: 0.1200
Model - PGD accuracy: 0.1145
WA Model - Validation accuracy: 0.3395
WA Model - FGSM accuracy: 0.1990
WA Model - PGD accuracy: 0.1910
Best model: wa_model (PGD acc: 0.1910, Val acc: 0.3395)

============ Epoch 15 ============
Training time: 166.32s
Training loss: 4.7267
Training accuracy: 0.1841
Current GPU memory: 4.57 GB
Validation time: 12.92s
Model - Validation accuracy: 0.2770
Model - FGSM accuracy: 0.1205
Model - PGD accuracy: 0.1145
WA Model - Validation accuracy: 0.3405
WA Model - FGSM accuracy: 0.1985
WA Model - PGD accuracy: 0.1945
Best model: wa_model (PGD acc: 0.1945, Val acc: 0.3405)

============ Epoch 16 ============
Training time: 166.52s
Training loss: 4.7269
Training accuracy: 0.1848
Current GPU memory: 4.57 GB
Validation time: 12.97s
Model - Validation accuracy: 0.2740
Model - FGSM accuracy: 0.1275
Model - PGD accuracy: 0.1165
WA Model - Validation accuracy: 0.3460
WA Model - FGSM accuracy: 0.2030
WA Model - PGD accuracy: 0.1965
Best model: wa_model (PGD acc: 0.1965, Val acc: 0.3460)

============ Epoch 17 ============
Training time: 165.85s
Training loss: 4.7280
Training accuracy: 0.1840
Current GPU memory: 4.57 GB
Validation time: 12.82s
Model - Validation accuracy: 0.2380
Model - FGSM accuracy: 0.1155
Model - PGD accuracy: 0.1075
WA Model - Validation accuracy: 0.3460
WA Model - FGSM accuracy: 0.2035
WA Model - PGD accuracy: 0.1975
Best model: wa_model (PGD acc: 0.1975, Val acc: 0.3460)

============ Epoch 18 ============
Training time: 166.03s
Training loss: 4.7293
Training accuracy: 0.1829
Current GPU memory: 4.57 GB
Validation time: 12.84s
Model - Validation accuracy: 0.2630
Model - FGSM accuracy: 0.1175
Model - PGD accuracy: 0.1140
WA Model - Validation accuracy: 0.3460
WA Model - FGSM accuracy: 0.2000
WA Model - PGD accuracy: 0.1960
Best model: wa_model (PGD acc: 0.1960, Val acc: 0.3460)

============ Epoch 19 ============
Training time: 166.03s
Training loss: 4.7322
Training accuracy: 0.1839
Current GPU memory: 4.57 GB
Validation time: 12.83s
Model - Validation accuracy: 0.2615
Model - FGSM accuracy: 0.1180
Model - PGD accuracy: 0.1100
WA Model - Validation accuracy: 0.3500
WA Model - FGSM accuracy: 0.2005
WA Model - PGD accuracy: 0.1980
Best model: wa_model (PGD acc: 0.1980, Val acc: 0.3500)

============ Epoch 20 ============
Training time: 166.14s
Training loss: 4.7378
Training accuracy: 0.1798
Current GPU memory: 4.57 GB
Validation time: 12.82s
Model - Validation accuracy: 0.2475
Model - FGSM accuracy: 0.1180
Model - PGD accuracy: 0.1080
WA Model - Validation accuracy: 0.3490
WA Model - FGSM accuracy: 0.1995
WA Model - PGD accuracy: 0.1970
Best model: wa_model (PGD acc: 0.1970, Val acc: 0.3490)

============ Epoch 21 ============
Training time: 166.53s
Training loss: 4.7381
Training accuracy: 0.1811
Current GPU memory: 4.57 GB
Validation time: 12.87s
Model - Validation accuracy: 0.2380
Model - FGSM accuracy: 0.1080
Model - PGD accuracy: 0.1010
WA Model - Validation accuracy: 0.3470
WA Model - FGSM accuracy: 0.1975
WA Model - PGD accuracy: 0.1930
Best model: wa_model (PGD acc: 0.1930, Val acc: 0.3470)

============ Epoch 22 ============
Training time: 165.79s
Training loss: 4.7400
Training accuracy: 0.1797
Current GPU memory: 4.57 GB
Validation time: 12.81s
Model - Validation accuracy: 0.2600
Model - FGSM accuracy: 0.1260
Model - PGD accuracy: 0.1165
WA Model - Validation accuracy: 0.3375
WA Model - FGSM accuracy: 0.1970
WA Model - PGD accuracy: 0.1915
Best model: wa_model (PGD acc: 0.1915, Val acc: 0.3375)

============ Epoch 23 ============
Training time: 165.44s
Training loss: 4.7456
Training accuracy: 0.1774
Current GPU memory: 4.57 GB
Validation time: 12.74s
Model - Validation accuracy: 0.2215
Model - FGSM accuracy: 0.1090
Model - PGD accuracy: 0.1030
WA Model - Validation accuracy: 0.3390
WA Model - FGSM accuracy: 0.1940
WA Model - PGD accuracy: 0.1890
Best model: wa_model (PGD acc: 0.1890, Val acc: 0.3390)

============ Epoch 24 ============
Training time: 165.44s
Training loss: 4.7485
Training accuracy: 0.1777
Current GPU memory: 4.57 GB
Validation time: 12.77s
Model - Validation accuracy: 0.2330
Model - FGSM accuracy: 0.1110
Model - PGD accuracy: 0.1040
WA Model - Validation accuracy: 0.3380
WA Model - FGSM accuracy: 0.1955
WA Model - PGD accuracy: 0.1920
Best model: wa_model (PGD acc: 0.1920, Val acc: 0.3380)

============ Epoch 25 ============
Training time: 165.59s
Training loss: 4.7512
Training accuracy: 0.1768
Current GPU memory: 4.57 GB
Validation time: 12.90s
Model - Validation accuracy: 0.2375
Model - FGSM accuracy: 0.0955
Model - PGD accuracy: 0.0880
WA Model - Validation accuracy: 0.3415
WA Model - FGSM accuracy: 0.1980
WA Model - PGD accuracy: 0.1910
Best model: wa_model (PGD acc: 0.1910, Val acc: 0.3415)

============ Epoch 26 ============
Training time: 166.36s
Training loss: 4.7564
Training accuracy: 0.1744
Current GPU memory: 4.57 GB
Validation time: 12.84s
Model - Validation accuracy: 0.2375
Model - FGSM accuracy: 0.1035
Model - PGD accuracy: 0.0925
WA Model - Validation accuracy: 0.3380
WA Model - FGSM accuracy: 0.1960
WA Model - PGD accuracy: 0.1905
Best model: wa_model (PGD acc: 0.1905, Val acc: 0.3380)

============ Epoch 27 ============
Training time: 165.83s
Training loss: 4.7601
Training accuracy: 0.1722
Current GPU memory: 4.57 GB
Validation time: 12.79s
Model - Validation accuracy: 0.2265
Model - FGSM accuracy: 0.0990
Model - PGD accuracy: 0.0945
WA Model - Validation accuracy: 0.3335
WA Model - FGSM accuracy: 0.1965
WA Model - PGD accuracy: 0.1895
Best model: wa_model (PGD acc: 0.1895, Val acc: 0.3335)

============ Epoch 28 ============
Training time: 165.79s
Training loss: 4.7604
Training accuracy: 0.1732
Current GPU memory: 4.57 GB
Validation time: 12.88s
Model - Validation accuracy: 0.2475
Model - FGSM accuracy: 0.1170
Model - PGD accuracy: 0.1105
WA Model - Validation accuracy: 0.3370
WA Model - FGSM accuracy: 0.1925
WA Model - PGD accuracy: 0.1885
Best model: wa_model (PGD acc: 0.1885, Val acc: 0.3370)

============ Epoch 29 ============
Training time: 165.69s
Training loss: 4.7636
Training accuracy: 0.1711
Current GPU memory: 4.57 GB
Validation time: 12.84s
Model - Validation accuracy: 0.2450
Model - FGSM accuracy: 0.0970
Model - PGD accuracy: 0.0865
WA Model - Validation accuracy: 0.3350
WA Model - FGSM accuracy: 0.1925
WA Model - PGD accuracy: 0.1880
Best model: wa_model (PGD acc: 0.1880, Val acc: 0.3350)

============ Epoch 30 ============
Training time: 165.67s
Training loss: 4.7663
Training accuracy: 0.1709
Current GPU memory: 4.57 GB
Validation time: 12.86s
Model - Validation accuracy: 0.2145
Model - FGSM accuracy: 0.0915
Model - PGD accuracy: 0.0875
WA Model - Validation accuracy: 0.3285
WA Model - FGSM accuracy: 0.1950
WA Model - PGD accuracy: 0.1925
Best model: wa_model (PGD acc: 0.1925, Val acc: 0.3285)

============ Epoch 31 ============
Training time: 166.40s
Training loss: 4.7666
Training accuracy: 0.1700
Current GPU memory: 4.57 GB
Validation time: 12.85s
Model - Validation accuracy: 0.2120
Model - FGSM accuracy: 0.0865
Model - PGD accuracy: 0.0805
WA Model - Validation accuracy: 0.3265
WA Model - FGSM accuracy: 0.1910
WA Model - PGD accuracy: 0.1865
Best model: wa_model (PGD acc: 0.1865, Val acc: 0.3265)

============ Epoch 32 ============
Training time: 165.77s
Training loss: 4.7703
Training accuracy: 0.1691
Current GPU memory: 4.57 GB
Validation time: 12.81s
Model - Validation accuracy: 0.2260
Model - FGSM accuracy: 0.0955
Model - PGD accuracy: 0.0885
WA Model - Validation accuracy: 0.3205
WA Model - FGSM accuracy: 0.1870
WA Model - PGD accuracy: 0.1825
Best model: wa_model (PGD acc: 0.1825, Val acc: 0.3205)

============ Epoch 33 ============
Training time: 165.51s
Training loss: 4.7727
Training accuracy: 0.1687
Current GPU memory: 4.57 GB
Validation time: 12.81s
Model - Validation accuracy: 0.2235
Model - FGSM accuracy: 0.1045
Model - PGD accuracy: 0.0940
WA Model - Validation accuracy: 0.3160
WA Model - FGSM accuracy: 0.1910
WA Model - PGD accuracy: 0.1875
Best model: wa_model (PGD acc: 0.1875, Val acc: 0.3160)

============ Epoch 34 ============
Training time: 165.44s
Training loss: 4.7741
Training accuracy: 0.1682
Current GPU memory: 4.57 GB
Validation time: 12.82s
Model - Validation accuracy: 0.2145
Model - FGSM accuracy: 0.0980
Model - PGD accuracy: 0.0910
WA Model - Validation accuracy: 0.3170
WA Model - FGSM accuracy: 0.1910
WA Model - PGD accuracy: 0.1885
Best model: wa_model (PGD acc: 0.1885, Val acc: 0.3170)

============ Epoch 35 ============
Training time: 165.66s
Training loss: 4.7753
Training accuracy: 0.1678
Current GPU memory: 4.57 GB
Validation time: 12.86s
Model - Validation accuracy: 0.1900
Model - FGSM accuracy: 0.0765
Model - PGD accuracy: 0.0700
WA Model - Validation accuracy: 0.3200
WA Model - FGSM accuracy: 0.1910
WA Model - PGD accuracy: 0.1880
Best model: wa_model (PGD acc: 0.1880, Val acc: 0.3200)

============ Epoch 36 ============
Training time: 167.07s
Training loss: 4.7766
Training accuracy: 0.1682
Current GPU memory: 4.57 GB
Validation time: 12.88s
Model - Validation accuracy: 0.1985
Model - FGSM accuracy: 0.0910
Model - PGD accuracy: 0.0875
WA Model - Validation accuracy: 0.3205
WA Model - FGSM accuracy: 0.1885
WA Model - PGD accuracy: 0.1835
Best model: wa_model (PGD acc: 0.1835, Val acc: 0.3205)

============ Epoch 37 ============
Training time: 166.41s
Training loss: 4.7778
Training accuracy: 0.1661
Current GPU memory: 4.57 GB
Validation time: 12.95s
Model - Validation accuracy: 0.2020
Model - FGSM accuracy: 0.0930
Model - PGD accuracy: 0.0835
WA Model - Validation accuracy: 0.3130
WA Model - FGSM accuracy: 0.1935
WA Model - PGD accuracy: 0.1860
Best model: wa_model (PGD acc: 0.1860, Val acc: 0.3130)

============ Epoch 38 ============
Training time: 166.60s
Training loss: 4.7791
Training accuracy: 0.1656
Current GPU memory: 4.57 GB
Validation time: 12.98s
Model - Validation accuracy: 0.2005
Model - FGSM accuracy: 0.0840
Model - PGD accuracy: 0.0800
WA Model - Validation accuracy: 0.3130
WA Model - FGSM accuracy: 0.1840
WA Model - PGD accuracy: 0.1800
Best model: wa_model (PGD acc: 0.1800, Val acc: 0.3130)

============ Epoch 39 ============
Training time: 166.53s
Training loss: 4.7791
Training accuracy: 0.1649
Current GPU memory: 4.57 GB
Validation time: 12.87s
Model - Validation accuracy: 0.1870
Model - FGSM accuracy: 0.0915
Model - PGD accuracy: 0.0830
WA Model - Validation accuracy: 0.3150
WA Model - FGSM accuracy: 0.1905
WA Model - PGD accuracy: 0.1850
Best model: wa_model (PGD acc: 0.1850, Val acc: 0.3150)

============ Epoch 40 ============
Training time: 167.23s
Training loss: 4.7812
Training accuracy: 0.1644
Current GPU memory: 4.57 GB
Validation time: 13.05s
Model - Validation accuracy: 0.1345
Model - FGSM accuracy: 0.0485
Model - PGD accuracy: 0.0455
WA Model - Validation accuracy: 0.3090
WA Model - FGSM accuracy: 0.1845
WA Model - PGD accuracy: 0.1805
Best model: wa_model (PGD acc: 0.1805, Val acc: 0.3090)

============ Epoch 41 ============
Training time: 166.43s
Training loss: 4.7802
Training accuracy: 0.1642
Current GPU memory: 4.57 GB
Validation time: 12.87s
Model - Validation accuracy: 0.2160
Model - FGSM accuracy: 0.1015
Model - PGD accuracy: 0.0970
WA Model - Validation accuracy: 0.3085
WA Model - FGSM accuracy: 0.1890
WA Model - PGD accuracy: 0.1845
Best model: wa_model (PGD acc: 0.1845, Val acc: 0.3085)

============ Epoch 42 ============
Training time: 166.27s
Training loss: 4.7818
Training accuracy: 0.1654
Current GPU memory: 4.57 GB
Validation time: 12.98s
Model - Validation accuracy: 0.1965
Model - FGSM accuracy: 0.0900
Model - PGD accuracy: 0.0835
WA Model - Validation accuracy: 0.3100
WA Model - FGSM accuracy: 0.1850
WA Model - PGD accuracy: 0.1835
Best model: wa_model (PGD acc: 0.1835, Val acc: 0.3100)

============ Epoch 43 ============
Training time: 166.38s
Training loss: 4.7814
Training accuracy: 0.1638
Current GPU memory: 4.57 GB
Validation time: 12.93s
Model - Validation accuracy: 0.1905
Model - FGSM accuracy: 0.0805
Model - PGD accuracy: 0.0750
WA Model - Validation accuracy: 0.3030
WA Model - FGSM accuracy: 0.1850
WA Model - PGD accuracy: 0.1810
Best model: wa_model (PGD acc: 0.1810, Val acc: 0.3030)

============ Epoch 44 ============
Training time: 166.32s
Training loss: 4.7828
Training accuracy: 0.1638
Current GPU memory: 4.57 GB
Validation time: 12.89s
Model - Validation accuracy: 0.1915
Model - FGSM accuracy: 0.0845
Model - PGD accuracy: 0.0780
WA Model - Validation accuracy: 0.3100
WA Model - FGSM accuracy: 0.1840
WA Model - PGD accuracy: 0.1800
Best model: wa_model (PGD acc: 0.1800, Val acc: 0.3100)

============ Epoch 45 ============
Training time: 166.37s
Training loss: 4.7840
Training accuracy: 0.1646
Current GPU memory: 4.57 GB
Validation time: 13.12s
Model - Validation accuracy: 0.1925
Model - FGSM accuracy: 0.0750
Model - PGD accuracy: 0.0695
WA Model - Validation accuracy: 0.3090
WA Model - FGSM accuracy: 0.1920
WA Model - PGD accuracy: 0.1870
Best model: wa_model (PGD acc: 0.1870, Val acc: 0.3090)

============ Epoch 46 ============
Training time: 166.90s
Training loss: 4.7828
Training accuracy: 0.1633
Current GPU memory: 4.57 GB
Validation time: 13.14s
Model - Validation accuracy: 0.2010
Model - FGSM accuracy: 0.0960
Model - PGD accuracy: 0.0890
WA Model - Validation accuracy: 0.3070
WA Model - FGSM accuracy: 0.1880
WA Model - PGD accuracy: 0.1825
Best model: wa_model (PGD acc: 0.1825, Val acc: 0.3070)

============ Epoch 47 ============
Training time: 166.64s
Training loss: 4.7842
Training accuracy: 0.1637
Current GPU memory: 4.57 GB
Validation time: 12.82s
Model - Validation accuracy: 0.1840
Model - FGSM accuracy: 0.0790
Model - PGD accuracy: 0.0725
WA Model - Validation accuracy: 0.3040
WA Model - FGSM accuracy: 0.1820
WA Model - PGD accuracy: 0.1805
Best model: wa_model (PGD acc: 0.1805, Val acc: 0.3040)

============ Epoch 48 ============
Training time: 165.98s
Training loss: 4.7822
Training accuracy: 0.1644
Current GPU memory: 4.57 GB
Validation time: 12.86s
Model - Validation accuracy: 0.1785
Model - FGSM accuracy: 0.0730
Model - PGD accuracy: 0.0695
WA Model - Validation accuracy: 0.3035
WA Model - FGSM accuracy: 0.1825
WA Model - PGD accuracy: 0.1760
Best model: wa_model (PGD acc: 0.1760, Val acc: 0.3035)

============ Epoch 49 ============
Training time: 165.82s
Training loss: 4.7845
Training accuracy: 0.1627
Current GPU memory: 4.57 GB
Validation time: 12.82s
Model - Validation accuracy: 0.1600
Model - FGSM accuracy: 0.0750
Model - PGD accuracy: 0.0700
WA Model - Validation accuracy: 0.3050
WA Model - FGSM accuracy: 0.1855
WA Model - PGD accuracy: 0.1800
Best model: wa_model (PGD acc: 0.1800, Val acc: 0.3050)

train_acc_list: 
[0.024423469387755102, 0.05572448979591837, 0.0790076530612245, 0.09881887755102041, 0.11507397959183674, 0.12911734693877552, 0.1414311224489796, 0.1533622448979592, 0.16312244897959183, 0.17010714285714285, 0.17660969387755102, 0.17849744897959183, 0.1821454081632653, 0.18261479591836735, 0.1836734693877551, 0.18407908163265307, 0.18481632653061225, 0.18396173469387755, 0.18287244897959185, 0.18390561224489796, 0.1798188775510204, 0.1810969387755102, 0.17970918367346939, 0.17740561224489795, 0.1777372448979592, 0.1767704081632653, 0.17438010204081633, 0.1721581632653061, 0.17323979591836736, 0.17105867346938775, 0.1708673469387755, 0.1700484693877551, 0.16905102040816328, 0.16869132653061225, 0.16818367346938776, 0.16775, 0.16818622448979592, 0.16612755102040816, 0.16562244897959183, 0.16494897959183674, 0.16442857142857142, 0.1641938775510204, 0.16540051020408164, 0.1637576530612245, 0.16376530612244897, 0.16456377551020407, 0.16328826530612245, 0.1636938775510204, 0.1644030612244898, 0.16271938775510203]

model_val_acc_list: 
[0.062, 0.1085, 0.1465, 0.177, 0.196, 0.227, 0.234, 0.2435, 0.247, 0.292, 0.2585, 0.2615, 0.2655, 0.272, 0.27, 0.277, 0.274, 0.238, 0.263, 0.2615, 0.2475, 0.238, 0.26, 0.2215, 0.233, 0.2375, 0.2375, 0.2265, 0.2475, 0.245, 0.2145, 0.212, 0.226, 0.2235, 0.2145, 0.19, 0.1985, 0.202, 0.2005, 0.187, 0.1345, 0.216, 0.1965, 0.1905, 0.1915, 0.1925, 0.201, 0.184, 0.1785, 0.16]

model_pgd_acc_list: 
[0.0335, 0.0515, 0.073, 0.081, 0.0935, 0.109, 0.104, 0.111, 0.111, 0.1295, 0.1255, 0.133, 0.129, 0.115, 0.1145, 0.1145, 0.1165, 0.1075, 0.114, 0.11, 0.108, 0.101, 0.1165, 0.103, 0.104, 0.088, 0.0925, 0.0945, 0.1105, 0.0865, 0.0875, 0.0805, 0.0885, 0.094, 0.091, 0.07, 0.0875, 0.0835, 0.08, 0.083, 0.0455, 0.097, 0.0835, 0.075, 0.078, 0.0695, 0.089, 0.0725, 0.0695, 0.07]

model_fgsm_acc_list: 
[0.0345, 0.0515, 0.0765, 0.0845, 0.095, 0.112, 0.109, 0.118, 0.1145, 0.137, 0.13, 0.138, 0.134, 0.1255, 0.12, 0.1205, 0.1275, 0.1155, 0.1175, 0.118, 0.118, 0.108, 0.126, 0.109, 0.111, 0.0955, 0.1035, 0.099, 0.117, 0.097, 0.0915, 0.0865, 0.0955, 0.1045, 0.098, 0.0765, 0.091, 0.093, 0.084, 0.0915, 0.0485, 0.1015, 0.09, 0.0805, 0.0845, 0.075, 0.096, 0.079, 0.073, 0.075]

wa_val_acc_list: 
[0.005, 0.028, 0.0985, 0.174, 0.214, 0.236, 0.258, 0.2765, 0.2875, 0.296, 0.309, 0.3205, 0.332, 0.3365, 0.3395, 0.3405, 0.346, 0.346, 0.346, 0.35, 0.349, 0.347, 0.3375, 0.339, 0.338, 0.3415, 0.338, 0.3335, 0.337, 0.335, 0.3285, 0.3265, 0.3205, 0.316, 0.317, 0.32, 0.3205, 0.313, 0.313, 0.315, 0.309, 0.3085, 0.31, 0.303, 0.31, 0.309, 0.307, 0.304, 0.3035, 0.305]

wa_pgd_acc_list: 
[0.002, 0.0175, 0.053, 0.094, 0.1055, 0.1255, 0.1365, 0.1465, 0.159, 0.165, 0.173, 0.1825, 0.186, 0.1885, 0.191, 0.1945, 0.1965, 0.1975, 0.196, 0.198, 0.197, 0.193, 0.1915, 0.189, 0.192, 0.191, 0.1905, 0.1895, 0.1885, 0.188, 0.1925, 0.1865, 0.1825, 0.1875, 0.1885, 0.188, 0.1835, 0.186, 0.18, 0.185, 0.1805, 0.1845, 0.1835, 0.181, 0.18, 0.187, 0.1825, 0.1805, 0.176, 0.18]

wa_fgsm_acc_list: 
[0.002, 0.017, 0.0535, 0.095, 0.113, 0.1305, 0.14, 0.152, 0.165, 0.1695, 0.177, 0.189, 0.19, 0.1955, 0.199, 0.1985, 0.203, 0.2035, 0.2, 0.2005, 0.1995, 0.1975, 0.197, 0.194, 0.1955, 0.198, 0.196, 0.1965, 0.1925, 0.1925, 0.195, 0.191, 0.187, 0.191, 0.191, 0.191, 0.1885, 0.1935, 0.184, 0.1905, 0.1845, 0.189, 0.185, 0.185, 0.184, 0.192, 0.188, 0.182, 0.1825, 0.1855]

total_training_time: 
8308.352437734604

total_val_time: 
644.073141336441

max_gpu_memory: 4.57 GB

==================================================
Starting final evaluation on test set...
==================================================
PGD test results:
  clean_acc: 0.3629
  pgd_10_acc: 0.1994
  pgd_20_acc: 0.1984
  pgd_50_acc: 0.1981
AutoAttack results:
  autoattack_acc: 0.1348
CR-Attack results:
  cr_attack_acc: 0.1361
