Method: fgsm_pco
Seed: 2
Scheduler: OneCycleLR
Label smoothing: 0.4
Weight average: True, tau: 0.9995
factor: 0.6
beta: 1.5
lamda: 10
delta_init: random


Training shape: (100000, 3, 64, 64)
============ Epoch 0 ============
Training time: 152.42s
Training loss: 5.2084
Training accuracy: 0.0614
Current GPU memory: 13.84 GB
Validation time: 13.13s
Model - Validation accuracy: 0.1225
Model - FGSM accuracy: 0.0215
Model - PGD accuracy: 0.0150
WA Model - Validation accuracy: 0.0050
WA Model - FGSM accuracy: 0.0005
WA Model - PGD accuracy: 0.0000
Best model: model (PGD acc: 0.0150, Val acc: 0.1225)

============ Epoch 1 ============
Training time: 153.60s
Training loss: 5.1278
Training accuracy: 0.1274
Current GPU memory: 13.84 GB
Validation time: 12.86s
Model - Validation accuracy: 0.1625
Model - FGSM accuracy: 0.0415
Model - PGD accuracy: 0.0320
WA Model - Validation accuracy: 0.0075
WA Model - FGSM accuracy: 0.0005
WA Model - PGD accuracy: 0.0005
Best model: model (PGD acc: 0.0320, Val acc: 0.1625)

============ Epoch 2 ============
Training time: 153.59s
Training loss: 5.0885
Training accuracy: 0.1566
Current GPU memory: 13.84 GB
Validation time: 12.86s
Model - Validation accuracy: 0.2105
Model - FGSM accuracy: 0.0520
Model - PGD accuracy: 0.0435
WA Model - Validation accuracy: 0.0065
WA Model - FGSM accuracy: 0.0060
WA Model - PGD accuracy: 0.0060
Best model: model (PGD acc: 0.0435, Val acc: 0.2105)

============ Epoch 3 ============
Training time: 153.86s
Training loss: 5.0537
Training accuracy: 0.1891
Current GPU memory: 13.84 GB
Validation time: 12.90s
Model - Validation accuracy: 0.2330
Model - FGSM accuracy: 0.0620
Model - PGD accuracy: 0.0465
WA Model - Validation accuracy: 0.0075
WA Model - FGSM accuracy: 0.0065
WA Model - PGD accuracy: 0.0065
Best model: model (PGD acc: 0.0465, Val acc: 0.2330)

============ Epoch 4 ============
Training time: 153.35s
Training loss: 5.0213
Training accuracy: 0.2179
Current GPU memory: 13.84 GB
Validation time: 12.80s
Model - Validation accuracy: 0.2630
Model - FGSM accuracy: 0.0715
Model - PGD accuracy: 0.0515
WA Model - Validation accuracy: 0.0090
WA Model - FGSM accuracy: 0.0080
WA Model - PGD accuracy: 0.0080
Best model: model (PGD acc: 0.0515, Val acc: 0.2630)

============ Epoch 5 ============
Training time: 153.61s
Training loss: 4.9950
Training accuracy: 0.2417
Current GPU memory: 13.84 GB
Validation time: 12.90s
Model - Validation accuracy: 0.2860
Model - FGSM accuracy: 0.0720
Model - PGD accuracy: 0.0590
WA Model - Validation accuracy: 0.0110
WA Model - FGSM accuracy: 0.0080
WA Model - PGD accuracy: 0.0080
Best model: model (PGD acc: 0.0590, Val acc: 0.2860)

============ Epoch 6 ============
Training time: 153.92s
Training loss: 4.9703
Training accuracy: 0.2662
Current GPU memory: 13.84 GB
Validation time: 12.93s
Model - Validation accuracy: 0.3065
Model - FGSM accuracy: 0.0790
Model - PGD accuracy: 0.0650
WA Model - Validation accuracy: 0.0155
WA Model - FGSM accuracy: 0.0075
WA Model - PGD accuracy: 0.0065
Best model: model (PGD acc: 0.0650, Val acc: 0.3065)

============ Epoch 7 ============
Training time: 154.71s
Training loss: 4.9500
Training accuracy: 0.2872
Current GPU memory: 13.84 GB
Validation time: 12.88s
Model - Validation accuracy: 0.3260
Model - FGSM accuracy: 0.0865
Model - PGD accuracy: 0.0685
WA Model - Validation accuracy: 0.0265
WA Model - FGSM accuracy: 0.0100
WA Model - PGD accuracy: 0.0095
Best model: model (PGD acc: 0.0685, Val acc: 0.3260)

============ Epoch 8 ============
Training time: 154.59s
Training loss: 4.9299
Training accuracy: 0.3044
Current GPU memory: 13.84 GB
Validation time: 12.93s
Model - Validation accuracy: 0.3315
Model - FGSM accuracy: 0.0760
Model - PGD accuracy: 0.0565
WA Model - Validation accuracy: 0.0445
WA Model - FGSM accuracy: 0.0150
WA Model - PGD accuracy: 0.0140
Best model: model (PGD acc: 0.0565, Val acc: 0.3315)

============ Epoch 9 ============
Training time: 154.44s
Training loss: 4.9125
Training accuracy: 0.3225
Current GPU memory: 13.84 GB
Validation time: 12.98s
Model - Validation accuracy: 0.3435
Model - FGSM accuracy: 0.0825
Model - PGD accuracy: 0.0610
WA Model - Validation accuracy: 0.0660
WA Model - FGSM accuracy: 0.0230
WA Model - PGD accuracy: 0.0190
Best model: model (PGD acc: 0.0610, Val acc: 0.3435)

============ Epoch 10 ============
Training time: 154.12s
Training loss: 4.8965
Training accuracy: 0.3384
Current GPU memory: 13.84 GB
Validation time: 12.93s
Model - Validation accuracy: 0.3705
Model - FGSM accuracy: 0.0975
Model - PGD accuracy: 0.0770
WA Model - Validation accuracy: 0.0940
WA Model - FGSM accuracy: 0.0320
WA Model - PGD accuracy: 0.0290
Best model: model (PGD acc: 0.0770, Val acc: 0.3705)

============ Epoch 11 ============
Training time: 154.08s
Training loss: 4.8817
Training accuracy: 0.3517
Current GPU memory: 13.84 GB
Validation time: 12.90s
Model - Validation accuracy: 0.3710
Model - FGSM accuracy: 0.1005
Model - PGD accuracy: 0.0800
WA Model - Validation accuracy: 0.1175
WA Model - FGSM accuracy: 0.0390
WA Model - PGD accuracy: 0.0345
Best model: model (PGD acc: 0.0800, Val acc: 0.3710)

============ Epoch 12 ============
Training time: 153.92s
Training loss: 4.8690
Training accuracy: 0.3638
Current GPU memory: 13.84 GB
Validation time: 12.93s
Model - Validation accuracy: 0.3880
Model - FGSM accuracy: 0.1075
Model - PGD accuracy: 0.0860
WA Model - Validation accuracy: 0.1335
WA Model - FGSM accuracy: 0.0385
WA Model - PGD accuracy: 0.0370
Best model: model (PGD acc: 0.0860, Val acc: 0.3880)

============ Epoch 13 ============
Training time: 153.40s
Training loss: 4.8568
Training accuracy: 0.3767
Current GPU memory: 13.84 GB
Validation time: 12.89s
Model - Validation accuracy: 0.3920
Model - FGSM accuracy: 0.1115
Model - PGD accuracy: 0.0900
WA Model - Validation accuracy: 0.1265
WA Model - FGSM accuracy: 0.0390
WA Model - PGD accuracy: 0.0350
Best model: model (PGD acc: 0.0900, Val acc: 0.3920)

============ Epoch 14 ============
Training time: 153.52s
Training loss: 4.8464
Training accuracy: 0.3863
Current GPU memory: 13.84 GB
Validation time: 12.87s
Model - Validation accuracy: 0.4080
Model - FGSM accuracy: 0.1095
Model - PGD accuracy: 0.0855
WA Model - Validation accuracy: 0.1030
WA Model - FGSM accuracy: 0.0310
WA Model - PGD accuracy: 0.0280
Best model: model (PGD acc: 0.0855, Val acc: 0.4080)

============ Epoch 15 ============
Training time: 153.57s
Training loss: 4.8381
Training accuracy: 0.3942
Current GPU memory: 13.84 GB
Validation time: 12.95s
Model - Validation accuracy: 0.4010
Model - FGSM accuracy: 0.1170
Model - PGD accuracy: 0.0920
WA Model - Validation accuracy: 0.0675
WA Model - FGSM accuracy: 0.0190
WA Model - PGD accuracy: 0.0185
Best model: model (PGD acc: 0.0920, Val acc: 0.4010)

============ Epoch 16 ============
Training time: 153.85s
Training loss: 4.8315
Training accuracy: 0.4010
Current GPU memory: 13.84 GB
Validation time: 12.92s
Model - Validation accuracy: 0.4145
Model - FGSM accuracy: 0.1120
Model - PGD accuracy: 0.0880
WA Model - Validation accuracy: 0.0455
WA Model - FGSM accuracy: 0.0135
WA Model - PGD accuracy: 0.0130
Best model: model (PGD acc: 0.0880, Val acc: 0.4145)

============ Epoch 17 ============
Training time: 153.83s
Training loss: 4.8269
Training accuracy: 0.4058
Current GPU memory: 13.84 GB
Validation time: 12.91s
Model - Validation accuracy: 0.4305
Model - FGSM accuracy: 0.1320
Model - PGD accuracy: 0.1005
WA Model - Validation accuracy: 0.0355
WA Model - FGSM accuracy: 0.0125
WA Model - PGD accuracy: 0.0120
Best model: model (PGD acc: 0.1005, Val acc: 0.4305)

============ Epoch 18 ============
Training time: 153.90s
Training loss: 4.8229
Training accuracy: 0.4093
Current GPU memory: 13.84 GB
Validation time: 12.94s
Model - Validation accuracy: 0.4160
Model - FGSM accuracy: 0.1120
Model - PGD accuracy: 0.0920
WA Model - Validation accuracy: 0.0405
WA Model - FGSM accuracy: 0.0150
WA Model - PGD accuracy: 0.0145
Best model: model (PGD acc: 0.0920, Val acc: 0.4160)

============ Epoch 19 ============
Training time: 153.56s
Training loss: 4.8182
Training accuracy: 0.4133
Current GPU memory: 13.84 GB
Validation time: 12.93s
Model - Validation accuracy: 0.3860
Model - FGSM accuracy: 0.0995
Model - PGD accuracy: 0.0725
WA Model - Validation accuracy: 0.0515
WA Model - FGSM accuracy: 0.0170
WA Model - PGD accuracy: 0.0155
Best model: model (PGD acc: 0.0725, Val acc: 0.3860)

============ Epoch 20 ============
Training time: 154.30s
Training loss: 4.8135
Training accuracy: 0.4184
Current GPU memory: 13.84 GB
Validation time: 12.93s
Model - Validation accuracy: 0.4240
Model - FGSM accuracy: 0.1245
Model - PGD accuracy: 0.1020
WA Model - Validation accuracy: 0.0715
WA Model - FGSM accuracy: 0.0230
WA Model - PGD accuracy: 0.0195
Best model: model (PGD acc: 0.1020, Val acc: 0.4240)

============ Epoch 21 ============
Training time: 153.83s
Training loss: 4.8096
Training accuracy: 0.4219
Current GPU memory: 13.84 GB
Validation time: 12.93s
Model - Validation accuracy: 0.4015
Model - FGSM accuracy: 0.0985
Model - PGD accuracy: 0.0740
WA Model - Validation accuracy: 0.1205
WA Model - FGSM accuracy: 0.0430
WA Model - PGD accuracy: 0.0410
Best model: model (PGD acc: 0.0740, Val acc: 0.4015)

============ Epoch 22 ============
Training time: 153.53s
Training loss: 4.8054
Training accuracy: 0.4245
Current GPU memory: 13.84 GB
Validation time: 12.91s
Model - Validation accuracy: 0.4265
Model - FGSM accuracy: 0.1260
Model - PGD accuracy: 0.1040
WA Model - Validation accuracy: 0.1880
WA Model - FGSM accuracy: 0.0630
WA Model - PGD accuracy: 0.0575
Best model: model (PGD acc: 0.1040, Val acc: 0.4265)

============ Epoch 23 ============
Training time: 153.12s
Training loss: 4.8027
Training accuracy: 0.4266
Current GPU memory: 13.84 GB
Validation time: 12.80s
Model - Validation accuracy: 0.4480
Model - FGSM accuracy: 0.1180
Model - PGD accuracy: 0.0965
WA Model - Validation accuracy: 0.2700
WA Model - FGSM accuracy: 0.0900
WA Model - PGD accuracy: 0.0825
Best model: model (PGD acc: 0.0965, Val acc: 0.4480)

============ Epoch 24 ============
Training time: 152.75s
Training loss: 4.7992
Training accuracy: 0.4290
Current GPU memory: 13.84 GB
Validation time: 12.82s
Model - Validation accuracy: 0.4255
Model - FGSM accuracy: 0.1175
Model - PGD accuracy: 0.0850
WA Model - Validation accuracy: 0.3445
WA Model - FGSM accuracy: 0.1225
WA Model - PGD accuracy: 0.1135
Best model: wa_model (PGD acc: 0.1135, Val acc: 0.3445)

============ Epoch 25 ============
Training time: 154.09s
Training loss: 4.7959
Training accuracy: 0.4318
Current GPU memory: 13.84 GB
Validation time: 12.90s
Model - Validation accuracy: 0.4295
Model - FGSM accuracy: 0.1150
Model - PGD accuracy: 0.0925
WA Model - Validation accuracy: 0.4050
WA Model - FGSM accuracy: 0.1525
WA Model - PGD accuracy: 0.1335
Best model: wa_model (PGD acc: 0.1335, Val acc: 0.4050)

============ Epoch 26 ============
Training time: 153.89s
Training loss: 4.7933
Training accuracy: 0.4359
Current GPU memory: 13.84 GB
Validation time: 12.89s
Model - Validation accuracy: 0.4530
Model - FGSM accuracy: 0.1265
Model - PGD accuracy: 0.1030
WA Model - Validation accuracy: 0.4515
WA Model - FGSM accuracy: 0.1715
WA Model - PGD accuracy: 0.1455
Best model: wa_model (PGD acc: 0.1455, Val acc: 0.4515)

============ Epoch 27 ============
Training time: 155.06s
Training loss: 4.7898
Training accuracy: 0.4380
Current GPU memory: 13.84 GB
Validation time: 12.99s
Model - Validation accuracy: 0.4295
Model - FGSM accuracy: 0.1255
Model - PGD accuracy: 0.0925
WA Model - Validation accuracy: 0.4790
WA Model - FGSM accuracy: 0.1840
WA Model - PGD accuracy: 0.1540
Best model: wa_model (PGD acc: 0.1540, Val acc: 0.4790)

============ Epoch 28 ============
Training time: 155.39s
Training loss: 4.7879
Training accuracy: 0.4415
Current GPU memory: 13.84 GB
Validation time: 12.98s
Model - Validation accuracy: 0.4410
Model - FGSM accuracy: 0.1305
Model - PGD accuracy: 0.1005
WA Model - Validation accuracy: 0.4985
WA Model - FGSM accuracy: 0.1915
WA Model - PGD accuracy: 0.1670
Best model: wa_model (PGD acc: 0.1670, Val acc: 0.4985)

============ Epoch 29 ============
Training time: 155.76s
Training loss: 4.7841
Training accuracy: 0.4426
Current GPU memory: 13.84 GB
Validation time: 13.08s
Model - Validation accuracy: 0.4365
Model - FGSM accuracy: 0.1325
Model - PGD accuracy: 0.0965
WA Model - Validation accuracy: 0.5135
WA Model - FGSM accuracy: 0.2050
WA Model - PGD accuracy: 0.1715
Best model: wa_model (PGD acc: 0.1715, Val acc: 0.5135)

============ Epoch 30 ============
Training time: 155.35s
Training loss: 4.7811
Training accuracy: 0.4457
Current GPU memory: 13.84 GB
Validation time: 12.92s
Model - Validation accuracy: 0.4470
Model - FGSM accuracy: 0.1340
Model - PGD accuracy: 0.1025
WA Model - Validation accuracy: 0.5175
WA Model - FGSM accuracy: 0.2085
WA Model - PGD accuracy: 0.1745
Best model: wa_model (PGD acc: 0.1745, Val acc: 0.5175)

============ Epoch 31 ============
Training time: 153.56s
Training loss: 4.7791
Training accuracy: 0.4466
Current GPU memory: 13.84 GB
Validation time: 13.00s
Model - Validation accuracy: 0.4415
Model - FGSM accuracy: 0.1225
Model - PGD accuracy: 0.0895
WA Model - Validation accuracy: 0.5305
WA Model - FGSM accuracy: 0.2110
WA Model - PGD accuracy: 0.1755
Best model: wa_model (PGD acc: 0.1755, Val acc: 0.5305)

============ Epoch 32 ============
Training time: 154.16s
Training loss: 4.7777
Training accuracy: 0.4481
Current GPU memory: 13.84 GB
Validation time: 12.90s
Model - Validation accuracy: 0.4630
Model - FGSM accuracy: 0.1375
Model - PGD accuracy: 0.1015
WA Model - Validation accuracy: 0.5345
WA Model - FGSM accuracy: 0.2155
WA Model - PGD accuracy: 0.1770
Best model: wa_model (PGD acc: 0.1770, Val acc: 0.5345)

============ Epoch 33 ============
Training time: 153.37s
Training loss: 4.7747
Training accuracy: 0.4491
Current GPU memory: 13.84 GB
Validation time: 12.87s
Model - Validation accuracy: 0.4510
Model - FGSM accuracy: 0.1255
Model - PGD accuracy: 0.0975
WA Model - Validation accuracy: 0.5360
WA Model - FGSM accuracy: 0.2185
WA Model - PGD accuracy: 0.1780
Best model: wa_model (PGD acc: 0.1780, Val acc: 0.5360)

============ Epoch 34 ============
Training time: 153.23s
Training loss: 4.7725
Training accuracy: 0.4528
Current GPU memory: 13.84 GB
Validation time: 12.84s
Model - Validation accuracy: 0.4420
Model - FGSM accuracy: 0.1440
Model - PGD accuracy: 0.1190
WA Model - Validation accuracy: 0.5425
WA Model - FGSM accuracy: 0.2135
WA Model - PGD accuracy: 0.1805
Best model: wa_model (PGD acc: 0.1805, Val acc: 0.5425)

============ Epoch 35 ============
Training time: 154.42s
Training loss: 4.7709
Training accuracy: 0.4543
Current GPU memory: 13.84 GB
Validation time: 12.95s
Model - Validation accuracy: 0.4505
Model - FGSM accuracy: 0.1240
Model - PGD accuracy: 0.0970
WA Model - Validation accuracy: 0.5455
WA Model - FGSM accuracy: 0.2160
WA Model - PGD accuracy: 0.1810
Best model: wa_model (PGD acc: 0.1810, Val acc: 0.5455)

============ Epoch 36 ============
Training time: 154.58s
Training loss: 4.7691
Training accuracy: 0.4561
Current GPU memory: 13.84 GB
Validation time: 12.80s
Model - Validation accuracy: 0.4545
Model - FGSM accuracy: 0.1280
Model - PGD accuracy: 0.0965
WA Model - Validation accuracy: 0.5470
WA Model - FGSM accuracy: 0.2185
WA Model - PGD accuracy: 0.1835
Best model: wa_model (PGD acc: 0.1835, Val acc: 0.5470)

============ Epoch 37 ============
Training time: 153.46s
Training loss: 4.7664
Training accuracy: 0.4574
Current GPU memory: 13.84 GB
Validation time: 12.91s
Model - Validation accuracy: 0.4545
Model - FGSM accuracy: 0.1255
Model - PGD accuracy: 0.0995
WA Model - Validation accuracy: 0.5490
WA Model - FGSM accuracy: 0.2220
WA Model - PGD accuracy: 0.1850
Best model: wa_model (PGD acc: 0.1850, Val acc: 0.5490)

============ Epoch 38 ============
Training time: 154.08s
Training loss: 4.7648
Training accuracy: 0.4583
Current GPU memory: 13.84 GB
Validation time: 12.88s
Model - Validation accuracy: 0.4695
Model - FGSM accuracy: 0.1340
Model - PGD accuracy: 0.1040
WA Model - Validation accuracy: 0.5555
WA Model - FGSM accuracy: 0.2245
WA Model - PGD accuracy: 0.1850
Best model: wa_model (PGD acc: 0.1850, Val acc: 0.5555)

============ Epoch 39 ============
Training time: 153.56s
Training loss: 4.7627
Training accuracy: 0.4617
Current GPU memory: 13.84 GB
Validation time: 12.89s
Model - Validation accuracy: 0.4360
Model - FGSM accuracy: 0.1280
Model - PGD accuracy: 0.0935
WA Model - Validation accuracy: 0.5510
WA Model - FGSM accuracy: 0.2230
WA Model - PGD accuracy: 0.1870
Best model: wa_model (PGD acc: 0.1870, Val acc: 0.5510)

============ Epoch 40 ============
Training time: 153.33s
Training loss: 4.7603
Training accuracy: 0.4633
Current GPU memory: 13.84 GB
Validation time: 12.89s
Model - Validation accuracy: 0.4630
Model - FGSM accuracy: 0.1415
Model - PGD accuracy: 0.1060
WA Model - Validation accuracy: 0.5515
WA Model - FGSM accuracy: 0.2245
WA Model - PGD accuracy: 0.1880
Best model: wa_model (PGD acc: 0.1880, Val acc: 0.5515)

============ Epoch 41 ============
Training time: 153.52s
Training loss: 4.7583
Training accuracy: 0.4650
Current GPU memory: 13.84 GB
Validation time: 12.91s
Model - Validation accuracy: 0.4490
Model - FGSM accuracy: 0.1280
Model - PGD accuracy: 0.1010
WA Model - Validation accuracy: 0.5565
WA Model - FGSM accuracy: 0.2270
WA Model - PGD accuracy: 0.1885
Best model: wa_model (PGD acc: 0.1885, Val acc: 0.5565)

============ Epoch 42 ============
Training time: 153.45s
Training loss: 4.7567
Training accuracy: 0.4650
Current GPU memory: 13.84 GB
Validation time: 12.89s
Model - Validation accuracy: 0.4620
Model - FGSM accuracy: 0.1540
Model - PGD accuracy: 0.1245
WA Model - Validation accuracy: 0.5580
WA Model - FGSM accuracy: 0.2265
WA Model - PGD accuracy: 0.1885
Best model: wa_model (PGD acc: 0.1885, Val acc: 0.5580)

============ Epoch 43 ============
Training time: 153.49s
Training loss: 4.7542
Training accuracy: 0.4692
Current GPU memory: 13.84 GB
Validation time: 12.90s
Model - Validation accuracy: 0.4765
Model - FGSM accuracy: 0.1470
Model - PGD accuracy: 0.1150
WA Model - Validation accuracy: 0.5630
WA Model - FGSM accuracy: 0.2220
WA Model - PGD accuracy: 0.1895
Best model: wa_model (PGD acc: 0.1895, Val acc: 0.5630)

============ Epoch 44 ============
Training time: 154.64s
Training loss: 4.7538
Training accuracy: 0.4676
Current GPU memory: 13.84 GB
Validation time: 12.91s
Model - Validation accuracy: 0.4480
Model - FGSM accuracy: 0.1320
Model - PGD accuracy: 0.1020
WA Model - Validation accuracy: 0.5610
WA Model - FGSM accuracy: 0.2220
WA Model - PGD accuracy: 0.1880
Best model: wa_model (PGD acc: 0.1880, Val acc: 0.5610)

============ Epoch 45 ============
Training time: 153.99s
Training loss: 4.7511
Training accuracy: 0.4728
Current GPU memory: 13.84 GB
Validation time: 12.91s
Model - Validation accuracy: 0.4575
Model - FGSM accuracy: 0.1370
Model - PGD accuracy: 0.1040
WA Model - Validation accuracy: 0.5645
WA Model - FGSM accuracy: 0.2250
WA Model - PGD accuracy: 0.1875
Best model: wa_model (PGD acc: 0.1875, Val acc: 0.5645)

============ Epoch 46 ============
Training time: 153.78s
Training loss: 4.7491
Training accuracy: 0.4725
Current GPU memory: 13.84 GB
Validation time: 12.89s
Model - Validation accuracy: 0.4600
Model - FGSM accuracy: 0.1370
Model - PGD accuracy: 0.1035
WA Model - Validation accuracy: 0.5650
WA Model - FGSM accuracy: 0.2255
WA Model - PGD accuracy: 0.1905
Best model: wa_model (PGD acc: 0.1905, Val acc: 0.5650)

============ Epoch 47 ============
Training time: 153.69s
Training loss: 4.7477
Training accuracy: 0.4735
Current GPU memory: 13.84 GB
Validation time: 12.87s
Model - Validation accuracy: 0.4685
Model - FGSM accuracy: 0.1355
Model - PGD accuracy: 0.0990
WA Model - Validation accuracy: 0.5695
WA Model - FGSM accuracy: 0.2305
WA Model - PGD accuracy: 0.1915
Best model: wa_model (PGD acc: 0.1915, Val acc: 0.5695)

============ Epoch 48 ============
Training time: 153.76s
Training loss: 4.7453
Training accuracy: 0.4746
Current GPU memory: 13.84 GB
Validation time: 12.90s
Model - Validation accuracy: 0.4760
Model - FGSM accuracy: 0.1455
Model - PGD accuracy: 0.1095
WA Model - Validation accuracy: 0.5745
WA Model - FGSM accuracy: 0.2310
WA Model - PGD accuracy: 0.1885
Best model: wa_model (PGD acc: 0.1885, Val acc: 0.5745)

============ Epoch 49 ============
Training time: 154.20s
Training loss: 4.7430
Training accuracy: 0.4762
Current GPU memory: 13.84 GB
Validation time: 12.93s
Model - Validation accuracy: 0.4400
Model - FGSM accuracy: 0.1215
Model - PGD accuracy: 0.0980
WA Model - Validation accuracy: 0.5745
WA Model - FGSM accuracy: 0.2325
WA Model - PGD accuracy: 0.1890
Best model: wa_model (PGD acc: 0.1890, Val acc: 0.5745)

============ Epoch 50 ============
Training time: 154.30s
Training loss: 4.7407
Training accuracy: 0.4793
Current GPU memory: 13.84 GB
Validation time: 12.96s
Model - Validation accuracy: 0.4615
Model - FGSM accuracy: 0.1395
Model - PGD accuracy: 0.1010
WA Model - Validation accuracy: 0.5720
WA Model - FGSM accuracy: 0.2300
WA Model - PGD accuracy: 0.1880
Best model: wa_model (PGD acc: 0.1880, Val acc: 0.5720)

============ Epoch 51 ============
Training time: 154.55s
Training loss: 4.7398
Training accuracy: 0.4792
Current GPU memory: 13.84 GB
Validation time: 12.99s
Model - Validation accuracy: 0.4890
Model - FGSM accuracy: 0.1495
Model - PGD accuracy: 0.1035
WA Model - Validation accuracy: 0.5705
WA Model - FGSM accuracy: 0.2330
WA Model - PGD accuracy: 0.1885
Best model: wa_model (PGD acc: 0.1885, Val acc: 0.5705)

============ Epoch 52 ============
Training time: 154.74s
Training loss: 4.7369
Training accuracy: 0.4833
Current GPU memory: 13.84 GB
Validation time: 13.00s
Model - Validation accuracy: 0.4775
Model - FGSM accuracy: 0.1415
Model - PGD accuracy: 0.1025
WA Model - Validation accuracy: 0.5700
WA Model - FGSM accuracy: 0.2335
WA Model - PGD accuracy: 0.1935
Best model: wa_model (PGD acc: 0.1935, Val acc: 0.5700)

============ Epoch 53 ============
Training time: 153.79s
Training loss: 4.7353
Training accuracy: 0.4862
Current GPU memory: 13.84 GB
Validation time: 12.88s
Model - Validation accuracy: 0.4870
Model - FGSM accuracy: 0.1470
Model - PGD accuracy: 0.1115
WA Model - Validation accuracy: 0.5710
WA Model - FGSM accuracy: 0.2335
WA Model - PGD accuracy: 0.1910
Best model: wa_model (PGD acc: 0.1910, Val acc: 0.5710)

============ Epoch 54 ============
Training time: 153.77s
Training loss: 4.7332
Training accuracy: 0.4884
Current GPU memory: 13.84 GB
Validation time: 12.87s
Model - Validation accuracy: 0.4910
Model - FGSM accuracy: 0.1470
Model - PGD accuracy: 0.1080
WA Model - Validation accuracy: 0.5705
WA Model - FGSM accuracy: 0.2375
WA Model - PGD accuracy: 0.1940
Best model: wa_model (PGD acc: 0.1940, Val acc: 0.5705)

============ Epoch 55 ============
Training time: 153.69s
Training loss: 4.7312
Training accuracy: 0.4879
Current GPU memory: 13.84 GB
Validation time: 12.87s
Model - Validation accuracy: 0.4680
Model - FGSM accuracy: 0.1510
Model - PGD accuracy: 0.1130
WA Model - Validation accuracy: 0.5725
WA Model - FGSM accuracy: 0.2370
WA Model - PGD accuracy: 0.1950
Best model: wa_model (PGD acc: 0.1950, Val acc: 0.5725)

============ Epoch 56 ============
Training time: 153.70s
Training loss: 4.7276
Training accuracy: 0.4932
Current GPU memory: 13.84 GB
Validation time: 12.90s
Model - Validation accuracy: 0.4675
Model - FGSM accuracy: 0.1395
Model - PGD accuracy: 0.1050
WA Model - Validation accuracy: 0.5795
WA Model - FGSM accuracy: 0.2340
WA Model - PGD accuracy: 0.1950
Best model: wa_model (PGD acc: 0.1950, Val acc: 0.5795)

============ Epoch 57 ============
Training time: 153.98s
Training loss: 4.7249
Training accuracy: 0.4963
Current GPU memory: 13.84 GB
Validation time: 12.93s
Model - Validation accuracy: 0.4770
Model - FGSM accuracy: 0.1385
Model - PGD accuracy: 0.1020
WA Model - Validation accuracy: 0.5820
WA Model - FGSM accuracy: 0.2365
WA Model - PGD accuracy: 0.1960
Best model: wa_model (PGD acc: 0.1960, Val acc: 0.5820)

============ Epoch 58 ============
Training time: 154.09s
Training loss: 4.7230
Training accuracy: 0.4965
Current GPU memory: 13.84 GB
Validation time: 12.90s
Model - Validation accuracy: 0.4935
Model - FGSM accuracy: 0.1590
Model - PGD accuracy: 0.1305
WA Model - Validation accuracy: 0.5820
WA Model - FGSM accuracy: 0.2350
WA Model - PGD accuracy: 0.1945
Best model: wa_model (PGD acc: 0.1945, Val acc: 0.5820)

============ Epoch 59 ============
Training time: 154.21s
Training loss: 4.7205
Training accuracy: 0.5003
Current GPU memory: 13.84 GB
Validation time: 12.95s
Model - Validation accuracy: 0.4975
Model - FGSM accuracy: 0.1575
Model - PGD accuracy: 0.1210
WA Model - Validation accuracy: 0.5820
WA Model - FGSM accuracy: 0.2380
WA Model - PGD accuracy: 0.1960
Best model: wa_model (PGD acc: 0.1960, Val acc: 0.5820)

============ Epoch 60 ============
Training time: 154.11s
Training loss: 4.7181
Training accuracy: 0.5000
Current GPU memory: 13.84 GB
Validation time: 12.94s
Model - Validation accuracy: 0.4950
Model - FGSM accuracy: 0.1555
Model - PGD accuracy: 0.1165
WA Model - Validation accuracy: 0.5865
WA Model - FGSM accuracy: 0.2375
WA Model - PGD accuracy: 0.1965
Best model: wa_model (PGD acc: 0.1965, Val acc: 0.5865)

============ Epoch 61 ============
Training time: 154.11s
Training loss: 4.7149
Training accuracy: 0.5021
Current GPU memory: 13.84 GB
Validation time: 12.93s
Model - Validation accuracy: 0.4865
Model - FGSM accuracy: 0.1625
Model - PGD accuracy: 0.1285
WA Model - Validation accuracy: 0.5850
WA Model - FGSM accuracy: 0.2385
WA Model - PGD accuracy: 0.1945
Best model: wa_model (PGD acc: 0.1945, Val acc: 0.5850)

============ Epoch 62 ============
Training time: 154.35s
Training loss: 4.7104
Training accuracy: 0.5095
Current GPU memory: 13.84 GB
Validation time: 12.94s
Model - Validation accuracy: 0.4870
Model - FGSM accuracy: 0.1585
Model - PGD accuracy: 0.1270
WA Model - Validation accuracy: 0.5870
WA Model - FGSM accuracy: 0.2395
WA Model - PGD accuracy: 0.1965
Best model: wa_model (PGD acc: 0.1965, Val acc: 0.5870)

============ Epoch 63 ============
Training time: 154.26s
Training loss: 4.7094
Training accuracy: 0.5099
Current GPU memory: 13.84 GB
Validation time: 12.90s
Model - Validation accuracy: 0.4890
Model - FGSM accuracy: 0.1480
Model - PGD accuracy: 0.1125
WA Model - Validation accuracy: 0.5840
WA Model - FGSM accuracy: 0.2390
WA Model - PGD accuracy: 0.1950
Best model: wa_model (PGD acc: 0.1950, Val acc: 0.5840)

============ Epoch 64 ============
Training time: 154.08s
Training loss: 4.7056
Training accuracy: 0.5139
Current GPU memory: 13.84 GB
Validation time: 12.91s
Model - Validation accuracy: 0.4900
Model - FGSM accuracy: 0.1655
Model - PGD accuracy: 0.1275
WA Model - Validation accuracy: 0.5870
WA Model - FGSM accuracy: 0.2400
WA Model - PGD accuracy: 0.1935
Best model: wa_model (PGD acc: 0.1935, Val acc: 0.5870)

============ Epoch 65 ============
Training time: 154.46s
Training loss: 4.7020
Training accuracy: 0.5169
Current GPU memory: 13.84 GB
Validation time: 12.93s
Model - Validation accuracy: 0.5170
Model - FGSM accuracy: 0.1710
Model - PGD accuracy: 0.1235
WA Model - Validation accuracy: 0.5890
WA Model - FGSM accuracy: 0.2390
WA Model - PGD accuracy: 0.1925
Best model: wa_model (PGD acc: 0.1925, Val acc: 0.5890)

============ Epoch 66 ============
Training time: 153.92s
Training loss: 4.6976
Training accuracy: 0.5201
Current GPU memory: 13.84 GB
Validation time: 12.90s
Model - Validation accuracy: 0.5100
Model - FGSM accuracy: 0.1600
Model - PGD accuracy: 0.1270
WA Model - Validation accuracy: 0.5910
WA Model - FGSM accuracy: 0.2435
WA Model - PGD accuracy: 0.1915
Best model: wa_model (PGD acc: 0.1915, Val acc: 0.5910)

============ Epoch 67 ============
Training time: 153.74s
Training loss: 4.6940
Training accuracy: 0.5236
Current GPU memory: 13.84 GB
Validation time: 12.88s
Model - Validation accuracy: 0.5080
Model - FGSM accuracy: 0.1755
Model - PGD accuracy: 0.1400
WA Model - Validation accuracy: 0.5905
WA Model - FGSM accuracy: 0.2405
WA Model - PGD accuracy: 0.1945
Best model: wa_model (PGD acc: 0.1945, Val acc: 0.5905)

============ Epoch 68 ============
Training time: 154.22s
Training loss: 4.6898
Training accuracy: 0.5294
Current GPU memory: 13.84 GB
Validation time: 12.94s
Model - Validation accuracy: 0.4985
Model - FGSM accuracy: 0.1690
Model - PGD accuracy: 0.1240
WA Model - Validation accuracy: 0.5940
WA Model - FGSM accuracy: 0.2395
WA Model - PGD accuracy: 0.1975
Best model: wa_model (PGD acc: 0.1975, Val acc: 0.5940)

============ Epoch 69 ============
Training time: 153.74s
Training loss: 4.6851
Training accuracy: 0.5345
Current GPU memory: 13.84 GB
Validation time: 12.88s
Model - Validation accuracy: 0.5210
Model - FGSM accuracy: 0.1605
Model - PGD accuracy: 0.1240
WA Model - Validation accuracy: 0.5940
WA Model - FGSM accuracy: 0.2415
WA Model - PGD accuracy: 0.1985
Best model: wa_model (PGD acc: 0.1985, Val acc: 0.5940)

============ Epoch 70 ============
Training time: 154.29s
Training loss: 4.6804
Training accuracy: 0.5372
Current GPU memory: 13.84 GB
Validation time: 12.95s
Model - Validation accuracy: 0.5230
Model - FGSM accuracy: 0.1645
Model - PGD accuracy: 0.1270
WA Model - Validation accuracy: 0.5965
WA Model - FGSM accuracy: 0.2420
WA Model - PGD accuracy: 0.1990
Best model: wa_model (PGD acc: 0.1990, Val acc: 0.5965)

============ Epoch 71 ============
Training time: 155.07s
Training loss: 4.6752
Training accuracy: 0.5432
Current GPU memory: 13.84 GB
Validation time: 12.98s
Model - Validation accuracy: 0.5100
Model - FGSM accuracy: 0.1650
Model - PGD accuracy: 0.1235
WA Model - Validation accuracy: 0.6010
WA Model - FGSM accuracy: 0.2470
WA Model - PGD accuracy: 0.2005
Best model: wa_model (PGD acc: 0.2005, Val acc: 0.6010)

============ Epoch 72 ============
Training time: 154.00s
Training loss: 4.6700
Training accuracy: 0.5474
Current GPU memory: 13.84 GB
Validation time: 12.90s
Model - Validation accuracy: 0.5160
Model - FGSM accuracy: 0.1620
Model - PGD accuracy: 0.1270
WA Model - Validation accuracy: 0.5990
WA Model - FGSM accuracy: 0.2420
WA Model - PGD accuracy: 0.1975
Best model: wa_model (PGD acc: 0.1975, Val acc: 0.5990)

============ Epoch 73 ============
Training time: 154.18s
Training loss: 4.6649
Training accuracy: 0.5538
Current GPU memory: 13.84 GB
Validation time: 12.90s
Model - Validation accuracy: 0.5300
Model - FGSM accuracy: 0.1720
Model - PGD accuracy: 0.1255
WA Model - Validation accuracy: 0.5980
WA Model - FGSM accuracy: 0.2485
WA Model - PGD accuracy: 0.1990
Best model: wa_model (PGD acc: 0.1990, Val acc: 0.5980)

============ Epoch 74 ============
Training time: 154.42s
Training loss: 4.6602
Training accuracy: 0.5592
Current GPU memory: 13.84 GB
Validation time: 12.96s
Model - Validation accuracy: 0.5245
Model - FGSM accuracy: 0.1740
Model - PGD accuracy: 0.1330
WA Model - Validation accuracy: 0.5975
WA Model - FGSM accuracy: 0.2460
WA Model - PGD accuracy: 0.1960
Best model: wa_model (PGD acc: 0.1960, Val acc: 0.5975)

============ Epoch 75 ============
Training time: 155.24s
Training loss: 4.6524
Training accuracy: 0.5683
Current GPU memory: 13.84 GB
Validation time: 12.95s
Model - Validation accuracy: 0.5355
Model - FGSM accuracy: 0.1705
Model - PGD accuracy: 0.1315
WA Model - Validation accuracy: 0.5995
WA Model - FGSM accuracy: 0.2440
WA Model - PGD accuracy: 0.1955
Best model: wa_model (PGD acc: 0.1955, Val acc: 0.5995)

============ Epoch 76 ============
Training time: 154.04s
Training loss: 4.6456
Training accuracy: 0.5743
Current GPU memory: 13.84 GB
Validation time: 12.90s
Model - Validation accuracy: 0.5275
Model - FGSM accuracy: 0.1840
Model - PGD accuracy: 0.1510
WA Model - Validation accuracy: 0.6000
WA Model - FGSM accuracy: 0.2475
WA Model - PGD accuracy: 0.2005
Best model: wa_model (PGD acc: 0.2005, Val acc: 0.6000)

============ Epoch 77 ============
Training time: 153.64s
Training loss: 4.6381
Training accuracy: 0.5825
Current GPU memory: 13.84 GB
Validation time: 12.87s
Model - Validation accuracy: 0.5285
Model - FGSM accuracy: 0.1780
Model - PGD accuracy: 0.1455
WA Model - Validation accuracy: 0.5980
WA Model - FGSM accuracy: 0.2450
WA Model - PGD accuracy: 0.2025
Best model: wa_model (PGD acc: 0.2025, Val acc: 0.5980)

============ Epoch 78 ============
Training time: 154.01s
Training loss: 4.6308
Training accuracy: 0.5888
Current GPU memory: 13.84 GB
Validation time: 12.97s
Model - Validation accuracy: 0.5435
Model - FGSM accuracy: 0.1920
Model - PGD accuracy: 0.1520
WA Model - Validation accuracy: 0.5975
WA Model - FGSM accuracy: 0.2470
WA Model - PGD accuracy: 0.1960
Best model: wa_model (PGD acc: 0.1960, Val acc: 0.5975)

============ Epoch 79 ============
Training time: 154.55s
Training loss: 4.6223
Training accuracy: 0.5997
Current GPU memory: 13.84 GB
Validation time: 12.96s
Model - Validation accuracy: 0.5360
Model - FGSM accuracy: 0.1765
Model - PGD accuracy: 0.1340
WA Model - Validation accuracy: 0.6005
WA Model - FGSM accuracy: 0.2480
WA Model - PGD accuracy: 0.1990
Best model: wa_model (PGD acc: 0.1990, Val acc: 0.6005)

============ Epoch 80 ============
Training time: 155.10s
Training loss: 4.6131
Training accuracy: 0.6098
Current GPU memory: 13.84 GB
Validation time: 12.94s
Model - Validation accuracy: 0.5315
Model - FGSM accuracy: 0.1835
Model - PGD accuracy: 0.1475
WA Model - Validation accuracy: 0.6065
WA Model - FGSM accuracy: 0.2495
WA Model - PGD accuracy: 0.1995
Best model: wa_model (PGD acc: 0.1995, Val acc: 0.6065)

============ Epoch 81 ============
Training time: 153.88s
Training loss: 4.6029
Training accuracy: 0.6217
Current GPU memory: 13.84 GB
Validation time: 12.89s
Model - Validation accuracy: 0.5515
Model - FGSM accuracy: 0.2000
Model - PGD accuracy: 0.1525
WA Model - Validation accuracy: 0.6075
WA Model - FGSM accuracy: 0.2555
WA Model - PGD accuracy: 0.2020
Best model: wa_model (PGD acc: 0.2020, Val acc: 0.6075)

============ Epoch 82 ============
Training time: 154.07s
Training loss: 4.5929
Training accuracy: 0.6333
Current GPU memory: 13.84 GB
Validation time: 12.91s
Model - Validation accuracy: 0.5430
Model - FGSM accuracy: 0.1870
Model - PGD accuracy: 0.1450
WA Model - Validation accuracy: 0.6105
WA Model - FGSM accuracy: 0.2550
WA Model - PGD accuracy: 0.2050
Best model: wa_model (PGD acc: 0.2050, Val acc: 0.6105)

============ Epoch 83 ============
Training time: 154.05s
Training loss: 4.5817
Training accuracy: 0.6470
Current GPU memory: 13.84 GB
Validation time: 12.85s
Model - Validation accuracy: 0.5425
Model - FGSM accuracy: 0.1985
Model - PGD accuracy: 0.1440
WA Model - Validation accuracy: 0.6135
WA Model - FGSM accuracy: 0.2565
WA Model - PGD accuracy: 0.2005
Best model: wa_model (PGD acc: 0.2005, Val acc: 0.6135)

============ Epoch 84 ============
Training time: 154.03s
Training loss: 4.5699
Training accuracy: 0.6607
Current GPU memory: 13.84 GB
Validation time: 12.88s
Model - Validation accuracy: 0.5470
Model - FGSM accuracy: 0.1980
Model - PGD accuracy: 0.1545
WA Model - Validation accuracy: 0.6110
WA Model - FGSM accuracy: 0.2580
WA Model - PGD accuracy: 0.2045
Best model: wa_model (PGD acc: 0.2045, Val acc: 0.6110)

============ Epoch 85 ============
Training time: 154.05s
Training loss: 4.5575
Training accuracy: 0.6758
Current GPU memory: 13.84 GB
Validation time: 12.93s
Model - Validation accuracy: 0.5595
Model - FGSM accuracy: 0.2045
Model - PGD accuracy: 0.1610
WA Model - Validation accuracy: 0.6105
WA Model - FGSM accuracy: 0.2570
WA Model - PGD accuracy: 0.2035
Best model: wa_model (PGD acc: 0.2035, Val acc: 0.6105)

============ Epoch 86 ============
Training time: 154.72s
Training loss: 4.5437
Training accuracy: 0.6934
Current GPU memory: 13.84 GB
Validation time: 12.95s
Model - Validation accuracy: 0.5595
Model - FGSM accuracy: 0.2045
Model - PGD accuracy: 0.1550
WA Model - Validation accuracy: 0.6120
WA Model - FGSM accuracy: 0.2525
WA Model - PGD accuracy: 0.2055
Best model: wa_model (PGD acc: 0.2055, Val acc: 0.6120)

============ Epoch 87 ============
Training time: 154.58s
Training loss: 4.5301
Training accuracy: 0.7088
Current GPU memory: 13.84 GB
Validation time: 12.94s
Model - Validation accuracy: 0.5420
Model - FGSM accuracy: 0.1975
Model - PGD accuracy: 0.1650
WA Model - Validation accuracy: 0.6120
WA Model - FGSM accuracy: 0.2510
WA Model - PGD accuracy: 0.2060
Best model: wa_model (PGD acc: 0.2060, Val acc: 0.6120)

============ Epoch 88 ============
Training time: 154.48s
Training loss: 4.5141
Training accuracy: 0.7300
Current GPU memory: 13.84 GB
Validation time: 12.86s
Model - Validation accuracy: 0.5635
Model - FGSM accuracy: 0.2080
Model - PGD accuracy: 0.1580
WA Model - Validation accuracy: 0.6070
WA Model - FGSM accuracy: 0.2535
WA Model - PGD accuracy: 0.2060
Best model: wa_model (PGD acc: 0.2060, Val acc: 0.6070)

============ Epoch 89 ============
Training time: 154.52s
Training loss: 4.4977
Training accuracy: 0.7497
Current GPU memory: 13.84 GB
Validation time: 12.98s
Model - Validation accuracy: 0.5540
Model - FGSM accuracy: 0.2130
Model - PGD accuracy: 0.1585
WA Model - Validation accuracy: 0.6035
WA Model - FGSM accuracy: 0.2510
WA Model - PGD accuracy: 0.2045
Best model: wa_model (PGD acc: 0.2045, Val acc: 0.6035)

============ Epoch 90 ============
Training time: 154.98s
Training loss: 4.4819
Training accuracy: 0.7710
Current GPU memory: 13.84 GB
Validation time: 12.94s
Model - Validation accuracy: 0.5530
Model - FGSM accuracy: 0.2150
Model - PGD accuracy: 0.1680
WA Model - Validation accuracy: 0.6065
WA Model - FGSM accuracy: 0.2495
WA Model - PGD accuracy: 0.2045
Best model: wa_model (PGD acc: 0.2045, Val acc: 0.6065)

============ Epoch 91 ============
Training time: 154.40s
Training loss: 4.4660
Training accuracy: 0.7892
Current GPU memory: 13.84 GB
Validation time: 12.95s
Model - Validation accuracy: 0.5765
Model - FGSM accuracy: 0.2235
Model - PGD accuracy: 0.1745
WA Model - Validation accuracy: 0.6055
WA Model - FGSM accuracy: 0.2485
WA Model - PGD accuracy: 0.2005
Best model: wa_model (PGD acc: 0.2005, Val acc: 0.6055)

============ Epoch 92 ============
Training time: 154.32s
Training loss: 4.4499
Training accuracy: 0.8098
Current GPU memory: 13.84 GB
Validation time: 12.94s
Model - Validation accuracy: 0.5625
Model - FGSM accuracy: 0.2285
Model - PGD accuracy: 0.1740
WA Model - Validation accuracy: 0.6050
WA Model - FGSM accuracy: 0.2455
WA Model - PGD accuracy: 0.1990
Best model: wa_model (PGD acc: 0.1990, Val acc: 0.6050)

============ Epoch 93 ============
Training time: 154.95s
Training loss: 4.4342
Training accuracy: 0.8282
Current GPU memory: 13.84 GB
Validation time: 12.91s
Model - Validation accuracy: 0.5750
Model - FGSM accuracy: 0.2160
Model - PGD accuracy: 0.1705
WA Model - Validation accuracy: 0.6015
WA Model - FGSM accuracy: 0.2445
WA Model - PGD accuracy: 0.1960
Best model: wa_model (PGD acc: 0.1960, Val acc: 0.6015)

============ Epoch 94 ============
Training time: 154.74s
Training loss: 4.4205
Training accuracy: 0.8454
Current GPU memory: 13.84 GB
Validation time: 12.98s
Model - Validation accuracy: 0.5720
Model - FGSM accuracy: 0.2165
Model - PGD accuracy: 0.1770
WA Model - Validation accuracy: 0.6000
WA Model - FGSM accuracy: 0.2395
WA Model - PGD accuracy: 0.1930
Best model: wa_model (PGD acc: 0.1930, Val acc: 0.6000)

============ Epoch 95 ============
Training time: 154.62s
Training loss: 4.4092
Training accuracy: 0.8567
Current GPU memory: 13.84 GB
Validation time: 12.90s
Model - Validation accuracy: 0.5805
Model - FGSM accuracy: 0.2270
Model - PGD accuracy: 0.1745
WA Model - Validation accuracy: 0.5965
WA Model - FGSM accuracy: 0.2385
WA Model - PGD accuracy: 0.1930
Best model: wa_model (PGD acc: 0.1930, Val acc: 0.5965)

============ Epoch 96 ============
Training time: 154.65s
Training loss: 4.3994
Training accuracy: 0.8679
Current GPU memory: 13.84 GB
Validation time: 12.93s
Model - Validation accuracy: 0.5750
Model - FGSM accuracy: 0.2220
Model - PGD accuracy: 0.1770
WA Model - Validation accuracy: 0.5895
WA Model - FGSM accuracy: 0.2360
WA Model - PGD accuracy: 0.1885
Best model: wa_model (PGD acc: 0.1885, Val acc: 0.5895)

============ Epoch 97 ============
Training time: 154.41s
Training loss: 4.3932
Training accuracy: 0.8742
Current GPU memory: 13.84 GB
Validation time: 12.93s
Model - Validation accuracy: 0.5790
Model - FGSM accuracy: 0.2245
Model - PGD accuracy: 0.1795
WA Model - Validation accuracy: 0.5850
WA Model - FGSM accuracy: 0.2325
WA Model - PGD accuracy: 0.1870
Best model: wa_model (PGD acc: 0.1870, Val acc: 0.5850)

============ Epoch 98 ============
Training time: 154.74s
Training loss: 4.3902
Training accuracy: 0.8775
Current GPU memory: 13.84 GB
Validation time: 12.97s
Model - Validation accuracy: 0.5805
Model - FGSM accuracy: 0.2270
Model - PGD accuracy: 0.1820
WA Model - Validation accuracy: 0.5840
WA Model - FGSM accuracy: 0.2345
WA Model - PGD accuracy: 0.1865
Best model: wa_model (PGD acc: 0.1865, Val acc: 0.5840)

============ Epoch 99 ============
Training time: 154.15s
Training loss: 4.3893
Training accuracy: 0.8760
Current GPU memory: 13.84 GB
Validation time: 12.93s
Model - Validation accuracy: 0.5745
Model - FGSM accuracy: 0.2260
Model - PGD accuracy: 0.1825
WA Model - Validation accuracy: 0.5855
WA Model - FGSM accuracy: 0.2300
WA Model - PGD accuracy: 0.1855
Best model: wa_model (PGD acc: 0.1855, Val acc: 0.5855)

train_acc_list: 
[0.06141836734693878, 0.12740816326530613, 0.15658163265306121, 0.18907142857142858, 0.21785714285714286, 0.2416734693877551, 0.266234693877551, 0.2872448979591837, 0.3043571428571429, 0.3224795918367347, 0.3383979591836735, 0.3516938775510204, 0.363765306122449, 0.3767142857142857, 0.38629591836734695, 0.3941530612244898, 0.40103061224489794, 0.40575510204081633, 0.40925510204081633, 0.41331632653061223, 0.4183775510204082, 0.42194897959183675, 0.42448979591836733, 0.4266122448979592, 0.428969387755102, 0.43181632653061225, 0.43587755102040815, 0.437969387755102, 0.44148979591836734, 0.4425612244897959, 0.4456938775510204, 0.4466122448979592, 0.4481326530612245, 0.44905102040816325, 0.45277551020408163, 0.4543061224489796, 0.45610204081632655, 0.45741836734693875, 0.4583469387755102, 0.461734693877551, 0.46327551020408164, 0.4650102040816326, 0.465, 0.4692142857142857, 0.46764285714285714, 0.47280612244897957, 0.4725, 0.4735204081632653, 0.4746020408163265, 0.47622448979591836, 0.4793265306122449, 0.479234693877551, 0.48327551020408166, 0.48620408163265305, 0.48839795918367346, 0.48792857142857143, 0.49323469387755103, 0.4963061224489796, 0.4965204081632653, 0.5002755102040817, 0.499969387755102, 0.5020816326530613, 0.5095306122448979, 0.5098775510204082, 0.5138775510204082, 0.5169183673469387, 0.5200816326530612, 0.5235714285714286, 0.5293979591836735, 0.5344897959183673, 0.5372448979591836, 0.5432448979591836, 0.5473775510204082, 0.5538265306122448, 0.5591734693877551, 0.5683163265306123, 0.5742857142857143, 0.5824591836734694, 0.5888469387755102, 0.5997040816326531, 0.6098265306122449, 0.6217448979591836, 0.633265306122449, 0.6470102040816327, 0.6606734693877551, 0.6758163265306123, 0.693438775510204, 0.7088061224489796, 0.7299591836734693, 0.749734693877551, 0.771030612244898, 0.7892448979591836, 0.8097755102040817, 0.828204081632653, 0.8454183673469388, 0.8566530612244898, 0.8678571428571429, 0.8741530612244898, 0.8775204081632653, 0.876]

model_val_acc_list: 
[0.1225, 0.1625, 0.2105, 0.233, 0.263, 0.286, 0.3065, 0.326, 0.3315, 0.3435, 0.3705, 0.371, 0.388, 0.392, 0.408, 0.401, 0.4145, 0.4305, 0.416, 0.386, 0.424, 0.4015, 0.4265, 0.448, 0.4255, 0.4295, 0.453, 0.4295, 0.441, 0.4365, 0.447, 0.4415, 0.463, 0.451, 0.442, 0.4505, 0.4545, 0.4545, 0.4695, 0.436, 0.463, 0.449, 0.462, 0.4765, 0.448, 0.4575, 0.46, 0.4685, 0.476, 0.44, 0.4615, 0.489, 0.4775, 0.487, 0.491, 0.468, 0.4675, 0.477, 0.4935, 0.4975, 0.495, 0.4865, 0.487, 0.489, 0.49, 0.517, 0.51, 0.508, 0.4985, 0.521, 0.523, 0.51, 0.516, 0.53, 0.5245, 0.5355, 0.5275, 0.5285, 0.5435, 0.536, 0.5315, 0.5515, 0.543, 0.5425, 0.547, 0.5595, 0.5595, 0.542, 0.5635, 0.554, 0.553, 0.5765, 0.5625, 0.575, 0.572, 0.5805, 0.575, 0.579, 0.5805, 0.5745]

model_pgd_acc_list: 
[0.015, 0.032, 0.0435, 0.0465, 0.0515, 0.059, 0.065, 0.0685, 0.0565, 0.061, 0.077, 0.08, 0.086, 0.09, 0.0855, 0.092, 0.088, 0.1005, 0.092, 0.0725, 0.102, 0.074, 0.104, 0.0965, 0.085, 0.0925, 0.103, 0.0925, 0.1005, 0.0965, 0.1025, 0.0895, 0.1015, 0.0975, 0.119, 0.097, 0.0965, 0.0995, 0.104, 0.0935, 0.106, 0.101, 0.1245, 0.115, 0.102, 0.104, 0.1035, 0.099, 0.1095, 0.098, 0.101, 0.1035, 0.1025, 0.1115, 0.108, 0.113, 0.105, 0.102, 0.1305, 0.121, 0.1165, 0.1285, 0.127, 0.1125, 0.1275, 0.1235, 0.127, 0.14, 0.124, 0.124, 0.127, 0.1235, 0.127, 0.1255, 0.133, 0.1315, 0.151, 0.1455, 0.152, 0.134, 0.1475, 0.1525, 0.145, 0.144, 0.1545, 0.161, 0.155, 0.165, 0.158, 0.1585, 0.168, 0.1745, 0.174, 0.1705, 0.177, 0.1745, 0.177, 0.1795, 0.182, 0.1825]

model_fgsm_acc_list: 
[0.0215, 0.0415, 0.052, 0.062, 0.0715, 0.072, 0.079, 0.0865, 0.076, 0.0825, 0.0975, 0.1005, 0.1075, 0.1115, 0.1095, 0.117, 0.112, 0.132, 0.112, 0.0995, 0.1245, 0.0985, 0.126, 0.118, 0.1175, 0.115, 0.1265, 0.1255, 0.1305, 0.1325, 0.134, 0.1225, 0.1375, 0.1255, 0.144, 0.124, 0.128, 0.1255, 0.134, 0.128, 0.1415, 0.128, 0.154, 0.147, 0.132, 0.137, 0.137, 0.1355, 0.1455, 0.1215, 0.1395, 0.1495, 0.1415, 0.147, 0.147, 0.151, 0.1395, 0.1385, 0.159, 0.1575, 0.1555, 0.1625, 0.1585, 0.148, 0.1655, 0.171, 0.16, 0.1755, 0.169, 0.1605, 0.1645, 0.165, 0.162, 0.172, 0.174, 0.1705, 0.184, 0.178, 0.192, 0.1765, 0.1835, 0.2, 0.187, 0.1985, 0.198, 0.2045, 0.2045, 0.1975, 0.208, 0.213, 0.215, 0.2235, 0.2285, 0.216, 0.2165, 0.227, 0.222, 0.2245, 0.227, 0.226]

wa_val_acc_list: 
[0.005, 0.0075, 0.0065, 0.0075, 0.009, 0.011, 0.0155, 0.0265, 0.0445, 0.066, 0.094, 0.1175, 0.1335, 0.1265, 0.103, 0.0675, 0.0455, 0.0355, 0.0405, 0.0515, 0.0715, 0.1205, 0.188, 0.27, 0.3445, 0.405, 0.4515, 0.479, 0.4985, 0.5135, 0.5175, 0.5305, 0.5345, 0.536, 0.5425, 0.5455, 0.547, 0.549, 0.5555, 0.551, 0.5515, 0.5565, 0.558, 0.563, 0.561, 0.5645, 0.565, 0.5695, 0.5745, 0.5745, 0.572, 0.5705, 0.57, 0.571, 0.5705, 0.5725, 0.5795, 0.582, 0.582, 0.582, 0.5865, 0.585, 0.587, 0.584, 0.587, 0.589, 0.591, 0.5905, 0.594, 0.594, 0.5965, 0.601, 0.599, 0.598, 0.5975, 0.5995, 0.6, 0.598, 0.5975, 0.6005, 0.6065, 0.6075, 0.6105, 0.6135, 0.611, 0.6105, 0.612, 0.612, 0.607, 0.6035, 0.6065, 0.6055, 0.605, 0.6015, 0.6, 0.5965, 0.5895, 0.585, 0.584, 0.5855]

wa_pgd_acc_list: 
[0.0, 0.0005, 0.006, 0.0065, 0.008, 0.008, 0.0065, 0.0095, 0.014, 0.019, 0.029, 0.0345, 0.037, 0.035, 0.028, 0.0185, 0.013, 0.012, 0.0145, 0.0155, 0.0195, 0.041, 0.0575, 0.0825, 0.1135, 0.1335, 0.1455, 0.154, 0.167, 0.1715, 0.1745, 0.1755, 0.177, 0.178, 0.1805, 0.181, 0.1835, 0.185, 0.185, 0.187, 0.188, 0.1885, 0.1885, 0.1895, 0.188, 0.1875, 0.1905, 0.1915, 0.1885, 0.189, 0.188, 0.1885, 0.1935, 0.191, 0.194, 0.195, 0.195, 0.196, 0.1945, 0.196, 0.1965, 0.1945, 0.1965, 0.195, 0.1935, 0.1925, 0.1915, 0.1945, 0.1975, 0.1985, 0.199, 0.2005, 0.1975, 0.199, 0.196, 0.1955, 0.2005, 0.2025, 0.196, 0.199, 0.1995, 0.202, 0.205, 0.2005, 0.2045, 0.2035, 0.2055, 0.206, 0.206, 0.2045, 0.2045, 0.2005, 0.199, 0.196, 0.193, 0.193, 0.1885, 0.187, 0.1865, 0.1855]

wa_fgsm_acc_list: 
[0.0005, 0.0005, 0.006, 0.0065, 0.008, 0.008, 0.0075, 0.01, 0.015, 0.023, 0.032, 0.039, 0.0385, 0.039, 0.031, 0.019, 0.0135, 0.0125, 0.015, 0.017, 0.023, 0.043, 0.063, 0.09, 0.1225, 0.1525, 0.1715, 0.184, 0.1915, 0.205, 0.2085, 0.211, 0.2155, 0.2185, 0.2135, 0.216, 0.2185, 0.222, 0.2245, 0.223, 0.2245, 0.227, 0.2265, 0.222, 0.222, 0.225, 0.2255, 0.2305, 0.231, 0.2325, 0.23, 0.233, 0.2335, 0.2335, 0.2375, 0.237, 0.234, 0.2365, 0.235, 0.238, 0.2375, 0.2385, 0.2395, 0.239, 0.24, 0.239, 0.2435, 0.2405, 0.2395, 0.2415, 0.242, 0.247, 0.242, 0.2485, 0.246, 0.244, 0.2475, 0.245, 0.247, 0.248, 0.2495, 0.2555, 0.255, 0.2565, 0.258, 0.257, 0.2525, 0.251, 0.2535, 0.251, 0.2495, 0.2485, 0.2455, 0.2445, 0.2395, 0.2385, 0.236, 0.2325, 0.2345, 0.23]

total_training_time: 
15409.847366333008

total_val_time: 
1291.8351192474365

max_gpu_memory: 13.84 GB

==================================================
Starting final evaluation on test set...
==================================================
PGD test results:
  clean_acc: 0.5997
  pgd_10_acc: 0.1944
  pgd_20_acc: 0.1882
  pgd_50_acc: 0.1861
AutoAttack results:
  autoattack_acc: 0.1124
CR-Attack results:
  cr_attack_acc: 0.1120
