Method: fgsm_mep_cs
Seed: 0
Scheduler: OneCycleLR
Label smoothing: 0.4
Weight average: True, tau: 0.9995
factor: 0.6
lamda: 10
gamma: 0.03
ratio: 1
stride: 1
momentum_decay: 0.3
w2: 1.0
initialize: False
reg_single: False
reg_multi: False
delta_init: random


Training shape: (100000, 3, 64, 64)
============ Epoch 0 ============
Training time: 98.25s
Training loss: 5.2821
Training normal loss: 5.2624
Training accuracy: 0.0209
Current GPU memory: 18.41 GB
Validation time: 12.76s
Model - Validation accuracy: 0.0435
Model - FGSM accuracy: 0.0230
Model - PGD accuracy: 0.0220
WA Model - Validation accuracy: 0.0030
WA Model - FGSM accuracy: 0.0030
WA Model - PGD accuracy: 0.0030
Best model: model (PGD acc: 0.0220, Val acc: 0.0435)

============ Epoch 1 ============
Training time: 97.56s
Training loss: 5.2578
Training normal loss: 5.2216
Training accuracy: 0.0319
Current GPU memory: 18.41 GB
Validation time: 12.79s
Model - Validation accuracy: 0.0545
Model - FGSM accuracy: 0.0340
Model - PGD accuracy: 0.0340
WA Model - Validation accuracy: 0.0035
WA Model - FGSM accuracy: 0.0020
WA Model - PGD accuracy: 0.0020
Best model: model (PGD acc: 0.0340, Val acc: 0.0545)

============ Epoch 2 ============
Training time: 103.92s
Training loss: 4.2717
Training normal loss: 5.2026
Training accuracy: 0.0439
Current GPU memory: 18.41 GB
Validation time: 12.84s
Model - Validation accuracy: 0.0745
Model - FGSM accuracy: 0.0500
Model - PGD accuracy: 0.0485
WA Model - Validation accuracy: 0.0050
WA Model - FGSM accuracy: 0.0040
WA Model - PGD accuracy: 0.0040
Best model: model (PGD acc: 0.0485, Val acc: 0.0745)

============ Epoch 3 ============
Training time: 103.33s
Training loss: 4.3316
Training normal loss: 5.1853
Training accuracy: 0.0525
Current GPU memory: 18.41 GB
Validation time: 12.81s
Model - Validation accuracy: 0.0935
Model - FGSM accuracy: 0.0560
Model - PGD accuracy: 0.0545
WA Model - Validation accuracy: 0.0045
WA Model - FGSM accuracy: 0.0040
WA Model - PGD accuracy: 0.0040
Best model: model (PGD acc: 0.0545, Val acc: 0.0935)

============ Epoch 4 ============
Training time: 104.39s
Training loss: 4.1877
Training normal loss: 5.1687
Training accuracy: 0.0618
Current GPU memory: 18.41 GB
Validation time: 12.86s
Model - Validation accuracy: 0.1030
Model - FGSM accuracy: 0.0665
Model - PGD accuracy: 0.0655
WA Model - Validation accuracy: 0.0070
WA Model - FGSM accuracy: 0.0045
WA Model - PGD accuracy: 0.0045
Best model: model (PGD acc: 0.0655, Val acc: 0.1030)

============ Epoch 5 ============
Training time: 103.83s
Training loss: 4.1122
Training normal loss: 5.1514
Training accuracy: 0.0717
Current GPU memory: 18.41 GB
Validation time: 12.80s
Model - Validation accuracy: 0.1245
Model - FGSM accuracy: 0.0715
Model - PGD accuracy: 0.0695
WA Model - Validation accuracy: 0.0060
WA Model - FGSM accuracy: 0.0050
WA Model - PGD accuracy: 0.0050
Best model: model (PGD acc: 0.0695, Val acc: 0.1245)

============ Epoch 6 ============
Training time: 104.14s
Training loss: 4.1040
Training normal loss: 5.1350
Training accuracy: 0.0794
Current GPU memory: 18.41 GB
Validation time: 12.81s
Model - Validation accuracy: 0.1360
Model - FGSM accuracy: 0.0800
Model - PGD accuracy: 0.0760
WA Model - Validation accuracy: 0.0065
WA Model - FGSM accuracy: 0.0065
WA Model - PGD accuracy: 0.0065
Best model: model (PGD acc: 0.0760, Val acc: 0.1360)

============ Epoch 7 ============
Training time: 104.72s
Training loss: 4.1052
Training normal loss: 5.1181
Training accuracy: 0.0880
Current GPU memory: 18.41 GB
Validation time: 12.81s
Model - Validation accuracy: 0.1510
Model - FGSM accuracy: 0.0955
Model - PGD accuracy: 0.0945
WA Model - Validation accuracy: 0.0110
WA Model - FGSM accuracy: 0.0055
WA Model - PGD accuracy: 0.0055
Best model: model (PGD acc: 0.0945, Val acc: 0.1510)

============ Epoch 8 ============
Training time: 105.00s
Training loss: 4.1056
Training normal loss: 5.1037
Training accuracy: 0.0958
Current GPU memory: 18.41 GB
Validation time: 12.87s
Model - Validation accuracy: 0.1640
Model - FGSM accuracy: 0.0950
Model - PGD accuracy: 0.0915
WA Model - Validation accuracy: 0.0150
WA Model - FGSM accuracy: 0.0090
WA Model - PGD accuracy: 0.0090
Best model: model (PGD acc: 0.0915, Val acc: 0.1640)

============ Epoch 9 ============
Training time: 105.27s
Training loss: 4.0979
Training normal loss: 5.0892
Training accuracy: 0.1032
Current GPU memory: 18.41 GB
Validation time: 12.84s
Model - Validation accuracy: 0.1760
Model - FGSM accuracy: 0.1005
Model - PGD accuracy: 0.0945
WA Model - Validation accuracy: 0.0185
WA Model - FGSM accuracy: 0.0100
WA Model - PGD accuracy: 0.0100
Best model: model (PGD acc: 0.0945, Val acc: 0.1760)

============ Epoch 10 ============
Training time: 104.60s
Training loss: 4.1007
Training normal loss: 5.0743
Training accuracy: 0.1104
Current GPU memory: 18.41 GB
Validation time: 12.82s
Model - Validation accuracy: 0.1755
Model - FGSM accuracy: 0.0985
Model - PGD accuracy: 0.0955
WA Model - Validation accuracy: 0.0195
WA Model - FGSM accuracy: 0.0125
WA Model - PGD accuracy: 0.0125
Best model: model (PGD acc: 0.0955, Val acc: 0.1755)

============ Epoch 11 ============
Training time: 104.91s
Training loss: 4.1406
Training normal loss: 5.0603
Training accuracy: 0.1174
Current GPU memory: 18.41 GB
Validation time: 12.82s
Model - Validation accuracy: 0.1795
Model - FGSM accuracy: 0.1110
Model - PGD accuracy: 0.1060
WA Model - Validation accuracy: 0.0180
WA Model - FGSM accuracy: 0.0135
WA Model - PGD accuracy: 0.0135
Best model: model (PGD acc: 0.1060, Val acc: 0.1795)

============ Epoch 12 ============
Training time: 105.03s
Training loss: 4.1471
Training normal loss: 5.0470
Training accuracy: 0.1251
Current GPU memory: 18.41 GB
Validation time: 12.82s
Model - Validation accuracy: 0.1995
Model - FGSM accuracy: 0.1240
Model - PGD accuracy: 0.1185
WA Model - Validation accuracy: 0.0160
WA Model - FGSM accuracy: 0.0135
WA Model - PGD accuracy: 0.0135
Best model: model (PGD acc: 0.1185, Val acc: 0.1995)

============ Epoch 13 ============
Training time: 105.91s
Training loss: 4.1257
Training normal loss: 5.0333
Training accuracy: 0.1328
Current GPU memory: 18.41 GB
Validation time: 12.91s
Model - Validation accuracy: 0.2050
Model - FGSM accuracy: 0.1170
Model - PGD accuracy: 0.1155
WA Model - Validation accuracy: 0.0175
WA Model - FGSM accuracy: 0.0130
WA Model - PGD accuracy: 0.0130
Best model: model (PGD acc: 0.1155, Val acc: 0.2050)

============ Epoch 14 ============
Training time: 106.28s
Training loss: 4.2221
Training normal loss: 5.0214
Training accuracy: 0.1375
Current GPU memory: 18.41 GB
Validation time: 12.91s
Model - Validation accuracy: 0.1965
Model - FGSM accuracy: 0.1180
Model - PGD accuracy: 0.1115
WA Model - Validation accuracy: 0.0205
WA Model - FGSM accuracy: 0.0145
WA Model - PGD accuracy: 0.0145
Best model: model (PGD acc: 0.1115, Val acc: 0.1965)

============ Epoch 15 ============
Training time: 105.91s
Training loss: 4.1875
Training normal loss: 5.0100
Training accuracy: 0.1458
Current GPU memory: 18.41 GB
Validation time: 12.92s
Model - Validation accuracy: 0.2185
Model - FGSM accuracy: 0.1200
Model - PGD accuracy: 0.1160
WA Model - Validation accuracy: 0.0195
WA Model - FGSM accuracy: 0.0140
WA Model - PGD accuracy: 0.0140
Best model: model (PGD acc: 0.1160, Val acc: 0.2185)

============ Epoch 16 ============
Training time: 105.94s
Training loss: 4.1743
Training normal loss: 4.9984
Training accuracy: 0.1517
Current GPU memory: 18.41 GB
Validation time: 12.88s
Model - Validation accuracy: 0.2240
Model - FGSM accuracy: 0.1215
Model - PGD accuracy: 0.1150
WA Model - Validation accuracy: 0.0170
WA Model - FGSM accuracy: 0.0135
WA Model - PGD accuracy: 0.0130
Best model: model (PGD acc: 0.1150, Val acc: 0.2240)

============ Epoch 17 ============
Training time: 105.81s
Training loss: 4.2887
Training normal loss: 4.9884
Training accuracy: 0.1559
Current GPU memory: 18.41 GB
Validation time: 12.85s
Model - Validation accuracy: 0.2450
Model - FGSM accuracy: 0.1300
Model - PGD accuracy: 0.1225
WA Model - Validation accuracy: 0.0165
WA Model - FGSM accuracy: 0.0130
WA Model - PGD accuracy: 0.0135
Best model: model (PGD acc: 0.1225, Val acc: 0.2450)

============ Epoch 18 ============
Training time: 107.02s
Training loss: 4.4561
Training normal loss: 4.9797
Training accuracy: 0.1603
Current GPU memory: 18.41 GB
Validation time: 12.88s
Model - Validation accuracy: 0.2455
Model - FGSM accuracy: 0.1345
Model - PGD accuracy: 0.1305
WA Model - Validation accuracy: 0.0165
WA Model - FGSM accuracy: 0.0125
WA Model - PGD accuracy: 0.0125
Best model: model (PGD acc: 0.1305, Val acc: 0.2455)

============ Epoch 19 ============
Training time: 105.07s
Training loss: 4.2983
Training normal loss: 4.9702
Training accuracy: 0.1662
Current GPU memory: 18.41 GB
Validation time: 12.83s
Model - Validation accuracy: 0.2430
Model - FGSM accuracy: 0.1430
Model - PGD accuracy: 0.1340
WA Model - Validation accuracy: 0.0175
WA Model - FGSM accuracy: 0.0135
WA Model - PGD accuracy: 0.0130
Best model: model (PGD acc: 0.1340, Val acc: 0.2430)

============ Epoch 20 ============
Training time: 105.54s
Training loss: 4.4857
Training normal loss: 4.9629
Training accuracy: 0.1669
Current GPU memory: 18.41 GB
Validation time: 12.87s
Model - Validation accuracy: 0.2280
Model - FGSM accuracy: 0.1180
Model - PGD accuracy: 0.1110
WA Model - Validation accuracy: 0.0165
WA Model - FGSM accuracy: 0.0140
WA Model - PGD accuracy: 0.0140
Best model: model (PGD acc: 0.1110, Val acc: 0.2280)

============ Epoch 21 ============
Training time: 105.68s
Training loss: 4.5412
Training normal loss: 4.9560
Training accuracy: 0.1711
Current GPU memory: 18.41 GB
Validation time: 12.87s
Model - Validation accuracy: 0.2675
Model - FGSM accuracy: 0.1325
Model - PGD accuracy: 0.1270
WA Model - Validation accuracy: 0.0200
WA Model - FGSM accuracy: 0.0145
WA Model - PGD accuracy: 0.0150
Best model: model (PGD acc: 0.1270, Val acc: 0.2675)

============ Epoch 22 ============
Training time: 106.24s
Training loss: 4.4185
Training normal loss: 4.9481
Training accuracy: 0.1770
Current GPU memory: 18.41 GB
Validation time: 12.85s
Model - Validation accuracy: 0.2470
Model - FGSM accuracy: 0.1305
Model - PGD accuracy: 0.1245
WA Model - Validation accuracy: 0.0240
WA Model - FGSM accuracy: 0.0170
WA Model - PGD accuracy: 0.0170
Best model: model (PGD acc: 0.1245, Val acc: 0.2470)

============ Epoch 23 ============
Training time: 105.08s
Training loss: 4.4654
Training normal loss: 4.9403
Training accuracy: 0.1797
Current GPU memory: 18.41 GB
Validation time: 12.91s
Model - Validation accuracy: 0.2555
Model - FGSM accuracy: 0.1300
Model - PGD accuracy: 0.1235
WA Model - Validation accuracy: 0.0380
WA Model - FGSM accuracy: 0.0225
WA Model - PGD accuracy: 0.0225
Best model: model (PGD acc: 0.1235, Val acc: 0.2555)

============ Epoch 24 ============
Training time: 105.51s
Training loss: 4.5607
Training normal loss: 4.9342
Training accuracy: 0.1831
Current GPU memory: 18.41 GB
Validation time: 12.83s
Model - Validation accuracy: 0.2800
Model - FGSM accuracy: 0.1505
Model - PGD accuracy: 0.1425
WA Model - Validation accuracy: 0.0735
WA Model - FGSM accuracy: 0.0355
WA Model - PGD accuracy: 0.0355
Best model: model (PGD acc: 0.1425, Val acc: 0.2800)

============ Epoch 25 ============
Training time: 106.25s
Training loss: 4.6196
Training normal loss: 4.9285
Training accuracy: 0.1865
Current GPU memory: 18.41 GB
Validation time: 12.87s
Model - Validation accuracy: 0.2760
Model - FGSM accuracy: 0.1510
Model - PGD accuracy: 0.1430
WA Model - Validation accuracy: 0.1265
WA Model - FGSM accuracy: 0.0640
WA Model - PGD accuracy: 0.0620
Best model: model (PGD acc: 0.1430, Val acc: 0.2760)

============ Epoch 26 ============
Training time: 106.27s
Training loss: 4.5324
Training normal loss: 4.9225
Training accuracy: 0.1884
Current GPU memory: 18.41 GB
Validation time: 12.86s
Model - Validation accuracy: 0.2815
Model - FGSM accuracy: 0.1550
Model - PGD accuracy: 0.1430
WA Model - Validation accuracy: 0.1925
WA Model - FGSM accuracy: 0.0875
WA Model - PGD accuracy: 0.0870
Best model: model (PGD acc: 0.1430, Val acc: 0.2815)

============ Epoch 27 ============
Training time: 106.35s
Training loss: 4.7719
Training normal loss: 4.9187
Training accuracy: 0.1896
Current GPU memory: 18.41 GB
Validation time: 12.78s
Model - Validation accuracy: 0.2840
Model - FGSM accuracy: 0.1510
Model - PGD accuracy: 0.1460
WA Model - Validation accuracy: 0.2425
WA Model - FGSM accuracy: 0.1280
WA Model - PGD accuracy: 0.1240
Best model: model (PGD acc: 0.1460, Val acc: 0.2840)

============ Epoch 28 ============
Training time: 105.59s
Training loss: 4.4994
Training normal loss: 4.9117
Training accuracy: 0.1962
Current GPU memory: 18.41 GB
Validation time: 12.88s
Model - Validation accuracy: 0.2850
Model - FGSM accuracy: 0.1490
Model - PGD accuracy: 0.1310
WA Model - Validation accuracy: 0.2745
WA Model - FGSM accuracy: 0.1625
WA Model - PGD accuracy: 0.1530
Best model: wa_model (PGD acc: 0.1530, Val acc: 0.2745)

============ Epoch 29 ============
Training time: 106.56s
Training loss: 4.7143
Training normal loss: 4.9074
Training accuracy: 0.1968
Current GPU memory: 18.41 GB
Validation time: 12.86s
Model - Validation accuracy: 0.2940
Model - FGSM accuracy: 0.1380
Model - PGD accuracy: 0.1245
WA Model - Validation accuracy: 0.2955
WA Model - FGSM accuracy: 0.1845
WA Model - PGD accuracy: 0.1775
Best model: wa_model (PGD acc: 0.1775, Val acc: 0.2955)

============ Epoch 30 ============
Training time: 106.30s
Training loss: 4.6471
Training normal loss: 4.9023
Training accuracy: 0.1991
Current GPU memory: 18.41 GB
Validation time: 12.79s
Model - Validation accuracy: 0.2750
Model - FGSM accuracy: 0.1385
Model - PGD accuracy: 0.1280
WA Model - Validation accuracy: 0.3130
WA Model - FGSM accuracy: 0.1980
WA Model - PGD accuracy: 0.1910
Best model: wa_model (PGD acc: 0.1910, Val acc: 0.3130)

============ Epoch 31 ============
Training time: 107.09s
Training loss: 4.7218
Training normal loss: 4.8983
Training accuracy: 0.2018
Current GPU memory: 18.41 GB
Validation time: 12.81s
Model - Validation accuracy: 0.2960
Model - FGSM accuracy: 0.1575
Model - PGD accuracy: 0.1520
WA Model - Validation accuracy: 0.3245
WA Model - FGSM accuracy: 0.2045
WA Model - PGD accuracy: 0.1995
Best model: wa_model (PGD acc: 0.1995, Val acc: 0.3245)

============ Epoch 32 ============
Training time: 106.24s
Training loss: 4.5813
Training normal loss: 4.8928
Training accuracy: 0.2049
Current GPU memory: 18.41 GB
Validation time: 12.80s
Model - Validation accuracy: 0.2865
Model - FGSM accuracy: 0.1460
Model - PGD accuracy: 0.1335
WA Model - Validation accuracy: 0.3325
WA Model - FGSM accuracy: 0.2100
WA Model - PGD accuracy: 0.2015
Best model: wa_model (PGD acc: 0.2015, Val acc: 0.3325)

============ Epoch 33 ============
Training time: 107.28s
Training loss: 4.8016
Training normal loss: 4.8903
Training accuracy: 0.2041
Current GPU memory: 18.41 GB
Validation time: 12.92s
Model - Validation accuracy: 0.2970
Model - FGSM accuracy: 0.1425
Model - PGD accuracy: 0.1280
WA Model - Validation accuracy: 0.3380
WA Model - FGSM accuracy: 0.2145
WA Model - PGD accuracy: 0.2065
Best model: wa_model (PGD acc: 0.2065, Val acc: 0.3380)

============ Epoch 34 ============
Training time: 106.33s
Training loss: 4.6537
Training normal loss: 4.8849
Training accuracy: 0.2091
Current GPU memory: 18.41 GB
Validation time: 12.83s
Model - Validation accuracy: 0.2860
Model - FGSM accuracy: 0.1390
Model - PGD accuracy: 0.1250
WA Model - Validation accuracy: 0.3430
WA Model - FGSM accuracy: 0.2200
WA Model - PGD accuracy: 0.2130
Best model: wa_model (PGD acc: 0.2130, Val acc: 0.3430)

============ Epoch 35 ============
Training time: 107.42s
Training loss: 4.9097
Training normal loss: 4.8832
Training accuracy: 0.2068
Current GPU memory: 18.41 GB
Validation time: 12.80s
Model - Validation accuracy: 0.2835
Model - FGSM accuracy: 0.1405
Model - PGD accuracy: 0.1260
WA Model - Validation accuracy: 0.3515
WA Model - FGSM accuracy: 0.2225
WA Model - PGD accuracy: 0.2150
Best model: wa_model (PGD acc: 0.2150, Val acc: 0.3515)

============ Epoch 36 ============
Training time: 106.84s
Training loss: 4.6679
Training normal loss: 4.8783
Training accuracy: 0.2099
Current GPU memory: 18.41 GB
Validation time: 12.84s
Model - Validation accuracy: 0.3110
Model - FGSM accuracy: 0.1630
Model - PGD accuracy: 0.1485
WA Model - Validation accuracy: 0.3540
WA Model - FGSM accuracy: 0.2220
WA Model - PGD accuracy: 0.2125
Best model: wa_model (PGD acc: 0.2125, Val acc: 0.3540)

============ Epoch 37 ============
Training time: 108.02s
Training loss: 4.8647
Training normal loss: 4.8769
Training accuracy: 0.2092
Current GPU memory: 18.41 GB
Validation time: 12.88s
Model - Validation accuracy: 0.3160
Model - FGSM accuracy: 0.1650
Model - PGD accuracy: 0.1520
WA Model - Validation accuracy: 0.3570
WA Model - FGSM accuracy: 0.2265
WA Model - PGD accuracy: 0.2165
Best model: wa_model (PGD acc: 0.2165, Val acc: 0.3570)

============ Epoch 38 ============
Training time: 108.09s
Training loss: 4.8150
Training normal loss: 4.8729
Training accuracy: 0.2132
Current GPU memory: 18.41 GB
Validation time: 12.82s
Model - Validation accuracy: 0.2915
Model - FGSM accuracy: 0.1325
Model - PGD accuracy: 0.1190
WA Model - Validation accuracy: 0.3580
WA Model - FGSM accuracy: 0.2260
WA Model - PGD accuracy: 0.2200
Best model: wa_model (PGD acc: 0.2200, Val acc: 0.3580)

============ Epoch 39 ============
Training time: 107.18s
Training loss: 4.6702
Training normal loss: 4.8688
Training accuracy: 0.2164
Current GPU memory: 18.41 GB
Validation time: 12.84s
Model - Validation accuracy: 0.3240
Model - FGSM accuracy: 0.1605
Model - PGD accuracy: 0.1460
WA Model - Validation accuracy: 0.3640
WA Model - FGSM accuracy: 0.2280
WA Model - PGD accuracy: 0.2215
Best model: wa_model (PGD acc: 0.2215, Val acc: 0.3640)

============ Epoch 40 ============
Training time: 110.13s
Training loss: 3.8522
Training normal loss: 4.8551
Training accuracy: 0.2554
Current GPU memory: 21.21 GB
Validation time: 12.82s
Model - Validation accuracy: 0.3220
Model - FGSM accuracy: 0.1585
Model - PGD accuracy: 0.1465
WA Model - Validation accuracy: 0.3670
WA Model - FGSM accuracy: 0.2300
WA Model - PGD accuracy: 0.2180
Best model: wa_model (PGD acc: 0.2180, Val acc: 0.3670)

============ Epoch 41 ============
Training time: 109.34s
Training loss: 5.9643
Training normal loss: 4.8677
Training accuracy: 0.1925
Current GPU memory: 21.21 GB
Validation time: 12.84s
Model - Validation accuracy: 0.3170
Model - FGSM accuracy: 0.1565
Model - PGD accuracy: 0.1460
WA Model - Validation accuracy: 0.3710
WA Model - FGSM accuracy: 0.2300
WA Model - PGD accuracy: 0.2195
Best model: wa_model (PGD acc: 0.2195, Val acc: 0.3710)

============ Epoch 42 ============
Training time: 107.07s
Training loss: 4.1700
Training normal loss: 4.8574
Training accuracy: 0.2338
Current GPU memory: 21.21 GB
Validation time: 12.87s
Model - Validation accuracy: 0.3370
Model - FGSM accuracy: 0.1820
Model - PGD accuracy: 0.1680
WA Model - Validation accuracy: 0.3705
WA Model - FGSM accuracy: 0.2260
WA Model - PGD accuracy: 0.2190
Best model: wa_model (PGD acc: 0.2190, Val acc: 0.3705)

============ Epoch 43 ============
Training time: 106.92s
Training loss: 5.1327
Training normal loss: 4.8584
Training accuracy: 0.2160
Current GPU memory: 21.21 GB
Validation time: 12.82s
Model - Validation accuracy: 0.3410
Model - FGSM accuracy: 0.1645
Model - PGD accuracy: 0.1485
WA Model - Validation accuracy: 0.3710
WA Model - FGSM accuracy: 0.2265
WA Model - PGD accuracy: 0.2175
Best model: wa_model (PGD acc: 0.2175, Val acc: 0.3710)

============ Epoch 44 ============
Training time: 106.78s
Training loss: 4.6361
Training normal loss: 4.8536
Training accuracy: 0.2241
Current GPU memory: 21.21 GB
Validation time: 12.86s
Model - Validation accuracy: 0.3035
Model - FGSM accuracy: 0.1440
Model - PGD accuracy: 0.1365
WA Model - Validation accuracy: 0.3705
WA Model - FGSM accuracy: 0.2290
WA Model - PGD accuracy: 0.2215
Best model: wa_model (PGD acc: 0.2215, Val acc: 0.3705)

============ Epoch 45 ============
Training time: 106.47s
Training loss: 4.8409
Training normal loss: 4.8522
Training accuracy: 0.2212
Current GPU memory: 21.21 GB
Validation time: 12.84s
Model - Validation accuracy: 0.3190
Model - FGSM accuracy: 0.1595
Model - PGD accuracy: 0.1485
WA Model - Validation accuracy: 0.3705
WA Model - FGSM accuracy: 0.2310
WA Model - PGD accuracy: 0.2230
Best model: wa_model (PGD acc: 0.2230, Val acc: 0.3705)

============ Epoch 46 ============
Training time: 106.99s
Training loss: 4.8750
Training normal loss: 4.8503
Training accuracy: 0.2247
Current GPU memory: 21.21 GB
Validation time: 12.84s
Model - Validation accuracy: 0.3150
Model - FGSM accuracy: 0.1460
Model - PGD accuracy: 0.1340
WA Model - Validation accuracy: 0.3735
WA Model - FGSM accuracy: 0.2325
WA Model - PGD accuracy: 0.2230
Best model: wa_model (PGD acc: 0.2230, Val acc: 0.3735)

============ Epoch 47 ============
Training time: 107.07s
Training loss: 4.7928
Training normal loss: 4.8469
Training accuracy: 0.2270
Current GPU memory: 21.21 GB
Validation time: 12.83s
Model - Validation accuracy: 0.3110
Model - FGSM accuracy: 0.1540
Model - PGD accuracy: 0.1445
WA Model - Validation accuracy: 0.3795
WA Model - FGSM accuracy: 0.2315
WA Model - PGD accuracy: 0.2260
Best model: wa_model (PGD acc: 0.2260, Val acc: 0.3795)

============ Epoch 48 ============
Training time: 106.96s
Training loss: 4.8668
Training normal loss: 4.8456
Training accuracy: 0.2254
Current GPU memory: 21.21 GB
Validation time: 12.84s
Model - Validation accuracy: 0.3325
Model - FGSM accuracy: 0.1630
Model - PGD accuracy: 0.1445
WA Model - Validation accuracy: 0.3840
WA Model - FGSM accuracy: 0.2365
WA Model - PGD accuracy: 0.2245
Best model: wa_model (PGD acc: 0.2245, Val acc: 0.3840)

============ Epoch 49 ============
Training time: 106.48s
Training loss: 4.7912
Training normal loss: 4.8419
Training accuracy: 0.2290
Current GPU memory: 21.21 GB
Validation time: 12.83s
Model - Validation accuracy: 0.3265
Model - FGSM accuracy: 0.1345
Model - PGD accuracy: 0.1150
WA Model - Validation accuracy: 0.3850
WA Model - FGSM accuracy: 0.2340
WA Model - PGD accuracy: 0.2240
Best model: wa_model (PGD acc: 0.2240, Val acc: 0.3850)

============ Epoch 50 ============
Training time: 107.28s
Training loss: 4.9430
Training normal loss: 4.8405
Training accuracy: 0.2292
Current GPU memory: 21.21 GB
Validation time: 12.81s
Model - Validation accuracy: 0.3525
Model - FGSM accuracy: 0.1595
Model - PGD accuracy: 0.1420
WA Model - Validation accuracy: 0.3900
WA Model - FGSM accuracy: 0.2325
WA Model - PGD accuracy: 0.2205
Best model: wa_model (PGD acc: 0.2205, Val acc: 0.3900)

============ Epoch 51 ============
Training time: 107.14s
Training loss: 4.7355
Training normal loss: 4.8375
Training accuracy: 0.2316
Current GPU memory: 21.21 GB
Validation time: 12.80s
Model - Validation accuracy: 0.3220
Model - FGSM accuracy: 0.1540
Model - PGD accuracy: 0.1440
WA Model - Validation accuracy: 0.3930
WA Model - FGSM accuracy: 0.2320
WA Model - PGD accuracy: 0.2230
Best model: wa_model (PGD acc: 0.2230, Val acc: 0.3930)

============ Epoch 52 ============
Training time: 106.06s
Training loss: 4.6846
Training normal loss: 4.8341
Training accuracy: 0.2367
Current GPU memory: 21.21 GB
Validation time: 12.81s
Model - Validation accuracy: 0.3315
Model - FGSM accuracy: 0.1655
Model - PGD accuracy: 0.1525
WA Model - Validation accuracy: 0.3940
WA Model - FGSM accuracy: 0.2360
WA Model - PGD accuracy: 0.2270
Best model: wa_model (PGD acc: 0.2270, Val acc: 0.3940)

============ Epoch 53 ============
Training time: 106.12s
Training loss: 4.9103
Training normal loss: 4.8314
Training accuracy: 0.2351
Current GPU memory: 21.21 GB
Validation time: 12.83s
Model - Validation accuracy: 0.3390
Model - FGSM accuracy: 0.1670
Model - PGD accuracy: 0.1560
WA Model - Validation accuracy: 0.3950
WA Model - FGSM accuracy: 0.2375
WA Model - PGD accuracy: 0.2240
Best model: wa_model (PGD acc: 0.2240, Val acc: 0.3950)

============ Epoch 54 ============
Training time: 107.55s
Training loss: 4.8061
Training normal loss: 4.8288
Training accuracy: 0.2375
Current GPU memory: 21.21 GB
Validation time: 12.83s
Model - Validation accuracy: 0.3455
Model - FGSM accuracy: 0.1770
Model - PGD accuracy: 0.1630
WA Model - Validation accuracy: 0.3960
WA Model - FGSM accuracy: 0.2395
WA Model - PGD accuracy: 0.2255
Best model: wa_model (PGD acc: 0.2255, Val acc: 0.3960)

============ Epoch 55 ============
Training time: 106.65s
Training loss: 4.8159
Training normal loss: 4.8255
Training accuracy: 0.2383
Current GPU memory: 21.21 GB
Validation time: 12.87s
Model - Validation accuracy: 0.3420
Model - FGSM accuracy: 0.1775
Model - PGD accuracy: 0.1580
WA Model - Validation accuracy: 0.3965
WA Model - FGSM accuracy: 0.2420
WA Model - PGD accuracy: 0.2275
Best model: wa_model (PGD acc: 0.2275, Val acc: 0.3965)

============ Epoch 56 ============
Training time: 107.90s
Training loss: 4.8662
Training normal loss: 4.8237
Training accuracy: 0.2393
Current GPU memory: 21.21 GB
Validation time: 12.82s
Model - Validation accuracy: 0.3410
Model - FGSM accuracy: 0.1540
Model - PGD accuracy: 0.1445
WA Model - Validation accuracy: 0.4010
WA Model - FGSM accuracy: 0.2395
WA Model - PGD accuracy: 0.2290
Best model: wa_model (PGD acc: 0.2290, Val acc: 0.4010)

============ Epoch 57 ============
Training time: 107.88s
Training loss: 4.6784
Training normal loss: 4.8203
Training accuracy: 0.2448
Current GPU memory: 21.21 GB
Validation time: 12.82s
Model - Validation accuracy: 0.3365
Model - FGSM accuracy: 0.1605
Model - PGD accuracy: 0.1435
WA Model - Validation accuracy: 0.4030
WA Model - FGSM accuracy: 0.2415
WA Model - PGD accuracy: 0.2310
Best model: wa_model (PGD acc: 0.2310, Val acc: 0.4030)

============ Epoch 58 ============
Training time: 106.17s
Training loss: 4.6748
Training normal loss: 4.8170
Training accuracy: 0.2453
Current GPU memory: 21.21 GB
Validation time: 12.82s
Model - Validation accuracy: 0.3355
Model - FGSM accuracy: 0.1705
Model - PGD accuracy: 0.1555
WA Model - Validation accuracy: 0.4035
WA Model - FGSM accuracy: 0.2425
WA Model - PGD accuracy: 0.2295
Best model: wa_model (PGD acc: 0.2295, Val acc: 0.4035)

============ Epoch 59 ============
Training time: 107.69s
Training loss: 4.9608
Training normal loss: 4.8157
Training accuracy: 0.2418
Current GPU memory: 21.21 GB
Validation time: 12.86s
Model - Validation accuracy: 0.3640
Model - FGSM accuracy: 0.1610
Model - PGD accuracy: 0.1505
WA Model - Validation accuracy: 0.4080
WA Model - FGSM accuracy: 0.2410
WA Model - PGD accuracy: 0.2320
Best model: wa_model (PGD acc: 0.2320, Val acc: 0.4080)

============ Epoch 60 ============
Training time: 106.96s
Training loss: 4.6792
Training normal loss: 4.8111
Training accuracy: 0.2485
Current GPU memory: 21.21 GB
Validation time: 12.82s
Model - Validation accuracy: 0.3410
Model - FGSM accuracy: 0.1645
Model - PGD accuracy: 0.1495
WA Model - Validation accuracy: 0.4085
WA Model - FGSM accuracy: 0.2430
WA Model - PGD accuracy: 0.2305
Best model: wa_model (PGD acc: 0.2305, Val acc: 0.4085)

============ Epoch 61 ============
Training time: 107.83s
Training loss: 4.8636
Training normal loss: 4.8097
Training accuracy: 0.2473
Current GPU memory: 21.21 GB
Validation time: 12.86s
Model - Validation accuracy: 0.3625
Model - FGSM accuracy: 0.1855
Model - PGD accuracy: 0.1685
WA Model - Validation accuracy: 0.4070
WA Model - FGSM accuracy: 0.2415
WA Model - PGD accuracy: 0.2280
Best model: wa_model (PGD acc: 0.2280, Val acc: 0.4070)

============ Epoch 62 ============
Training time: 107.71s
Training loss: 4.5992
Training normal loss: 4.8066
Training accuracy: 0.2515
Current GPU memory: 21.21 GB
Validation time: 12.88s
Model - Validation accuracy: 0.3635
Model - FGSM accuracy: 0.1915
Model - PGD accuracy: 0.1765
WA Model - Validation accuracy: 0.4080
WA Model - FGSM accuracy: 0.2410
WA Model - PGD accuracy: 0.2295
Best model: wa_model (PGD acc: 0.2295, Val acc: 0.4080)

============ Epoch 63 ============
Training time: 108.45s
Training loss: 4.8150
Training normal loss: 4.8045
Training accuracy: 0.2510
Current GPU memory: 21.21 GB
Validation time: 12.81s
Model - Validation accuracy: 0.3650
Model - FGSM accuracy: 0.1655
Model - PGD accuracy: 0.1490
WA Model - Validation accuracy: 0.4110
WA Model - FGSM accuracy: 0.2470
WA Model - PGD accuracy: 0.2335
Best model: wa_model (PGD acc: 0.2335, Val acc: 0.4110)

============ Epoch 64 ============
Training time: 107.83s
Training loss: 4.7011
Training normal loss: 4.8012
Training accuracy: 0.2548
Current GPU memory: 21.21 GB
Validation time: 12.89s
Model - Validation accuracy: 0.3465
Model - FGSM accuracy: 0.1730
Model - PGD accuracy: 0.1605
WA Model - Validation accuracy: 0.4100
WA Model - FGSM accuracy: 0.2465
WA Model - PGD accuracy: 0.2315
Best model: wa_model (PGD acc: 0.2315, Val acc: 0.4100)

============ Epoch 65 ============
Training time: 106.70s
Training loss: 4.5598
Training normal loss: 4.7960
Training accuracy: 0.2606
Current GPU memory: 21.21 GB
Validation time: 12.85s
Model - Validation accuracy: 0.3665
Model - FGSM accuracy: 0.1895
Model - PGD accuracy: 0.1710
WA Model - Validation accuracy: 0.4130
WA Model - FGSM accuracy: 0.2440
WA Model - PGD accuracy: 0.2310
Best model: wa_model (PGD acc: 0.2310, Val acc: 0.4130)

============ Epoch 66 ============
Training time: 106.94s
Training loss: 4.7533
Training normal loss: 4.7927
Training accuracy: 0.2594
Current GPU memory: 21.21 GB
Validation time: 12.79s
Model - Validation accuracy: 0.3560
Model - FGSM accuracy: 0.1770
Model - PGD accuracy: 0.1585
WA Model - Validation accuracy: 0.4170
WA Model - FGSM accuracy: 0.2465
WA Model - PGD accuracy: 0.2320
Best model: wa_model (PGD acc: 0.2320, Val acc: 0.4170)

============ Epoch 67 ============
Training time: 106.44s
Training loss: 4.5465
Training normal loss: 4.7878
Training accuracy: 0.2664
Current GPU memory: 21.21 GB
Validation time: 12.85s
Model - Validation accuracy: 0.3560
Model - FGSM accuracy: 0.1750
Model - PGD accuracy: 0.1605
WA Model - Validation accuracy: 0.4215
WA Model - FGSM accuracy: 0.2460
WA Model - PGD accuracy: 0.2310
Best model: wa_model (PGD acc: 0.2310, Val acc: 0.4215)

============ Epoch 68 ============
Training time: 107.55s
Training loss: 4.8166
Training normal loss: 4.7850
Training accuracy: 0.2646
Current GPU memory: 21.21 GB
Validation time: 12.88s
Model - Validation accuracy: 0.3800
Model - FGSM accuracy: 0.1850
Model - PGD accuracy: 0.1630
WA Model - Validation accuracy: 0.4290
WA Model - FGSM accuracy: 0.2465
WA Model - PGD accuracy: 0.2330
Best model: wa_model (PGD acc: 0.2330, Val acc: 0.4290)

============ Epoch 69 ============
Training time: 107.87s
Training loss: 4.6767
Training normal loss: 4.7807
Training accuracy: 0.2674
Current GPU memory: 21.21 GB
Validation time: 12.74s
Model - Validation accuracy: 0.3920
Model - FGSM accuracy: 0.2050
Model - PGD accuracy: 0.1885
WA Model - Validation accuracy: 0.4310
WA Model - FGSM accuracy: 0.2490
WA Model - PGD accuracy: 0.2340
Best model: wa_model (PGD acc: 0.2340, Val acc: 0.4310)

============ Epoch 70 ============
Training time: 107.71s
Training loss: 4.4609
Training normal loss: 4.7746
Training accuracy: 0.2759
Current GPU memory: 21.21 GB
Validation time: 12.82s
Model - Validation accuracy: 0.3825
Model - FGSM accuracy: 0.1900
Model - PGD accuracy: 0.1720
WA Model - Validation accuracy: 0.4310
WA Model - FGSM accuracy: 0.2530
WA Model - PGD accuracy: 0.2385
Best model: wa_model (PGD acc: 0.2385, Val acc: 0.4310)

============ Epoch 71 ============
Training time: 106.63s
Training loss: 4.6298
Training normal loss: 4.7709
Training accuracy: 0.2759
Current GPU memory: 21.21 GB
Validation time: 12.87s
Model - Validation accuracy: 0.3925
Model - FGSM accuracy: 0.1895
Model - PGD accuracy: 0.1645
WA Model - Validation accuracy: 0.4325
WA Model - FGSM accuracy: 0.2525
WA Model - PGD accuracy: 0.2400
Best model: wa_model (PGD acc: 0.2400, Val acc: 0.4325)

============ Epoch 72 ============
Training time: 109.11s
Training loss: 4.6534
Training normal loss: 4.7674
Training accuracy: 0.2772
Current GPU memory: 21.21 GB
Validation time: 12.85s
Model - Validation accuracy: 0.3825
Model - FGSM accuracy: 0.1855
Model - PGD accuracy: 0.1665
WA Model - Validation accuracy: 0.4340
WA Model - FGSM accuracy: 0.2520
WA Model - PGD accuracy: 0.2390
Best model: wa_model (PGD acc: 0.2390, Val acc: 0.4340)

============ Epoch 73 ============
Training time: 106.56s
Training loss: 4.3498
Training normal loss: 4.7602
Training accuracy: 0.2866
Current GPU memory: 21.21 GB
Validation time: 12.76s
Model - Validation accuracy: 0.3815
Model - FGSM accuracy: 0.2015
Model - PGD accuracy: 0.1825
WA Model - Validation accuracy: 0.4320
WA Model - FGSM accuracy: 0.2545
WA Model - PGD accuracy: 0.2405
Best model: wa_model (PGD acc: 0.2405, Val acc: 0.4320)

============ Epoch 74 ============
Training time: 106.95s
Training loss: 4.7067
Training normal loss: 4.7570
Training accuracy: 0.2850
Current GPU memory: 21.21 GB
Validation time: 12.84s
Model - Validation accuracy: 0.3880
Model - FGSM accuracy: 0.1860
Model - PGD accuracy: 0.1650
WA Model - Validation accuracy: 0.4360
WA Model - FGSM accuracy: 0.2555
WA Model - PGD accuracy: 0.2420
Best model: wa_model (PGD acc: 0.2420, Val acc: 0.4360)

============ Epoch 75 ============
Training time: 108.83s
Training loss: 4.5739
Training normal loss: 4.7521
Training accuracy: 0.2881
Current GPU memory: 21.21 GB
Validation time: 12.93s
Model - Validation accuracy: 0.3720
Model - FGSM accuracy: 0.1845
Model - PGD accuracy: 0.1680
WA Model - Validation accuracy: 0.4380
WA Model - FGSM accuracy: 0.2545
WA Model - PGD accuracy: 0.2380
Best model: wa_model (PGD acc: 0.2380, Val acc: 0.4380)

============ Epoch 76 ============
Training time: 109.63s
Training loss: 4.4589
Training normal loss: 4.7461
Training accuracy: 0.2940
Current GPU memory: 21.21 GB
Validation time: 12.83s
Model - Validation accuracy: 0.3855
Model - FGSM accuracy: 0.2010
Model - PGD accuracy: 0.1860
WA Model - Validation accuracy: 0.4400
WA Model - FGSM accuracy: 0.2565
WA Model - PGD accuracy: 0.2415
Best model: wa_model (PGD acc: 0.2415, Val acc: 0.4400)

============ Epoch 77 ============
Training time: 107.95s
Training loss: 4.3282
Training normal loss: 4.7393
Training accuracy: 0.3008
Current GPU memory: 21.21 GB
Validation time: 12.81s
Model - Validation accuracy: 0.4115
Model - FGSM accuracy: 0.2140
Model - PGD accuracy: 0.1960
WA Model - Validation accuracy: 0.4415
WA Model - FGSM accuracy: 0.2615
WA Model - PGD accuracy: 0.2425
Best model: wa_model (PGD acc: 0.2425, Val acc: 0.4415)

============ Epoch 78 ============
Training time: 107.09s
Training loss: 4.4233
Training normal loss: 4.7316
Training accuracy: 0.3064
Current GPU memory: 21.21 GB
Validation time: 12.81s
Model - Validation accuracy: 0.3960
Model - FGSM accuracy: 0.1995
Model - PGD accuracy: 0.1820
WA Model - Validation accuracy: 0.4445
WA Model - FGSM accuracy: 0.2595
WA Model - PGD accuracy: 0.2450
Best model: wa_model (PGD acc: 0.2450, Val acc: 0.4445)

============ Epoch 79 ============
Training time: 108.21s
Training loss: 4.5627
Training normal loss: 4.7259
Training accuracy: 0.3086
Current GPU memory: 21.21 GB
Validation time: 12.82s
Model - Validation accuracy: 0.4185
Model - FGSM accuracy: 0.1895
Model - PGD accuracy: 0.1700
WA Model - Validation accuracy: 0.4500
WA Model - FGSM accuracy: 0.2605
WA Model - PGD accuracy: 0.2475
Best model: wa_model (PGD acc: 0.2475, Val acc: 0.4500)

============ Epoch 80 ============
Training time: 111.64s
Training loss: 3.4441
Training normal loss: 4.7077
Training accuracy: 0.3693
Current GPU memory: 21.21 GB
Validation time: 12.82s
Model - Validation accuracy: 0.4290
Model - FGSM accuracy: 0.2280
Model - PGD accuracy: 0.2040
WA Model - Validation accuracy: 0.4525
WA Model - FGSM accuracy: 0.2670
WA Model - PGD accuracy: 0.2485
Best model: wa_model (PGD acc: 0.2485, Val acc: 0.4525)

============ Epoch 81 ============
Training time: 106.86s
Training loss: 5.0724
Training normal loss: 4.7107
Training accuracy: 0.3013
Current GPU memory: 21.21 GB
Validation time: 12.86s
Model - Validation accuracy: 0.4100
Model - FGSM accuracy: 0.2080
Model - PGD accuracy: 0.1880
WA Model - Validation accuracy: 0.4555
WA Model - FGSM accuracy: 0.2675
WA Model - PGD accuracy: 0.2460
Best model: wa_model (PGD acc: 0.2460, Val acc: 0.4555)

============ Epoch 82 ============
Training time: 108.87s
Training loss: 3.9687
Training normal loss: 4.6986
Training accuracy: 0.3431
Current GPU memory: 21.21 GB
Validation time: 12.72s
Model - Validation accuracy: 0.4375
Model - FGSM accuracy: 0.2280
Model - PGD accuracy: 0.2065
WA Model - Validation accuracy: 0.4545
WA Model - FGSM accuracy: 0.2690
WA Model - PGD accuracy: 0.2480
Best model: wa_model (PGD acc: 0.2480, Val acc: 0.4545)

============ Epoch 83 ============
Training time: 106.61s
Training loss: 4.1846
Training normal loss: 4.6894
Training accuracy: 0.3399
Current GPU memory: 21.21 GB
Validation time: 12.83s
Model - Validation accuracy: 0.4150
Model - FGSM accuracy: 0.2280
Model - PGD accuracy: 0.2055
WA Model - Validation accuracy: 0.4570
WA Model - FGSM accuracy: 0.2705
WA Model - PGD accuracy: 0.2540
Best model: wa_model (PGD acc: 0.2540, Val acc: 0.4570)

============ Epoch 84 ============
Training time: 108.48s
Training loss: 4.2852
Training normal loss: 4.6812
Training accuracy: 0.3501
Current GPU memory: 21.21 GB
Validation time: 12.77s
Model - Validation accuracy: 0.4475
Model - FGSM accuracy: 0.2235
Model - PGD accuracy: 0.2030
WA Model - Validation accuracy: 0.4585
WA Model - FGSM accuracy: 0.2675
WA Model - PGD accuracy: 0.2540
Best model: wa_model (PGD acc: 0.2540, Val acc: 0.4585)

============ Epoch 85 ============
Training time: 107.53s
Training loss: 4.1380
Training normal loss: 4.6710
Training accuracy: 0.3555
Current GPU memory: 21.21 GB
Validation time: 12.86s
Model - Validation accuracy: 0.4390
Model - FGSM accuracy: 0.2325
Model - PGD accuracy: 0.2075
WA Model - Validation accuracy: 0.4615
WA Model - FGSM accuracy: 0.2715
WA Model - PGD accuracy: 0.2555
Best model: wa_model (PGD acc: 0.2555, Val acc: 0.4615)

============ Epoch 86 ============
Training time: 109.50s
Training loss: 4.0770
Training normal loss: 4.6597
Training accuracy: 0.3682
Current GPU memory: 21.21 GB
Validation time: 12.80s
Model - Validation accuracy: 0.4520
Model - FGSM accuracy: 0.2340
Model - PGD accuracy: 0.2130
WA Model - Validation accuracy: 0.4655
WA Model - FGSM accuracy: 0.2700
WA Model - PGD accuracy: 0.2515
Best model: wa_model (PGD acc: 0.2515, Val acc: 0.4655)

============ Epoch 87 ============
Training time: 108.63s
Training loss: 3.9679
Training normal loss: 4.6481
Training accuracy: 0.3799
Current GPU memory: 21.21 GB
Validation time: 12.84s
Model - Validation accuracy: 0.4420
Model - FGSM accuracy: 0.2390
Model - PGD accuracy: 0.2165
WA Model - Validation accuracy: 0.4690
WA Model - FGSM accuracy: 0.2755
WA Model - PGD accuracy: 0.2535
Best model: wa_model (PGD acc: 0.2535, Val acc: 0.4690)

============ Epoch 88 ============
Training time: 108.68s
Training loss: 3.8441
Training normal loss: 4.6356
Training accuracy: 0.3933
Current GPU memory: 21.21 GB
Validation time: 12.78s
Model - Validation accuracy: 0.4630
Model - FGSM accuracy: 0.2480
Model - PGD accuracy: 0.2190
WA Model - Validation accuracy: 0.4665
WA Model - FGSM accuracy: 0.2760
WA Model - PGD accuracy: 0.2535
Best model: wa_model (PGD acc: 0.2535, Val acc: 0.4665)

============ Epoch 89 ============
Training time: 107.26s
Training loss: 3.9178
Training normal loss: 4.6225
Training accuracy: 0.4058
Current GPU memory: 21.21 GB
Validation time: 12.84s
Model - Validation accuracy: 0.4605
Model - FGSM accuracy: 0.2490
Model - PGD accuracy: 0.2260
WA Model - Validation accuracy: 0.4695
WA Model - FGSM accuracy: 0.2760
WA Model - PGD accuracy: 0.2560
Best model: wa_model (PGD acc: 0.2560, Val acc: 0.4695)

============ Epoch 90 ============
Training time: 107.79s
Training loss: 3.7697
Training normal loss: 4.6096
Training accuracy: 0.4187
Current GPU memory: 21.21 GB
Validation time: 12.80s
Model - Validation accuracy: 0.4805
Model - FGSM accuracy: 0.2525
Model - PGD accuracy: 0.2230
WA Model - Validation accuracy: 0.4720
WA Model - FGSM accuracy: 0.2775
WA Model - PGD accuracy: 0.2535
Best model: wa_model (PGD acc: 0.2535, Val acc: 0.4720)

============ Epoch 91 ============
Training time: 108.47s
Training loss: 3.7142
Training normal loss: 4.5953
Training accuracy: 0.4325
Current GPU memory: 21.21 GB
Validation time: 12.81s
Model - Validation accuracy: 0.4770
Model - FGSM accuracy: 0.2495
Model - PGD accuracy: 0.2260
WA Model - Validation accuracy: 0.4730
WA Model - FGSM accuracy: 0.2745
WA Model - PGD accuracy: 0.2535
Best model: wa_model (PGD acc: 0.2535, Val acc: 0.4730)

============ Epoch 92 ============
Training time: 109.46s
Training loss: 3.7645
Training normal loss: 4.5816
Training accuracy: 0.4473
Current GPU memory: 21.21 GB
Validation time: 12.89s
Model - Validation accuracy: 0.4730
Model - FGSM accuracy: 0.2555
Model - PGD accuracy: 0.2280
WA Model - Validation accuracy: 0.4760
WA Model - FGSM accuracy: 0.2760
WA Model - PGD accuracy: 0.2505
Best model: wa_model (PGD acc: 0.2505, Val acc: 0.4760)

============ Epoch 93 ============
Training time: 109.01s
Training loss: 3.7100
Training normal loss: 4.5681
Training accuracy: 0.4642
Current GPU memory: 21.21 GB
Validation time: 12.82s
Model - Validation accuracy: 0.4825
Model - FGSM accuracy: 0.2650
Model - PGD accuracy: 0.2380
WA Model - Validation accuracy: 0.4775
WA Model - FGSM accuracy: 0.2760
WA Model - PGD accuracy: 0.2515
Best model: wa_model (PGD acc: 0.2515, Val acc: 0.4775)

============ Epoch 94 ============
Training time: 107.92s
Training loss: 3.7221
Training normal loss: 4.5554
Training accuracy: 0.4773
Current GPU memory: 21.21 GB
Validation time: 12.80s
Model - Validation accuracy: 0.4835
Model - FGSM accuracy: 0.2655
Model - PGD accuracy: 0.2405
WA Model - Validation accuracy: 0.4815
WA Model - FGSM accuracy: 0.2720
WA Model - PGD accuracy: 0.2500
Best model: wa_model (PGD acc: 0.2500, Val acc: 0.4815)

============ Epoch 95 ============
Training time: 107.27s
Training loss: 3.7728
Training normal loss: 4.5433
Training accuracy: 0.4886
Current GPU memory: 21.21 GB
Validation time: 12.80s
Model - Validation accuracy: 0.4830
Model - FGSM accuracy: 0.2620
Model - PGD accuracy: 0.2310
WA Model - Validation accuracy: 0.4870
WA Model - FGSM accuracy: 0.2735
WA Model - PGD accuracy: 0.2490
Best model: wa_model (PGD acc: 0.2490, Val acc: 0.4870)

============ Epoch 96 ============
Training time: 106.73s
Training loss: 3.9804
Training normal loss: 4.5327
Training accuracy: 0.5003
Current GPU memory: 21.21 GB
Validation time: 12.82s
Model - Validation accuracy: 0.5000
Model - FGSM accuracy: 0.2660
Model - PGD accuracy: 0.2310
WA Model - Validation accuracy: 0.4890
WA Model - FGSM accuracy: 0.2710
WA Model - PGD accuracy: 0.2490
Best model: wa_model (PGD acc: 0.2490, Val acc: 0.4890)

============ Epoch 97 ============
Training time: 106.45s
Training loss: 4.1418
Training normal loss: 4.5242
Training accuracy: 0.5064
Current GPU memory: 21.21 GB
Validation time: 12.80s
Model - Validation accuracy: 0.4980
Model - FGSM accuracy: 0.2630
Model - PGD accuracy: 0.2300
WA Model - Validation accuracy: 0.4910
WA Model - FGSM accuracy: 0.2700
WA Model - PGD accuracy: 0.2450
Best model: wa_model (PGD acc: 0.2450, Val acc: 0.4910)

============ Epoch 98 ============
Training time: 106.15s
Training loss: 4.3712
Training normal loss: 4.5198
Training accuracy: 0.5124
Current GPU memory: 21.21 GB
Validation time: 12.91s
Model - Validation accuracy: 0.4925
Model - FGSM accuracy: 0.2660
Model - PGD accuracy: 0.2400
WA Model - Validation accuracy: 0.4965
WA Model - FGSM accuracy: 0.2705
WA Model - PGD accuracy: 0.2430
Best model: wa_model (PGD acc: 0.2430, Val acc: 0.4965)

============ Epoch 99 ============
Training time: 97.57s
Training loss: 4.6816
Training normal loss: 4.5181
Training accuracy: 0.5130
Current GPU memory: 21.21 GB
Validation time: 13.00s
Model - Validation accuracy: 0.4930
Model - FGSM accuracy: 0.2635
Model - PGD accuracy: 0.2350
WA Model - Validation accuracy: 0.4975
WA Model - FGSM accuracy: 0.2680
WA Model - PGD accuracy: 0.2410
Best model: wa_model (PGD acc: 0.2410, Val acc: 0.4975)

train_acc_list: 
[0.02086734693877551, 0.031948979591836735, 0.04387755102040816, 0.052479591836734694, 0.06175510204081633, 0.07173469387755102, 0.07937755102040817, 0.08796938775510205, 0.09583673469387755, 0.10321428571428572, 0.11041836734693877, 0.11736734693877551, 0.12510204081632653, 0.13276530612244897, 0.1375204081632653, 0.14575510204081632, 0.15166326530612245, 0.15592857142857142, 0.16028571428571428, 0.16622448979591836, 0.16687755102040816, 0.1710612244897959, 0.1770204081632653, 0.17974489795918366, 0.1831122448979592, 0.1865408163265306, 0.18840816326530613, 0.18960204081632653, 0.19618367346938775, 0.19678571428571429, 0.19912244897959183, 0.20184693877551022, 0.2048673469387755, 0.20412244897959184, 0.20909183673469386, 0.20677551020408164, 0.20988775510204083, 0.2091734693877551, 0.21320408163265306, 0.21636734693877552, 0.2554489795918367, 0.19251020408163266, 0.23379591836734695, 0.21596938775510205, 0.22405102040816327, 0.2211938775510204, 0.22468367346938775, 0.2269795918367347, 0.22543877551020408, 0.22896938775510203, 0.22919387755102041, 0.2316326530612245, 0.2366734693877551, 0.23514285714285715, 0.2375, 0.23827551020408164, 0.23931632653061224, 0.24475510204081632, 0.2453265306122449, 0.24181632653061225, 0.2485408163265306, 0.24733673469387754, 0.25145918367346937, 0.251030612244898, 0.2547755102040816, 0.26062244897959186, 0.2593979591836735, 0.26640816326530614, 0.26457142857142857, 0.2673979591836735, 0.27593877551020407, 0.27593877551020407, 0.2772040816326531, 0.28658163265306125, 0.285, 0.28814285714285715, 0.29401020408163264, 0.3008469387755102, 0.3064081632653061, 0.3086326530612245, 0.3693061224489796, 0.30125510204081635, 0.34308163265306124, 0.3399081632653061, 0.35009183673469385, 0.35553061224489796, 0.3681734693877551, 0.3798877551020408, 0.3933061224489796, 0.4058469387755102, 0.4186734693877551, 0.432469387755102, 0.44726530612244897, 0.4642040816326531, 0.47731632653061223, 0.4885510204081633, 0.5003163265306122, 0.5063877551020408, 0.5124387755102041, 0.512969387755102]

model_val_acc_list: 
[0.0435, 0.0545, 0.0745, 0.0935, 0.103, 0.1245, 0.136, 0.151, 0.164, 0.176, 0.1755, 0.1795, 0.1995, 0.205, 0.1965, 0.2185, 0.224, 0.245, 0.2455, 0.243, 0.228, 0.2675, 0.247, 0.2555, 0.28, 0.276, 0.2815, 0.284, 0.285, 0.294, 0.275, 0.296, 0.2865, 0.297, 0.286, 0.2835, 0.311, 0.316, 0.2915, 0.324, 0.322, 0.317, 0.337, 0.341, 0.3035, 0.319, 0.315, 0.311, 0.3325, 0.3265, 0.3525, 0.322, 0.3315, 0.339, 0.3455, 0.342, 0.341, 0.3365, 0.3355, 0.364, 0.341, 0.3625, 0.3635, 0.365, 0.3465, 0.3665, 0.356, 0.356, 0.38, 0.392, 0.3825, 0.3925, 0.3825, 0.3815, 0.388, 0.372, 0.3855, 0.4115, 0.396, 0.4185, 0.429, 0.41, 0.4375, 0.415, 0.4475, 0.439, 0.452, 0.442, 0.463, 0.4605, 0.4805, 0.477, 0.473, 0.4825, 0.4835, 0.483, 0.5, 0.498, 0.4925, 0.493]

model_pgd_acc_list: 
[0.022, 0.034, 0.0485, 0.0545, 0.0655, 0.0695, 0.076, 0.0945, 0.0915, 0.0945, 0.0955, 0.106, 0.1185, 0.1155, 0.1115, 0.116, 0.115, 0.1225, 0.1305, 0.134, 0.111, 0.127, 0.1245, 0.1235, 0.1425, 0.143, 0.143, 0.146, 0.131, 0.1245, 0.128, 0.152, 0.1335, 0.128, 0.125, 0.126, 0.1485, 0.152, 0.119, 0.146, 0.1465, 0.146, 0.168, 0.1485, 0.1365, 0.1485, 0.134, 0.1445, 0.1445, 0.115, 0.142, 0.144, 0.1525, 0.156, 0.163, 0.158, 0.1445, 0.1435, 0.1555, 0.1505, 0.1495, 0.1685, 0.1765, 0.149, 0.1605, 0.171, 0.1585, 0.1605, 0.163, 0.1885, 0.172, 0.1645, 0.1665, 0.1825, 0.165, 0.168, 0.186, 0.196, 0.182, 0.17, 0.204, 0.188, 0.2065, 0.2055, 0.203, 0.2075, 0.213, 0.2165, 0.219, 0.226, 0.223, 0.226, 0.228, 0.238, 0.2405, 0.231, 0.231, 0.23, 0.24, 0.235]

model_fgsm_acc_list: 
[0.023, 0.034, 0.05, 0.056, 0.0665, 0.0715, 0.08, 0.0955, 0.095, 0.1005, 0.0985, 0.111, 0.124, 0.117, 0.118, 0.12, 0.1215, 0.13, 0.1345, 0.143, 0.118, 0.1325, 0.1305, 0.13, 0.1505, 0.151, 0.155, 0.151, 0.149, 0.138, 0.1385, 0.1575, 0.146, 0.1425, 0.139, 0.1405, 0.163, 0.165, 0.1325, 0.1605, 0.1585, 0.1565, 0.182, 0.1645, 0.144, 0.1595, 0.146, 0.154, 0.163, 0.1345, 0.1595, 0.154, 0.1655, 0.167, 0.177, 0.1775, 0.154, 0.1605, 0.1705, 0.161, 0.1645, 0.1855, 0.1915, 0.1655, 0.173, 0.1895, 0.177, 0.175, 0.185, 0.205, 0.19, 0.1895, 0.1855, 0.2015, 0.186, 0.1845, 0.201, 0.214, 0.1995, 0.1895, 0.228, 0.208, 0.228, 0.228, 0.2235, 0.2325, 0.234, 0.239, 0.248, 0.249, 0.2525, 0.2495, 0.2555, 0.265, 0.2655, 0.262, 0.266, 0.263, 0.266, 0.2635]

wa_val_acc_list: 
[0.003, 0.0035, 0.005, 0.0045, 0.007, 0.006, 0.0065, 0.011, 0.015, 0.0185, 0.0195, 0.018, 0.016, 0.0175, 0.0205, 0.0195, 0.017, 0.0165, 0.0165, 0.0175, 0.0165, 0.02, 0.024, 0.038, 0.0735, 0.1265, 0.1925, 0.2425, 0.2745, 0.2955, 0.313, 0.3245, 0.3325, 0.338, 0.343, 0.3515, 0.354, 0.357, 0.358, 0.364, 0.367, 0.371, 0.3705, 0.371, 0.3705, 0.3705, 0.3735, 0.3795, 0.384, 0.385, 0.39, 0.393, 0.394, 0.395, 0.396, 0.3965, 0.401, 0.403, 0.4035, 0.408, 0.4085, 0.407, 0.408, 0.411, 0.41, 0.413, 0.417, 0.4215, 0.429, 0.431, 0.431, 0.4325, 0.434, 0.432, 0.436, 0.438, 0.44, 0.4415, 0.4445, 0.45, 0.4525, 0.4555, 0.4545, 0.457, 0.4585, 0.4615, 0.4655, 0.469, 0.4665, 0.4695, 0.472, 0.473, 0.476, 0.4775, 0.4815, 0.487, 0.489, 0.491, 0.4965, 0.4975]

wa_pgd_acc_list: 
[0.003, 0.002, 0.004, 0.004, 0.0045, 0.005, 0.0065, 0.0055, 0.009, 0.01, 0.0125, 0.0135, 0.0135, 0.013, 0.0145, 0.014, 0.013, 0.0135, 0.0125, 0.013, 0.014, 0.015, 0.017, 0.0225, 0.0355, 0.062, 0.087, 0.124, 0.153, 0.1775, 0.191, 0.1995, 0.2015, 0.2065, 0.213, 0.215, 0.2125, 0.2165, 0.22, 0.2215, 0.218, 0.2195, 0.219, 0.2175, 0.2215, 0.223, 0.223, 0.226, 0.2245, 0.224, 0.2205, 0.223, 0.227, 0.224, 0.2255, 0.2275, 0.229, 0.231, 0.2295, 0.232, 0.2305, 0.228, 0.2295, 0.2335, 0.2315, 0.231, 0.232, 0.231, 0.233, 0.234, 0.2385, 0.24, 0.239, 0.2405, 0.242, 0.238, 0.2415, 0.2425, 0.245, 0.2475, 0.2485, 0.246, 0.248, 0.254, 0.254, 0.2555, 0.2515, 0.2535, 0.2535, 0.256, 0.2535, 0.2535, 0.2505, 0.2515, 0.25, 0.249, 0.249, 0.245, 0.243, 0.241]

wa_fgsm_acc_list: 
[0.003, 0.002, 0.004, 0.004, 0.0045, 0.005, 0.0065, 0.0055, 0.009, 0.01, 0.0125, 0.0135, 0.0135, 0.013, 0.0145, 0.014, 0.0135, 0.013, 0.0125, 0.0135, 0.014, 0.0145, 0.017, 0.0225, 0.0355, 0.064, 0.0875, 0.128, 0.1625, 0.1845, 0.198, 0.2045, 0.21, 0.2145, 0.22, 0.2225, 0.222, 0.2265, 0.226, 0.228, 0.23, 0.23, 0.226, 0.2265, 0.229, 0.231, 0.2325, 0.2315, 0.2365, 0.234, 0.2325, 0.232, 0.236, 0.2375, 0.2395, 0.242, 0.2395, 0.2415, 0.2425, 0.241, 0.243, 0.2415, 0.241, 0.247, 0.2465, 0.244, 0.2465, 0.246, 0.2465, 0.249, 0.253, 0.2525, 0.252, 0.2545, 0.2555, 0.2545, 0.2565, 0.2615, 0.2595, 0.2605, 0.267, 0.2675, 0.269, 0.2705, 0.2675, 0.2715, 0.27, 0.2755, 0.276, 0.276, 0.2775, 0.2745, 0.276, 0.276, 0.272, 0.2735, 0.271, 0.27, 0.2705, 0.268]

total_training_time: 
10665.201815843582

total_val_time: 
1283.6978435516357

max_gpu_memory: 21.21 GB

==================================================
Starting final evaluation on test set...
==================================================
PGD test results:
  clean_acc: 0.4994
  pgd_10_acc: 0.2676
  pgd_20_acc: 0.2645
  pgd_50_acc: 0.2645
AutoAttack results:
  autoattack_acc: 0.1845
CR-Attack results:
  cr_attack_acc: 0.1831
