Training shape: (100000, 3, 64, 64)
Method: fgsm_pgi
Seed: 2
Scheduler: OneCycleLR
Label smoothing: 0.4
Weight average: True, tau: 0.9995
epochs_reset: 40
momentum_decay: 0.3
lamda: 10


============ Epoch 0 ============
Training time: 119.88s
Training loss: 5.2398
Training accuracy: 0.0244
Current GPU memory: 13.82 GB
Validation time: 12.75s
Model - Validation accuracy: 0.0560
Model - FGSM accuracy: 0.0365
Model - PGD accuracy: 0.0355
WA Model - Validation accuracy: 0.0045
WA Model - FGSM accuracy: 0.0030
WA Model - PGD accuracy: 0.0025
Best model: model (PGD acc: 0.0355, Val acc: 0.0560)

============ Epoch 1 ============
Training time: 112.14s
Training loss: 5.1914
Training accuracy: 0.0389
Current GPU memory: 13.82 GB
Validation time: 12.73s
Model - Validation accuracy: 0.0770
Model - FGSM accuracy: 0.0470
Model - PGD accuracy: 0.0460
WA Model - Validation accuracy: 0.0070
WA Model - FGSM accuracy: 0.0030
WA Model - PGD accuracy: 0.0025
Best model: model (PGD acc: 0.0460, Val acc: 0.0770)

============ Epoch 2 ============
Training time: 112.15s
Training loss: 5.1218
Training accuracy: 0.0570
Current GPU memory: 13.82 GB
Validation time: 12.70s
Model - Validation accuracy: 0.1145
Model - FGSM accuracy: 0.0640
Model - PGD accuracy: 0.0620
WA Model - Validation accuracy: 0.0085
WA Model - FGSM accuracy: 0.0065
WA Model - PGD accuracy: 0.0065
Best model: model (PGD acc: 0.0620, Val acc: 0.1145)

============ Epoch 3 ============
Training time: 112.09s
Training loss: 5.0834
Training accuracy: 0.0711
Current GPU memory: 13.82 GB
Validation time: 12.66s
Model - Validation accuracy: 0.1370
Model - FGSM accuracy: 0.0795
Model - PGD accuracy: 0.0775
WA Model - Validation accuracy: 0.0075
WA Model - FGSM accuracy: 0.0055
WA Model - PGD accuracy: 0.0055
Best model: model (PGD acc: 0.0775, Val acc: 0.1370)

============ Epoch 4 ============
Training time: 112.12s
Training loss: 5.0430
Training accuracy: 0.0831
Current GPU memory: 13.82 GB
Validation time: 12.71s
Model - Validation accuracy: 0.1525
Model - FGSM accuracy: 0.0855
Model - PGD accuracy: 0.0855
WA Model - Validation accuracy: 0.0105
WA Model - FGSM accuracy: 0.0065
WA Model - PGD accuracy: 0.0065
Best model: model (PGD acc: 0.0855, Val acc: 0.1525)

============ Epoch 5 ============
Training time: 112.03s
Training loss: 5.0113
Training accuracy: 0.0961
Current GPU memory: 13.82 GB
Validation time: 12.73s
Model - Validation accuracy: 0.1880
Model - FGSM accuracy: 0.0945
Model - PGD accuracy: 0.0915
WA Model - Validation accuracy: 0.0120
WA Model - FGSM accuracy: 0.0085
WA Model - PGD accuracy: 0.0085
Best model: model (PGD acc: 0.0915, Val acc: 0.1880)

============ Epoch 6 ============
Training time: 112.04s
Training loss: 4.9790
Training accuracy: 0.1064
Current GPU memory: 13.82 GB
Validation time: 12.68s
Model - Validation accuracy: 0.1850
Model - FGSM accuracy: 0.1015
Model - PGD accuracy: 0.0970
WA Model - Validation accuracy: 0.0210
WA Model - FGSM accuracy: 0.0140
WA Model - PGD accuracy: 0.0135
Best model: model (PGD acc: 0.0970, Val acc: 0.1850)

============ Epoch 7 ============
Training time: 112.36s
Training loss: 4.9516
Training accuracy: 0.1162
Current GPU memory: 13.82 GB
Validation time: 12.74s
Model - Validation accuracy: 0.1745
Model - FGSM accuracy: 0.1075
Model - PGD accuracy: 0.1050
WA Model - Validation accuracy: 0.0305
WA Model - FGSM accuracy: 0.0150
WA Model - PGD accuracy: 0.0150
Best model: model (PGD acc: 0.1050, Val acc: 0.1745)

============ Epoch 8 ============
Training time: 112.58s
Training loss: 4.9201
Training accuracy: 0.1281
Current GPU memory: 13.82 GB
Validation time: 12.87s
Model - Validation accuracy: 0.2195
Model - FGSM accuracy: 0.1100
Model - PGD accuracy: 0.1045
WA Model - Validation accuracy: 0.0475
WA Model - FGSM accuracy: 0.0265
WA Model - PGD accuracy: 0.0250
Best model: model (PGD acc: 0.1045, Val acc: 0.2195)

============ Epoch 9 ============
Training time: 111.97s
Training loss: 4.8928
Training accuracy: 0.1375
Current GPU memory: 13.82 GB
Validation time: 12.71s
Model - Validation accuracy: 0.2165
Model - FGSM accuracy: 0.1160
Model - PGD accuracy: 0.1155
WA Model - Validation accuracy: 0.0730
WA Model - FGSM accuracy: 0.0390
WA Model - PGD accuracy: 0.0390
Best model: model (PGD acc: 0.1155, Val acc: 0.2165)

============ Epoch 10 ============
Training time: 112.04s
Training loss: 4.8653
Training accuracy: 0.1494
Current GPU memory: 13.82 GB
Validation time: 12.75s
Model - Validation accuracy: 0.2485
Model - FGSM accuracy: 0.1340
Model - PGD accuracy: 0.1285
WA Model - Validation accuracy: 0.0950
WA Model - FGSM accuracy: 0.0520
WA Model - PGD accuracy: 0.0510
Best model: model (PGD acc: 0.1285, Val acc: 0.2485)

============ Epoch 11 ============
Training time: 112.13s
Training loss: 4.8397
Training accuracy: 0.1576
Current GPU memory: 13.82 GB
Validation time: 12.73s
Model - Validation accuracy: 0.2460
Model - FGSM accuracy: 0.1410
Model - PGD accuracy: 0.1325
WA Model - Validation accuracy: 0.1195
WA Model - FGSM accuracy: 0.0630
WA Model - PGD accuracy: 0.0625
Best model: model (PGD acc: 0.1325, Val acc: 0.2460)

============ Epoch 12 ============
Training time: 112.02s
Training loss: 4.8147
Training accuracy: 0.1686
Current GPU memory: 13.82 GB
Validation time: 12.70s
Model - Validation accuracy: 0.2515
Model - FGSM accuracy: 0.1280
Model - PGD accuracy: 0.1240
WA Model - Validation accuracy: 0.1275
WA Model - FGSM accuracy: 0.0685
WA Model - PGD accuracy: 0.0680
Best model: model (PGD acc: 0.1240, Val acc: 0.2515)

============ Epoch 13 ============
Training time: 112.17s
Training loss: 4.7962
Training accuracy: 0.1770
Current GPU memory: 13.82 GB
Validation time: 12.74s
Model - Validation accuracy: 0.2735
Model - FGSM accuracy: 0.1570
Model - PGD accuracy: 0.1525
WA Model - Validation accuracy: 0.1265
WA Model - FGSM accuracy: 0.0660
WA Model - PGD accuracy: 0.0660
Best model: model (PGD acc: 0.1525, Val acc: 0.2735)

============ Epoch 14 ============
Training time: 112.40s
Training loss: 4.7807
Training accuracy: 0.1842
Current GPU memory: 13.82 GB
Validation time: 12.78s
Model - Validation accuracy: 0.2870
Model - FGSM accuracy: 0.1550
Model - PGD accuracy: 0.1475
WA Model - Validation accuracy: 0.1125
WA Model - FGSM accuracy: 0.0605
WA Model - PGD accuracy: 0.0605
Best model: model (PGD acc: 0.1475, Val acc: 0.2870)

============ Epoch 15 ============
Training time: 112.08s
Training loss: 4.7660
Training accuracy: 0.1887
Current GPU memory: 13.82 GB
Validation time: 12.71s
Model - Validation accuracy: 0.2865
Model - FGSM accuracy: 0.1630
Model - PGD accuracy: 0.1555
WA Model - Validation accuracy: 0.0955
WA Model - FGSM accuracy: 0.0500
WA Model - PGD accuracy: 0.0490
Best model: model (PGD acc: 0.1555, Val acc: 0.2865)

============ Epoch 16 ============
Training time: 111.69s
Training loss: 4.7538
Training accuracy: 0.1941
Current GPU memory: 13.82 GB
Validation time: 12.69s
Model - Validation accuracy: 0.2885
Model - FGSM accuracy: 0.1525
Model - PGD accuracy: 0.1485
WA Model - Validation accuracy: 0.0850
WA Model - FGSM accuracy: 0.0405
WA Model - PGD accuracy: 0.0395
Best model: model (PGD acc: 0.1485, Val acc: 0.2885)

============ Epoch 17 ============
Training time: 111.92s
Training loss: 4.7436
Training accuracy: 0.1982
Current GPU memory: 13.82 GB
Validation time: 12.71s
Model - Validation accuracy: 0.3050
Model - FGSM accuracy: 0.1675
Model - PGD accuracy: 0.1635
WA Model - Validation accuracy: 0.0780
WA Model - FGSM accuracy: 0.0365
WA Model - PGD accuracy: 0.0360
Best model: model (PGD acc: 0.1635, Val acc: 0.3050)

============ Epoch 18 ============
Training time: 111.96s
Training loss: 4.7350
Training accuracy: 0.2024
Current GPU memory: 13.82 GB
Validation time: 12.69s
Model - Validation accuracy: 0.2950
Model - FGSM accuracy: 0.1600
Model - PGD accuracy: 0.1570
WA Model - Validation accuracy: 0.0800
WA Model - FGSM accuracy: 0.0395
WA Model - PGD accuracy: 0.0375
Best model: model (PGD acc: 0.1570, Val acc: 0.2950)

============ Epoch 19 ============
Training time: 111.96s
Training loss: 4.7254
Training accuracy: 0.2060
Current GPU memory: 13.82 GB
Validation time: 12.73s
Model - Validation accuracy: 0.2945
Model - FGSM accuracy: 0.1485
Model - PGD accuracy: 0.1450
WA Model - Validation accuracy: 0.0945
WA Model - FGSM accuracy: 0.0525
WA Model - PGD accuracy: 0.0515
Best model: model (PGD acc: 0.1450, Val acc: 0.2945)

============ Epoch 20 ============
Training time: 111.92s
Training loss: 4.7187
Training accuracy: 0.2098
Current GPU memory: 13.82 GB
Validation time: 12.70s
Model - Validation accuracy: 0.3035
Model - FGSM accuracy: 0.1610
Model - PGD accuracy: 0.1520
WA Model - Validation accuracy: 0.1230
WA Model - FGSM accuracy: 0.0720
WA Model - PGD accuracy: 0.0715
Best model: model (PGD acc: 0.1520, Val acc: 0.3035)

============ Epoch 21 ============
Training time: 112.04s
Training loss: 4.7093
Training accuracy: 0.2131
Current GPU memory: 13.82 GB
Validation time: 12.74s
Model - Validation accuracy: 0.3250
Model - FGSM accuracy: 0.1720
Model - PGD accuracy: 0.1640
WA Model - Validation accuracy: 0.1640
WA Model - FGSM accuracy: 0.0975
WA Model - PGD accuracy: 0.0970
Best model: model (PGD acc: 0.1640, Val acc: 0.3250)

============ Epoch 22 ============
Training time: 112.06s
Training loss: 4.7013
Training accuracy: 0.2163
Current GPU memory: 13.82 GB
Validation time: 12.71s
Model - Validation accuracy: 0.3195
Model - FGSM accuracy: 0.1665
Model - PGD accuracy: 0.1600
WA Model - Validation accuracy: 0.2060
WA Model - FGSM accuracy: 0.1205
WA Model - PGD accuracy: 0.1190
Best model: model (PGD acc: 0.1600, Val acc: 0.3195)

============ Epoch 23 ============
Training time: 112.21s
Training loss: 4.6951
Training accuracy: 0.2181
Current GPU memory: 13.82 GB
Validation time: 12.79s
Model - Validation accuracy: 0.3160
Model - FGSM accuracy: 0.1700
Model - PGD accuracy: 0.1580
WA Model - Validation accuracy: 0.2610
WA Model - FGSM accuracy: 0.1505
WA Model - PGD accuracy: 0.1485
Best model: model (PGD acc: 0.1580, Val acc: 0.3160)

============ Epoch 24 ============
Training time: 112.16s
Training loss: 4.6885
Training accuracy: 0.2211
Current GPU memory: 13.82 GB
Validation time: 12.75s
Model - Validation accuracy: 0.3060
Model - FGSM accuracy: 0.1725
Model - PGD accuracy: 0.1660
WA Model - Validation accuracy: 0.2965
WA Model - FGSM accuracy: 0.1720
WA Model - PGD accuracy: 0.1695
Best model: wa_model (PGD acc: 0.1695, Val acc: 0.2965)

============ Epoch 25 ============
Training time: 112.14s
Training loss: 4.6825
Training accuracy: 0.2233
Current GPU memory: 13.82 GB
Validation time: 12.70s
Model - Validation accuracy: 0.3155
Model - FGSM accuracy: 0.1610
Model - PGD accuracy: 0.1540
WA Model - Validation accuracy: 0.3270
WA Model - FGSM accuracy: 0.1970
WA Model - PGD accuracy: 0.1940
Best model: wa_model (PGD acc: 0.1940, Val acc: 0.3270)

============ Epoch 26 ============
Training time: 112.03s
Training loss: 4.6768
Training accuracy: 0.2244
Current GPU memory: 13.82 GB
Validation time: 12.72s
Model - Validation accuracy: 0.3210
Model - FGSM accuracy: 0.1570
Model - PGD accuracy: 0.1515
WA Model - Validation accuracy: 0.3490
WA Model - FGSM accuracy: 0.2080
WA Model - PGD accuracy: 0.2045
Best model: wa_model (PGD acc: 0.2045, Val acc: 0.3490)

============ Epoch 27 ============
Training time: 111.93s
Training loss: 4.6727
Training accuracy: 0.2271
Current GPU memory: 13.82 GB
Validation time: 12.67s
Model - Validation accuracy: 0.3270
Model - FGSM accuracy: 0.1860
Model - PGD accuracy: 0.1785
WA Model - Validation accuracy: 0.3595
WA Model - FGSM accuracy: 0.2195
WA Model - PGD accuracy: 0.2125
Best model: wa_model (PGD acc: 0.2125, Val acc: 0.3595)

============ Epoch 28 ============
Training time: 112.21s
Training loss: 4.6640
Training accuracy: 0.2315
Current GPU memory: 13.82 GB
Validation time: 12.70s
Model - Validation accuracy: 0.3255
Model - FGSM accuracy: 0.1655
Model - PGD accuracy: 0.1595
WA Model - Validation accuracy: 0.3725
WA Model - FGSM accuracy: 0.2280
WA Model - PGD accuracy: 0.2200
Best model: wa_model (PGD acc: 0.2200, Val acc: 0.3725)

============ Epoch 29 ============
Training time: 111.98s
Training loss: 4.6611
Training accuracy: 0.2314
Current GPU memory: 13.82 GB
Validation time: 12.73s
Model - Validation accuracy: 0.3085
Model - FGSM accuracy: 0.1570
Model - PGD accuracy: 0.1450
WA Model - Validation accuracy: 0.3840
WA Model - FGSM accuracy: 0.2360
WA Model - PGD accuracy: 0.2280
Best model: wa_model (PGD acc: 0.2280, Val acc: 0.3840)

============ Epoch 30 ============
Training time: 112.14s
Training loss: 4.6586
Training accuracy: 0.2323
Current GPU memory: 13.82 GB
Validation time: 12.75s
Model - Validation accuracy: 0.3325
Model - FGSM accuracy: 0.1810
Model - PGD accuracy: 0.1695
WA Model - Validation accuracy: 0.3900
WA Model - FGSM accuracy: 0.2365
WA Model - PGD accuracy: 0.2320
Best model: wa_model (PGD acc: 0.2320, Val acc: 0.3900)

============ Epoch 31 ============
Training time: 111.93s
Training loss: 4.6501
Training accuracy: 0.2364
Current GPU memory: 13.82 GB
Validation time: 12.78s
Model - Validation accuracy: 0.3285
Model - FGSM accuracy: 0.1580
Model - PGD accuracy: 0.1510
WA Model - Validation accuracy: 0.3925
WA Model - FGSM accuracy: 0.2415
WA Model - PGD accuracy: 0.2315
Best model: wa_model (PGD acc: 0.2315, Val acc: 0.3925)

============ Epoch 32 ============
Training time: 112.18s
Training loss: 4.6470
Training accuracy: 0.2373
Current GPU memory: 13.82 GB
Validation time: 12.74s
Model - Validation accuracy: 0.3225
Model - FGSM accuracy: 0.1645
Model - PGD accuracy: 0.1575
WA Model - Validation accuracy: 0.4010
WA Model - FGSM accuracy: 0.2465
WA Model - PGD accuracy: 0.2360
Best model: wa_model (PGD acc: 0.2360, Val acc: 0.4010)

============ Epoch 33 ============
Training time: 111.99s
Training loss: 4.6440
Training accuracy: 0.2400
Current GPU memory: 13.82 GB
Validation time: 12.68s
Model - Validation accuracy: 0.3445
Model - FGSM accuracy: 0.1855
Model - PGD accuracy: 0.1760
WA Model - Validation accuracy: 0.4070
WA Model - FGSM accuracy: 0.2495
WA Model - PGD accuracy: 0.2395
Best model: wa_model (PGD acc: 0.2395, Val acc: 0.4070)

============ Epoch 34 ============
Training time: 111.87s
Training loss: 4.6400
Training accuracy: 0.2399
Current GPU memory: 13.82 GB
Validation time: 12.72s
Model - Validation accuracy: 0.3440
Model - FGSM accuracy: 0.1745
Model - PGD accuracy: 0.1605
WA Model - Validation accuracy: 0.4100
WA Model - FGSM accuracy: 0.2520
WA Model - PGD accuracy: 0.2430
Best model: wa_model (PGD acc: 0.2430, Val acc: 0.4100)

============ Epoch 35 ============
Training time: 112.13s
Training loss: 4.6353
Training accuracy: 0.2422
Current GPU memory: 13.82 GB
Validation time: 12.73s
Model - Validation accuracy: 0.3320
Model - FGSM accuracy: 0.1735
Model - PGD accuracy: 0.1630
WA Model - Validation accuracy: 0.4100
WA Model - FGSM accuracy: 0.2545
WA Model - PGD accuracy: 0.2435
Best model: wa_model (PGD acc: 0.2435, Val acc: 0.4100)

============ Epoch 36 ============
Training time: 112.09s
Training loss: 4.6311
Training accuracy: 0.2427
Current GPU memory: 13.82 GB
Validation time: 12.68s
Model - Validation accuracy: 0.3385
Model - FGSM accuracy: 0.1840
Model - PGD accuracy: 0.1780
WA Model - Validation accuracy: 0.4145
WA Model - FGSM accuracy: 0.2530
WA Model - PGD accuracy: 0.2425
Best model: wa_model (PGD acc: 0.2425, Val acc: 0.4145)

============ Epoch 37 ============
Training time: 112.12s
Training loss: 4.6266
Training accuracy: 0.2450
Current GPU memory: 13.82 GB
Validation time: 12.69s
Model - Validation accuracy: 0.3480
Model - FGSM accuracy: 0.1800
Model - PGD accuracy: 0.1690
WA Model - Validation accuracy: 0.4195
WA Model - FGSM accuracy: 0.2540
WA Model - PGD accuracy: 0.2410
Best model: wa_model (PGD acc: 0.2410, Val acc: 0.4195)

============ Epoch 38 ============
Training time: 112.13s
Training loss: 4.6247
Training accuracy: 0.2466
Current GPU memory: 13.82 GB
Validation time: 12.73s
Model - Validation accuracy: 0.3520
Model - FGSM accuracy: 0.1895
Model - PGD accuracy: 0.1805
WA Model - Validation accuracy: 0.4230
WA Model - FGSM accuracy: 0.2540
WA Model - PGD accuracy: 0.2450
Best model: wa_model (PGD acc: 0.2450, Val acc: 0.4230)

============ Epoch 39 ============
Training time: 111.98s
Training loss: 4.6208
Training accuracy: 0.2482
Current GPU memory: 13.82 GB
Validation time: 12.69s
Model - Validation accuracy: 0.3440
Model - FGSM accuracy: 0.1640
Model - PGD accuracy: 0.1550
WA Model - Validation accuracy: 0.4230
WA Model - FGSM accuracy: 0.2590
WA Model - PGD accuracy: 0.2475
Best model: wa_model (PGD acc: 0.2475, Val acc: 0.4230)

============ Epoch 40 ============
Training time: 121.46s
Training loss: 4.5173
Training accuracy: 0.2900
Current GPU memory: 18.57 GB
Validation time: 12.67s
Model - Validation accuracy: 0.3820
Model - FGSM accuracy: 0.1915
Model - PGD accuracy: 0.1765
WA Model - Validation accuracy: 0.4315
WA Model - FGSM accuracy: 0.2605
WA Model - PGD accuracy: 0.2490
Best model: wa_model (PGD acc: 0.2490, Val acc: 0.4315)

============ Epoch 41 ============
Training time: 112.31s
Training loss: 4.6736
Training accuracy: 0.2389
Current GPU memory: 18.57 GB
Validation time: 12.69s
Model - Validation accuracy: 0.3640
Model - FGSM accuracy: 0.2070
Model - PGD accuracy: 0.1960
WA Model - Validation accuracy: 0.4265
WA Model - FGSM accuracy: 0.2590
WA Model - PGD accuracy: 0.2530
Best model: wa_model (PGD acc: 0.2530, Val acc: 0.4265)

============ Epoch 42 ============
Training time: 112.29s
Training loss: 4.5918
Training accuracy: 0.2586
Current GPU memory: 18.57 GB
Validation time: 12.72s
Model - Validation accuracy: 0.3520
Model - FGSM accuracy: 0.1740
Model - PGD accuracy: 0.1665
WA Model - Validation accuracy: 0.4275
WA Model - FGSM accuracy: 0.2610
WA Model - PGD accuracy: 0.2515
Best model: wa_model (PGD acc: 0.2515, Val acc: 0.4275)

============ Epoch 43 ============
Training time: 112.33s
Training loss: 4.6151
Training accuracy: 0.2522
Current GPU memory: 18.57 GB
Validation time: 12.70s
Model - Validation accuracy: 0.3585
Model - FGSM accuracy: 0.1945
Model - PGD accuracy: 0.1840
WA Model - Validation accuracy: 0.4290
WA Model - FGSM accuracy: 0.2615
WA Model - PGD accuracy: 0.2530
Best model: wa_model (PGD acc: 0.2530, Val acc: 0.4290)

============ Epoch 44 ============
Training time: 111.95s
Training loss: 4.6013
Training accuracy: 0.2558
Current GPU memory: 18.57 GB
Validation time: 12.71s
Model - Validation accuracy: 0.3340
Model - FGSM accuracy: 0.1820
Model - PGD accuracy: 0.1710
WA Model - Validation accuracy: 0.4330
WA Model - FGSM accuracy: 0.2600
WA Model - PGD accuracy: 0.2510
Best model: wa_model (PGD acc: 0.2510, Val acc: 0.4330)

============ Epoch 45 ============
Training time: 112.18s
Training loss: 4.6015
Training accuracy: 0.2557
Current GPU memory: 18.57 GB
Validation time: 12.72s
Model - Validation accuracy: 0.3660
Model - FGSM accuracy: 0.1945
Model - PGD accuracy: 0.1830
WA Model - Validation accuracy: 0.4345
WA Model - FGSM accuracy: 0.2630
WA Model - PGD accuracy: 0.2515
Best model: wa_model (PGD acc: 0.2515, Val acc: 0.4345)

============ Epoch 46 ============
Training time: 112.02s
Training loss: 4.5990
Training accuracy: 0.2560
Current GPU memory: 18.57 GB
Validation time: 12.72s
Model - Validation accuracy: 0.3645
Model - FGSM accuracy: 0.1940
Model - PGD accuracy: 0.1785
WA Model - Validation accuracy: 0.4320
WA Model - FGSM accuracy: 0.2600
WA Model - PGD accuracy: 0.2525
Best model: wa_model (PGD acc: 0.2525, Val acc: 0.4320)

============ Epoch 47 ============
Training time: 111.99s
Training loss: 4.5963
Training accuracy: 0.2576
Current GPU memory: 18.57 GB
Validation time: 12.72s
Model - Validation accuracy: 0.3635
Model - FGSM accuracy: 0.1925
Model - PGD accuracy: 0.1825
WA Model - Validation accuracy: 0.4355
WA Model - FGSM accuracy: 0.2645
WA Model - PGD accuracy: 0.2510
Best model: wa_model (PGD acc: 0.2510, Val acc: 0.4355)

============ Epoch 48 ============
Training time: 111.96s
Training loss: 4.5914
Training accuracy: 0.2595
Current GPU memory: 18.57 GB
Validation time: 12.72s
Model - Validation accuracy: 0.3445
Model - FGSM accuracy: 0.1870
Model - PGD accuracy: 0.1800
WA Model - Validation accuracy: 0.4350
WA Model - FGSM accuracy: 0.2630
WA Model - PGD accuracy: 0.2510
Best model: wa_model (PGD acc: 0.2510, Val acc: 0.4350)

============ Epoch 49 ============
Training time: 111.96s
Training loss: 4.5874
Training accuracy: 0.2612
Current GPU memory: 18.57 GB
Validation time: 12.77s
Model - Validation accuracy: 0.3750
Model - FGSM accuracy: 0.2000
Model - PGD accuracy: 0.1895
WA Model - Validation accuracy: 0.4415
WA Model - FGSM accuracy: 0.2650
WA Model - PGD accuracy: 0.2515
Best model: wa_model (PGD acc: 0.2515, Val acc: 0.4415)

============ Epoch 50 ============
Training time: 111.89s
Training loss: 4.5847
Training accuracy: 0.2609
Current GPU memory: 18.57 GB
Validation time: 12.74s
Model - Validation accuracy: 0.3565
Model - FGSM accuracy: 0.1890
Model - PGD accuracy: 0.1795
WA Model - Validation accuracy: 0.4385
WA Model - FGSM accuracy: 0.2640
WA Model - PGD accuracy: 0.2550
Best model: wa_model (PGD acc: 0.2550, Val acc: 0.4385)

============ Epoch 51 ============
Training time: 111.79s
Training loss: 4.5811
Training accuracy: 0.2630
Current GPU memory: 18.57 GB
Validation time: 12.74s
Model - Validation accuracy: 0.3740
Model - FGSM accuracy: 0.1885
Model - PGD accuracy: 0.1800
WA Model - Validation accuracy: 0.4410
WA Model - FGSM accuracy: 0.2670
WA Model - PGD accuracy: 0.2565
Best model: wa_model (PGD acc: 0.2565, Val acc: 0.4410)

============ Epoch 52 ============
Training time: 112.02s
Training loss: 4.5775
Training accuracy: 0.2649
Current GPU memory: 18.57 GB
Validation time: 12.73s
Model - Validation accuracy: 0.3580
Model - FGSM accuracy: 0.1855
Model - PGD accuracy: 0.1735
WA Model - Validation accuracy: 0.4480
WA Model - FGSM accuracy: 0.2710
WA Model - PGD accuracy: 0.2575
Best model: wa_model (PGD acc: 0.2575, Val acc: 0.4480)

============ Epoch 53 ============
Training time: 112.07s
Training loss: 4.5728
Training accuracy: 0.2678
Current GPU memory: 18.57 GB
Validation time: 12.76s
Model - Validation accuracy: 0.3745
Model - FGSM accuracy: 0.1820
Model - PGD accuracy: 0.1705
WA Model - Validation accuracy: 0.4490
WA Model - FGSM accuracy: 0.2680
WA Model - PGD accuracy: 0.2575
Best model: wa_model (PGD acc: 0.2575, Val acc: 0.4490)

============ Epoch 54 ============
Training time: 111.74s
Training loss: 4.5694
Training accuracy: 0.2671
Current GPU memory: 18.57 GB
Validation time: 12.73s
Model - Validation accuracy: 0.3625
Model - FGSM accuracy: 0.1790
Model - PGD accuracy: 0.1715
WA Model - Validation accuracy: 0.4520
WA Model - FGSM accuracy: 0.2695
WA Model - PGD accuracy: 0.2585
Best model: wa_model (PGD acc: 0.2585, Val acc: 0.4520)

============ Epoch 55 ============
Training time: 111.84s
Training loss: 4.5651
Training accuracy: 0.2688
Current GPU memory: 18.57 GB
Validation time: 12.68s
Model - Validation accuracy: 0.3780
Model - FGSM accuracy: 0.1980
Model - PGD accuracy: 0.1885
WA Model - Validation accuracy: 0.4505
WA Model - FGSM accuracy: 0.2710
WA Model - PGD accuracy: 0.2575
Best model: wa_model (PGD acc: 0.2575, Val acc: 0.4505)

============ Epoch 56 ============
Training time: 111.83s
Training loss: 4.5613
Training accuracy: 0.2714
Current GPU memory: 18.57 GB
Validation time: 12.67s
Model - Validation accuracy: 0.3785
Model - FGSM accuracy: 0.1975
Model - PGD accuracy: 0.1880
WA Model - Validation accuracy: 0.4540
WA Model - FGSM accuracy: 0.2685
WA Model - PGD accuracy: 0.2575
Best model: wa_model (PGD acc: 0.2575, Val acc: 0.4540)

============ Epoch 57 ============
Training time: 111.79s
Training loss: 4.5575
Training accuracy: 0.2730
Current GPU memory: 18.57 GB
Validation time: 12.70s
Model - Validation accuracy: 0.3880
Model - FGSM accuracy: 0.2060
Model - PGD accuracy: 0.1905
WA Model - Validation accuracy: 0.4555
WA Model - FGSM accuracy: 0.2720
WA Model - PGD accuracy: 0.2585
Best model: wa_model (PGD acc: 0.2585, Val acc: 0.4555)

============ Epoch 58 ============
Training time: 111.81s
Training loss: 4.5520
Training accuracy: 0.2749
Current GPU memory: 18.57 GB
Validation time: 12.67s
Model - Validation accuracy: 0.3825
Model - FGSM accuracy: 0.1995
Model - PGD accuracy: 0.1925
WA Model - Validation accuracy: 0.4565
WA Model - FGSM accuracy: 0.2755
WA Model - PGD accuracy: 0.2640
Best model: wa_model (PGD acc: 0.2640, Val acc: 0.4565)

============ Epoch 59 ============
Training time: 111.97s
Training loss: 4.5470
Training accuracy: 0.2778
Current GPU memory: 18.57 GB
Validation time: 12.69s
Model - Validation accuracy: 0.3740
Model - FGSM accuracy: 0.1965
Model - PGD accuracy: 0.1815
WA Model - Validation accuracy: 0.4555
WA Model - FGSM accuracy: 0.2700
WA Model - PGD accuracy: 0.2615
Best model: wa_model (PGD acc: 0.2615, Val acc: 0.4555)

============ Epoch 60 ============
Training time: 111.81s
Training loss: 4.5416
Training accuracy: 0.2800
Current GPU memory: 18.57 GB
Validation time: 12.77s
Model - Validation accuracy: 0.3975
Model - FGSM accuracy: 0.2135
Model - PGD accuracy: 0.2040
WA Model - Validation accuracy: 0.4575
WA Model - FGSM accuracy: 0.2710
WA Model - PGD accuracy: 0.2610
Best model: wa_model (PGD acc: 0.2610, Val acc: 0.4575)

============ Epoch 61 ============
Training time: 111.77s
Training loss: 4.5383
Training accuracy: 0.2806
Current GPU memory: 18.57 GB
Validation time: 12.67s
Model - Validation accuracy: 0.3860
Model - FGSM accuracy: 0.1965
Model - PGD accuracy: 0.1820
WA Model - Validation accuracy: 0.4560
WA Model - FGSM accuracy: 0.2735
WA Model - PGD accuracy: 0.2625
Best model: wa_model (PGD acc: 0.2625, Val acc: 0.4560)

============ Epoch 62 ============
Training time: 112.06s
Training loss: 4.5320
Training accuracy: 0.2829
Current GPU memory: 18.57 GB
Validation time: 12.67s
Model - Validation accuracy: 0.3890
Model - FGSM accuracy: 0.1960
Model - PGD accuracy: 0.1810
WA Model - Validation accuracy: 0.4575
WA Model - FGSM accuracy: 0.2710
WA Model - PGD accuracy: 0.2605
Best model: wa_model (PGD acc: 0.2605, Val acc: 0.4575)

============ Epoch 63 ============
Training time: 111.87s
Training loss: 4.5258
Training accuracy: 0.2870
Current GPU memory: 18.57 GB
Validation time: 12.71s
Model - Validation accuracy: 0.3865
Model - FGSM accuracy: 0.1970
Model - PGD accuracy: 0.1830
WA Model - Validation accuracy: 0.4600
WA Model - FGSM accuracy: 0.2700
WA Model - PGD accuracy: 0.2630
Best model: wa_model (PGD acc: 0.2630, Val acc: 0.4600)

============ Epoch 64 ============
Training time: 111.73s
Training loss: 4.5192
Training accuracy: 0.2894
Current GPU memory: 18.57 GB
Validation time: 12.71s
Model - Validation accuracy: 0.3970
Model - FGSM accuracy: 0.2090
Model - PGD accuracy: 0.1950
WA Model - Validation accuracy: 0.4605
WA Model - FGSM accuracy: 0.2750
WA Model - PGD accuracy: 0.2600
Best model: wa_model (PGD acc: 0.2600, Val acc: 0.4605)

============ Epoch 65 ============
Training time: 111.88s
Training loss: 4.5144
Training accuracy: 0.2920
Current GPU memory: 18.57 GB
Validation time: 12.73s
Model - Validation accuracy: 0.4000
Model - FGSM accuracy: 0.2190
Model - PGD accuracy: 0.2055
WA Model - Validation accuracy: 0.4645
WA Model - FGSM accuracy: 0.2775
WA Model - PGD accuracy: 0.2630
Best model: wa_model (PGD acc: 0.2630, Val acc: 0.4645)

============ Epoch 66 ============
Training time: 111.66s
Training loss: 4.5086
Training accuracy: 0.2946
Current GPU memory: 18.57 GB
Validation time: 12.66s
Model - Validation accuracy: 0.3940
Model - FGSM accuracy: 0.2070
Model - PGD accuracy: 0.1950
WA Model - Validation accuracy: 0.4620
WA Model - FGSM accuracy: 0.2780
WA Model - PGD accuracy: 0.2650
Best model: wa_model (PGD acc: 0.2650, Val acc: 0.4620)

============ Epoch 67 ============
Training time: 111.73s
Training loss: 4.4991
Training accuracy: 0.2983
Current GPU memory: 18.57 GB
Validation time: 12.68s
Model - Validation accuracy: 0.4125
Model - FGSM accuracy: 0.2185
Model - PGD accuracy: 0.2055
WA Model - Validation accuracy: 0.4665
WA Model - FGSM accuracy: 0.2770
WA Model - PGD accuracy: 0.2640
Best model: wa_model (PGD acc: 0.2640, Val acc: 0.4665)

============ Epoch 68 ============
Training time: 112.85s
Training loss: 4.4931
Training accuracy: 0.3005
Current GPU memory: 18.57 GB
Validation time: 12.74s
Model - Validation accuracy: 0.4205
Model - FGSM accuracy: 0.2150
Model - PGD accuracy: 0.1970
WA Model - Validation accuracy: 0.4670
WA Model - FGSM accuracy: 0.2790
WA Model - PGD accuracy: 0.2675
Best model: wa_model (PGD acc: 0.2675, Val acc: 0.4670)

============ Epoch 69 ============
Training time: 112.83s
Training loss: 4.4869
Training accuracy: 0.3032
Current GPU memory: 18.57 GB
Validation time: 12.82s
Model - Validation accuracy: 0.4045
Model - FGSM accuracy: 0.2190
Model - PGD accuracy: 0.2080
WA Model - Validation accuracy: 0.4685
WA Model - FGSM accuracy: 0.2795
WA Model - PGD accuracy: 0.2675
Best model: wa_model (PGD acc: 0.2675, Val acc: 0.4685)

============ Epoch 70 ============
Training time: 112.57s
Training loss: 4.4766
Training accuracy: 0.3065
Current GPU memory: 18.57 GB
Validation time: 12.77s
Model - Validation accuracy: 0.4090
Model - FGSM accuracy: 0.2200
Model - PGD accuracy: 0.2005
WA Model - Validation accuracy: 0.4730
WA Model - FGSM accuracy: 0.2810
WA Model - PGD accuracy: 0.2685
Best model: wa_model (PGD acc: 0.2685, Val acc: 0.4730)

============ Epoch 71 ============
Training time: 112.41s
Training loss: 4.4682
Training accuracy: 0.3113
Current GPU memory: 18.57 GB
Validation time: 12.75s
Model - Validation accuracy: 0.4245
Model - FGSM accuracy: 0.2265
Model - PGD accuracy: 0.2095
WA Model - Validation accuracy: 0.4755
WA Model - FGSM accuracy: 0.2845
WA Model - PGD accuracy: 0.2675
Best model: wa_model (PGD acc: 0.2675, Val acc: 0.4755)

============ Epoch 72 ============
Training time: 113.07s
Training loss: 4.4591
Training accuracy: 0.3166
Current GPU memory: 18.57 GB
Validation time: 12.71s
Model - Validation accuracy: 0.4150
Model - FGSM accuracy: 0.2185
Model - PGD accuracy: 0.2030
WA Model - Validation accuracy: 0.4785
WA Model - FGSM accuracy: 0.2820
WA Model - PGD accuracy: 0.2670
Best model: wa_model (PGD acc: 0.2670, Val acc: 0.4785)

============ Epoch 73 ============
Training time: 112.98s
Training loss: 4.4494
Training accuracy: 0.3189
Current GPU memory: 18.57 GB
Validation time: 12.75s
Model - Validation accuracy: 0.4225
Model - FGSM accuracy: 0.2400
Model - PGD accuracy: 0.2230
WA Model - Validation accuracy: 0.4785
WA Model - FGSM accuracy: 0.2850
WA Model - PGD accuracy: 0.2740
Best model: wa_model (PGD acc: 0.2740, Val acc: 0.4785)

============ Epoch 74 ============
Training time: 112.68s
Training loss: 4.4378
Training accuracy: 0.3232
Current GPU memory: 18.57 GB
Validation time: 12.81s
Model - Validation accuracy: 0.4285
Model - FGSM accuracy: 0.2225
Model - PGD accuracy: 0.2120
WA Model - Validation accuracy: 0.4810
WA Model - FGSM accuracy: 0.2865
WA Model - PGD accuracy: 0.2710
Best model: wa_model (PGD acc: 0.2710, Val acc: 0.4810)

============ Epoch 75 ============
Training time: 112.81s
Training loss: 4.4273
Training accuracy: 0.3281
Current GPU memory: 18.57 GB
Validation time: 12.80s
Model - Validation accuracy: 0.4265
Model - FGSM accuracy: 0.2155
Model - PGD accuracy: 0.2025
WA Model - Validation accuracy: 0.4870
WA Model - FGSM accuracy: 0.2875
WA Model - PGD accuracy: 0.2725
Best model: wa_model (PGD acc: 0.2725, Val acc: 0.4870)

============ Epoch 76 ============
Training time: 112.80s
Training loss: 4.4143
Training accuracy: 0.3345
Current GPU memory: 18.57 GB
Validation time: 12.70s
Model - Validation accuracy: 0.4450
Model - FGSM accuracy: 0.2290
Model - PGD accuracy: 0.2105
WA Model - Validation accuracy: 0.4910
WA Model - FGSM accuracy: 0.2870
WA Model - PGD accuracy: 0.2740
Best model: wa_model (PGD acc: 0.2740, Val acc: 0.4910)

============ Epoch 77 ============
Training time: 112.26s
Training loss: 4.3998
Training accuracy: 0.3411
Current GPU memory: 18.57 GB
Validation time: 12.72s
Model - Validation accuracy: 0.4465
Model - FGSM accuracy: 0.2385
Model - PGD accuracy: 0.2225
WA Model - Validation accuracy: 0.4910
WA Model - FGSM accuracy: 0.2875
WA Model - PGD accuracy: 0.2760
Best model: wa_model (PGD acc: 0.2760, Val acc: 0.4910)

============ Epoch 78 ============
Training time: 112.20s
Training loss: 4.3884
Training accuracy: 0.3448
Current GPU memory: 18.57 GB
Validation time: 12.68s
Model - Validation accuracy: 0.4560
Model - FGSM accuracy: 0.2270
Model - PGD accuracy: 0.2085
WA Model - Validation accuracy: 0.4985
WA Model - FGSM accuracy: 0.2920
WA Model - PGD accuracy: 0.2745
Best model: wa_model (PGD acc: 0.2745, Val acc: 0.4985)

============ Epoch 79 ============
Training time: 112.20s
Training loss: 4.3697
Training accuracy: 0.3529
Current GPU memory: 18.57 GB
Validation time: 12.69s
Model - Validation accuracy: 0.4515
Model - FGSM accuracy: 0.2380
Model - PGD accuracy: 0.2230
WA Model - Validation accuracy: 0.4995
WA Model - FGSM accuracy: 0.2935
WA Model - PGD accuracy: 0.2760
Best model: wa_model (PGD acc: 0.2760, Val acc: 0.4995)

============ Epoch 80 ============
Training time: 123.26s
Training loss: 4.2358
Training accuracy: 0.4128
Current GPU memory: 18.57 GB
Validation time: 12.72s
Model - Validation accuracy: 0.4550
Model - FGSM accuracy: 0.2430
Model - PGD accuracy: 0.2255
WA Model - Validation accuracy: 0.5035
WA Model - FGSM accuracy: 0.2925
WA Model - PGD accuracy: 0.2775
Best model: wa_model (PGD acc: 0.2775, Val acc: 0.5035)

============ Epoch 81 ============
Training time: 112.40s
Training loss: 4.4138
Training accuracy: 0.3505
Current GPU memory: 18.57 GB
Validation time: 12.71s
Model - Validation accuracy: 0.4570
Model - FGSM accuracy: 0.2440
Model - PGD accuracy: 0.2275
WA Model - Validation accuracy: 0.5030
WA Model - FGSM accuracy: 0.2970
WA Model - PGD accuracy: 0.2760
Best model: wa_model (PGD acc: 0.2760, Val acc: 0.5030)

============ Epoch 82 ============
Training time: 112.63s
Training loss: 4.2902
Training accuracy: 0.3887
Current GPU memory: 18.57 GB
Validation time: 12.71s
Model - Validation accuracy: 0.4570
Model - FGSM accuracy: 0.2415
Model - PGD accuracy: 0.2255
WA Model - Validation accuracy: 0.5060
WA Model - FGSM accuracy: 0.2960
WA Model - PGD accuracy: 0.2770
Best model: wa_model (PGD acc: 0.2770, Val acc: 0.5060)

============ Epoch 83 ============
Training time: 112.92s
Training loss: 4.3052
Training accuracy: 0.3845
Current GPU memory: 18.57 GB
Validation time: 12.74s
Model - Validation accuracy: 0.4615
Model - FGSM accuracy: 0.2505
Model - PGD accuracy: 0.2250
WA Model - Validation accuracy: 0.5065
WA Model - FGSM accuracy: 0.2980
WA Model - PGD accuracy: 0.2765
Best model: wa_model (PGD acc: 0.2765, Val acc: 0.5065)

============ Epoch 84 ============
Training time: 113.13s
Training loss: 4.2711
Training accuracy: 0.3984
Current GPU memory: 18.57 GB
Validation time: 12.75s
Model - Validation accuracy: 0.4725
Model - FGSM accuracy: 0.2485
Model - PGD accuracy: 0.2310
WA Model - Validation accuracy: 0.5095
WA Model - FGSM accuracy: 0.2905
WA Model - PGD accuracy: 0.2750
Best model: wa_model (PGD acc: 0.2750, Val acc: 0.5095)

============ Epoch 85 ============
Training time: 113.43s
Training loss: 4.2494
Training accuracy: 0.4098
Current GPU memory: 18.57 GB
Validation time: 13.09s
Model - Validation accuracy: 0.4665
Model - FGSM accuracy: 0.2535
Model - PGD accuracy: 0.2335
WA Model - Validation accuracy: 0.5135
WA Model - FGSM accuracy: 0.2965
WA Model - PGD accuracy: 0.2730
Best model: wa_model (PGD acc: 0.2730, Val acc: 0.5135)

============ Epoch 86 ============
Training time: 114.08s
Training loss: 4.2209
Training accuracy: 0.4221
Current GPU memory: 18.57 GB
Validation time: 12.76s
Model - Validation accuracy: 0.4890
Model - FGSM accuracy: 0.2560
Model - PGD accuracy: 0.2335
WA Model - Validation accuracy: 0.5165
WA Model - FGSM accuracy: 0.2930
WA Model - PGD accuracy: 0.2690
Best model: wa_model (PGD acc: 0.2690, Val acc: 0.5165)

============ Epoch 87 ============
Training time: 113.51s
Training loss: 4.1947
Training accuracy: 0.4362
Current GPU memory: 18.57 GB
Validation time: 12.77s
Model - Validation accuracy: 0.4785
Model - FGSM accuracy: 0.2555
Model - PGD accuracy: 0.2410
WA Model - Validation accuracy: 0.5175
WA Model - FGSM accuracy: 0.2920
WA Model - PGD accuracy: 0.2695
Best model: wa_model (PGD acc: 0.2695, Val acc: 0.5175)

============ Epoch 88 ============
Training time: 113.68s
Training loss: 4.1659
Training accuracy: 0.4507
Current GPU memory: 18.57 GB
Validation time: 12.81s
Model - Validation accuracy: 0.4865
Model - FGSM accuracy: 0.2490
Model - PGD accuracy: 0.2310
WA Model - Validation accuracy: 0.5150
WA Model - FGSM accuracy: 0.2935
WA Model - PGD accuracy: 0.2695
Best model: wa_model (PGD acc: 0.2695, Val acc: 0.5150)

============ Epoch 89 ============
Training time: 113.81s
Training loss: 4.1310
Training accuracy: 0.4684
Current GPU memory: 18.57 GB
Validation time: 12.78s
Model - Validation accuracy: 0.4950
Model - FGSM accuracy: 0.2510
Model - PGD accuracy: 0.2265
WA Model - Validation accuracy: 0.5165
WA Model - FGSM accuracy: 0.2890
WA Model - PGD accuracy: 0.2680
Best model: wa_model (PGD acc: 0.2680, Val acc: 0.5165)

============ Epoch 90 ============
Training time: 113.36s
Training loss: 4.0985
Training accuracy: 0.4845
Current GPU memory: 18.57 GB
Validation time: 12.77s
Model - Validation accuracy: 0.5050
Model - FGSM accuracy: 0.2560
Model - PGD accuracy: 0.2335
WA Model - Validation accuracy: 0.5145
WA Model - FGSM accuracy: 0.2890
WA Model - PGD accuracy: 0.2660
Best model: wa_model (PGD acc: 0.2660, Val acc: 0.5145)

============ Epoch 91 ============
Training time: 113.49s
Training loss: 4.0624
Training accuracy: 0.5045
Current GPU memory: 18.57 GB
Validation time: 12.74s
Model - Validation accuracy: 0.5105
Model - FGSM accuracy: 0.2665
Model - PGD accuracy: 0.2415
WA Model - Validation accuracy: 0.5170
WA Model - FGSM accuracy: 0.2875
WA Model - PGD accuracy: 0.2620
Best model: wa_model (PGD acc: 0.2620, Val acc: 0.5170)

============ Epoch 92 ============
Training time: 112.94s
Training loss: 4.0248
Training accuracy: 0.5239
Current GPU memory: 18.57 GB
Validation time: 12.73s
Model - Validation accuracy: 0.5170
Model - FGSM accuracy: 0.2685
Model - PGD accuracy: 0.2475
WA Model - Validation accuracy: 0.5200
WA Model - FGSM accuracy: 0.2860
WA Model - PGD accuracy: 0.2660
Best model: wa_model (PGD acc: 0.2660, Val acc: 0.5200)

============ Epoch 93 ============
Training time: 113.54s
Training loss: 3.9877
Training accuracy: 0.5442
Current GPU memory: 18.57 GB
Validation time: 12.83s
Model - Validation accuracy: 0.5135
Model - FGSM accuracy: 0.2635
Model - PGD accuracy: 0.2370
WA Model - Validation accuracy: 0.5210
WA Model - FGSM accuracy: 0.2840
WA Model - PGD accuracy: 0.2635
Best model: wa_model (PGD acc: 0.2635, Val acc: 0.5210)

============ Epoch 94 ============
Training time: 113.49s
Training loss: 3.9539
Training accuracy: 0.5633
Current GPU memory: 18.57 GB
Validation time: 12.77s
Model - Validation accuracy: 0.5150
Model - FGSM accuracy: 0.2645
Model - PGD accuracy: 0.2400
WA Model - Validation accuracy: 0.5240
WA Model - FGSM accuracy: 0.2810
WA Model - PGD accuracy: 0.2610
Best model: wa_model (PGD acc: 0.2610, Val acc: 0.5240)

============ Epoch 95 ============
Training time: 113.52s
Training loss: 3.9229
Training accuracy: 0.5798
Current GPU memory: 18.57 GB
Validation time: 12.81s
Model - Validation accuracy: 0.5185
Model - FGSM accuracy: 0.2650
Model - PGD accuracy: 0.2380
WA Model - Validation accuracy: 0.5240
WA Model - FGSM accuracy: 0.2775
WA Model - PGD accuracy: 0.2595
Best model: wa_model (PGD acc: 0.2595, Val acc: 0.5240)

============ Epoch 96 ============
Training time: 113.31s
Training loss: 3.8968
Training accuracy: 0.5942
Current GPU memory: 18.57 GB
Validation time: 12.78s
Model - Validation accuracy: 0.5180
Model - FGSM accuracy: 0.2665
Model - PGD accuracy: 0.2495
WA Model - Validation accuracy: 0.5255
WA Model - FGSM accuracy: 0.2755
WA Model - PGD accuracy: 0.2590
Best model: wa_model (PGD acc: 0.2590, Val acc: 0.5255)

============ Epoch 97 ============
Training time: 112.78s
Training loss: 3.8780
Training accuracy: 0.6045
Current GPU memory: 18.57 GB
Validation time: 12.73s
Model - Validation accuracy: 0.5230
Model - FGSM accuracy: 0.2685
Model - PGD accuracy: 0.2495
WA Model - Validation accuracy: 0.5230
WA Model - FGSM accuracy: 0.2750
WA Model - PGD accuracy: 0.2555
Best model: wa_model (PGD acc: 0.2555, Val acc: 0.5230)

============ Epoch 98 ============
Training time: 112.82s
Training loss: 3.8683
Training accuracy: 0.6093
Current GPU memory: 18.57 GB
Validation time: 12.71s
Model - Validation accuracy: 0.5165
Model - FGSM accuracy: 0.2710
Model - PGD accuracy: 0.2465
WA Model - Validation accuracy: 0.5210
WA Model - FGSM accuracy: 0.2750
WA Model - PGD accuracy: 0.2540
Best model: wa_model (PGD acc: 0.2540, Val acc: 0.5210)

============ Epoch 99 ============
Training time: 112.13s
Training loss: 3.8628
Training accuracy: 0.6122
Current GPU memory: 18.57 GB
Validation time: 12.72s
Model - Validation accuracy: 0.5165
Model - FGSM accuracy: 0.2690
Model - PGD accuracy: 0.2460
WA Model - Validation accuracy: 0.5210
WA Model - FGSM accuracy: 0.2720
WA Model - PGD accuracy: 0.2535
Best model: wa_model (PGD acc: 0.2535, Val acc: 0.5210)

train_acc_list: 
[0.02440816326530612, 0.03891836734693878, 0.05697959183673469, 0.07114285714285715, 0.08310204081632654, 0.09612244897959184, 0.10635714285714286, 0.11620408163265306, 0.12812244897959182, 0.13753061224489796, 0.14935714285714285, 0.15757142857142858, 0.16864285714285715, 0.17703061224489797, 0.18424489795918367, 0.18871428571428572, 0.1941122448979592, 0.19822448979591836, 0.20244897959183675, 0.2060204081632653, 0.2098469387755102, 0.2131326530612245, 0.21626530612244899, 0.21805102040816327, 0.22113265306122448, 0.22333673469387755, 0.22442857142857142, 0.22708163265306122, 0.23154081632653062, 0.2313673469387755, 0.23227551020408163, 0.23635714285714285, 0.2373469387755102, 0.2399795918367347, 0.23992857142857144, 0.2421530612244898, 0.24274489795918366, 0.2449591836734694, 0.24660204081632653, 0.24821428571428572, 0.28996938775510206, 0.2389387755102041, 0.25857142857142856, 0.25215306122448977, 0.25581632653061226, 0.25573469387755104, 0.25598979591836735, 0.25760204081632654, 0.2594795918367347, 0.261234693877551, 0.26090816326530614, 0.26296938775510204, 0.2648877551020408, 0.26779591836734695, 0.2671122448979592, 0.2687857142857143, 0.27137755102040817, 0.2729795918367347, 0.27488775510204083, 0.277765306122449, 0.2800408163265306, 0.2805714285714286, 0.2828775510204082, 0.287, 0.28935714285714287, 0.29201020408163264, 0.2945816326530612, 0.29825510204081634, 0.30047959183673467, 0.3032448979591837, 0.3065, 0.3113061224489796, 0.31660204081632654, 0.3189387755102041, 0.3231734693877551, 0.3280918367346939, 0.3345102040816327, 0.3411326530612245, 0.3448265306122449, 0.35289795918367345, 0.4128061224489796, 0.3505, 0.38866326530612244, 0.38451020408163267, 0.39843877551020407, 0.4097959183673469, 0.4220714285714286, 0.43620408163265306, 0.4506530612244898, 0.46841836734693876, 0.48447959183673467, 0.5045204081632653, 0.5239081632653061, 0.5442040816326531, 0.5632755102040816, 0.5798163265306122, 0.5941632653061224, 0.6044795918367347, 0.609295918367347, 0.6121734693877551]

model_val_acc_list: 
[0.056, 0.077, 0.1145, 0.137, 0.1525, 0.188, 0.185, 0.1745, 0.2195, 0.2165, 0.2485, 0.246, 0.2515, 0.2735, 0.287, 0.2865, 0.2885, 0.305, 0.295, 0.2945, 0.3035, 0.325, 0.3195, 0.316, 0.306, 0.3155, 0.321, 0.327, 0.3255, 0.3085, 0.3325, 0.3285, 0.3225, 0.3445, 0.344, 0.332, 0.3385, 0.348, 0.352, 0.344, 0.382, 0.364, 0.352, 0.3585, 0.334, 0.366, 0.3645, 0.3635, 0.3445, 0.375, 0.3565, 0.374, 0.358, 0.3745, 0.3625, 0.378, 0.3785, 0.388, 0.3825, 0.374, 0.3975, 0.386, 0.389, 0.3865, 0.397, 0.4, 0.394, 0.4125, 0.4205, 0.4045, 0.409, 0.4245, 0.415, 0.4225, 0.4285, 0.4265, 0.445, 0.4465, 0.456, 0.4515, 0.455, 0.457, 0.457, 0.4615, 0.4725, 0.4665, 0.489, 0.4785, 0.4865, 0.495, 0.505, 0.5105, 0.517, 0.5135, 0.515, 0.5185, 0.518, 0.523, 0.5165, 0.5165]

model_pgd_acc_list: 
[0.0355, 0.046, 0.062, 0.0775, 0.0855, 0.0915, 0.097, 0.105, 0.1045, 0.1155, 0.1285, 0.1325, 0.124, 0.1525, 0.1475, 0.1555, 0.1485, 0.1635, 0.157, 0.145, 0.152, 0.164, 0.16, 0.158, 0.166, 0.154, 0.1515, 0.1785, 0.1595, 0.145, 0.1695, 0.151, 0.1575, 0.176, 0.1605, 0.163, 0.178, 0.169, 0.1805, 0.155, 0.1765, 0.196, 0.1665, 0.184, 0.171, 0.183, 0.1785, 0.1825, 0.18, 0.1895, 0.1795, 0.18, 0.1735, 0.1705, 0.1715, 0.1885, 0.188, 0.1905, 0.1925, 0.1815, 0.204, 0.182, 0.181, 0.183, 0.195, 0.2055, 0.195, 0.2055, 0.197, 0.208, 0.2005, 0.2095, 0.203, 0.223, 0.212, 0.2025, 0.2105, 0.2225, 0.2085, 0.223, 0.2255, 0.2275, 0.2255, 0.225, 0.231, 0.2335, 0.2335, 0.241, 0.231, 0.2265, 0.2335, 0.2415, 0.2475, 0.237, 0.24, 0.238, 0.2495, 0.2495, 0.2465, 0.246]

model_fgsm_acc_list: 
[0.0365, 0.047, 0.064, 0.0795, 0.0855, 0.0945, 0.1015, 0.1075, 0.11, 0.116, 0.134, 0.141, 0.128, 0.157, 0.155, 0.163, 0.1525, 0.1675, 0.16, 0.1485, 0.161, 0.172, 0.1665, 0.17, 0.1725, 0.161, 0.157, 0.186, 0.1655, 0.157, 0.181, 0.158, 0.1645, 0.1855, 0.1745, 0.1735, 0.184, 0.18, 0.1895, 0.164, 0.1915, 0.207, 0.174, 0.1945, 0.182, 0.1945, 0.194, 0.1925, 0.187, 0.2, 0.189, 0.1885, 0.1855, 0.182, 0.179, 0.198, 0.1975, 0.206, 0.1995, 0.1965, 0.2135, 0.1965, 0.196, 0.197, 0.209, 0.219, 0.207, 0.2185, 0.215, 0.219, 0.22, 0.2265, 0.2185, 0.24, 0.2225, 0.2155, 0.229, 0.2385, 0.227, 0.238, 0.243, 0.244, 0.2415, 0.2505, 0.2485, 0.2535, 0.256, 0.2555, 0.249, 0.251, 0.256, 0.2665, 0.2685, 0.2635, 0.2645, 0.265, 0.2665, 0.2685, 0.271, 0.269]

wa_val_acc_list: 
[0.0045, 0.007, 0.0085, 0.0075, 0.0105, 0.012, 0.021, 0.0305, 0.0475, 0.073, 0.095, 0.1195, 0.1275, 0.1265, 0.1125, 0.0955, 0.085, 0.078, 0.08, 0.0945, 0.123, 0.164, 0.206, 0.261, 0.2965, 0.327, 0.349, 0.3595, 0.3725, 0.384, 0.39, 0.3925, 0.401, 0.407, 0.41, 0.41, 0.4145, 0.4195, 0.423, 0.423, 0.4315, 0.4265, 0.4275, 0.429, 0.433, 0.4345, 0.432, 0.4355, 0.435, 0.4415, 0.4385, 0.441, 0.448, 0.449, 0.452, 0.4505, 0.454, 0.4555, 0.4565, 0.4555, 0.4575, 0.456, 0.4575, 0.46, 0.4605, 0.4645, 0.462, 0.4665, 0.467, 0.4685, 0.473, 0.4755, 0.4785, 0.4785, 0.481, 0.487, 0.491, 0.491, 0.4985, 0.4995, 0.5035, 0.503, 0.506, 0.5065, 0.5095, 0.5135, 0.5165, 0.5175, 0.515, 0.5165, 0.5145, 0.517, 0.52, 0.521, 0.524, 0.524, 0.5255, 0.523, 0.521, 0.521]

wa_pgd_acc_list: 
[0.0025, 0.0025, 0.0065, 0.0055, 0.0065, 0.0085, 0.0135, 0.015, 0.025, 0.039, 0.051, 0.0625, 0.068, 0.066, 0.0605, 0.049, 0.0395, 0.036, 0.0375, 0.0515, 0.0715, 0.097, 0.119, 0.1485, 0.1695, 0.194, 0.2045, 0.2125, 0.22, 0.228, 0.232, 0.2315, 0.236, 0.2395, 0.243, 0.2435, 0.2425, 0.241, 0.245, 0.2475, 0.249, 0.253, 0.2515, 0.253, 0.251, 0.2515, 0.2525, 0.251, 0.251, 0.2515, 0.255, 0.2565, 0.2575, 0.2575, 0.2585, 0.2575, 0.2575, 0.2585, 0.264, 0.2615, 0.261, 0.2625, 0.2605, 0.263, 0.26, 0.263, 0.265, 0.264, 0.2675, 0.2675, 0.2685, 0.2675, 0.267, 0.274, 0.271, 0.2725, 0.274, 0.276, 0.2745, 0.276, 0.2775, 0.276, 0.277, 0.2765, 0.275, 0.273, 0.269, 0.2695, 0.2695, 0.268, 0.266, 0.262, 0.266, 0.2635, 0.261, 0.2595, 0.259, 0.2555, 0.254, 0.2535]

wa_fgsm_acc_list: 
[0.003, 0.003, 0.0065, 0.0055, 0.0065, 0.0085, 0.014, 0.015, 0.0265, 0.039, 0.052, 0.063, 0.0685, 0.066, 0.0605, 0.05, 0.0405, 0.0365, 0.0395, 0.0525, 0.072, 0.0975, 0.1205, 0.1505, 0.172, 0.197, 0.208, 0.2195, 0.228, 0.236, 0.2365, 0.2415, 0.2465, 0.2495, 0.252, 0.2545, 0.253, 0.254, 0.254, 0.259, 0.2605, 0.259, 0.261, 0.2615, 0.26, 0.263, 0.26, 0.2645, 0.263, 0.265, 0.264, 0.267, 0.271, 0.268, 0.2695, 0.271, 0.2685, 0.272, 0.2755, 0.27, 0.271, 0.2735, 0.271, 0.27, 0.275, 0.2775, 0.278, 0.277, 0.279, 0.2795, 0.281, 0.2845, 0.282, 0.285, 0.2865, 0.2875, 0.287, 0.2875, 0.292, 0.2935, 0.2925, 0.297, 0.296, 0.298, 0.2905, 0.2965, 0.293, 0.292, 0.2935, 0.289, 0.289, 0.2875, 0.286, 0.284, 0.281, 0.2775, 0.2755, 0.275, 0.275, 0.272]

total_training_time: 
11260.596770763397

total_val_time: 
1273.1847336292267

max_gpu_memory: 18.57 GB

==================================================
Starting final evaluation on test set...
==================================================
PGD test results:
  clean_acc: 0.4872
  pgd_10_acc: 0.2654
  pgd_20_acc: 0.2629
  pgd_50_acc: 0.2625
AutoAttack results:
  autoattack_acc: 0.1956
CR-Attack results:
  cr_attack_acc: 0.1963
