Method: n_aaer
Seed: 1
Scheduler: OneCycleLR
Label smoothing: 0.4
Weight average: True, tau: 0.9995
AAER parameters: lamda1=1.0, lamda2=1.5, lamda3=0.15, clamp=0, fgsm_alpha=1.0, delta_init=random


============ Epoch 0 ============
Training time: 97.41s
Training loss: 29.5636
Training accuracy: 0.0051
Abnormal examples: 37567
Abnormal CE loss: 5.1355
Abnormal L2 loss: -42.4605
Current GPU memory: 2.47 GB
Validation time: 12.70s
Model - Validation accuracy: 0.0070
Model - FGSM accuracy: 0.0060
Model - PGD accuracy: 0.0055
WA Model - Validation accuracy: 0.0035
WA Model - FGSM accuracy: 0.0035
WA Model - PGD accuracy: 0.0035
Best model: model (PGD acc: 0.0055, Val acc: 0.0070)

============ Epoch 1 ============
Training time: 97.61s
Training loss: 76.8303
Training accuracy: 0.0055
Abnormal examples: 43947
Abnormal CE loss: 12.3526
Abnormal L2 loss: -35.2818
Current GPU memory: 4.56 GB
Validation time: 12.67s
Model - Validation accuracy: 0.0040
Model - FGSM accuracy: 0.0025
Model - PGD accuracy: 0.0025
WA Model - Validation accuracy: 0.0035
WA Model - FGSM accuracy: 0.0035
WA Model - PGD accuracy: 0.0035
Best model: wa_model (PGD acc: 0.0035, Val acc: 0.0035)

============ Epoch 2 ============
Training time: 97.07s
Training loss: nan
Training accuracy: 0.0054
Abnormal examples: 31059
Abnormal CE loss: 148497753463240785920.0000
Abnormal L2 loss: nan
Current GPU memory: 4.56 GB
Validation time: 12.10s
Model - Validation accuracy: 0.0065
Model - FGSM accuracy: 0.0065
Model - PGD accuracy: 0.0065
WA Model - Validation accuracy: 0.0065
WA Model - FGSM accuracy: 0.0065
WA Model - PGD accuracy: 0.0065
Best model: model (PGD acc: 0.0065, Val acc: 0.0065)

============ Epoch 3 ============
Training time: 93.03s
Training loss: nan
Training accuracy: 0.0050
Abnormal examples: 0
Current GPU memory: 4.57 GB
Validation time: 12.07s
Model - Validation accuracy: 0.0065
Model - FGSM accuracy: 0.0065
Model - PGD accuracy: 0.0065
WA Model - Validation accuracy: 0.0065
WA Model - FGSM accuracy: 0.0065
WA Model - PGD accuracy: 0.0065
Best model: model (PGD acc: 0.0065, Val acc: 0.0065)

============ Epoch 4 ============
Training time: 93.35s
Training loss: nan
Training accuracy: 0.0050
Abnormal examples: 0
Current GPU memory: 4.57 GB
Validation time: 12.06s
Model - Validation accuracy: 0.0065
Model - FGSM accuracy: 0.0065
Model - PGD accuracy: 0.0065
WA Model - Validation accuracy: 0.0065
WA Model - FGSM accuracy: 0.0065
WA Model - PGD accuracy: 0.0065
Best model: model (PGD acc: 0.0065, Val acc: 0.0065)

============ Epoch 5 ============
Training time: 93.36s
Training loss: nan
Training accuracy: 0.0050
Abnormal examples: 0
Current GPU memory: 4.57 GB
Validation time: 12.11s
Model - Validation accuracy: 0.0065
Model - FGSM accuracy: 0.0065
Model - PGD accuracy: 0.0065
WA Model - Validation accuracy: 0.0065
WA Model - FGSM accuracy: 0.0065
WA Model - PGD accuracy: 0.0065
Best model: model (PGD acc: 0.0065, Val acc: 0.0065)

============ Epoch 6 ============
Training time: 93.79s
Training loss: nan
Training accuracy: 0.0050
Abnormal examples: 0
Current GPU memory: 4.57 GB
Validation time: 12.18s
Model - Validation accuracy: 0.0065
Model - FGSM accuracy: 0.0065
Model - PGD accuracy: 0.0065
WA Model - Validation accuracy: 0.0065
WA Model - FGSM accuracy: 0.0065
WA Model - PGD accuracy: 0.0065
Best model: model (PGD acc: 0.0065, Val acc: 0.0065)

============ Epoch 7 ============
Training time: 93.35s
Training loss: nan
Training accuracy: 0.0050
Abnormal examples: 0
Current GPU memory: 4.57 GB
Validation time: 12.08s
Model - Validation accuracy: 0.0065
Model - FGSM accuracy: 0.0065
Model - PGD accuracy: 0.0065
WA Model - Validation accuracy: 0.0065
WA Model - FGSM accuracy: 0.0065
WA Model - PGD accuracy: 0.0065
Best model: model (PGD acc: 0.0065, Val acc: 0.0065)

============ Epoch 8 ============
Training time: 93.61s
Training loss: nan
Training accuracy: 0.0050
Abnormal examples: 0
Current GPU memory: 4.57 GB
Validation time: 12.09s
Model - Validation accuracy: 0.0065
Model - FGSM accuracy: 0.0065
Model - PGD accuracy: 0.0065
WA Model - Validation accuracy: 0.0065
WA Model - FGSM accuracy: 0.0065
WA Model - PGD accuracy: 0.0065
Best model: model (PGD acc: 0.0065, Val acc: 0.0065)

============ Epoch 9 ============
Training time: 93.03s
Training loss: nan
Training accuracy: 0.0050
Abnormal examples: 0
Current GPU memory: 4.57 GB
Validation time: 12.15s
Model - Validation accuracy: 0.0065
Model - FGSM accuracy: 0.0065
Model - PGD accuracy: 0.0065
WA Model - Validation accuracy: 0.0065
WA Model - FGSM accuracy: 0.0065
WA Model - PGD accuracy: 0.0065
Best model: model (PGD acc: 0.0065, Val acc: 0.0065)

============ Epoch 10 ============
Training time: 93.37s
Training loss: nan
Training accuracy: 0.0050
Abnormal examples: 0
Current GPU memory: 4.57 GB
Validation time: 12.11s
Model - Validation accuracy: 0.0065
Model - FGSM accuracy: 0.0065
Model - PGD accuracy: 0.0065
WA Model - Validation accuracy: 0.0065
WA Model - FGSM accuracy: 0.0065
WA Model - PGD accuracy: 0.0065
Best model: model (PGD acc: 0.0065, Val acc: 0.0065)

============ Epoch 11 ============
Training time: 93.33s
Training loss: nan
Training accuracy: 0.0050
Abnormal examples: 0
Current GPU memory: 4.57 GB
Validation time: 12.17s
Model - Validation accuracy: 0.0065
Model - FGSM accuracy: 0.0065
Model - PGD accuracy: 0.0065
WA Model - Validation accuracy: 0.0065
WA Model - FGSM accuracy: 0.0065
WA Model - PGD accuracy: 0.0065
Best model: model (PGD acc: 0.0065, Val acc: 0.0065)

============ Epoch 12 ============
Training time: 93.58s
Training loss: nan
Training accuracy: 0.0050
Abnormal examples: 0
Current GPU memory: 4.57 GB
Validation time: 12.10s
Model - Validation accuracy: 0.0065
Model - FGSM accuracy: 0.0065
Model - PGD accuracy: 0.0065
WA Model - Validation accuracy: 0.0065
WA Model - FGSM accuracy: 0.0065
WA Model - PGD accuracy: 0.0065
Best model: model (PGD acc: 0.0065, Val acc: 0.0065)

============ Epoch 13 ============
Training time: 93.65s
Training loss: nan
Training accuracy: 0.0050
Abnormal examples: 0
Current GPU memory: 4.57 GB
Validation time: 12.13s
Model - Validation accuracy: 0.0065
Model - FGSM accuracy: 0.0065
Model - PGD accuracy: 0.0065
WA Model - Validation accuracy: 0.0065
WA Model - FGSM accuracy: 0.0065
WA Model - PGD accuracy: 0.0065
Best model: model (PGD acc: 0.0065, Val acc: 0.0065)

============ Epoch 14 ============
Training time: 93.38s
Training loss: nan
Training accuracy: 0.0050
Abnormal examples: 0
Current GPU memory: 4.57 GB
Validation time: 12.06s
Model - Validation accuracy: 0.0065
Model - FGSM accuracy: 0.0065
Model - PGD accuracy: 0.0065
WA Model - Validation accuracy: 0.0065
WA Model - FGSM accuracy: 0.0065
WA Model - PGD accuracy: 0.0065
Best model: model (PGD acc: 0.0065, Val acc: 0.0065)

============ Epoch 15 ============
Training time: 93.14s
Training loss: nan
Training accuracy: 0.0050
Abnormal examples: 0
Current GPU memory: 4.57 GB
Validation time: 12.10s
Model - Validation accuracy: 0.0065
Model - FGSM accuracy: 0.0065
Model - PGD accuracy: 0.0065
WA Model - Validation accuracy: 0.0065
WA Model - FGSM accuracy: 0.0065
WA Model - PGD accuracy: 0.0065
Best model: model (PGD acc: 0.0065, Val acc: 0.0065)

============ Epoch 16 ============
Training time: 93.13s
Training loss: nan
Training accuracy: 0.0050
Abnormal examples: 0
Current GPU memory: 4.57 GB
Validation time: 12.08s
Model - Validation accuracy: 0.0065
Model - FGSM accuracy: 0.0065
Model - PGD accuracy: 0.0065
WA Model - Validation accuracy: 0.0065
WA Model - FGSM accuracy: 0.0065
WA Model - PGD accuracy: 0.0065
Best model: model (PGD acc: 0.0065, Val acc: 0.0065)

============ Epoch 17 ============
Training time: 93.46s
Training loss: nan
Training accuracy: 0.0050
Abnormal examples: 0
Current GPU memory: 4.57 GB
Validation time: 12.11s
Model - Validation accuracy: 0.0065
Model - FGSM accuracy: 0.0065
Model - PGD accuracy: 0.0065
WA Model - Validation accuracy: 0.0065
WA Model - FGSM accuracy: 0.0065
WA Model - PGD accuracy: 0.0065
Best model: model (PGD acc: 0.0065, Val acc: 0.0065)

============ Epoch 18 ============
Training time: 93.40s
Training loss: nan
Training accuracy: 0.0050
Abnormal examples: 0
Current GPU memory: 4.57 GB
Validation time: 12.08s
Model - Validation accuracy: 0.0065
Model - FGSM accuracy: 0.0065
Model - PGD accuracy: 0.0065
WA Model - Validation accuracy: 0.0065
WA Model - FGSM accuracy: 0.0065
WA Model - PGD accuracy: 0.0065
Best model: model (PGD acc: 0.0065, Val acc: 0.0065)

============ Epoch 19 ============
Training time: 93.52s
Training loss: nan
Training accuracy: 0.0050
Abnormal examples: 0
Current GPU memory: 4.57 GB
Validation time: 12.10s
Model - Validation accuracy: 0.0065
Model - FGSM accuracy: 0.0065
Model - PGD accuracy: 0.0065
WA Model - Validation accuracy: 0.0065
WA Model - FGSM accuracy: 0.0065
WA Model - PGD accuracy: 0.0065
Best model: model (PGD acc: 0.0065, Val acc: 0.0065)

============ Epoch 20 ============
Training time: 93.56s
Training loss: nan
Training accuracy: 0.0050
Abnormal examples: 0
Current GPU memory: 4.57 GB
Validation time: 12.12s
Model - Validation accuracy: 0.0065
Model - FGSM accuracy: 0.0065
Model - PGD accuracy: 0.0065
WA Model - Validation accuracy: 0.0065
WA Model - FGSM accuracy: 0.0065
WA Model - PGD accuracy: 0.0065
Best model: model (PGD acc: 0.0065, Val acc: 0.0065)

============ Epoch 21 ============
Training time: 93.72s
Training loss: nan
Training accuracy: 0.0050
Abnormal examples: 0
Current GPU memory: 4.57 GB
Validation time: 12.12s
Model - Validation accuracy: 0.0065
Model - FGSM accuracy: 0.0065
Model - PGD accuracy: 0.0065
WA Model - Validation accuracy: 0.0065
WA Model - FGSM accuracy: 0.0065
WA Model - PGD accuracy: 0.0065
Best model: model (PGD acc: 0.0065, Val acc: 0.0065)

============ Epoch 22 ============
Training time: 93.63s
Training loss: nan
Training accuracy: 0.0050
Abnormal examples: 0
Current GPU memory: 4.57 GB
Validation time: 12.22s
Model - Validation accuracy: 0.0065
Model - FGSM accuracy: 0.0065
Model - PGD accuracy: 0.0065
WA Model - Validation accuracy: 0.0065
WA Model - FGSM accuracy: 0.0065
WA Model - PGD accuracy: 0.0065
Best model: model (PGD acc: 0.0065, Val acc: 0.0065)

============ Epoch 23 ============
Training time: 93.41s
Training loss: nan
Training accuracy: 0.0050
Abnormal examples: 0
Current GPU memory: 4.57 GB
Validation time: 12.12s
Model - Validation accuracy: 0.0065
Model - FGSM accuracy: 0.0065
Model - PGD accuracy: 0.0065
WA Model - Validation accuracy: 0.0065
WA Model - FGSM accuracy: 0.0065
WA Model - PGD accuracy: 0.0065
Best model: model (PGD acc: 0.0065, Val acc: 0.0065)

============ Epoch 24 ============
Training time: 93.70s
Training loss: nan
Training accuracy: 0.0050
Abnormal examples: 0
Current GPU memory: 4.57 GB
Validation time: 12.11s
Model - Validation accuracy: 0.0065
Model - FGSM accuracy: 0.0065
Model - PGD accuracy: 0.0065
WA Model - Validation accuracy: 0.0065
WA Model - FGSM accuracy: 0.0065
WA Model - PGD accuracy: 0.0065
Best model: model (PGD acc: 0.0065, Val acc: 0.0065)

============ Epoch 25 ============
Training time: 93.13s
Training loss: nan
Training accuracy: 0.0050
Abnormal examples: 0
Current GPU memory: 4.57 GB
Validation time: 12.06s
Model - Validation accuracy: 0.0065
Model - FGSM accuracy: 0.0065
Model - PGD accuracy: 0.0065
WA Model - Validation accuracy: 0.0065
WA Model - FGSM accuracy: 0.0065
WA Model - PGD accuracy: 0.0065
Best model: model (PGD acc: 0.0065, Val acc: 0.0065)

============ Epoch 26 ============
Training time: 93.68s
Training loss: nan
Training accuracy: 0.0050
Abnormal examples: 0
Current GPU memory: 4.57 GB
Validation time: 12.09s
Model - Validation accuracy: 0.0065
Model - FGSM accuracy: 0.0065
Model - PGD accuracy: 0.0065
WA Model - Validation accuracy: 0.0065
WA Model - FGSM accuracy: 0.0065
WA Model - PGD accuracy: 0.0065
Best model: model (PGD acc: 0.0065, Val acc: 0.0065)

============ Epoch 27 ============
Training time: 93.16s
Training loss: nan
Training accuracy: 0.0050
Abnormal examples: 0
Current GPU memory: 4.57 GB
Validation time: 12.20s
Model - Validation accuracy: 0.0065
Model - FGSM accuracy: 0.0065
Model - PGD accuracy: 0.0065
WA Model - Validation accuracy: 0.0065
WA Model - FGSM accuracy: 0.0065
WA Model - PGD accuracy: 0.0065
Best model: model (PGD acc: 0.0065, Val acc: 0.0065)

============ Epoch 28 ============
Training time: 93.34s
Training loss: nan
Training accuracy: 0.0050
Abnormal examples: 0
Current GPU memory: 4.57 GB
Validation time: 12.06s
Model - Validation accuracy: 0.0065
Model - FGSM accuracy: 0.0065
Model - PGD accuracy: 0.0065
WA Model - Validation accuracy: 0.0065
WA Model - FGSM accuracy: 0.0065
WA Model - PGD accuracy: 0.0065
Best model: model (PGD acc: 0.0065, Val acc: 0.0065)

============ Epoch 29 ============
Training time: 93.36s
Training loss: nan
Training accuracy: 0.0050
Abnormal examples: 0
Current GPU memory: 4.57 GB
Validation time: 12.11s
Model - Validation accuracy: 0.0065
Model - FGSM accuracy: 0.0065
Model - PGD accuracy: 0.0065
WA Model - Validation accuracy: 0.0065
WA Model - FGSM accuracy: 0.0065
WA Model - PGD accuracy: 0.0065
Best model: model (PGD acc: 0.0065, Val acc: 0.0065)

============ Epoch 30 ============
Training time: 93.59s
Training loss: nan
Training accuracy: 0.0050
Abnormal examples: 0
Current GPU memory: 4.57 GB
Validation time: 12.11s
Model - Validation accuracy: 0.0065
Model - FGSM accuracy: 0.0065
Model - PGD accuracy: 0.0065
WA Model - Validation accuracy: 0.0065
WA Model - FGSM accuracy: 0.0065
WA Model - PGD accuracy: 0.0065
Best model: model (PGD acc: 0.0065, Val acc: 0.0065)

============ Epoch 31 ============
Training time: 93.18s
Training loss: nan
Training accuracy: 0.0050
Abnormal examples: 0
Current GPU memory: 4.57 GB
Validation time: 12.13s
Model - Validation accuracy: 0.0065
Model - FGSM accuracy: 0.0065
Model - PGD accuracy: 0.0065
WA Model - Validation accuracy: 0.0065
WA Model - FGSM accuracy: 0.0065
WA Model - PGD accuracy: 0.0065
Best model: model (PGD acc: 0.0065, Val acc: 0.0065)

============ Epoch 32 ============
Training time: 93.04s
Training loss: nan
Training accuracy: 0.0050
Abnormal examples: 0
Current GPU memory: 4.57 GB
Validation time: 12.09s
Model - Validation accuracy: 0.0065
Model - FGSM accuracy: 0.0065
Model - PGD accuracy: 0.0065
WA Model - Validation accuracy: 0.0065
WA Model - FGSM accuracy: 0.0065
WA Model - PGD accuracy: 0.0065
Best model: model (PGD acc: 0.0065, Val acc: 0.0065)

============ Epoch 33 ============
Training time: 93.17s
Training loss: nan
Training accuracy: 0.0050
Abnormal examples: 0
Current GPU memory: 4.57 GB
Validation time: 12.06s
Model - Validation accuracy: 0.0065
Model - FGSM accuracy: 0.0065
Model - PGD accuracy: 0.0065
WA Model - Validation accuracy: 0.0065
WA Model - FGSM accuracy: 0.0065
WA Model - PGD accuracy: 0.0065
Best model: model (PGD acc: 0.0065, Val acc: 0.0065)

============ Epoch 34 ============
Training time: 93.49s
Training loss: nan
Training accuracy: 0.0050
Abnormal examples: 0
Current GPU memory: 4.57 GB
Validation time: 12.09s
Model - Validation accuracy: 0.0065
Model - FGSM accuracy: 0.0065
Model - PGD accuracy: 0.0065
WA Model - Validation accuracy: 0.0065
WA Model - FGSM accuracy: 0.0065
WA Model - PGD accuracy: 0.0065
Best model: model (PGD acc: 0.0065, Val acc: 0.0065)

============ Epoch 35 ============
Training time: 93.26s
Training loss: nan
Training accuracy: 0.0050
Abnormal examples: 0
Current GPU memory: 4.57 GB
Validation time: 12.05s
Model - Validation accuracy: 0.0065
Model - FGSM accuracy: 0.0065
Model - PGD accuracy: 0.0065
WA Model - Validation accuracy: 0.0065
WA Model - FGSM accuracy: 0.0065
WA Model - PGD accuracy: 0.0065
Best model: model (PGD acc: 0.0065, Val acc: 0.0065)

============ Epoch 36 ============
Training time: 93.25s
Training loss: nan
Training accuracy: 0.0050
Abnormal examples: 0
Current GPU memory: 4.57 GB
Validation time: 12.05s
Model - Validation accuracy: 0.0065
Model - FGSM accuracy: 0.0065
Model - PGD accuracy: 0.0065
WA Model - Validation accuracy: 0.0065
WA Model - FGSM accuracy: 0.0065
WA Model - PGD accuracy: 0.0065
Best model: model (PGD acc: 0.0065, Val acc: 0.0065)

============ Epoch 37 ============
Training time: 93.15s
Training loss: nan
Training accuracy: 0.0050
Abnormal examples: 0
Current GPU memory: 4.57 GB
Validation time: 12.06s
Model - Validation accuracy: 0.0065
Model - FGSM accuracy: 0.0065
Model - PGD accuracy: 0.0065
WA Model - Validation accuracy: 0.0065
WA Model - FGSM accuracy: 0.0065
WA Model - PGD accuracy: 0.0065
Best model: model (PGD acc: 0.0065, Val acc: 0.0065)

============ Epoch 38 ============
Training time: 93.53s
Training loss: nan
Training accuracy: 0.0050
Abnormal examples: 0
Current GPU memory: 4.57 GB
Validation time: 12.09s
Model - Validation accuracy: 0.0065
Model - FGSM accuracy: 0.0065
Model - PGD accuracy: 0.0065
WA Model - Validation accuracy: 0.0065
WA Model - FGSM accuracy: 0.0065
WA Model - PGD accuracy: 0.0065
Best model: model (PGD acc: 0.0065, Val acc: 0.0065)

============ Epoch 39 ============
Training time: 93.44s
Training loss: nan
Training accuracy: 0.0050
Abnormal examples: 0
Current GPU memory: 4.57 GB
Validation time: 12.16s
Model - Validation accuracy: 0.0065
Model - FGSM accuracy: 0.0065
Model - PGD accuracy: 0.0065
WA Model - Validation accuracy: 0.0065
WA Model - FGSM accuracy: 0.0065
WA Model - PGD accuracy: 0.0065
Best model: model (PGD acc: 0.0065, Val acc: 0.0065)

============ Epoch 40 ============
Training time: 93.59s
Training loss: nan
Training accuracy: 0.0050
Abnormal examples: 0
Current GPU memory: 4.57 GB
Validation time: 12.06s
Model - Validation accuracy: 0.0065
Model - FGSM accuracy: 0.0065
Model - PGD accuracy: 0.0065
WA Model - Validation accuracy: 0.0065
WA Model - FGSM accuracy: 0.0065
WA Model - PGD accuracy: 0.0065
Best model: model (PGD acc: 0.0065, Val acc: 0.0065)

============ Epoch 41 ============
Training time: 93.98s
Training loss: nan
Training accuracy: 0.0050
Abnormal examples: 0
Current GPU memory: 4.57 GB
Validation time: 12.20s
Model - Validation accuracy: 0.0065
Model - FGSM accuracy: 0.0065
Model - PGD accuracy: 0.0065
WA Model - Validation accuracy: 0.0065
WA Model - FGSM accuracy: 0.0065
WA Model - PGD accuracy: 0.0065
Best model: model (PGD acc: 0.0065, Val acc: 0.0065)

============ Epoch 42 ============
Training time: 93.78s
Training loss: nan
Training accuracy: 0.0050
Abnormal examples: 0
Current GPU memory: 4.57 GB
Validation time: 12.11s
Model - Validation accuracy: 0.0065
Model - FGSM accuracy: 0.0065
Model - PGD accuracy: 0.0065
WA Model - Validation accuracy: 0.0065
WA Model - FGSM accuracy: 0.0065
WA Model - PGD accuracy: 0.0065
Best model: model (PGD acc: 0.0065, Val acc: 0.0065)

============ Epoch 43 ============
Training time: 93.53s
Training loss: nan
Training accuracy: 0.0050
Abnormal examples: 0
Current GPU memory: 4.57 GB
Validation time: 12.13s
Model - Validation accuracy: 0.0065
Model - FGSM accuracy: 0.0065
Model - PGD accuracy: 0.0065
WA Model - Validation accuracy: 0.0065
WA Model - FGSM accuracy: 0.0065
WA Model - PGD accuracy: 0.0065
Best model: model (PGD acc: 0.0065, Val acc: 0.0065)

============ Epoch 44 ============
Training time: 93.29s
Training loss: nan
Training accuracy: 0.0050
Abnormal examples: 0
Current GPU memory: 4.57 GB
Validation time: 12.07s
Model - Validation accuracy: 0.0065
Model - FGSM accuracy: 0.0065
Model - PGD accuracy: 0.0065
WA Model - Validation accuracy: 0.0065
WA Model - FGSM accuracy: 0.0065
WA Model - PGD accuracy: 0.0065
Best model: model (PGD acc: 0.0065, Val acc: 0.0065)

============ Epoch 45 ============
Training time: 93.86s
Training loss: nan
Training accuracy: 0.0050
Abnormal examples: 0
Current GPU memory: 4.57 GB
Validation time: 12.11s
Model - Validation accuracy: 0.0065
Model - FGSM accuracy: 0.0065
Model - PGD accuracy: 0.0065
WA Model - Validation accuracy: 0.0065
WA Model - FGSM accuracy: 0.0065
WA Model - PGD accuracy: 0.0065
Best model: model (PGD acc: 0.0065, Val acc: 0.0065)

============ Epoch 46 ============
Training time: 93.35s
Training loss: nan
Training accuracy: 0.0050
Abnormal examples: 0
Current GPU memory: 4.57 GB
Validation time: 12.11s
Model - Validation accuracy: 0.0065
Model - FGSM accuracy: 0.0065
Model - PGD accuracy: 0.0065
WA Model - Validation accuracy: 0.0065
WA Model - FGSM accuracy: 0.0065
WA Model - PGD accuracy: 0.0065
Best model: model (PGD acc: 0.0065, Val acc: 0.0065)

============ Epoch 47 ============
Training time: 93.38s
Training loss: nan
Training accuracy: 0.0050
Abnormal examples: 0
Current GPU memory: 4.57 GB
Validation time: 12.13s
Model - Validation accuracy: 0.0065
Model - FGSM accuracy: 0.0065
Model - PGD accuracy: 0.0065
WA Model - Validation accuracy: 0.0065
WA Model - FGSM accuracy: 0.0065
WA Model - PGD accuracy: 0.0065
Best model: model (PGD acc: 0.0065, Val acc: 0.0065)

============ Epoch 48 ============
Training time: 93.08s
Training loss: nan
Training accuracy: 0.0050
Abnormal examples: 0
Current GPU memory: 4.57 GB
Validation time: 12.08s
Model - Validation accuracy: 0.0065
Model - FGSM accuracy: 0.0065
Model - PGD accuracy: 0.0065
WA Model - Validation accuracy: 0.0065
WA Model - FGSM accuracy: 0.0065
WA Model - PGD accuracy: 0.0065
Best model: model (PGD acc: 0.0065, Val acc: 0.0065)

============ Epoch 49 ============
Training time: 93.73s
Training loss: nan
Training accuracy: 0.0050
Abnormal examples: 0
Current GPU memory: 4.57 GB
Validation time: 12.11s
Model - Validation accuracy: 0.0065
Model - FGSM accuracy: 0.0065
Model - PGD accuracy: 0.0065
WA Model - Validation accuracy: 0.0065
WA Model - FGSM accuracy: 0.0065
WA Model - PGD accuracy: 0.0065
Best model: model (PGD acc: 0.0065, Val acc: 0.0065)

============ Epoch 50 ============
Training time: 93.72s
Training loss: nan
Training accuracy: 0.0050
Abnormal examples: 0
Current GPU memory: 4.57 GB
Validation time: 12.16s
Model - Validation accuracy: 0.0065
Model - FGSM accuracy: 0.0065
Model - PGD accuracy: 0.0065
WA Model - Validation accuracy: 0.0065
WA Model - FGSM accuracy: 0.0065
WA Model - PGD accuracy: 0.0065
Best model: model (PGD acc: 0.0065, Val acc: 0.0065)

============ Epoch 51 ============
Training time: 93.38s
Training loss: nan
Training accuracy: 0.0050
Abnormal examples: 0
Current GPU memory: 4.57 GB
Validation time: 12.16s
Model - Validation accuracy: 0.0065
Model - FGSM accuracy: 0.0065
Model - PGD accuracy: 0.0065
WA Model - Validation accuracy: 0.0065
WA Model - FGSM accuracy: 0.0065
WA Model - PGD accuracy: 0.0065
Best model: model (PGD acc: 0.0065, Val acc: 0.0065)

============ Epoch 52 ============
Training time: 93.39s
Training loss: nan
Training accuracy: 0.0050
Abnormal examples: 0
Current GPU memory: 4.57 GB
Validation time: 12.11s
Model - Validation accuracy: 0.0065
Model - FGSM accuracy: 0.0065
Model - PGD accuracy: 0.0065
WA Model - Validation accuracy: 0.0065
WA Model - FGSM accuracy: 0.0065
WA Model - PGD accuracy: 0.0065
Best model: model (PGD acc: 0.0065, Val acc: 0.0065)

============ Epoch 53 ============
Training time: 93.40s
Training loss: nan
Training accuracy: 0.0050
Abnormal examples: 0
Current GPU memory: 4.57 GB
Validation time: 12.08s
Model - Validation accuracy: 0.0065
Model - FGSM accuracy: 0.0065
Model - PGD accuracy: 0.0065
WA Model - Validation accuracy: 0.0065
WA Model - FGSM accuracy: 0.0065
WA Model - PGD accuracy: 0.0065
Best model: model (PGD acc: 0.0065, Val acc: 0.0065)

============ Epoch 54 ============
Training time: 93.46s
Training loss: nan
Training accuracy: 0.0050
Abnormal examples: 0
Current GPU memory: 4.57 GB
Validation time: 12.10s
Model - Validation accuracy: 0.0065
Model - FGSM accuracy: 0.0065
Model - PGD accuracy: 0.0065
WA Model - Validation accuracy: 0.0065
WA Model - FGSM accuracy: 0.0065
WA Model - PGD accuracy: 0.0065
Best model: model (PGD acc: 0.0065, Val acc: 0.0065)

============ Epoch 55 ============
Training time: 93.44s
Training loss: nan
Training accuracy: 0.0050
Abnormal examples: 0
Current GPU memory: 4.57 GB
Validation time: 12.12s
Model - Validation accuracy: 0.0065
Model - FGSM accuracy: 0.0065
Model - PGD accuracy: 0.0065
WA Model - Validation accuracy: 0.0065
WA Model - FGSM accuracy: 0.0065
WA Model - PGD accuracy: 0.0065
Best model: model (PGD acc: 0.0065, Val acc: 0.0065)

============ Epoch 56 ============
Training time: 93.42s
Training loss: nan
Training accuracy: 0.0050
Abnormal examples: 0
Current GPU memory: 4.57 GB
Validation time: 12.13s
Model - Validation accuracy: 0.0065
Model - FGSM accuracy: 0.0065
Model - PGD accuracy: 0.0065
WA Model - Validation accuracy: 0.0065
WA Model - FGSM accuracy: 0.0065
WA Model - PGD accuracy: 0.0065
Best model: model (PGD acc: 0.0065, Val acc: 0.0065)

============ Epoch 57 ============
Training time: 93.38s
Training loss: nan
Training accuracy: 0.0050
Abnormal examples: 0
Current GPU memory: 4.57 GB
Validation time: 12.12s
Model - Validation accuracy: 0.0065
Model - FGSM accuracy: 0.0065
Model - PGD accuracy: 0.0065
WA Model - Validation accuracy: 0.0065
WA Model - FGSM accuracy: 0.0065
WA Model - PGD accuracy: 0.0065
Best model: model (PGD acc: 0.0065, Val acc: 0.0065)

============ Epoch 58 ============
Training time: 93.40s
Training loss: nan
Training accuracy: 0.0050
Abnormal examples: 0
Current GPU memory: 4.57 GB
Validation time: 12.20s
Model - Validation accuracy: 0.0065
Model - FGSM accuracy: 0.0065
Model - PGD accuracy: 0.0065
WA Model - Validation accuracy: 0.0065
WA Model - FGSM accuracy: 0.0065
WA Model - PGD accuracy: 0.0065
Best model: model (PGD acc: 0.0065, Val acc: 0.0065)

============ Epoch 59 ============
Training time: 93.46s
Training loss: nan
Training accuracy: 0.0050
Abnormal examples: 0
Current GPU memory: 4.57 GB
Validation time: 12.11s
Model - Validation accuracy: 0.0065
Model - FGSM accuracy: 0.0065
Model - PGD accuracy: 0.0065
WA Model - Validation accuracy: 0.0065
WA Model - FGSM accuracy: 0.0065
WA Model - PGD accuracy: 0.0065
Best model: model (PGD acc: 0.0065, Val acc: 0.0065)

============ Epoch 60 ============
Training time: 93.27s
Training loss: nan
Training accuracy: 0.0050
Abnormal examples: 0
Current GPU memory: 4.57 GB
Validation time: 12.11s
Model - Validation accuracy: 0.0065
Model - FGSM accuracy: 0.0065
Model - PGD accuracy: 0.0065
WA Model - Validation accuracy: 0.0065
WA Model - FGSM accuracy: 0.0065
WA Model - PGD accuracy: 0.0065
Best model: model (PGD acc: 0.0065, Val acc: 0.0065)

============ Epoch 61 ============
Training time: 93.33s
Training loss: nan
Training accuracy: 0.0050
Abnormal examples: 0
Current GPU memory: 4.57 GB
Validation time: 12.08s
Model - Validation accuracy: 0.0065
Model - FGSM accuracy: 0.0065
Model - PGD accuracy: 0.0065
WA Model - Validation accuracy: 0.0065
WA Model - FGSM accuracy: 0.0065
WA Model - PGD accuracy: 0.0065
Best model: model (PGD acc: 0.0065, Val acc: 0.0065)

============ Epoch 62 ============
Training time: 93.48s
Training loss: nan
Training accuracy: 0.0050
Abnormal examples: 0
Current GPU memory: 4.57 GB
Validation time: 12.20s
Model - Validation accuracy: 0.0065
Model - FGSM accuracy: 0.0065
Model - PGD accuracy: 0.0065
WA Model - Validation accuracy: 0.0065
WA Model - FGSM accuracy: 0.0065
WA Model - PGD accuracy: 0.0065
Best model: model (PGD acc: 0.0065, Val acc: 0.0065)

============ Epoch 63 ============
Training time: 93.57s
Training loss: nan
Training accuracy: 0.0050
Abnormal examples: 0
Current GPU memory: 4.57 GB
Validation time: 12.13s
Model - Validation accuracy: 0.0065
Model - FGSM accuracy: 0.0065
Model - PGD accuracy: 0.0065
WA Model - Validation accuracy: 0.0065
WA Model - FGSM accuracy: 0.0065
WA Model - PGD accuracy: 0.0065
Best model: model (PGD acc: 0.0065, Val acc: 0.0065)

============ Epoch 64 ============
Training time: 93.50s
Training loss: nan
Training accuracy: 0.0050
Abnormal examples: 0
Current GPU memory: 4.57 GB
Validation time: 12.11s
Model - Validation accuracy: 0.0065
Model - FGSM accuracy: 0.0065
Model - PGD accuracy: 0.0065
WA Model - Validation accuracy: 0.0065
WA Model - FGSM accuracy: 0.0065
WA Model - PGD accuracy: 0.0065
Best model: model (PGD acc: 0.0065, Val acc: 0.0065)

============ Epoch 65 ============
Training time: 93.28s
Training loss: nan
Training accuracy: 0.0050
Abnormal examples: 0
Current GPU memory: 4.57 GB
Validation time: 12.11s
Model - Validation accuracy: 0.0065
Model - FGSM accuracy: 0.0065
Model - PGD accuracy: 0.0065
WA Model - Validation accuracy: 0.0065
WA Model - FGSM accuracy: 0.0065
WA Model - PGD accuracy: 0.0065
Best model: model (PGD acc: 0.0065, Val acc: 0.0065)

============ Epoch 66 ============
Training time: 93.51s
Training loss: nan
Training accuracy: 0.0050
Abnormal examples: 0
Current GPU memory: 4.57 GB
Validation time: 12.07s
Model - Validation accuracy: 0.0065
Model - FGSM accuracy: 0.0065
Model - PGD accuracy: 0.0065
WA Model - Validation accuracy: 0.0065
WA Model - FGSM accuracy: 0.0065
WA Model - PGD accuracy: 0.0065
Best model: model (PGD acc: 0.0065, Val acc: 0.0065)

============ Epoch 67 ============
Training time: 93.54s
Training loss: nan
Training accuracy: 0.0050
Abnormal examples: 0
Current GPU memory: 4.57 GB
Validation time: 12.08s
Model - Validation accuracy: 0.0065
Model - FGSM accuracy: 0.0065
Model - PGD accuracy: 0.0065
WA Model - Validation accuracy: 0.0065
WA Model - FGSM accuracy: 0.0065
WA Model - PGD accuracy: 0.0065
Best model: model (PGD acc: 0.0065, Val acc: 0.0065)

============ Epoch 68 ============
Training time: 93.76s
Training loss: nan
Training accuracy: 0.0050
Abnormal examples: 0
Current GPU memory: 4.57 GB
Validation time: 12.07s
Model - Validation accuracy: 0.0065
Model - FGSM accuracy: 0.0065
Model - PGD accuracy: 0.0065
WA Model - Validation accuracy: 0.0065
WA Model - FGSM accuracy: 0.0065
WA Model - PGD accuracy: 0.0065
Best model: model (PGD acc: 0.0065, Val acc: 0.0065)

============ Epoch 69 ============
Training time: 93.63s
Training loss: nan
Training accuracy: 0.0050
Abnormal examples: 0
Current GPU memory: 4.57 GB
Validation time: 12.12s
Model - Validation accuracy: 0.0065
Model - FGSM accuracy: 0.0065
Model - PGD accuracy: 0.0065
WA Model - Validation accuracy: 0.0065
WA Model - FGSM accuracy: 0.0065
WA Model - PGD accuracy: 0.0065
Best model: model (PGD acc: 0.0065, Val acc: 0.0065)

============ Epoch 70 ============
Training time: 93.84s
Training loss: nan
Training accuracy: 0.0050
Abnormal examples: 0
Current GPU memory: 4.57 GB
Validation time: 12.12s
Model - Validation accuracy: 0.0065
Model - FGSM accuracy: 0.0065
Model - PGD accuracy: 0.0065
WA Model - Validation accuracy: 0.0065
WA Model - FGSM accuracy: 0.0065
WA Model - PGD accuracy: 0.0065
Best model: model (PGD acc: 0.0065, Val acc: 0.0065)

============ Epoch 71 ============
Training time: 94.18s
Training loss: nan
Training accuracy: 0.0050
Abnormal examples: 0
Current GPU memory: 4.57 GB
Validation time: 12.18s
Model - Validation accuracy: 0.0065
Model - FGSM accuracy: 0.0065
Model - PGD accuracy: 0.0065
WA Model - Validation accuracy: 0.0065
WA Model - FGSM accuracy: 0.0065
WA Model - PGD accuracy: 0.0065
Best model: model (PGD acc: 0.0065, Val acc: 0.0065)

============ Epoch 72 ============
Training time: 93.59s
Training loss: nan
Training accuracy: 0.0050
Abnormal examples: 0
Current GPU memory: 4.57 GB
Validation time: 12.12s
Model - Validation accuracy: 0.0065
Model - FGSM accuracy: 0.0065
Model - PGD accuracy: 0.0065
WA Model - Validation accuracy: 0.0065
WA Model - FGSM accuracy: 0.0065
WA Model - PGD accuracy: 0.0065
Best model: model (PGD acc: 0.0065, Val acc: 0.0065)

============ Epoch 73 ============
Training time: 93.64s
Training loss: nan
Training accuracy: 0.0050
Abnormal examples: 0
Current GPU memory: 4.57 GB
Validation time: 12.10s
Model - Validation accuracy: 0.0065
Model - FGSM accuracy: 0.0065
Model - PGD accuracy: 0.0065
WA Model - Validation accuracy: 0.0065
WA Model - FGSM accuracy: 0.0065
WA Model - PGD accuracy: 0.0065
Best model: model (PGD acc: 0.0065, Val acc: 0.0065)

============ Epoch 74 ============
Training time: 93.75s
Training loss: nan
Training accuracy: 0.0050
Abnormal examples: 0
Current GPU memory: 4.57 GB
Validation time: 12.17s
Model - Validation accuracy: 0.0065
Model - FGSM accuracy: 0.0065
Model - PGD accuracy: 0.0065
WA Model - Validation accuracy: 0.0065
WA Model - FGSM accuracy: 0.0065
WA Model - PGD accuracy: 0.0065
Best model: model (PGD acc: 0.0065, Val acc: 0.0065)

============ Epoch 75 ============
Training time: 93.31s
Training loss: nan
Training accuracy: 0.0050
Abnormal examples: 0
Current GPU memory: 4.57 GB
Validation time: 12.10s
Model - Validation accuracy: 0.0065
Model - FGSM accuracy: 0.0065
Model - PGD accuracy: 0.0065
WA Model - Validation accuracy: 0.0065
WA Model - FGSM accuracy: 0.0065
WA Model - PGD accuracy: 0.0065
Best model: model (PGD acc: 0.0065, Val acc: 0.0065)

============ Epoch 76 ============
Training time: 93.51s
Training loss: nan
Training accuracy: 0.0050
Abnormal examples: 0
Current GPU memory: 4.57 GB
Validation time: 12.12s
Model - Validation accuracy: 0.0065
Model - FGSM accuracy: 0.0065
Model - PGD accuracy: 0.0065
WA Model - Validation accuracy: 0.0065
WA Model - FGSM accuracy: 0.0065
WA Model - PGD accuracy: 0.0065
Best model: model (PGD acc: 0.0065, Val acc: 0.0065)

============ Epoch 77 ============
Training time: 93.44s
Training loss: nan
Training accuracy: 0.0050
Abnormal examples: 0
Current GPU memory: 4.57 GB
Validation time: 12.10s
Model - Validation accuracy: 0.0065
Model - FGSM accuracy: 0.0065
Model - PGD accuracy: 0.0065
WA Model - Validation accuracy: 0.0065
WA Model - FGSM accuracy: 0.0065
WA Model - PGD accuracy: 0.0065
Best model: model (PGD acc: 0.0065, Val acc: 0.0065)

============ Epoch 78 ============
Training time: 93.56s
Training loss: nan
Training accuracy: 0.0050
Abnormal examples: 0
Current GPU memory: 4.57 GB
Validation time: 12.14s
Model - Validation accuracy: 0.0065
Model - FGSM accuracy: 0.0065
Model - PGD accuracy: 0.0065
WA Model - Validation accuracy: 0.0065
WA Model - FGSM accuracy: 0.0065
WA Model - PGD accuracy: 0.0065
Best model: model (PGD acc: 0.0065, Val acc: 0.0065)

============ Epoch 79 ============
Training time: 93.56s
Training loss: nan
Training accuracy: 0.0050
Abnormal examples: 0
Current GPU memory: 4.57 GB
Validation time: 12.12s
Model - Validation accuracy: 0.0065
Model - FGSM accuracy: 0.0065
Model - PGD accuracy: 0.0065
WA Model - Validation accuracy: 0.0065
WA Model - FGSM accuracy: 0.0065
WA Model - PGD accuracy: 0.0065
Best model: model (PGD acc: 0.0065, Val acc: 0.0065)

============ Epoch 80 ============
Training time: 93.38s
Training loss: nan
Training accuracy: 0.0050
Abnormal examples: 0
Current GPU memory: 4.57 GB
Validation time: 12.15s
Model - Validation accuracy: 0.0065
Model - FGSM accuracy: 0.0065
Model - PGD accuracy: 0.0065
WA Model - Validation accuracy: 0.0065
WA Model - FGSM accuracy: 0.0065
WA Model - PGD accuracy: 0.0065
Best model: model (PGD acc: 0.0065, Val acc: 0.0065)

============ Epoch 81 ============
Training time: 93.72s
Training loss: nan
Training accuracy: 0.0050
Abnormal examples: 0
Current GPU memory: 4.57 GB
Validation time: 12.14s
Model - Validation accuracy: 0.0065
Model - FGSM accuracy: 0.0065
Model - PGD accuracy: 0.0065
WA Model - Validation accuracy: 0.0065
WA Model - FGSM accuracy: 0.0065
WA Model - PGD accuracy: 0.0065
Best model: model (PGD acc: 0.0065, Val acc: 0.0065)

============ Epoch 82 ============
Training time: 93.66s
Training loss: nan
Training accuracy: 0.0050
Abnormal examples: 0
Current GPU memory: 4.57 GB
Validation time: 12.16s
Model - Validation accuracy: 0.0065
Model - FGSM accuracy: 0.0065
Model - PGD accuracy: 0.0065
WA Model - Validation accuracy: 0.0065
WA Model - FGSM accuracy: 0.0065
WA Model - PGD accuracy: 0.0065
Best model: model (PGD acc: 0.0065, Val acc: 0.0065)

============ Epoch 83 ============
Training time: 94.12s
Training loss: nan
Training accuracy: 0.0050
Abnormal examples: 0
Current GPU memory: 4.57 GB
Validation time: 12.14s
Model - Validation accuracy: 0.0065
Model - FGSM accuracy: 0.0065
Model - PGD accuracy: 0.0065
WA Model - Validation accuracy: 0.0065
WA Model - FGSM accuracy: 0.0065
WA Model - PGD accuracy: 0.0065
Best model: model (PGD acc: 0.0065, Val acc: 0.0065)

============ Epoch 84 ============
Training time: 92.86s
Training loss: nan
Training accuracy: 0.0050
Abnormal examples: 0
Current GPU memory: 4.57 GB
Validation time: 12.10s
Model - Validation accuracy: 0.0065
Model - FGSM accuracy: 0.0065
Model - PGD accuracy: 0.0065
WA Model - Validation accuracy: 0.0065
WA Model - FGSM accuracy: 0.0065
WA Model - PGD accuracy: 0.0065
Best model: model (PGD acc: 0.0065, Val acc: 0.0065)

============ Epoch 85 ============
Training time: 93.10s
Training loss: nan
Training accuracy: 0.0050
Abnormal examples: 0
Current GPU memory: 4.57 GB
Validation time: 12.07s
Model - Validation accuracy: 0.0065
Model - FGSM accuracy: 0.0065
Model - PGD accuracy: 0.0065
WA Model - Validation accuracy: 0.0065
WA Model - FGSM accuracy: 0.0065
WA Model - PGD accuracy: 0.0065
Best model: model (PGD acc: 0.0065, Val acc: 0.0065)

============ Epoch 86 ============
Training time: 93.22s
Training loss: nan
Training accuracy: 0.0050
Abnormal examples: 0
Current GPU memory: 4.57 GB
Validation time: 12.12s
Model - Validation accuracy: 0.0065
Model - FGSM accuracy: 0.0065
Model - PGD accuracy: 0.0065
WA Model - Validation accuracy: 0.0065
WA Model - FGSM accuracy: 0.0065
WA Model - PGD accuracy: 0.0065
Best model: model (PGD acc: 0.0065, Val acc: 0.0065)

============ Epoch 87 ============
Training time: 93.44s
Training loss: nan
Training accuracy: 0.0050
Abnormal examples: 0
Current GPU memory: 4.57 GB
Validation time: 12.16s
Model - Validation accuracy: 0.0065
Model - FGSM accuracy: 0.0065
Model - PGD accuracy: 0.0065
WA Model - Validation accuracy: 0.0065
WA Model - FGSM accuracy: 0.0065
WA Model - PGD accuracy: 0.0065
Best model: model (PGD acc: 0.0065, Val acc: 0.0065)

============ Epoch 88 ============
Training time: 93.42s
Training loss: nan
Training accuracy: 0.0050
Abnormal examples: 0
Current GPU memory: 4.57 GB
Validation time: 12.11s
Model - Validation accuracy: 0.0065
Model - FGSM accuracy: 0.0065
Model - PGD accuracy: 0.0065
WA Model - Validation accuracy: 0.0065
WA Model - FGSM accuracy: 0.0065
WA Model - PGD accuracy: 0.0065
Best model: model (PGD acc: 0.0065, Val acc: 0.0065)

============ Epoch 89 ============
Training time: 93.49s
Training loss: nan
Training accuracy: 0.0050
Abnormal examples: 0
Current GPU memory: 4.57 GB
Validation time: 12.12s
Model - Validation accuracy: 0.0065
Model - FGSM accuracy: 0.0065
Model - PGD accuracy: 0.0065
WA Model - Validation accuracy: 0.0065
WA Model - FGSM accuracy: 0.0065
WA Model - PGD accuracy: 0.0065
Best model: model (PGD acc: 0.0065, Val acc: 0.0065)

============ Epoch 90 ============
Training time: 93.29s
Training loss: nan
Training accuracy: 0.0050
Abnormal examples: 0
Current GPU memory: 4.57 GB
Validation time: 12.11s
Model - Validation accuracy: 0.0065
Model - FGSM accuracy: 0.0065
Model - PGD accuracy: 0.0065
WA Model - Validation accuracy: 0.0065
WA Model - FGSM accuracy: 0.0065
WA Model - PGD accuracy: 0.0065
Best model: model (PGD acc: 0.0065, Val acc: 0.0065)

============ Epoch 91 ============
Training time: 93.81s
Training loss: nan
Training accuracy: 0.0050
Abnormal examples: 0
Current GPU memory: 4.57 GB
Validation time: 12.09s
Model - Validation accuracy: 0.0065
Model - FGSM accuracy: 0.0065
Model - PGD accuracy: 0.0065
WA Model - Validation accuracy: 0.0065
WA Model - FGSM accuracy: 0.0065
WA Model - PGD accuracy: 0.0065
Best model: model (PGD acc: 0.0065, Val acc: 0.0065)

============ Epoch 92 ============
Training time: 93.26s
Training loss: nan
Training accuracy: 0.0050
Abnormal examples: 0
Current GPU memory: 4.57 GB
Validation time: 12.14s
Model - Validation accuracy: 0.0065
Model - FGSM accuracy: 0.0065
Model - PGD accuracy: 0.0065
WA Model - Validation accuracy: 0.0065
WA Model - FGSM accuracy: 0.0065
WA Model - PGD accuracy: 0.0065
Best model: model (PGD acc: 0.0065, Val acc: 0.0065)

============ Epoch 93 ============
Training time: 93.32s
Training loss: nan
Training accuracy: 0.0050
Abnormal examples: 0
Current GPU memory: 4.57 GB
Validation time: 12.12s
Model - Validation accuracy: 0.0065
Model - FGSM accuracy: 0.0065
Model - PGD accuracy: 0.0065
WA Model - Validation accuracy: 0.0065
WA Model - FGSM accuracy: 0.0065
WA Model - PGD accuracy: 0.0065
Best model: model (PGD acc: 0.0065, Val acc: 0.0065)

============ Epoch 94 ============
Training time: 93.76s
Training loss: nan
Training accuracy: 0.0050
Abnormal examples: 0
Current GPU memory: 4.57 GB
Validation time: 12.07s
Model - Validation accuracy: 0.0065
Model - FGSM accuracy: 0.0065
Model - PGD accuracy: 0.0065
WA Model - Validation accuracy: 0.0065
WA Model - FGSM accuracy: 0.0065
WA Model - PGD accuracy: 0.0065
Best model: model (PGD acc: 0.0065, Val acc: 0.0065)

============ Epoch 95 ============
Training time: 93.30s
Training loss: nan
Training accuracy: 0.0050
Abnormal examples: 0
Current GPU memory: 4.57 GB
Validation time: 12.10s
Model - Validation accuracy: 0.0065
Model - FGSM accuracy: 0.0065
Model - PGD accuracy: 0.0065
WA Model - Validation accuracy: 0.0065
WA Model - FGSM accuracy: 0.0065
WA Model - PGD accuracy: 0.0065
Best model: model (PGD acc: 0.0065, Val acc: 0.0065)

============ Epoch 96 ============
Training time: 93.37s
Training loss: nan
Training accuracy: 0.0050
Abnormal examples: 0
Current GPU memory: 4.57 GB
Validation time: 12.22s
Model - Validation accuracy: 0.0065
Model - FGSM accuracy: 0.0065
Model - PGD accuracy: 0.0065
WA Model - Validation accuracy: 0.0065
WA Model - FGSM accuracy: 0.0065
WA Model - PGD accuracy: 0.0065
Best model: model (PGD acc: 0.0065, Val acc: 0.0065)

============ Epoch 97 ============
Training time: 93.32s
Training loss: nan
Training accuracy: 0.0050
Abnormal examples: 0
Current GPU memory: 4.57 GB
Validation time: 12.11s
Model - Validation accuracy: 0.0065
Model - FGSM accuracy: 0.0065
Model - PGD accuracy: 0.0065
WA Model - Validation accuracy: 0.0065
WA Model - FGSM accuracy: 0.0065
WA Model - PGD accuracy: 0.0065
Best model: model (PGD acc: 0.0065, Val acc: 0.0065)

============ Epoch 98 ============
Training time: 93.27s
Training loss: nan
Training accuracy: 0.0050
Abnormal examples: 0
Current GPU memory: 4.57 GB
Validation time: 12.12s
Model - Validation accuracy: 0.0065
Model - FGSM accuracy: 0.0065
Model - PGD accuracy: 0.0065
WA Model - Validation accuracy: 0.0065
WA Model - FGSM accuracy: 0.0065
WA Model - PGD accuracy: 0.0065
Best model: model (PGD acc: 0.0065, Val acc: 0.0065)

============ Epoch 99 ============
Training time: 93.40s
Training loss: nan
Training accuracy: 0.0050
Abnormal examples: 0
Current GPU memory: 4.57 GB
Validation time: 12.11s
Model - Validation accuracy: 0.0065
Model - FGSM accuracy: 0.0065
Model - PGD accuracy: 0.0065
WA Model - Validation accuracy: 0.0065
WA Model - FGSM accuracy: 0.0065
WA Model - PGD accuracy: 0.0065
Best model: model (PGD acc: 0.0065, Val acc: 0.0065)

train_acc_list: 
[0.005061224489795919, 0.005510204081632653, 0.0054285714285714284, 0.004969387755102041, 0.004969387755102041, 0.004969387755102041, 0.004969387755102041, 0.004969387755102041, 0.004969387755102041, 0.004969387755102041, 0.004969387755102041, 0.004969387755102041, 0.004969387755102041, 0.004969387755102041, 0.004969387755102041, 0.004969387755102041, 0.004969387755102041, 0.004969387755102041, 0.004969387755102041, 0.004969387755102041, 0.004969387755102041, 0.004969387755102041, 0.004969387755102041, 0.004969387755102041, 0.004969387755102041, 0.004969387755102041, 0.004969387755102041, 0.004969387755102041, 0.004969387755102041, 0.004969387755102041, 0.004969387755102041, 0.004969387755102041, 0.004969387755102041, 0.004969387755102041, 0.004969387755102041, 0.004969387755102041, 0.004969387755102041, 0.004969387755102041, 0.004969387755102041, 0.004969387755102041, 0.004969387755102041, 0.004969387755102041, 0.004969387755102041, 0.004969387755102041, 0.004969387755102041, 0.004969387755102041, 0.004969387755102041, 0.004969387755102041, 0.004969387755102041, 0.004969387755102041, 0.004969387755102041, 0.004969387755102041, 0.004969387755102041, 0.004969387755102041, 0.004969387755102041, 0.004969387755102041, 0.004969387755102041, 0.004969387755102041, 0.004969387755102041, 0.004969387755102041, 0.004969387755102041, 0.004969387755102041, 0.004969387755102041, 0.004969387755102041, 0.004969387755102041, 0.004969387755102041, 0.004969387755102041, 0.004969387755102041, 0.004969387755102041, 0.004969387755102041, 0.004969387755102041, 0.004969387755102041, 0.004969387755102041, 0.004969387755102041, 0.004969387755102041, 0.004969387755102041, 0.004969387755102041, 0.004969387755102041, 0.004969387755102041, 0.004969387755102041, 0.004969387755102041, 0.004969387755102041, 0.004969387755102041, 0.004969387755102041, 0.004969387755102041, 0.004969387755102041, 0.004969387755102041, 0.004969387755102041, 0.004969387755102041, 0.004969387755102041, 0.004969387755102041, 0.004969387755102041, 0.004969387755102041, 0.004969387755102041, 0.004969387755102041, 0.004969387755102041, 0.004969387755102041, 0.004969387755102041, 0.004969387755102041, 0.004969387755102041]

model_val_acc_list: 
[0.007, 0.004, 0.0065, 0.0065, 0.0065, 0.0065, 0.0065, 0.0065, 0.0065, 0.0065, 0.0065, 0.0065, 0.0065, 0.0065, 0.0065, 0.0065, 0.0065, 0.0065, 0.0065, 0.0065, 0.0065, 0.0065, 0.0065, 0.0065, 0.0065, 0.0065, 0.0065, 0.0065, 0.0065, 0.0065, 0.0065, 0.0065, 0.0065, 0.0065, 0.0065, 0.0065, 0.0065, 0.0065, 0.0065, 0.0065, 0.0065, 0.0065, 0.0065, 0.0065, 0.0065, 0.0065, 0.0065, 0.0065, 0.0065, 0.0065, 0.0065, 0.0065, 0.0065, 0.0065, 0.0065, 0.0065, 0.0065, 0.0065, 0.0065, 0.0065, 0.0065, 0.0065, 0.0065, 0.0065, 0.0065, 0.0065, 0.0065, 0.0065, 0.0065, 0.0065, 0.0065, 0.0065, 0.0065, 0.0065, 0.0065, 0.0065, 0.0065, 0.0065, 0.0065, 0.0065, 0.0065, 0.0065, 0.0065, 0.0065, 0.0065, 0.0065, 0.0065, 0.0065, 0.0065, 0.0065, 0.0065, 0.0065, 0.0065, 0.0065, 0.0065, 0.0065, 0.0065, 0.0065, 0.0065, 0.0065]

model_pgd_acc_list: 
[0.0055, 0.0025, 0.0065, 0.0065, 0.0065, 0.0065, 0.0065, 0.0065, 0.0065, 0.0065, 0.0065, 0.0065, 0.0065, 0.0065, 0.0065, 0.0065, 0.0065, 0.0065, 0.0065, 0.0065, 0.0065, 0.0065, 0.0065, 0.0065, 0.0065, 0.0065, 0.0065, 0.0065, 0.0065, 0.0065, 0.0065, 0.0065, 0.0065, 0.0065, 0.0065, 0.0065, 0.0065, 0.0065, 0.0065, 0.0065, 0.0065, 0.0065, 0.0065, 0.0065, 0.0065, 0.0065, 0.0065, 0.0065, 0.0065, 0.0065, 0.0065, 0.0065, 0.0065, 0.0065, 0.0065, 0.0065, 0.0065, 0.0065, 0.0065, 0.0065, 0.0065, 0.0065, 0.0065, 0.0065, 0.0065, 0.0065, 0.0065, 0.0065, 0.0065, 0.0065, 0.0065, 0.0065, 0.0065, 0.0065, 0.0065, 0.0065, 0.0065, 0.0065, 0.0065, 0.0065, 0.0065, 0.0065, 0.0065, 0.0065, 0.0065, 0.0065, 0.0065, 0.0065, 0.0065, 0.0065, 0.0065, 0.0065, 0.0065, 0.0065, 0.0065, 0.0065, 0.0065, 0.0065, 0.0065, 0.0065]

model_fgsm_acc_list: 
[0.006, 0.0025, 0.0065, 0.0065, 0.0065, 0.0065, 0.0065, 0.0065, 0.0065, 0.0065, 0.0065, 0.0065, 0.0065, 0.0065, 0.0065, 0.0065, 0.0065, 0.0065, 0.0065, 0.0065, 0.0065, 0.0065, 0.0065, 0.0065, 0.0065, 0.0065, 0.0065, 0.0065, 0.0065, 0.0065, 0.0065, 0.0065, 0.0065, 0.0065, 0.0065, 0.0065, 0.0065, 0.0065, 0.0065, 0.0065, 0.0065, 0.0065, 0.0065, 0.0065, 0.0065, 0.0065, 0.0065, 0.0065, 0.0065, 0.0065, 0.0065, 0.0065, 0.0065, 0.0065, 0.0065, 0.0065, 0.0065, 0.0065, 0.0065, 0.0065, 0.0065, 0.0065, 0.0065, 0.0065, 0.0065, 0.0065, 0.0065, 0.0065, 0.0065, 0.0065, 0.0065, 0.0065, 0.0065, 0.0065, 0.0065, 0.0065, 0.0065, 0.0065, 0.0065, 0.0065, 0.0065, 0.0065, 0.0065, 0.0065, 0.0065, 0.0065, 0.0065, 0.0065, 0.0065, 0.0065, 0.0065, 0.0065, 0.0065, 0.0065, 0.0065, 0.0065, 0.0065, 0.0065, 0.0065, 0.0065]

wa_val_acc_list: 
[0.0035, 0.0035, 0.0065, 0.0065, 0.0065, 0.0065, 0.0065, 0.0065, 0.0065, 0.0065, 0.0065, 0.0065, 0.0065, 0.0065, 0.0065, 0.0065, 0.0065, 0.0065, 0.0065, 0.0065, 0.0065, 0.0065, 0.0065, 0.0065, 0.0065, 0.0065, 0.0065, 0.0065, 0.0065, 0.0065, 0.0065, 0.0065, 0.0065, 0.0065, 0.0065, 0.0065, 0.0065, 0.0065, 0.0065, 0.0065, 0.0065, 0.0065, 0.0065, 0.0065, 0.0065, 0.0065, 0.0065, 0.0065, 0.0065, 0.0065, 0.0065, 0.0065, 0.0065, 0.0065, 0.0065, 0.0065, 0.0065, 0.0065, 0.0065, 0.0065, 0.0065, 0.0065, 0.0065, 0.0065, 0.0065, 0.0065, 0.0065, 0.0065, 0.0065, 0.0065, 0.0065, 0.0065, 0.0065, 0.0065, 0.0065, 0.0065, 0.0065, 0.0065, 0.0065, 0.0065, 0.0065, 0.0065, 0.0065, 0.0065, 0.0065, 0.0065, 0.0065, 0.0065, 0.0065, 0.0065, 0.0065, 0.0065, 0.0065, 0.0065, 0.0065, 0.0065, 0.0065, 0.0065, 0.0065, 0.0065]

wa_pgd_acc_list: 
[0.0035, 0.0035, 0.0065, 0.0065, 0.0065, 0.0065, 0.0065, 0.0065, 0.0065, 0.0065, 0.0065, 0.0065, 0.0065, 0.0065, 0.0065, 0.0065, 0.0065, 0.0065, 0.0065, 0.0065, 0.0065, 0.0065, 0.0065, 0.0065, 0.0065, 0.0065, 0.0065, 0.0065, 0.0065, 0.0065, 0.0065, 0.0065, 0.0065, 0.0065, 0.0065, 0.0065, 0.0065, 0.0065, 0.0065, 0.0065, 0.0065, 0.0065, 0.0065, 0.0065, 0.0065, 0.0065, 0.0065, 0.0065, 0.0065, 0.0065, 0.0065, 0.0065, 0.0065, 0.0065, 0.0065, 0.0065, 0.0065, 0.0065, 0.0065, 0.0065, 0.0065, 0.0065, 0.0065, 0.0065, 0.0065, 0.0065, 0.0065, 0.0065, 0.0065, 0.0065, 0.0065, 0.0065, 0.0065, 0.0065, 0.0065, 0.0065, 0.0065, 0.0065, 0.0065, 0.0065, 0.0065, 0.0065, 0.0065, 0.0065, 0.0065, 0.0065, 0.0065, 0.0065, 0.0065, 0.0065, 0.0065, 0.0065, 0.0065, 0.0065, 0.0065, 0.0065, 0.0065, 0.0065, 0.0065, 0.0065]

wa_fgsm_acc_list: 
[0.0035, 0.0035, 0.0065, 0.0065, 0.0065, 0.0065, 0.0065, 0.0065, 0.0065, 0.0065, 0.0065, 0.0065, 0.0065, 0.0065, 0.0065, 0.0065, 0.0065, 0.0065, 0.0065, 0.0065, 0.0065, 0.0065, 0.0065, 0.0065, 0.0065, 0.0065, 0.0065, 0.0065, 0.0065, 0.0065, 0.0065, 0.0065, 0.0065, 0.0065, 0.0065, 0.0065, 0.0065, 0.0065, 0.0065, 0.0065, 0.0065, 0.0065, 0.0065, 0.0065, 0.0065, 0.0065, 0.0065, 0.0065, 0.0065, 0.0065, 0.0065, 0.0065, 0.0065, 0.0065, 0.0065, 0.0065, 0.0065, 0.0065, 0.0065, 0.0065, 0.0065, 0.0065, 0.0065, 0.0065, 0.0065, 0.0065, 0.0065, 0.0065, 0.0065, 0.0065, 0.0065, 0.0065, 0.0065, 0.0065, 0.0065, 0.0065, 0.0065, 0.0065, 0.0065, 0.0065, 0.0065, 0.0065, 0.0065, 0.0065, 0.0065, 0.0065, 0.0065, 0.0065, 0.0065, 0.0065, 0.0065, 0.0065, 0.0065, 0.0065, 0.0065, 0.0065, 0.0065, 0.0065, 0.0065, 0.0065]

total_training_time: 
9357.128744125366

total_val_time: 
1212.5422735214233

max_gpu_memory: 4.57 GB

==================================================
Starting final evaluation on test set...
==================================================
PGD test results:
  clean_acc: 0.0050
  pgd_10_acc: 0.0050
  pgd_20_acc: 0.0050
  pgd_50_acc: 0.0050
AutoAttack results:
  autoattack_acc: 0.0050
CR-Attack results:
  cr_attack_acc: 0.0050
