Method: grad_align
Seed: 2
Scheduler: OneCycleLR
Label smoothing: 0.4
Weight average: True, tau: 0.9995
grad_align_cos_lambda: 0.2


============ Epoch 0 ============
Training time: 358.85s
Training loss: 5.2941
Training accuracy: 0.0134
Current GPU memory: 6.76 GB
Validation time: 12.71s
Model - Validation accuracy: 0.0310
Model - FGSM accuracy: 0.0225
Model - PGD accuracy: 0.0220
WA Model - Validation accuracy: 0.0065
WA Model - FGSM accuracy: 0.0065
WA Model - PGD accuracy: 0.0065
Best model: model (PGD acc: 0.0220, Val acc: 0.0310)

============ Epoch 1 ============
Training time: 359.26s
Training loss: 5.2260
Training accuracy: 0.0242
Current GPU memory: 6.76 GB
Validation time: 12.74s
Model - Validation accuracy: 0.0570
Model - FGSM accuracy: 0.0360
Model - PGD accuracy: 0.0350
WA Model - Validation accuracy: 0.0065
WA Model - FGSM accuracy: 0.0065
WA Model - PGD accuracy: 0.0065
Best model: model (PGD acc: 0.0350, Val acc: 0.0570)

============ Epoch 2 ============
Training time: 359.74s
Training loss: 5.1774
Training accuracy: 0.0358
Current GPU memory: 6.76 GB
Validation time: 12.74s
Model - Validation accuracy: 0.0790
Model - FGSM accuracy: 0.0470
Model - PGD accuracy: 0.0445
WA Model - Validation accuracy: 0.0040
WA Model - FGSM accuracy: 0.0040
WA Model - PGD accuracy: 0.0040
Best model: model (PGD acc: 0.0445, Val acc: 0.0790)

============ Epoch 3 ============
Training time: 359.32s
Training loss: 5.1301
Training accuracy: 0.0498
Current GPU memory: 6.76 GB
Validation time: 12.79s
Model - Validation accuracy: 0.1105
Model - FGSM accuracy: 0.0670
Model - PGD accuracy: 0.0655
WA Model - Validation accuracy: 0.0050
WA Model - FGSM accuracy: 0.0045
WA Model - PGD accuracy: 0.0045
Best model: model (PGD acc: 0.0655, Val acc: 0.1105)

============ Epoch 4 ============
Training time: 359.56s
Training loss: 5.0877
Training accuracy: 0.0618
Current GPU memory: 6.76 GB
Validation time: 12.82s
Model - Validation accuracy: 0.1320
Model - FGSM accuracy: 0.0765
Model - PGD accuracy: 0.0725
WA Model - Validation accuracy: 0.0075
WA Model - FGSM accuracy: 0.0070
WA Model - PGD accuracy: 0.0070
Best model: model (PGD acc: 0.0725, Val acc: 0.1320)

============ Epoch 5 ============
Training time: 359.46s
Training loss: 5.0509
Training accuracy: 0.0734
Current GPU memory: 6.76 GB
Validation time: 12.78s
Model - Validation accuracy: 0.1560
Model - FGSM accuracy: 0.0850
Model - PGD accuracy: 0.0810
WA Model - Validation accuracy: 0.0075
WA Model - FGSM accuracy: 0.0065
WA Model - PGD accuracy: 0.0065
Best model: model (PGD acc: 0.0810, Val acc: 0.1560)

============ Epoch 6 ============
Training time: 359.67s
Training loss: 5.0183
Training accuracy: 0.0836
Current GPU memory: 6.76 GB
Validation time: 12.73s
Model - Validation accuracy: 0.1655
Model - FGSM accuracy: 0.0840
Model - PGD accuracy: 0.0820
WA Model - Validation accuracy: 0.0105
WA Model - FGSM accuracy: 0.0075
WA Model - PGD accuracy: 0.0075
Best model: model (PGD acc: 0.0820, Val acc: 0.1655)

============ Epoch 7 ============
Training time: 359.77s
Training loss: 4.9915
Training accuracy: 0.0926
Current GPU memory: 6.76 GB
Validation time: 12.76s
Model - Validation accuracy: 0.1835
Model - FGSM accuracy: 0.1020
Model - PGD accuracy: 0.0980
WA Model - Validation accuracy: 0.0175
WA Model - FGSM accuracy: 0.0120
WA Model - PGD accuracy: 0.0120
Best model: model (PGD acc: 0.0980, Val acc: 0.1835)

============ Epoch 8 ============
Training time: 359.51s
Training loss: 4.9637
Training accuracy: 0.1025
Current GPU memory: 6.76 GB
Validation time: 12.75s
Model - Validation accuracy: 0.2045
Model - FGSM accuracy: 0.1125
Model - PGD accuracy: 0.1075
WA Model - Validation accuracy: 0.0345
WA Model - FGSM accuracy: 0.0170
WA Model - PGD accuracy: 0.0175
Best model: model (PGD acc: 0.1075, Val acc: 0.2045)

============ Epoch 9 ============
Training time: 359.80s
Training loss: 4.9370
Training accuracy: 0.1105
Current GPU memory: 6.76 GB
Validation time: 12.80s
Model - Validation accuracy: 0.2125
Model - FGSM accuracy: 0.1200
Model - PGD accuracy: 0.1175
WA Model - Validation accuracy: 0.0485
WA Model - FGSM accuracy: 0.0285
WA Model - PGD accuracy: 0.0280
Best model: model (PGD acc: 0.1175, Val acc: 0.2125)

============ Epoch 10 ============
Training time: 359.57s
Training loss: 4.9104
Training accuracy: 0.1186
Current GPU memory: 6.76 GB
Validation time: 12.89s
Model - Validation accuracy: 0.2390
Model - FGSM accuracy: 0.1255
Model - PGD accuracy: 0.1205
WA Model - Validation accuracy: 0.0670
WA Model - FGSM accuracy: 0.0360
WA Model - PGD accuracy: 0.0355
Best model: model (PGD acc: 0.1205, Val acc: 0.2390)

============ Epoch 11 ============
Training time: 359.73s
Training loss: 4.8865
Training accuracy: 0.1274
Current GPU memory: 6.76 GB
Validation time: 12.77s
Model - Validation accuracy: 0.2315
Model - FGSM accuracy: 0.1280
Model - PGD accuracy: 0.1215
WA Model - Validation accuracy: 0.0850
WA Model - FGSM accuracy: 0.0425
WA Model - PGD accuracy: 0.0425
Best model: model (PGD acc: 0.1215, Val acc: 0.2315)

============ Epoch 12 ============
Training time: 358.96s
Training loss: 4.8653
Training accuracy: 0.1342
Current GPU memory: 6.76 GB
Validation time: 12.80s
Model - Validation accuracy: 0.2335
Model - FGSM accuracy: 0.1265
Model - PGD accuracy: 0.1235
WA Model - Validation accuracy: 0.0930
WA Model - FGSM accuracy: 0.0515
WA Model - PGD accuracy: 0.0505
Best model: model (PGD acc: 0.1235, Val acc: 0.2335)

============ Epoch 13 ============
Training time: 359.16s
Training loss: 4.8431
Training accuracy: 0.1417
Current GPU memory: 6.76 GB
Validation time: 12.75s
Model - Validation accuracy: 0.2600
Model - FGSM accuracy: 0.1380
Model - PGD accuracy: 0.1365
WA Model - Validation accuracy: 0.0905
WA Model - FGSM accuracy: 0.0525
WA Model - PGD accuracy: 0.0515
Best model: model (PGD acc: 0.1365, Val acc: 0.2600)

============ Epoch 14 ============
Training time: 359.17s
Training loss: 4.8236
Training accuracy: 0.1487
Current GPU memory: 6.76 GB
Validation time: 12.73s
Model - Validation accuracy: 0.2815
Model - FGSM accuracy: 0.1435
Model - PGD accuracy: 0.1385
WA Model - Validation accuracy: 0.0785
WA Model - FGSM accuracy: 0.0430
WA Model - PGD accuracy: 0.0410
Best model: model (PGD acc: 0.1385, Val acc: 0.2815)

============ Epoch 15 ============
Training time: 358.81s
Training loss: 4.8112
Training accuracy: 0.1544
Current GPU memory: 6.76 GB
Validation time: 12.71s
Model - Validation accuracy: 0.2820
Model - FGSM accuracy: 0.1540
Model - PGD accuracy: 0.1485
WA Model - Validation accuracy: 0.0625
WA Model - FGSM accuracy: 0.0320
WA Model - PGD accuracy: 0.0315
Best model: model (PGD acc: 0.1485, Val acc: 0.2820)

============ Epoch 16 ============
Training time: 358.90s
Training loss: 4.7974
Training accuracy: 0.1586
Current GPU memory: 6.76 GB
Validation time: 12.71s
Model - Validation accuracy: 0.2940
Model - FGSM accuracy: 0.1600
Model - PGD accuracy: 0.1535
WA Model - Validation accuracy: 0.0490
WA Model - FGSM accuracy: 0.0200
WA Model - PGD accuracy: 0.0200
Best model: model (PGD acc: 0.1535, Val acc: 0.2940)

============ Epoch 17 ============
Training time: 359.04s
Training loss: 4.7882
Training accuracy: 0.1625
Current GPU memory: 6.76 GB
Validation time: 12.73s
Model - Validation accuracy: 0.3000
Model - FGSM accuracy: 0.1585
Model - PGD accuracy: 0.1475
WA Model - Validation accuracy: 0.0465
WA Model - FGSM accuracy: 0.0180
WA Model - PGD accuracy: 0.0180
Best model: model (PGD acc: 0.1475, Val acc: 0.3000)

============ Epoch 18 ============
Training time: 359.47s
Training loss: 4.7777
Training accuracy: 0.1661
Current GPU memory: 6.76 GB
Validation time: 12.83s
Model - Validation accuracy: 0.3050
Model - FGSM accuracy: 0.1675
Model - PGD accuracy: 0.1585
WA Model - Validation accuracy: 0.0470
WA Model - FGSM accuracy: 0.0180
WA Model - PGD accuracy: 0.0180
Best model: model (PGD acc: 0.1585, Val acc: 0.3050)

============ Epoch 19 ============
Training time: 359.90s
Training loss: 4.7694
Training accuracy: 0.1689
Current GPU memory: 6.76 GB
Validation time: 12.82s
Model - Validation accuracy: 0.2940
Model - FGSM accuracy: 0.1525
Model - PGD accuracy: 0.1450
WA Model - Validation accuracy: 0.0595
WA Model - FGSM accuracy: 0.0300
WA Model - PGD accuracy: 0.0300
Best model: model (PGD acc: 0.1450, Val acc: 0.2940)

============ Epoch 20 ============
Training time: 359.56s
Training loss: 4.7597
Training accuracy: 0.1728
Current GPU memory: 6.76 GB
Validation time: 12.77s
Model - Validation accuracy: 0.3030
Model - FGSM accuracy: 0.1615
Model - PGD accuracy: 0.1495
WA Model - Validation accuracy: 0.0915
WA Model - FGSM accuracy: 0.0490
WA Model - PGD accuracy: 0.0480
Best model: model (PGD acc: 0.1495, Val acc: 0.3030)

============ Epoch 21 ============
Training time: 358.90s
Training loss: 4.7524
Training accuracy: 0.1766
Current GPU memory: 6.76 GB
Validation time: 12.69s
Model - Validation accuracy: 0.3075
Model - FGSM accuracy: 0.1605
Model - PGD accuracy: 0.1495
WA Model - Validation accuracy: 0.1330
WA Model - FGSM accuracy: 0.0705
WA Model - PGD accuracy: 0.0695
Best model: model (PGD acc: 0.1495, Val acc: 0.3075)

============ Epoch 22 ============
Training time: 358.92s
Training loss: 4.7426
Training accuracy: 0.1777
Current GPU memory: 6.76 GB
Validation time: 12.79s
Model - Validation accuracy: 0.3145
Model - FGSM accuracy: 0.1720
Model - PGD accuracy: 0.1660
WA Model - Validation accuracy: 0.1895
WA Model - FGSM accuracy: 0.1040
WA Model - PGD accuracy: 0.1005
Best model: model (PGD acc: 0.1660, Val acc: 0.3145)

============ Epoch 23 ============
Training time: 358.98s
Training loss: 4.7372
Training accuracy: 0.1809
Current GPU memory: 6.76 GB
Validation time: 12.69s
Model - Validation accuracy: 0.3195
Model - FGSM accuracy: 0.1630
Model - PGD accuracy: 0.1565
WA Model - Validation accuracy: 0.2400
WA Model - FGSM accuracy: 0.1295
WA Model - PGD accuracy: 0.1280
Best model: model (PGD acc: 0.1565, Val acc: 0.3195)

============ Epoch 24 ============
Training time: 358.65s
Training loss: 4.7298
Training accuracy: 0.1829
Current GPU memory: 6.76 GB
Validation time: 12.75s
Model - Validation accuracy: 0.3180
Model - FGSM accuracy: 0.1575
Model - PGD accuracy: 0.1420
WA Model - Validation accuracy: 0.2820
WA Model - FGSM accuracy: 0.1610
WA Model - PGD accuracy: 0.1565
Best model: wa_model (PGD acc: 0.1565, Val acc: 0.2820)

============ Epoch 25 ============
Training time: 358.94s
Training loss: 4.7252
Training accuracy: 0.1850
Current GPU memory: 6.76 GB
Validation time: 12.66s
Model - Validation accuracy: 0.2960
Model - FGSM accuracy: 0.1535
Model - PGD accuracy: 0.1420
WA Model - Validation accuracy: 0.3150
WA Model - FGSM accuracy: 0.1865
WA Model - PGD accuracy: 0.1790
Best model: wa_model (PGD acc: 0.1790, Val acc: 0.3150)

============ Epoch 26 ============
Training time: 358.62s
Training loss: 4.7181
Training accuracy: 0.1883
Current GPU memory: 6.76 GB
Validation time: 12.72s
Model - Validation accuracy: 0.3320
Model - FGSM accuracy: 0.1785
Model - PGD accuracy: 0.1700
WA Model - Validation accuracy: 0.3415
WA Model - FGSM accuracy: 0.1980
WA Model - PGD accuracy: 0.1950
Best model: wa_model (PGD acc: 0.1950, Val acc: 0.3415)

============ Epoch 27 ============
Training time: 358.99s
Training loss: 4.7136
Training accuracy: 0.1893
Current GPU memory: 6.76 GB
Validation time: 12.74s
Model - Validation accuracy: 0.3180
Model - FGSM accuracy: 0.1740
Model - PGD accuracy: 0.1625
WA Model - Validation accuracy: 0.3580
WA Model - FGSM accuracy: 0.2040
WA Model - PGD accuracy: 0.2000
Best model: wa_model (PGD acc: 0.2000, Val acc: 0.3580)

============ Epoch 28 ============
Training time: 358.81s
Training loss: 4.7083
Training accuracy: 0.1922
Current GPU memory: 6.76 GB
Validation time: 12.70s
Model - Validation accuracy: 0.3375
Model - FGSM accuracy: 0.1715
Model - PGD accuracy: 0.1565
WA Model - Validation accuracy: 0.3680
WA Model - FGSM accuracy: 0.2145
WA Model - PGD accuracy: 0.2075
Best model: wa_model (PGD acc: 0.2075, Val acc: 0.3680)

============ Epoch 29 ============
Training time: 359.07s
Training loss: 4.7008
Training accuracy: 0.1938
Current GPU memory: 6.76 GB
Validation time: 12.65s
Model - Validation accuracy: 0.3405
Model - FGSM accuracy: 0.1690
Model - PGD accuracy: 0.1565
WA Model - Validation accuracy: 0.3805
WA Model - FGSM accuracy: 0.2195
WA Model - PGD accuracy: 0.2145
Best model: wa_model (PGD acc: 0.2145, Val acc: 0.3805)

============ Epoch 30 ============
Training time: 358.78s
Training loss: 4.6939
Training accuracy: 0.1965
Current GPU memory: 6.76 GB
Validation time: 12.73s
Model - Validation accuracy: 0.3490
Model - FGSM accuracy: 0.1780
Model - PGD accuracy: 0.1650
WA Model - Validation accuracy: 0.3900
WA Model - FGSM accuracy: 0.2245
WA Model - PGD accuracy: 0.2165
Best model: wa_model (PGD acc: 0.2165, Val acc: 0.3900)

============ Epoch 31 ============
Training time: 359.20s
Training loss: 4.6889
Training accuracy: 0.2005
Current GPU memory: 6.76 GB
Validation time: 12.76s
Model - Validation accuracy: 0.3550
Model - FGSM accuracy: 0.1815
Model - PGD accuracy: 0.1720
WA Model - Validation accuracy: 0.3980
WA Model - FGSM accuracy: 0.2280
WA Model - PGD accuracy: 0.2195
Best model: wa_model (PGD acc: 0.2195, Val acc: 0.3980)

============ Epoch 32 ============
Training time: 358.69s
Training loss: 4.6838
Training accuracy: 0.2011
Current GPU memory: 6.76 GB
Validation time: 12.75s
Model - Validation accuracy: 0.3395
Model - FGSM accuracy: 0.1820
Model - PGD accuracy: 0.1660
WA Model - Validation accuracy: 0.4040
WA Model - FGSM accuracy: 0.2305
WA Model - PGD accuracy: 0.2225
Best model: wa_model (PGD acc: 0.2225, Val acc: 0.4040)

============ Epoch 33 ============
Training time: 359.00s
Training loss: 4.6801
Training accuracy: 0.2029
Current GPU memory: 6.76 GB
Validation time: 12.70s
Model - Validation accuracy: 0.3285
Model - FGSM accuracy: 0.1650
Model - PGD accuracy: 0.1580
WA Model - Validation accuracy: 0.4075
WA Model - FGSM accuracy: 0.2375
WA Model - PGD accuracy: 0.2255
Best model: wa_model (PGD acc: 0.2255, Val acc: 0.4075)

============ Epoch 34 ============
Training time: 358.65s
Training loss: 4.6756
Training accuracy: 0.2043
Current GPU memory: 6.76 GB
Validation time: 12.78s
Model - Validation accuracy: 0.3370
Model - FGSM accuracy: 0.1830
Model - PGD accuracy: 0.1700
WA Model - Validation accuracy: 0.4120
WA Model - FGSM accuracy: 0.2390
WA Model - PGD accuracy: 0.2325
Best model: wa_model (PGD acc: 0.2325, Val acc: 0.4120)

============ Epoch 35 ============
Training time: 358.95s
Training loss: 4.6714
Training accuracy: 0.2068
Current GPU memory: 6.76 GB
Validation time: 12.74s
Model - Validation accuracy: 0.3680
Model - FGSM accuracy: 0.1855
Model - PGD accuracy: 0.1705
WA Model - Validation accuracy: 0.4175
WA Model - FGSM accuracy: 0.2445
WA Model - PGD accuracy: 0.2330
Best model: wa_model (PGD acc: 0.2330, Val acc: 0.4175)

============ Epoch 36 ============
Training time: 358.74s
Training loss: 4.6658
Training accuracy: 0.2079
Current GPU memory: 6.76 GB
Validation time: 12.75s
Model - Validation accuracy: 0.3590
Model - FGSM accuracy: 0.1980
Model - PGD accuracy: 0.1865
WA Model - Validation accuracy: 0.4180
WA Model - FGSM accuracy: 0.2470
WA Model - PGD accuracy: 0.2350
Best model: wa_model (PGD acc: 0.2350, Val acc: 0.4180)

============ Epoch 37 ============
Training time: 359.13s
Training loss: 4.6622
Training accuracy: 0.2102
Current GPU memory: 6.76 GB
Validation time: 12.74s
Model - Validation accuracy: 0.3480
Model - FGSM accuracy: 0.1760
Model - PGD accuracy: 0.1595
WA Model - Validation accuracy: 0.4190
WA Model - FGSM accuracy: 0.2490
WA Model - PGD accuracy: 0.2370
Best model: wa_model (PGD acc: 0.2370, Val acc: 0.4190)

============ Epoch 38 ============
Training time: 358.74s
Training loss: 4.6560
Training accuracy: 0.2126
Current GPU memory: 6.76 GB
Validation time: 12.70s
Model - Validation accuracy: 0.3695
Model - FGSM accuracy: 0.1935
Model - PGD accuracy: 0.1765
WA Model - Validation accuracy: 0.4200
WA Model - FGSM accuracy: 0.2485
WA Model - PGD accuracy: 0.2365
Best model: wa_model (PGD acc: 0.2365, Val acc: 0.4200)

============ Epoch 39 ============
Training time: 358.90s
Training loss: 4.6523
Training accuracy: 0.2144
Current GPU memory: 6.76 GB
Validation time: 12.69s
Model - Validation accuracy: 0.3495
Model - FGSM accuracy: 0.1960
Model - PGD accuracy: 0.1795
WA Model - Validation accuracy: 0.4220
WA Model - FGSM accuracy: 0.2485
WA Model - PGD accuracy: 0.2365
Best model: wa_model (PGD acc: 0.2365, Val acc: 0.4220)

============ Epoch 40 ============
Training time: 358.72s
Training loss: 4.6481
Training accuracy: 0.2180
Current GPU memory: 6.76 GB
Validation time: 12.69s
Model - Validation accuracy: 0.3570
Model - FGSM accuracy: 0.1865
Model - PGD accuracy: 0.1675
WA Model - Validation accuracy: 0.4225
WA Model - FGSM accuracy: 0.2500
WA Model - PGD accuracy: 0.2400
Best model: wa_model (PGD acc: 0.2400, Val acc: 0.4225)

============ Epoch 41 ============
Training time: 358.84s
Training loss: 4.6442
Training accuracy: 0.2181
Current GPU memory: 6.76 GB
Validation time: 12.64s
Model - Validation accuracy: 0.3695
Model - FGSM accuracy: 0.1730
Model - PGD accuracy: 0.1560
WA Model - Validation accuracy: 0.4260
WA Model - FGSM accuracy: 0.2465
WA Model - PGD accuracy: 0.2360
Best model: wa_model (PGD acc: 0.2360, Val acc: 0.4260)

============ Epoch 42 ============
Training time: 358.45s
Training loss: 4.6421
Training accuracy: 0.2196
Current GPU memory: 6.76 GB
Validation time: 12.78s
Model - Validation accuracy: 0.3785
Model - FGSM accuracy: 0.1965
Model - PGD accuracy: 0.1750
WA Model - Validation accuracy: 0.4290
WA Model - FGSM accuracy: 0.2515
WA Model - PGD accuracy: 0.2345
Best model: wa_model (PGD acc: 0.2345, Val acc: 0.4290)

============ Epoch 43 ============
Training time: 359.00s
Training loss: 4.6414
Training accuracy: 0.2211
Current GPU memory: 6.76 GB
Validation time: 12.71s
Model - Validation accuracy: 0.3630
Model - FGSM accuracy: 0.1910
Model - PGD accuracy: 0.1745
WA Model - Validation accuracy: 0.4255
WA Model - FGSM accuracy: 0.2530
WA Model - PGD accuracy: 0.2390
Best model: wa_model (PGD acc: 0.2390, Val acc: 0.4255)

============ Epoch 44 ============
Training time: 358.94s
Training loss: 4.6397
Training accuracy: 0.2193
Current GPU memory: 6.76 GB
Validation time: 12.79s
Model - Validation accuracy: 0.3650
Model - FGSM accuracy: 0.1860
Model - PGD accuracy: 0.1625
WA Model - Validation accuracy: 0.4265
WA Model - FGSM accuracy: 0.2490
WA Model - PGD accuracy: 0.2340
Best model: wa_model (PGD acc: 0.2340, Val acc: 0.4265)

============ Epoch 45 ============
Training time: 358.91s
Training loss: 4.6351
Training accuracy: 0.2217
Current GPU memory: 6.76 GB
Validation time: 12.75s
Model - Validation accuracy: 0.3645
Model - FGSM accuracy: 0.1875
Model - PGD accuracy: 0.1710
WA Model - Validation accuracy: 0.4315
WA Model - FGSM accuracy: 0.2465
WA Model - PGD accuracy: 0.2325
Best model: wa_model (PGD acc: 0.2325, Val acc: 0.4315)

============ Epoch 46 ============
Training time: 358.35s
Training loss: 4.6325
Training accuracy: 0.2236
Current GPU memory: 6.76 GB
Validation time: 12.69s
Model - Validation accuracy: 0.3850
Model - FGSM accuracy: 0.1995
Model - PGD accuracy: 0.1790
WA Model - Validation accuracy: 0.4305
WA Model - FGSM accuracy: 0.2450
WA Model - PGD accuracy: 0.2330
Best model: wa_model (PGD acc: 0.2330, Val acc: 0.4305)

============ Epoch 47 ============
Training time: 358.77s
Training loss: 4.6331
Training accuracy: 0.2227
Current GPU memory: 6.76 GB
Validation time: 12.63s
Model - Validation accuracy: 0.3785
Model - FGSM accuracy: 0.1975
Model - PGD accuracy: 0.1815
WA Model - Validation accuracy: 0.4285
WA Model - FGSM accuracy: 0.2470
WA Model - PGD accuracy: 0.2315
Best model: wa_model (PGD acc: 0.2315, Val acc: 0.4285)

============ Epoch 48 ============
Training time: 358.34s
Training loss: 4.6290
Training accuracy: 0.2218
Current GPU memory: 6.76 GB
Validation time: 12.71s
Model - Validation accuracy: 0.3830
Model - FGSM accuracy: 0.2025
Model - PGD accuracy: 0.1860
WA Model - Validation accuracy: 0.4290
WA Model - FGSM accuracy: 0.2465
WA Model - PGD accuracy: 0.2325
Best model: wa_model (PGD acc: 0.2325, Val acc: 0.4290)

============ Epoch 49 ============
Training time: 359.57s
Training loss: 4.6253
Training accuracy: 0.2239
Current GPU memory: 6.76 GB
Validation time: 12.97s
Model - Validation accuracy: 0.3735
Model - FGSM accuracy: 0.1965
Model - PGD accuracy: 0.1800
WA Model - Validation accuracy: 0.4310
WA Model - FGSM accuracy: 0.2475
WA Model - PGD accuracy: 0.2370
Best model: wa_model (PGD acc: 0.2370, Val acc: 0.4310)

============ Epoch 50 ============
Training time: 359.33s
Training loss: 4.6243
Training accuracy: 0.2251
Current GPU memory: 6.76 GB
Validation time: 12.78s
Model - Validation accuracy: 0.3840
Model - FGSM accuracy: 0.2065
Model - PGD accuracy: 0.1880
WA Model - Validation accuracy: 0.4315
WA Model - FGSM accuracy: 0.2495
WA Model - PGD accuracy: 0.2370
Best model: wa_model (PGD acc: 0.2370, Val acc: 0.4315)

============ Epoch 51 ============
Training time: 359.63s
Training loss: 4.6229
Training accuracy: 0.2237
Current GPU memory: 6.76 GB
Validation time: 12.71s
Model - Validation accuracy: 0.3605
Model - FGSM accuracy: 0.1865
Model - PGD accuracy: 0.1790
WA Model - Validation accuracy: 0.4350
WA Model - FGSM accuracy: 0.2535
WA Model - PGD accuracy: 0.2430
Best model: wa_model (PGD acc: 0.2430, Val acc: 0.4350)

============ Epoch 52 ============
Training time: 358.57s
Training loss: 4.6130
Training accuracy: 0.2277
Current GPU memory: 6.76 GB
Validation time: 12.63s
Model - Validation accuracy: 0.3595
Model - FGSM accuracy: 0.1870
Model - PGD accuracy: 0.1650
WA Model - Validation accuracy: 0.4355
WA Model - FGSM accuracy: 0.2560
WA Model - PGD accuracy: 0.2430
Best model: wa_model (PGD acc: 0.2430, Val acc: 0.4355)

============ Epoch 53 ============
Training time: 358.31s
Training loss: 4.6111
Training accuracy: 0.2298
Current GPU memory: 6.76 GB
Validation time: 12.62s
Model - Validation accuracy: 0.3735
Model - FGSM accuracy: 0.2035
Model - PGD accuracy: 0.1875
WA Model - Validation accuracy: 0.4410
WA Model - FGSM accuracy: 0.2585
WA Model - PGD accuracy: 0.2450
Best model: wa_model (PGD acc: 0.2450, Val acc: 0.4410)

============ Epoch 54 ============
Training time: 359.09s
Training loss: 4.6126
Training accuracy: 0.2283
Current GPU memory: 6.76 GB
Validation time: 12.74s
Model - Validation accuracy: 0.3915
Model - FGSM accuracy: 0.2060
Model - PGD accuracy: 0.1890
WA Model - Validation accuracy: 0.4405
WA Model - FGSM accuracy: 0.2590
WA Model - PGD accuracy: 0.2495
Best model: wa_model (PGD acc: 0.2495, Val acc: 0.4405)

============ Epoch 55 ============
Training time: 358.89s
Training loss: 4.6127
Training accuracy: 0.2276
Current GPU memory: 6.76 GB
Validation time: 12.68s
Model - Validation accuracy: 0.3710
Model - FGSM accuracy: 0.1970
Model - PGD accuracy: 0.1825
WA Model - Validation accuracy: 0.4390
WA Model - FGSM accuracy: 0.2595
WA Model - PGD accuracy: 0.2485
Best model: wa_model (PGD acc: 0.2485, Val acc: 0.4390)

============ Epoch 56 ============
Training time: 358.98s
Training loss: 4.6022
Training accuracy: 0.2323
Current GPU memory: 6.76 GB
Validation time: 12.65s
Model - Validation accuracy: 0.3835
Model - FGSM accuracy: 0.2005
Model - PGD accuracy: 0.1850
WA Model - Validation accuracy: 0.4425
WA Model - FGSM accuracy: 0.2630
WA Model - PGD accuracy: 0.2490
Best model: wa_model (PGD acc: 0.2490, Val acc: 0.4425)

============ Epoch 57 ============
Training time: 358.79s
Training loss: 4.5934
Training accuracy: 0.2370
Current GPU memory: 6.76 GB
Validation time: 12.61s
Model - Validation accuracy: 0.3765
Model - FGSM accuracy: 0.1965
Model - PGD accuracy: 0.1840
WA Model - Validation accuracy: 0.4435
WA Model - FGSM accuracy: 0.2675
WA Model - PGD accuracy: 0.2500
Best model: wa_model (PGD acc: 0.2500, Val acc: 0.4435)

============ Epoch 58 ============
Training time: 359.11s
Training loss: 4.5883
Training accuracy: 0.2393
Current GPU memory: 6.76 GB
Validation time: 12.69s
Model - Validation accuracy: 0.3885
Model - FGSM accuracy: 0.2075
Model - PGD accuracy: 0.1870
WA Model - Validation accuracy: 0.4455
WA Model - FGSM accuracy: 0.2650
WA Model - PGD accuracy: 0.2490
Best model: wa_model (PGD acc: 0.2490, Val acc: 0.4455)

============ Epoch 59 ============
Training time: 358.61s
Training loss: 4.5838
Training accuracy: 0.2416
Current GPU memory: 6.76 GB
Validation time: 12.66s
Model - Validation accuracy: 0.3875
Model - FGSM accuracy: 0.2110
Model - PGD accuracy: 0.1910
WA Model - Validation accuracy: 0.4495
WA Model - FGSM accuracy: 0.2670
WA Model - PGD accuracy: 0.2525
Best model: wa_model (PGD acc: 0.2525, Val acc: 0.4495)

============ Epoch 60 ============
Training time: 359.02s
Training loss: 4.5821
Training accuracy: 0.2407
Current GPU memory: 6.76 GB
Validation time: 12.72s
Model - Validation accuracy: 0.3990
Model - FGSM accuracy: 0.2015
Model - PGD accuracy: 0.1855
WA Model - Validation accuracy: 0.4480
WA Model - FGSM accuracy: 0.2690
WA Model - PGD accuracy: 0.2480
Best model: wa_model (PGD acc: 0.2480, Val acc: 0.4480)

============ Epoch 61 ============
Training time: 358.79s
Training loss: 4.5800
Training accuracy: 0.2428
Current GPU memory: 6.76 GB
Validation time: 12.65s
Model - Validation accuracy: 0.3895
Model - FGSM accuracy: 0.2135
Model - PGD accuracy: 0.2000
WA Model - Validation accuracy: 0.4480
WA Model - FGSM accuracy: 0.2680
WA Model - PGD accuracy: 0.2485
Best model: wa_model (PGD acc: 0.2485, Val acc: 0.4480)

============ Epoch 62 ============
Training time: 358.45s
Training loss: 4.5711
Training accuracy: 0.2452
Current GPU memory: 6.76 GB
Validation time: 12.63s
Model - Validation accuracy: 0.3980
Model - FGSM accuracy: 0.2075
Model - PGD accuracy: 0.1920
WA Model - Validation accuracy: 0.4505
WA Model - FGSM accuracy: 0.2680
WA Model - PGD accuracy: 0.2540
Best model: wa_model (PGD acc: 0.2540, Val acc: 0.4505)

============ Epoch 63 ============
Training time: 358.79s
Training loss: 4.5695
Training accuracy: 0.2447
Current GPU memory: 6.76 GB
Validation time: 12.75s
Model - Validation accuracy: 0.3905
Model - FGSM accuracy: 0.1995
Model - PGD accuracy: 0.1795
WA Model - Validation accuracy: 0.4525
WA Model - FGSM accuracy: 0.2720
WA Model - PGD accuracy: 0.2530
Best model: wa_model (PGD acc: 0.2530, Val acc: 0.4525)

============ Epoch 64 ============
Training time: 358.65s
Training loss: 4.5570
Training accuracy: 0.2520
Current GPU memory: 6.76 GB
Validation time: 12.64s
Model - Validation accuracy: 0.4055
Model - FGSM accuracy: 0.2330
Model - PGD accuracy: 0.2060
WA Model - Validation accuracy: 0.4585
WA Model - FGSM accuracy: 0.2695
WA Model - PGD accuracy: 0.2550
Best model: wa_model (PGD acc: 0.2550, Val acc: 0.4585)

============ Epoch 65 ============
Training time: 358.97s
Training loss: 4.5520
Training accuracy: 0.2535
Current GPU memory: 6.76 GB
Validation time: 12.69s
Model - Validation accuracy: 0.4025
Model - FGSM accuracy: 0.2220
Model - PGD accuracy: 0.1920
WA Model - Validation accuracy: 0.4585
WA Model - FGSM accuracy: 0.2710
WA Model - PGD accuracy: 0.2580
Best model: wa_model (PGD acc: 0.2580, Val acc: 0.4585)

============ Epoch 66 ============
Training time: 358.57s
Training loss: 4.5464
Training accuracy: 0.2577
Current GPU memory: 6.76 GB
Validation time: 12.67s
Model - Validation accuracy: 0.4000
Model - FGSM accuracy: 0.2085
Model - PGD accuracy: 0.1915
WA Model - Validation accuracy: 0.4620
WA Model - FGSM accuracy: 0.2730
WA Model - PGD accuracy: 0.2540
Best model: wa_model (PGD acc: 0.2540, Val acc: 0.4620)

============ Epoch 67 ============
Training time: 359.02s
Training loss: 4.5443
Training accuracy: 0.2540
Current GPU memory: 6.76 GB
Validation time: 12.73s
Model - Validation accuracy: 0.4185
Model - FGSM accuracy: 0.2220
Model - PGD accuracy: 0.1860
WA Model - Validation accuracy: 0.4635
WA Model - FGSM accuracy: 0.2745
WA Model - PGD accuracy: 0.2535
Best model: wa_model (PGD acc: 0.2535, Val acc: 0.4635)

============ Epoch 68 ============
Training time: 358.62s
Training loss: 4.2026
Training accuracy: 0.4787
Current GPU memory: 6.76 GB
Validation time: 12.72s
Model - Validation accuracy: 0.1815
Model - FGSM accuracy: 0.5180
Model - PGD accuracy: 0.0000
WA Model - Validation accuracy: 0.4280
WA Model - FGSM accuracy: 0.2210
WA Model - PGD accuracy: 0.2035
Best model: wa_model (PGD acc: 0.2035, Val acc: 0.4280)

============ Epoch 69 ============
Training time: 358.75s
Training loss: 3.7183
Training accuracy: 0.7737
Current GPU memory: 6.76 GB
Validation time: 12.66s
Model - Validation accuracy: 0.1725
Model - FGSM accuracy: 0.9255
Model - PGD accuracy: 0.0000
WA Model - Validation accuracy: 0.3515
WA Model - FGSM accuracy: 0.1470
WA Model - PGD accuracy: 0.1310
Best model: wa_model (PGD acc: 0.1310, Val acc: 0.3515)

============ Epoch 70 ============
Training time: 358.53s
Training loss: 3.9338
Training accuracy: 0.6411
Current GPU memory: 6.76 GB
Validation time: 12.65s
Model - Validation accuracy: 0.2700
Model - FGSM accuracy: 0.5220
Model - PGD accuracy: 0.0000
WA Model - Validation accuracy: 0.3535
WA Model - FGSM accuracy: 0.1150
WA Model - PGD accuracy: 0.1000
Best model: wa_model (PGD acc: 0.1000, Val acc: 0.3535)

============ Epoch 71 ============
Training time: 358.23s
Training loss: 3.8404
Training accuracy: 0.6973
Current GPU memory: 6.76 GB
Validation time: 12.59s
Model - Validation accuracy: 0.3135
Model - FGSM accuracy: 0.4890
Model - PGD accuracy: 0.0000
WA Model - Validation accuracy: 0.3460
WA Model - FGSM accuracy: 0.0945
WA Model - PGD accuracy: 0.0745
Best model: wa_model (PGD acc: 0.0745, Val acc: 0.3460)

============ Epoch 72 ============
Training time: 358.33s
Training loss: 3.8536
Training accuracy: 0.6876
Current GPU memory: 6.76 GB
Validation time: 12.63s
Model - Validation accuracy: 0.3580
Model - FGSM accuracy: 0.3495
Model - PGD accuracy: 0.0225
WA Model - Validation accuracy: 0.3785
WA Model - FGSM accuracy: 0.0855
WA Model - PGD accuracy: 0.0625
Best model: wa_model (PGD acc: 0.0625, Val acc: 0.3785)

============ Epoch 73 ============
Training time: 358.42s
Training loss: 3.6539
Training accuracy: 0.8053
Current GPU memory: 6.76 GB
Validation time: 12.70s
Model - Validation accuracy: 0.2625
Model - FGSM accuracy: 0.9085
Model - PGD accuracy: 0.0000
WA Model - Validation accuracy: 0.3650
WA Model - FGSM accuracy: 0.1010
WA Model - PGD accuracy: 0.0400
Best model: wa_model (PGD acc: 0.0400, Val acc: 0.3650)

============ Epoch 74 ============
Training time: 358.43s
Training loss: 3.8157
Training accuracy: 0.7031
Current GPU memory: 6.76 GB
Validation time: 12.67s
Model - Validation accuracy: 0.4025
Model - FGSM accuracy: 0.4505
Model - PGD accuracy: 0.0000
WA Model - Validation accuracy: 0.4260
WA Model - FGSM accuracy: 0.2090
WA Model - PGD accuracy: 0.0480
Best model: wa_model (PGD acc: 0.0480, Val acc: 0.4260)

============ Epoch 75 ============
Training time: 358.28s
Training loss: 3.9458
Training accuracy: 0.6273
Current GPU memory: 6.76 GB
Validation time: 12.61s
Model - Validation accuracy: 0.3015
Model - FGSM accuracy: 0.3630
Model - PGD accuracy: 0.0020
WA Model - Validation accuracy: 0.4640
WA Model - FGSM accuracy: 0.1145
WA Model - PGD accuracy: 0.0535
Best model: wa_model (PGD acc: 0.0535, Val acc: 0.4640)

============ Epoch 76 ============
Training time: 358.37s
Training loss: 3.8356
Training accuracy: 0.6913
Current GPU memory: 6.76 GB
Validation time: 12.62s
Model - Validation accuracy: 0.3475
Model - FGSM accuracy: 0.4250
Model - PGD accuracy: 0.0000
WA Model - Validation accuracy: 0.4810
WA Model - FGSM accuracy: 0.0865
WA Model - PGD accuracy: 0.0415
Best model: wa_model (PGD acc: 0.0415, Val acc: 0.4810)

============ Epoch 77 ============
Training time: 358.36s
Training loss: 4.1338
Training accuracy: 0.5213
Current GPU memory: 6.76 GB
Validation time: 12.67s
Model - Validation accuracy: 0.4225
Model - FGSM accuracy: 0.1560
Model - PGD accuracy: 0.0010
WA Model - Validation accuracy: 0.4895
WA Model - FGSM accuracy: 0.0945
WA Model - PGD accuracy: 0.0565
Best model: wa_model (PGD acc: 0.0565, Val acc: 0.4895)

============ Epoch 78 ============
Training time: 358.09s
Training loss: 4.3579
Training accuracy: 0.3882
Current GPU memory: 6.76 GB
Validation time: 12.59s
Model - Validation accuracy: 0.3735
Model - FGSM accuracy: 0.2175
Model - PGD accuracy: 0.0035
WA Model - Validation accuracy: 0.4960
WA Model - FGSM accuracy: 0.1065
WA Model - PGD accuracy: 0.0620
Best model: wa_model (PGD acc: 0.0620, Val acc: 0.4960)

============ Epoch 79 ============
Training time: 357.96s
Training loss: 4.1069
Training accuracy: 0.5193
Current GPU memory: 6.76 GB
Validation time: 12.62s
Model - Validation accuracy: 0.3895
Model - FGSM accuracy: 0.2465
Model - PGD accuracy: 0.0005
WA Model - Validation accuracy: 0.4975
WA Model - FGSM accuracy: 0.1275
WA Model - PGD accuracy: 0.0600
Best model: wa_model (PGD acc: 0.0600, Val acc: 0.4975)

============ Epoch 80 ============
Training time: 358.25s
Training loss: 4.0755
Training accuracy: 0.5408
Current GPU memory: 6.76 GB
Validation time: 12.57s
Model - Validation accuracy: 0.4240
Model - FGSM accuracy: 0.1135
Model - PGD accuracy: 0.0070
WA Model - Validation accuracy: 0.4495
WA Model - FGSM accuracy: 0.1525
WA Model - PGD accuracy: 0.0505
Best model: wa_model (PGD acc: 0.0505, Val acc: 0.4495)

============ Epoch 81 ============
Training time: 357.89s
Training loss: 3.9191
Training accuracy: 0.6279
Current GPU memory: 6.76 GB
Validation time: 12.65s
Model - Validation accuracy: 0.3235
Model - FGSM accuracy: 0.4480
Model - PGD accuracy: 0.0000
WA Model - Validation accuracy: 0.4985
WA Model - FGSM accuracy: 0.1315
WA Model - PGD accuracy: 0.0570
Best model: wa_model (PGD acc: 0.0570, Val acc: 0.4985)

============ Epoch 82 ============
Training time: 358.42s
Training loss: 3.4956
Training accuracy: 0.8804
Current GPU memory: 6.76 GB
Validation time: 12.58s
Model - Validation accuracy: 0.2975
Model - FGSM accuracy: 0.7970
Model - PGD accuracy: 0.0000
WA Model - Validation accuracy: 0.5285
WA Model - FGSM accuracy: 0.1310
WA Model - PGD accuracy: 0.0470
Best model: wa_model (PGD acc: 0.0470, Val acc: 0.5285)

============ Epoch 83 ============
Training time: 358.16s
Training loss: 3.4458
Training accuracy: 0.9083
Current GPU memory: 6.76 GB
Validation time: 12.66s
Model - Validation accuracy: 0.3935
Model - FGSM accuracy: 0.5755
Model - PGD accuracy: 0.0000
WA Model - Validation accuracy: 0.5160
WA Model - FGSM accuracy: 0.1135
WA Model - PGD accuracy: 0.0295
Best model: wa_model (PGD acc: 0.0295, Val acc: 0.5160)

============ Epoch 84 ============
Training time: 358.07s
Training loss: 3.6673
Training accuracy: 0.7858
Current GPU memory: 6.76 GB
Validation time: 12.63s
Model - Validation accuracy: 0.4415
Model - FGSM accuracy: 0.5730
Model - PGD accuracy: 0.0000
WA Model - Validation accuracy: 0.5170
WA Model - FGSM accuracy: 0.1595
WA Model - PGD accuracy: 0.0165
Best model: wa_model (PGD acc: 0.0165, Val acc: 0.5170)

============ Epoch 85 ============
Training time: 358.71s
Training loss: 3.6610
Training accuracy: 0.7856
Current GPU memory: 6.76 GB
Validation time: 12.79s
Model - Validation accuracy: 0.4935
Model - FGSM accuracy: 0.4210
Model - PGD accuracy: 0.0000
WA Model - Validation accuracy: 0.5350
WA Model - FGSM accuracy: 0.1525
WA Model - PGD accuracy: 0.0100
Best model: wa_model (PGD acc: 0.0100, Val acc: 0.5350)

============ Epoch 86 ============
Training time: 358.19s
Training loss: 3.6175
Training accuracy: 0.8008
Current GPU memory: 6.76 GB
Validation time: 12.67s
Model - Validation accuracy: 0.3580
Model - FGSM accuracy: 0.5640
Model - PGD accuracy: 0.0000
WA Model - Validation accuracy: 0.5310
WA Model - FGSM accuracy: 0.1415
WA Model - PGD accuracy: 0.0130
Best model: wa_model (PGD acc: 0.0130, Val acc: 0.5310)

============ Epoch 87 ============
Training time: 357.95s
Training loss: 3.5518
Training accuracy: 0.8356
Current GPU memory: 6.76 GB
Validation time: 12.61s
Model - Validation accuracy: 0.3200
Model - FGSM accuracy: 0.3765
Model - PGD accuracy: 0.0000
WA Model - Validation accuracy: 0.5260
WA Model - FGSM accuracy: 0.1530
WA Model - PGD accuracy: 0.0120
Best model: wa_model (PGD acc: 0.0120, Val acc: 0.5260)

============ Epoch 88 ============
Training time: 358.17s
Training loss: 3.5434
Training accuracy: 0.8295
Current GPU memory: 6.76 GB
Validation time: 12.69s
Model - Validation accuracy: 0.3905
Model - FGSM accuracy: 0.2400
Model - PGD accuracy: 0.0000
WA Model - Validation accuracy: 0.5025
WA Model - FGSM accuracy: 0.1470
WA Model - PGD accuracy: 0.0155
Best model: wa_model (PGD acc: 0.0155, Val acc: 0.5025)

============ Epoch 89 ============
Training time: 357.91s
Training loss: 3.6044
Training accuracy: 0.7509
Current GPU memory: 6.76 GB
Validation time: 12.59s
Model - Validation accuracy: 0.3750
Model - FGSM accuracy: 0.5625
Model - PGD accuracy: 0.0000
WA Model - Validation accuracy: 0.4740
WA Model - FGSM accuracy: 0.1505
WA Model - PGD accuracy: 0.0165
Best model: wa_model (PGD acc: 0.0165, Val acc: 0.4740)

============ Epoch 90 ============
Training time: 357.90s
Training loss: 3.4099
Training accuracy: 0.9136
Current GPU memory: 6.76 GB
Validation time: 12.59s
Model - Validation accuracy: 0.3975
Model - FGSM accuracy: 0.9080
Model - PGD accuracy: 0.0000
WA Model - Validation accuracy: 0.4450
WA Model - FGSM accuracy: 0.1760
WA Model - PGD accuracy: 0.0140
Best model: wa_model (PGD acc: 0.0140, Val acc: 0.4450)

============ Epoch 91 ============
Training time: 357.74s
Training loss: 3.2839
Training accuracy: 0.9668
Current GPU memory: 6.76 GB
Validation time: 12.57s
Model - Validation accuracy: 0.4185
Model - FGSM accuracy: 0.9580
Model - PGD accuracy: 0.0005
WA Model - Validation accuracy: 0.3600
WA Model - FGSM accuracy: 0.1135
WA Model - PGD accuracy: 0.0110
Best model: wa_model (PGD acc: 0.0110, Val acc: 0.3600)

============ Epoch 92 ============
Training time: 357.88s
Training loss: 3.2235
Training accuracy: 0.9821
Current GPU memory: 6.76 GB
Validation time: 12.55s
Model - Validation accuracy: 0.4160
Model - FGSM accuracy: 0.9705
Model - PGD accuracy: 0.0010
WA Model - Validation accuracy: 0.3240
WA Model - FGSM accuracy: 0.0890
WA Model - PGD accuracy: 0.0090
Best model: wa_model (PGD acc: 0.0090, Val acc: 0.3240)

============ Epoch 93 ============
Training time: 358.58s
Training loss: 3.2002
Training accuracy: 0.9872
Current GPU memory: 6.76 GB
Validation time: 12.76s
Model - Validation accuracy: 0.3910
Model - FGSM accuracy: 0.9695
Model - PGD accuracy: 0.0010
WA Model - Validation accuracy: 0.3350
WA Model - FGSM accuracy: 0.1085
WA Model - PGD accuracy: 0.0075
Best model: wa_model (PGD acc: 0.0075, Val acc: 0.3350)

============ Epoch 94 ============
Training time: 359.04s
Training loss: 3.1887
Training accuracy: 0.9890
Current GPU memory: 6.76 GB
Validation time: 12.76s
Model - Validation accuracy: 0.3995
Model - FGSM accuracy: 0.9765
Model - PGD accuracy: 0.0010
WA Model - Validation accuracy: 0.3555
WA Model - FGSM accuracy: 0.1920
WA Model - PGD accuracy: 0.0060
Best model: wa_model (PGD acc: 0.0060, Val acc: 0.3555)

============ Epoch 95 ============
Training time: 359.12s
Training loss: 3.1824
Training accuracy: 0.9898
Current GPU memory: 6.76 GB
Validation time: 12.78s
Model - Validation accuracy: 0.4005
Model - FGSM accuracy: 0.9770
Model - PGD accuracy: 0.0010
WA Model - Validation accuracy: 0.3895
WA Model - FGSM accuracy: 0.4535
WA Model - PGD accuracy: 0.0020
Best model: wa_model (PGD acc: 0.0020, Val acc: 0.3895)

============ Epoch 96 ============
Training time: 358.58s
Training loss: 3.1807
Training accuracy: 0.9900
Current GPU memory: 6.76 GB
Validation time: 12.76s
Model - Validation accuracy: 0.4010
Model - FGSM accuracy: 0.9760
Model - PGD accuracy: 0.0010
WA Model - Validation accuracy: 0.4240
WA Model - FGSM accuracy: 0.8115
WA Model - PGD accuracy: 0.0015
Best model: wa_model (PGD acc: 0.0015, Val acc: 0.4240)

============ Epoch 97 ============
Training time: 358.97s
Training loss: 3.1806
Training accuracy: 0.9901
Current GPU memory: 6.76 GB
Validation time: 12.86s
Model - Validation accuracy: 0.4030
Model - FGSM accuracy: 0.9730
Model - PGD accuracy: 0.0010
WA Model - Validation accuracy: 0.4490
WA Model - FGSM accuracy: 0.9385
WA Model - PGD accuracy: 0.0010
Best model: model (PGD acc: 0.0010, Val acc: 0.4030)

============ Epoch 98 ============
Training time: 359.16s
Training loss: 3.1796
Training accuracy: 0.9904
Current GPU memory: 6.76 GB
Validation time: 12.90s
Model - Validation accuracy: 0.4130
Model - FGSM accuracy: 0.9755
Model - PGD accuracy: 0.0010
WA Model - Validation accuracy: 0.4555
WA Model - FGSM accuracy: 0.9665
WA Model - PGD accuracy: 0.0010
Best model: model (PGD acc: 0.0010, Val acc: 0.4130)

============ Epoch 99 ============
Training time: 359.24s
Training loss: 3.1781
Training accuracy: 0.9907
Current GPU memory: 6.76 GB
Validation time: 12.96s
Model - Validation accuracy: 0.4075
Model - FGSM accuracy: 0.9750
Model - PGD accuracy: 0.0010
WA Model - Validation accuracy: 0.4560
WA Model - FGSM accuracy: 0.9740
WA Model - PGD accuracy: 0.0010
Best model: model (PGD acc: 0.0010, Val acc: 0.4075)

train_acc_list: 
[0.013418367346938775, 0.024244897959183675, 0.035846938775510206, 0.04983673469387755, 0.06183673469387755, 0.07342857142857143, 0.08364285714285714, 0.09256122448979592, 0.10254081632653061, 0.11053061224489796, 0.11855102040816326, 0.12736734693877552, 0.13416326530612244, 0.14165306122448978, 0.14868367346938777, 0.15440816326530613, 0.1586122448979592, 0.16248979591836735, 0.16611224489795917, 0.16888775510204082, 0.17277551020408163, 0.17656122448979591, 0.17774489795918366, 0.18090816326530612, 0.18289795918367346, 0.18503061224489795, 0.18828571428571428, 0.18925510204081633, 0.19216326530612246, 0.19383673469387755, 0.19651020408163267, 0.20045918367346938, 0.20110204081632654, 0.20294897959183675, 0.20425510204081632, 0.20679591836734693, 0.20794897959183672, 0.21020408163265306, 0.21258163265306124, 0.21443877551020407, 0.21801020408163266, 0.21813265306122448, 0.21955102040816327, 0.22108163265306122, 0.2193469387755102, 0.2216530612244898, 0.22362244897959183, 0.22271428571428573, 0.22178571428571428, 0.22387755102040816, 0.22505102040816327, 0.22370408163265307, 0.22768367346938775, 0.22975510204081634, 0.22831632653061223, 0.22757142857142856, 0.2322551020408163, 0.23703061224489796, 0.2393469387755102, 0.24158163265306123, 0.24073469387755103, 0.24277551020408164, 0.24522448979591838, 0.2446938775510204, 0.252030612244898, 0.253530612244898, 0.2576530612244898, 0.254, 0.4786734693877551, 0.7737244897959183, 0.6410816326530612, 0.6973367346938776, 0.6876020408163265, 0.8053367346938776, 0.7030918367346939, 0.6272857142857143, 0.6913163265306123, 0.5213469387755102, 0.3881734693877551, 0.5192755102040816, 0.5408367346938775, 0.627938775510204, 0.8804387755102041, 0.9082551020408163, 0.7857857142857143, 0.7855918367346939, 0.8008163265306123, 0.835561224489796, 0.8295, 0.7509081632653061, 0.9136326530612245, 0.9667551020408163, 0.9820714285714286, 0.9871530612244898, 0.9889897959183673, 0.9898061224489796, 0.989969387755102, 0.9900612244897959, 0.9904183673469388, 0.990734693877551]

model_val_acc_list: 
[0.031, 0.057, 0.079, 0.1105, 0.132, 0.156, 0.1655, 0.1835, 0.2045, 0.2125, 0.239, 0.2315, 0.2335, 0.26, 0.2815, 0.282, 0.294, 0.3, 0.305, 0.294, 0.303, 0.3075, 0.3145, 0.3195, 0.318, 0.296, 0.332, 0.318, 0.3375, 0.3405, 0.349, 0.355, 0.3395, 0.3285, 0.337, 0.368, 0.359, 0.348, 0.3695, 0.3495, 0.357, 0.3695, 0.3785, 0.363, 0.365, 0.3645, 0.385, 0.3785, 0.383, 0.3735, 0.384, 0.3605, 0.3595, 0.3735, 0.3915, 0.371, 0.3835, 0.3765, 0.3885, 0.3875, 0.399, 0.3895, 0.398, 0.3905, 0.4055, 0.4025, 0.4, 0.4185, 0.1815, 0.1725, 0.27, 0.3135, 0.358, 0.2625, 0.4025, 0.3015, 0.3475, 0.4225, 0.3735, 0.3895, 0.424, 0.3235, 0.2975, 0.3935, 0.4415, 0.4935, 0.358, 0.32, 0.3905, 0.375, 0.3975, 0.4185, 0.416, 0.391, 0.3995, 0.4005, 0.401, 0.403, 0.413, 0.4075]

model_pgd_acc_list: 
[0.022, 0.035, 0.0445, 0.0655, 0.0725, 0.081, 0.082, 0.098, 0.1075, 0.1175, 0.1205, 0.1215, 0.1235, 0.1365, 0.1385, 0.1485, 0.1535, 0.1475, 0.1585, 0.145, 0.1495, 0.1495, 0.166, 0.1565, 0.142, 0.142, 0.17, 0.1625, 0.1565, 0.1565, 0.165, 0.172, 0.166, 0.158, 0.17, 0.1705, 0.1865, 0.1595, 0.1765, 0.1795, 0.1675, 0.156, 0.175, 0.1745, 0.1625, 0.171, 0.179, 0.1815, 0.186, 0.18, 0.188, 0.179, 0.165, 0.1875, 0.189, 0.1825, 0.185, 0.184, 0.187, 0.191, 0.1855, 0.2, 0.192, 0.1795, 0.206, 0.192, 0.1915, 0.186, 0.0, 0.0, 0.0, 0.0, 0.0225, 0.0, 0.0, 0.002, 0.0, 0.001, 0.0035, 0.0005, 0.007, 0.0, 0.0, 0.0, 0.0, 0.0, 0.0, 0.0, 0.0, 0.0, 0.0, 0.0005, 0.001, 0.001, 0.001, 0.001, 0.001, 0.001, 0.001, 0.001]

model_fgsm_acc_list: 
[0.0225, 0.036, 0.047, 0.067, 0.0765, 0.085, 0.084, 0.102, 0.1125, 0.12, 0.1255, 0.128, 0.1265, 0.138, 0.1435, 0.154, 0.16, 0.1585, 0.1675, 0.1525, 0.1615, 0.1605, 0.172, 0.163, 0.1575, 0.1535, 0.1785, 0.174, 0.1715, 0.169, 0.178, 0.1815, 0.182, 0.165, 0.183, 0.1855, 0.198, 0.176, 0.1935, 0.196, 0.1865, 0.173, 0.1965, 0.191, 0.186, 0.1875, 0.1995, 0.1975, 0.2025, 0.1965, 0.2065, 0.1865, 0.187, 0.2035, 0.206, 0.197, 0.2005, 0.1965, 0.2075, 0.211, 0.2015, 0.2135, 0.2075, 0.1995, 0.233, 0.222, 0.2085, 0.222, 0.518, 0.9255, 0.522, 0.489, 0.3495, 0.9085, 0.4505, 0.363, 0.425, 0.156, 0.2175, 0.2465, 0.1135, 0.448, 0.797, 0.5755, 0.573, 0.421, 0.564, 0.3765, 0.24, 0.5625, 0.908, 0.958, 0.9705, 0.9695, 0.9765, 0.977, 0.976, 0.973, 0.9755, 0.975]

wa_val_acc_list: 
[0.0065, 0.0065, 0.004, 0.005, 0.0075, 0.0075, 0.0105, 0.0175, 0.0345, 0.0485, 0.067, 0.085, 0.093, 0.0905, 0.0785, 0.0625, 0.049, 0.0465, 0.047, 0.0595, 0.0915, 0.133, 0.1895, 0.24, 0.282, 0.315, 0.3415, 0.358, 0.368, 0.3805, 0.39, 0.398, 0.404, 0.4075, 0.412, 0.4175, 0.418, 0.419, 0.42, 0.422, 0.4225, 0.426, 0.429, 0.4255, 0.4265, 0.4315, 0.4305, 0.4285, 0.429, 0.431, 0.4315, 0.435, 0.4355, 0.441, 0.4405, 0.439, 0.4425, 0.4435, 0.4455, 0.4495, 0.448, 0.448, 0.4505, 0.4525, 0.4585, 0.4585, 0.462, 0.4635, 0.428, 0.3515, 0.3535, 0.346, 0.3785, 0.365, 0.426, 0.464, 0.481, 0.4895, 0.496, 0.4975, 0.4495, 0.4985, 0.5285, 0.516, 0.517, 0.535, 0.531, 0.526, 0.5025, 0.474, 0.445, 0.36, 0.324, 0.335, 0.3555, 0.3895, 0.424, 0.449, 0.4555, 0.456]

wa_pgd_acc_list: 
[0.0065, 0.0065, 0.004, 0.0045, 0.007, 0.0065, 0.0075, 0.012, 0.0175, 0.028, 0.0355, 0.0425, 0.0505, 0.0515, 0.041, 0.0315, 0.02, 0.018, 0.018, 0.03, 0.048, 0.0695, 0.1005, 0.128, 0.1565, 0.179, 0.195, 0.2, 0.2075, 0.2145, 0.2165, 0.2195, 0.2225, 0.2255, 0.2325, 0.233, 0.235, 0.237, 0.2365, 0.2365, 0.24, 0.236, 0.2345, 0.239, 0.234, 0.2325, 0.233, 0.2315, 0.2325, 0.237, 0.237, 0.243, 0.243, 0.245, 0.2495, 0.2485, 0.249, 0.25, 0.249, 0.2525, 0.248, 0.2485, 0.254, 0.253, 0.255, 0.258, 0.254, 0.2535, 0.2035, 0.131, 0.1, 0.0745, 0.0625, 0.04, 0.048, 0.0535, 0.0415, 0.0565, 0.062, 0.06, 0.0505, 0.057, 0.047, 0.0295, 0.0165, 0.01, 0.013, 0.012, 0.0155, 0.0165, 0.014, 0.011, 0.009, 0.0075, 0.006, 0.002, 0.0015, 0.001, 0.001, 0.001]

wa_fgsm_acc_list: 
[0.0065, 0.0065, 0.004, 0.0045, 0.007, 0.0065, 0.0075, 0.012, 0.017, 0.0285, 0.036, 0.0425, 0.0515, 0.0525, 0.043, 0.032, 0.02, 0.018, 0.018, 0.03, 0.049, 0.0705, 0.104, 0.1295, 0.161, 0.1865, 0.198, 0.204, 0.2145, 0.2195, 0.2245, 0.228, 0.2305, 0.2375, 0.239, 0.2445, 0.247, 0.249, 0.2485, 0.2485, 0.25, 0.2465, 0.2515, 0.253, 0.249, 0.2465, 0.245, 0.247, 0.2465, 0.2475, 0.2495, 0.2535, 0.256, 0.2585, 0.259, 0.2595, 0.263, 0.2675, 0.265, 0.267, 0.269, 0.268, 0.268, 0.272, 0.2695, 0.271, 0.273, 0.2745, 0.221, 0.147, 0.115, 0.0945, 0.0855, 0.101, 0.209, 0.1145, 0.0865, 0.0945, 0.1065, 0.1275, 0.1525, 0.1315, 0.131, 0.1135, 0.1595, 0.1525, 0.1415, 0.153, 0.147, 0.1505, 0.176, 0.1135, 0.089, 0.1085, 0.192, 0.4535, 0.8115, 0.9385, 0.9665, 0.974]

total_training_time: 
35881.63330030441

total_val_time: 
1271.1320705413818

max_gpu_memory: 6.76 GB

==================================================
Starting final evaluation on test set...
==================================================
PGD test results:
  clean_acc: 0.4495
  pgd_10_acc: 0.2426
  pgd_20_acc: 0.2415
  pgd_50_acc: 0.2409
AutoAttack results:
  autoattack_acc: 0.1768
CR-Attack results:
  cr_attack_acc: 0.1759
