Method: fgsm_pco
Seed: 1
Scheduler: OneCycleLR
Label smoothing: 0.4
Weight average: True, tau: 0.9995
factor: 0.6
beta: 1.5
lamda: 10
delta_init: random


Training shape: (100000, 3, 64, 64)
============ Epoch 0 ============
Training time: 152.42s
Training loss: 5.2115
Training accuracy: 0.0601
Current GPU memory: 13.84 GB
Validation time: 12.92s
Model - Validation accuracy: 0.1060
Model - FGSM accuracy: 0.0225
Model - PGD accuracy: 0.0145
WA Model - Validation accuracy: 0.0020
WA Model - FGSM accuracy: 0.0000
WA Model - PGD accuracy: 0.0000
Best model: model (PGD acc: 0.0145, Val acc: 0.1060)

============ Epoch 1 ============
Training time: 153.85s
Training loss: 5.1310
Training accuracy: 0.1234
Current GPU memory: 13.84 GB
Validation time: 12.90s
Model - Validation accuracy: 0.1585
Model - FGSM accuracy: 0.0305
Model - PGD accuracy: 0.0200
WA Model - Validation accuracy: 0.0035
WA Model - FGSM accuracy: 0.0035
WA Model - PGD accuracy: 0.0035
Best model: model (PGD acc: 0.0200, Val acc: 0.1585)

============ Epoch 2 ============
Training time: 153.35s
Training loss: 5.0915
Training accuracy: 0.1553
Current GPU memory: 13.84 GB
Validation time: 12.86s
Model - Validation accuracy: 0.1855
Model - FGSM accuracy: 0.0415
Model - PGD accuracy: 0.0280
WA Model - Validation accuracy: 0.0035
WA Model - FGSM accuracy: 0.0035
WA Model - PGD accuracy: 0.0035
Best model: model (PGD acc: 0.0280, Val acc: 0.1855)

============ Epoch 3 ============
Training time: 153.23s
Training loss: 5.0542
Training accuracy: 0.1884
Current GPU memory: 13.84 GB
Validation time: 12.84s
Model - Validation accuracy: 0.2235
Model - FGSM accuracy: 0.0530
Model - PGD accuracy: 0.0365
WA Model - Validation accuracy: 0.0020
WA Model - FGSM accuracy: 0.0020
WA Model - PGD accuracy: 0.0020
Best model: model (PGD acc: 0.0365, Val acc: 0.2235)

============ Epoch 4 ============
Training time: 153.42s
Training loss: 5.0212
Training accuracy: 0.2176
Current GPU memory: 13.84 GB
Validation time: 12.83s
Model - Validation accuracy: 0.2420
Model - FGSM accuracy: 0.0560
Model - PGD accuracy: 0.0375
WA Model - Validation accuracy: 0.0040
WA Model - FGSM accuracy: 0.0035
WA Model - PGD accuracy: 0.0030
Best model: model (PGD acc: 0.0375, Val acc: 0.2420)

============ Epoch 5 ============
Training time: 153.29s
Training loss: 4.9926
Training accuracy: 0.2452
Current GPU memory: 13.84 GB
Validation time: 12.80s
Model - Validation accuracy: 0.2675
Model - FGSM accuracy: 0.0645
Model - PGD accuracy: 0.0460
WA Model - Validation accuracy: 0.0080
WA Model - FGSM accuracy: 0.0050
WA Model - PGD accuracy: 0.0040
Best model: model (PGD acc: 0.0460, Val acc: 0.2675)

============ Epoch 6 ============
Training time: 153.04s
Training loss: 4.9689
Training accuracy: 0.2665
Current GPU memory: 13.84 GB
Validation time: 12.90s
Model - Validation accuracy: 0.2910
Model - FGSM accuracy: 0.0690
Model - PGD accuracy: 0.0600
WA Model - Validation accuracy: 0.0135
WA Model - FGSM accuracy: 0.0070
WA Model - PGD accuracy: 0.0070
Best model: model (PGD acc: 0.0600, Val acc: 0.2910)

============ Epoch 7 ============
Training time: 153.67s
Training loss: 4.9475
Training accuracy: 0.2893
Current GPU memory: 13.84 GB
Validation time: 12.77s
Model - Validation accuracy: 0.3085
Model - FGSM accuracy: 0.0635
Model - PGD accuracy: 0.0495
WA Model - Validation accuracy: 0.0245
WA Model - FGSM accuracy: 0.0085
WA Model - PGD accuracy: 0.0080
Best model: model (PGD acc: 0.0495, Val acc: 0.3085)

============ Epoch 8 ============
Training time: 153.37s
Training loss: 4.9281
Training accuracy: 0.3087
Current GPU memory: 13.84 GB
Validation time: 12.87s
Model - Validation accuracy: 0.3130
Model - FGSM accuracy: 0.0780
Model - PGD accuracy: 0.0625
WA Model - Validation accuracy: 0.0390
WA Model - FGSM accuracy: 0.0175
WA Model - PGD accuracy: 0.0160
Best model: model (PGD acc: 0.0625, Val acc: 0.3130)

============ Epoch 9 ============
Training time: 153.49s
Training loss: 4.9108
Training accuracy: 0.3239
Current GPU memory: 13.84 GB
Validation time: 12.93s
Model - Validation accuracy: 0.3365
Model - FGSM accuracy: 0.0790
Model - PGD accuracy: 0.0610
WA Model - Validation accuracy: 0.0575
WA Model - FGSM accuracy: 0.0220
WA Model - PGD accuracy: 0.0190
Best model: model (PGD acc: 0.0610, Val acc: 0.3365)

============ Epoch 10 ============
Training time: 153.41s
Training loss: 4.8940
Training accuracy: 0.3390
Current GPU memory: 13.84 GB
Validation time: 12.85s
Model - Validation accuracy: 0.3440
Model - FGSM accuracy: 0.0895
Model - PGD accuracy: 0.0675
WA Model - Validation accuracy: 0.0755
WA Model - FGSM accuracy: 0.0255
WA Model - PGD accuracy: 0.0230
Best model: model (PGD acc: 0.0675, Val acc: 0.3440)

============ Epoch 11 ============
Training time: 153.20s
Training loss: 4.8809
Training accuracy: 0.3530
Current GPU memory: 13.84 GB
Validation time: 12.91s
Model - Validation accuracy: 0.3775
Model - FGSM accuracy: 0.0860
Model - PGD accuracy: 0.0685
WA Model - Validation accuracy: 0.0905
WA Model - FGSM accuracy: 0.0270
WA Model - PGD accuracy: 0.0240
Best model: model (PGD acc: 0.0685, Val acc: 0.3775)

============ Epoch 12 ============
Training time: 153.48s
Training loss: 4.8674
Training accuracy: 0.3667
Current GPU memory: 13.84 GB
Validation time: 12.91s
Model - Validation accuracy: 0.3725
Model - FGSM accuracy: 0.0865
Model - PGD accuracy: 0.0700
WA Model - Validation accuracy: 0.0940
WA Model - FGSM accuracy: 0.0295
WA Model - PGD accuracy: 0.0230
Best model: model (PGD acc: 0.0700, Val acc: 0.3725)

============ Epoch 13 ============
Training time: 152.92s
Training loss: 4.8554
Training accuracy: 0.3783
Current GPU memory: 13.84 GB
Validation time: 12.85s
Model - Validation accuracy: 0.3975
Model - FGSM accuracy: 0.0905
Model - PGD accuracy: 0.0700
WA Model - Validation accuracy: 0.0855
WA Model - FGSM accuracy: 0.0260
WA Model - PGD accuracy: 0.0220
Best model: model (PGD acc: 0.0700, Val acc: 0.3975)

============ Epoch 14 ============
Training time: 152.84s
Training loss: 4.8456
Training accuracy: 0.3866
Current GPU memory: 13.84 GB
Validation time: 12.86s
Model - Validation accuracy: 0.3860
Model - FGSM accuracy: 0.0920
Model - PGD accuracy: 0.0700
WA Model - Validation accuracy: 0.0710
WA Model - FGSM accuracy: 0.0220
WA Model - PGD accuracy: 0.0200
Best model: model (PGD acc: 0.0700, Val acc: 0.3860)

============ Epoch 15 ============
Training time: 152.93s
Training loss: 4.8370
Training accuracy: 0.3971
Current GPU memory: 13.84 GB
Validation time: 12.86s
Model - Validation accuracy: 0.3975
Model - FGSM accuracy: 0.1080
Model - PGD accuracy: 0.0790
WA Model - Validation accuracy: 0.0555
WA Model - FGSM accuracy: 0.0175
WA Model - PGD accuracy: 0.0170
Best model: model (PGD acc: 0.0790, Val acc: 0.3975)

============ Epoch 16 ============
Training time: 153.55s
Training loss: 4.8311
Training accuracy: 0.4002
Current GPU memory: 13.84 GB
Validation time: 12.78s
Model - Validation accuracy: 0.4065
Model - FGSM accuracy: 0.1090
Model - PGD accuracy: 0.0815
WA Model - Validation accuracy: 0.0415
WA Model - FGSM accuracy: 0.0160
WA Model - PGD accuracy: 0.0155
Best model: model (PGD acc: 0.0815, Val acc: 0.4065)

============ Epoch 17 ============
Training time: 152.90s
Training loss: 4.8256
Training accuracy: 0.4063
Current GPU memory: 13.84 GB
Validation time: 12.86s
Model - Validation accuracy: 0.3855
Model - FGSM accuracy: 0.0840
Model - PGD accuracy: 0.0630
WA Model - Validation accuracy: 0.0355
WA Model - FGSM accuracy: 0.0135
WA Model - PGD accuracy: 0.0140
Best model: model (PGD acc: 0.0630, Val acc: 0.3855)

============ Epoch 18 ============
Training time: 152.92s
Training loss: 4.8209
Training accuracy: 0.4112
Current GPU memory: 13.84 GB
Validation time: 12.81s
Model - Validation accuracy: 0.4110
Model - FGSM accuracy: 0.0960
Model - PGD accuracy: 0.0680
WA Model - Validation accuracy: 0.0330
WA Model - FGSM accuracy: 0.0120
WA Model - PGD accuracy: 0.0115
Best model: model (PGD acc: 0.0680, Val acc: 0.4110)

============ Epoch 19 ============
Training time: 152.62s
Training loss: 4.8168
Training accuracy: 0.4130
Current GPU memory: 13.84 GB
Validation time: 12.84s
Model - Validation accuracy: 0.3985
Model - FGSM accuracy: 0.0985
Model - PGD accuracy: 0.0780
WA Model - Validation accuracy: 0.0410
WA Model - FGSM accuracy: 0.0145
WA Model - PGD accuracy: 0.0140
Best model: model (PGD acc: 0.0780, Val acc: 0.3985)

============ Epoch 20 ============
Training time: 153.31s
Training loss: 4.8131
Training accuracy: 0.4166
Current GPU memory: 13.84 GB
Validation time: 12.82s
Model - Validation accuracy: 0.4070
Model - FGSM accuracy: 0.0970
Model - PGD accuracy: 0.0690
WA Model - Validation accuracy: 0.0600
WA Model - FGSM accuracy: 0.0205
WA Model - PGD accuracy: 0.0195
Best model: model (PGD acc: 0.0690, Val acc: 0.4070)

============ Epoch 21 ============
Training time: 152.80s
Training loss: 4.8088
Training accuracy: 0.4220
Current GPU memory: 13.84 GB
Validation time: 12.79s
Model - Validation accuracy: 0.4150
Model - FGSM accuracy: 0.1095
Model - PGD accuracy: 0.0755
WA Model - Validation accuracy: 0.1015
WA Model - FGSM accuracy: 0.0290
WA Model - PGD accuracy: 0.0285
Best model: model (PGD acc: 0.0755, Val acc: 0.4150)

============ Epoch 22 ============
Training time: 152.70s
Training loss: 4.8050
Training accuracy: 0.4232
Current GPU memory: 13.84 GB
Validation time: 12.77s
Model - Validation accuracy: 0.4080
Model - FGSM accuracy: 0.1075
Model - PGD accuracy: 0.0745
WA Model - Validation accuracy: 0.1580
WA Model - FGSM accuracy: 0.0520
WA Model - PGD accuracy: 0.0480
Best model: model (PGD acc: 0.0745, Val acc: 0.4080)

============ Epoch 23 ============
Training time: 153.40s
Training loss: 4.8012
Training accuracy: 0.4281
Current GPU memory: 13.84 GB
Validation time: 12.83s
Model - Validation accuracy: 0.4075
Model - FGSM accuracy: 0.1160
Model - PGD accuracy: 0.0865
WA Model - Validation accuracy: 0.2380
WA Model - FGSM accuracy: 0.0700
WA Model - PGD accuracy: 0.0615
Best model: model (PGD acc: 0.0865, Val acc: 0.4075)

============ Epoch 24 ============
Training time: 152.64s
Training loss: 4.7982
Training accuracy: 0.4315
Current GPU memory: 13.84 GB
Validation time: 12.74s
Model - Validation accuracy: 0.4130
Model - FGSM accuracy: 0.1040
Model - PGD accuracy: 0.0785
WA Model - Validation accuracy: 0.3320
WA Model - FGSM accuracy: 0.1055
WA Model - PGD accuracy: 0.0895
Best model: wa_model (PGD acc: 0.0895, Val acc: 0.3320)

============ Epoch 25 ============
Training time: 153.42s
Training loss: 4.7949
Training accuracy: 0.4339
Current GPU memory: 13.84 GB
Validation time: 12.80s
Model - Validation accuracy: 0.4195
Model - FGSM accuracy: 0.1220
Model - PGD accuracy: 0.0905
WA Model - Validation accuracy: 0.3960
WA Model - FGSM accuracy: 0.1315
WA Model - PGD accuracy: 0.1155
Best model: wa_model (PGD acc: 0.1155, Val acc: 0.3960)

============ Epoch 26 ============
Training time: 152.63s
Training loss: 4.7923
Training accuracy: 0.4354
Current GPU memory: 13.84 GB
Validation time: 12.81s
Model - Validation accuracy: 0.4115
Model - FGSM accuracy: 0.1030
Model - PGD accuracy: 0.0775
WA Model - Validation accuracy: 0.4455
WA Model - FGSM accuracy: 0.1530
WA Model - PGD accuracy: 0.1320
Best model: wa_model (PGD acc: 0.1320, Val acc: 0.4455)

============ Epoch 27 ============
Training time: 152.85s
Training loss: 4.7896
Training accuracy: 0.4369
Current GPU memory: 13.84 GB
Validation time: 12.86s
Model - Validation accuracy: 0.4090
Model - FGSM accuracy: 0.0885
Model - PGD accuracy: 0.0615
WA Model - Validation accuracy: 0.4675
WA Model - FGSM accuracy: 0.1690
WA Model - PGD accuracy: 0.1430
Best model: wa_model (PGD acc: 0.1430, Val acc: 0.4675)

============ Epoch 28 ============
Training time: 153.36s
Training loss: 4.7875
Training accuracy: 0.4392
Current GPU memory: 13.84 GB
Validation time: 12.85s
Model - Validation accuracy: 0.4280
Model - FGSM accuracy: 0.1160
Model - PGD accuracy: 0.0830
WA Model - Validation accuracy: 0.4830
WA Model - FGSM accuracy: 0.1820
WA Model - PGD accuracy: 0.1545
Best model: wa_model (PGD acc: 0.1545, Val acc: 0.4830)

============ Epoch 29 ============
Training time: 153.37s
Training loss: 4.7843
Training accuracy: 0.4441
Current GPU memory: 13.84 GB
Validation time: 12.83s
Model - Validation accuracy: 0.4015
Model - FGSM accuracy: 0.1020
Model - PGD accuracy: 0.0730
WA Model - Validation accuracy: 0.4950
WA Model - FGSM accuracy: 0.1930
WA Model - PGD accuracy: 0.1585
Best model: wa_model (PGD acc: 0.1585, Val acc: 0.4950)

============ Epoch 30 ============
Training time: 153.07s
Training loss: 4.7814
Training accuracy: 0.4442
Current GPU memory: 13.84 GB
Validation time: 12.88s
Model - Validation accuracy: 0.4290
Model - FGSM accuracy: 0.1030
Model - PGD accuracy: 0.0815
WA Model - Validation accuracy: 0.5040
WA Model - FGSM accuracy: 0.1975
WA Model - PGD accuracy: 0.1645
Best model: wa_model (PGD acc: 0.1645, Val acc: 0.5040)

============ Epoch 31 ============
Training time: 153.06s
Training loss: 4.7790
Training accuracy: 0.4453
Current GPU memory: 13.84 GB
Validation time: 12.79s
Model - Validation accuracy: 0.4200
Model - FGSM accuracy: 0.1125
Model - PGD accuracy: 0.0820
WA Model - Validation accuracy: 0.5105
WA Model - FGSM accuracy: 0.2040
WA Model - PGD accuracy: 0.1670
Best model: wa_model (PGD acc: 0.1670, Val acc: 0.5105)

============ Epoch 32 ============
Training time: 152.74s
Training loss: 4.7762
Training accuracy: 0.4483
Current GPU memory: 13.84 GB
Validation time: 12.79s
Model - Validation accuracy: 0.4375
Model - FGSM accuracy: 0.1320
Model - PGD accuracy: 0.1005
WA Model - Validation accuracy: 0.5145
WA Model - FGSM accuracy: 0.2040
WA Model - PGD accuracy: 0.1715
Best model: wa_model (PGD acc: 0.1715, Val acc: 0.5145)

============ Epoch 33 ============
Training time: 153.05s
Training loss: 4.7742
Training accuracy: 0.4507
Current GPU memory: 13.84 GB
Validation time: 12.85s
Model - Validation accuracy: 0.4220
Model - FGSM accuracy: 0.1140
Model - PGD accuracy: 0.0795
WA Model - Validation accuracy: 0.5215
WA Model - FGSM accuracy: 0.2090
WA Model - PGD accuracy: 0.1725
Best model: wa_model (PGD acc: 0.1725, Val acc: 0.5215)

============ Epoch 34 ============
Training time: 153.28s
Training loss: 4.7719
Training accuracy: 0.4525
Current GPU memory: 13.84 GB
Validation time: 12.89s
Model - Validation accuracy: 0.4450
Model - FGSM accuracy: 0.1240
Model - PGD accuracy: 0.0990
WA Model - Validation accuracy: 0.5265
WA Model - FGSM accuracy: 0.2090
WA Model - PGD accuracy: 0.1710
Best model: wa_model (PGD acc: 0.1710, Val acc: 0.5265)

============ Epoch 35 ============
Training time: 153.16s
Training loss: 4.7697
Training accuracy: 0.4541
Current GPU memory: 13.84 GB
Validation time: 12.81s
Model - Validation accuracy: 0.4190
Model - FGSM accuracy: 0.1105
Model - PGD accuracy: 0.0850
WA Model - Validation accuracy: 0.5310
WA Model - FGSM accuracy: 0.2130
WA Model - PGD accuracy: 0.1715
Best model: wa_model (PGD acc: 0.1715, Val acc: 0.5310)

============ Epoch 36 ============
Training time: 152.80s
Training loss: 4.7672
Training accuracy: 0.4566
Current GPU memory: 13.84 GB
Validation time: 12.83s
Model - Validation accuracy: 0.4385
Model - FGSM accuracy: 0.1165
Model - PGD accuracy: 0.0775
WA Model - Validation accuracy: 0.5315
WA Model - FGSM accuracy: 0.2115
WA Model - PGD accuracy: 0.1745
Best model: wa_model (PGD acc: 0.1745, Val acc: 0.5315)

============ Epoch 37 ============
Training time: 152.86s
Training loss: 4.7658
Training accuracy: 0.4565
Current GPU memory: 13.84 GB
Validation time: 12.79s
Model - Validation accuracy: 0.4470
Model - FGSM accuracy: 0.1130
Model - PGD accuracy: 0.0855
WA Model - Validation accuracy: 0.5320
WA Model - FGSM accuracy: 0.2130
WA Model - PGD accuracy: 0.1725
Best model: wa_model (PGD acc: 0.1725, Val acc: 0.5320)

============ Epoch 38 ============
Training time: 152.81s
Training loss: 4.7639
Training accuracy: 0.4579
Current GPU memory: 13.84 GB
Validation time: 12.76s
Model - Validation accuracy: 0.4230
Model - FGSM accuracy: 0.1170
Model - PGD accuracy: 0.0820
WA Model - Validation accuracy: 0.5375
WA Model - FGSM accuracy: 0.2140
WA Model - PGD accuracy: 0.1735
Best model: wa_model (PGD acc: 0.1735, Val acc: 0.5375)

============ Epoch 39 ============
Training time: 152.71s
Training loss: 4.7617
Training accuracy: 0.4599
Current GPU memory: 13.84 GB
Validation time: 12.84s
Model - Validation accuracy: 0.4350
Model - FGSM accuracy: 0.1295
Model - PGD accuracy: 0.0935
WA Model - Validation accuracy: 0.5400
WA Model - FGSM accuracy: 0.2160
WA Model - PGD accuracy: 0.1745
Best model: wa_model (PGD acc: 0.1745, Val acc: 0.5400)

============ Epoch 40 ============
Training time: 152.80s
Training loss: 4.7591
Training accuracy: 0.4647
Current GPU memory: 13.84 GB
Validation time: 12.86s
Model - Validation accuracy: 0.4600
Model - FGSM accuracy: 0.1240
Model - PGD accuracy: 0.0850
WA Model - Validation accuracy: 0.5390
WA Model - FGSM accuracy: 0.2190
WA Model - PGD accuracy: 0.1775
Best model: wa_model (PGD acc: 0.1775, Val acc: 0.5390)

============ Epoch 41 ============
Training time: 152.65s
Training loss: 4.7577
Training accuracy: 0.4640
Current GPU memory: 13.84 GB
Validation time: 12.82s
Model - Validation accuracy: 0.4405
Model - FGSM accuracy: 0.1240
Model - PGD accuracy: 0.0940
WA Model - Validation accuracy: 0.5415
WA Model - FGSM accuracy: 0.2210
WA Model - PGD accuracy: 0.1770
Best model: wa_model (PGD acc: 0.1770, Val acc: 0.5415)

============ Epoch 42 ============
Training time: 152.68s
Training loss: 4.7556
Training accuracy: 0.4643
Current GPU memory: 13.84 GB
Validation time: 12.81s
Model - Validation accuracy: 0.4405
Model - FGSM accuracy: 0.1135
Model - PGD accuracy: 0.0820
WA Model - Validation accuracy: 0.5420
WA Model - FGSM accuracy: 0.2180
WA Model - PGD accuracy: 0.1765
Best model: wa_model (PGD acc: 0.1765, Val acc: 0.5420)

============ Epoch 43 ============
Training time: 152.62s
Training loss: 4.7546
Training accuracy: 0.4666
Current GPU memory: 13.84 GB
Validation time: 12.78s
Model - Validation accuracy: 0.4505
Model - FGSM accuracy: 0.1200
Model - PGD accuracy: 0.0840
WA Model - Validation accuracy: 0.5460
WA Model - FGSM accuracy: 0.2165
WA Model - PGD accuracy: 0.1760
Best model: wa_model (PGD acc: 0.1760, Val acc: 0.5460)

============ Epoch 44 ============
Training time: 152.56s
Training loss: 4.7521
Training accuracy: 0.4695
Current GPU memory: 13.84 GB
Validation time: 12.75s
Model - Validation accuracy: 0.4450
Model - FGSM accuracy: 0.1255
Model - PGD accuracy: 0.0905
WA Model - Validation accuracy: 0.5485
WA Model - FGSM accuracy: 0.2170
WA Model - PGD accuracy: 0.1755
Best model: wa_model (PGD acc: 0.1755, Val acc: 0.5485)

============ Epoch 45 ============
Training time: 152.61s
Training loss: 4.7499
Training accuracy: 0.4703
Current GPU memory: 13.84 GB
Validation time: 12.80s
Model - Validation accuracy: 0.4570
Model - FGSM accuracy: 0.1265
Model - PGD accuracy: 0.0940
WA Model - Validation accuracy: 0.5505
WA Model - FGSM accuracy: 0.2150
WA Model - PGD accuracy: 0.1755
Best model: wa_model (PGD acc: 0.1755, Val acc: 0.5505)

============ Epoch 46 ============
Training time: 152.58s
Training loss: 4.7482
Training accuracy: 0.4737
Current GPU memory: 13.84 GB
Validation time: 12.81s
Model - Validation accuracy: 0.4430
Model - FGSM accuracy: 0.1205
Model - PGD accuracy: 0.0875
WA Model - Validation accuracy: 0.5525
WA Model - FGSM accuracy: 0.2145
WA Model - PGD accuracy: 0.1715
Best model: wa_model (PGD acc: 0.1715, Val acc: 0.5525)

============ Epoch 47 ============
Training time: 152.89s
Training loss: 4.7464
Training accuracy: 0.4748
Current GPU memory: 13.84 GB
Validation time: 12.76s
Model - Validation accuracy: 0.4460
Model - FGSM accuracy: 0.1230
Model - PGD accuracy: 0.0900
WA Model - Validation accuracy: 0.5605
WA Model - FGSM accuracy: 0.2165
WA Model - PGD accuracy: 0.1745
Best model: wa_model (PGD acc: 0.1745, Val acc: 0.5605)

============ Epoch 48 ============
Training time: 152.91s
Training loss: 4.7452
Training accuracy: 0.4748
Current GPU memory: 13.84 GB
Validation time: 12.82s
Model - Validation accuracy: 0.4495
Model - FGSM accuracy: 0.1215
Model - PGD accuracy: 0.0890
WA Model - Validation accuracy: 0.5620
WA Model - FGSM accuracy: 0.2140
WA Model - PGD accuracy: 0.1760
Best model: wa_model (PGD acc: 0.1760, Val acc: 0.5620)

============ Epoch 49 ============
Training time: 152.91s
Training loss: 4.7422
Training accuracy: 0.4769
Current GPU memory: 13.84 GB
Validation time: 12.78s
Model - Validation accuracy: 0.4680
Model - FGSM accuracy: 0.1280
Model - PGD accuracy: 0.0920
WA Model - Validation accuracy: 0.5600
WA Model - FGSM accuracy: 0.2155
WA Model - PGD accuracy: 0.1760
Best model: wa_model (PGD acc: 0.1760, Val acc: 0.5600)

============ Epoch 50 ============
Training time: 152.55s
Training loss: 4.7407
Training accuracy: 0.4784
Current GPU memory: 13.84 GB
Validation time: 12.78s
Model - Validation accuracy: 0.4575
Model - FGSM accuracy: 0.1240
Model - PGD accuracy: 0.0870
WA Model - Validation accuracy: 0.5610
WA Model - FGSM accuracy: 0.2205
WA Model - PGD accuracy: 0.1775
Best model: wa_model (PGD acc: 0.1775, Val acc: 0.5610)

============ Epoch 51 ============
Training time: 152.55s
Training loss: 4.7388
Training accuracy: 0.4816
Current GPU memory: 13.84 GB
Validation time: 12.79s
Model - Validation accuracy: 0.4525
Model - FGSM accuracy: 0.1275
Model - PGD accuracy: 0.0925
WA Model - Validation accuracy: 0.5625
WA Model - FGSM accuracy: 0.2165
WA Model - PGD accuracy: 0.1750
Best model: wa_model (PGD acc: 0.1750, Val acc: 0.5625)

============ Epoch 52 ============
Training time: 152.75s
Training loss: 4.7371
Training accuracy: 0.4824
Current GPU memory: 13.84 GB
Validation time: 12.83s
Model - Validation accuracy: 0.4415
Model - FGSM accuracy: 0.1205
Model - PGD accuracy: 0.0925
WA Model - Validation accuracy: 0.5595
WA Model - FGSM accuracy: 0.2180
WA Model - PGD accuracy: 0.1770
Best model: wa_model (PGD acc: 0.1770, Val acc: 0.5595)

============ Epoch 53 ============
Training time: 152.72s
Training loss: 4.7345
Training accuracy: 0.4865
Current GPU memory: 13.84 GB
Validation time: 12.80s
Model - Validation accuracy: 0.4485
Model - FGSM accuracy: 0.1280
Model - PGD accuracy: 0.0975
WA Model - Validation accuracy: 0.5655
WA Model - FGSM accuracy: 0.2185
WA Model - PGD accuracy: 0.1745
Best model: wa_model (PGD acc: 0.1745, Val acc: 0.5655)

============ Epoch 54 ============
Training time: 152.25s
Training loss: 4.7324
Training accuracy: 0.4867
Current GPU memory: 13.84 GB
Validation time: 12.75s
Model - Validation accuracy: 0.4810
Model - FGSM accuracy: 0.1385
Model - PGD accuracy: 0.1020
WA Model - Validation accuracy: 0.5670
WA Model - FGSM accuracy: 0.2200
WA Model - PGD accuracy: 0.1740
Best model: wa_model (PGD acc: 0.1740, Val acc: 0.5670)

============ Epoch 55 ============
Training time: 152.47s
Training loss: 4.7288
Training accuracy: 0.4897
Current GPU memory: 13.84 GB
Validation time: 12.81s
Model - Validation accuracy: 0.4650
Model - FGSM accuracy: 0.1335
Model - PGD accuracy: 0.0985
WA Model - Validation accuracy: 0.5735
WA Model - FGSM accuracy: 0.2215
WA Model - PGD accuracy: 0.1800
Best model: wa_model (PGD acc: 0.1800, Val acc: 0.5735)

============ Epoch 56 ============
Training time: 152.88s
Training loss: 4.7266
Training accuracy: 0.4922
Current GPU memory: 13.84 GB
Validation time: 12.82s
Model - Validation accuracy: 0.4785
Model - FGSM accuracy: 0.1305
Model - PGD accuracy: 0.0945
WA Model - Validation accuracy: 0.5720
WA Model - FGSM accuracy: 0.2175
WA Model - PGD accuracy: 0.1820
Best model: wa_model (PGD acc: 0.1820, Val acc: 0.5720)

============ Epoch 57 ============
Training time: 152.76s
Training loss: 4.7251
Training accuracy: 0.4940
Current GPU memory: 13.84 GB
Validation time: 12.78s
Model - Validation accuracy: 0.4590
Model - FGSM accuracy: 0.1240
Model - PGD accuracy: 0.0920
WA Model - Validation accuracy: 0.5690
WA Model - FGSM accuracy: 0.2195
WA Model - PGD accuracy: 0.1850
Best model: wa_model (PGD acc: 0.1850, Val acc: 0.5690)

============ Epoch 58 ============
Training time: 152.70s
Training loss: 4.7227
Training accuracy: 0.4961
Current GPU memory: 13.84 GB
Validation time: 12.73s
Model - Validation accuracy: 0.4615
Model - FGSM accuracy: 0.1315
Model - PGD accuracy: 0.0985
WA Model - Validation accuracy: 0.5760
WA Model - FGSM accuracy: 0.2210
WA Model - PGD accuracy: 0.1835
Best model: wa_model (PGD acc: 0.1835, Val acc: 0.5760)

============ Epoch 59 ============
Training time: 152.52s
Training loss: 4.7191
Training accuracy: 0.4997
Current GPU memory: 13.84 GB
Validation time: 12.81s
Model - Validation accuracy: 0.4755
Model - FGSM accuracy: 0.1350
Model - PGD accuracy: 0.0995
WA Model - Validation accuracy: 0.5755
WA Model - FGSM accuracy: 0.2200
WA Model - PGD accuracy: 0.1860
Best model: wa_model (PGD acc: 0.1860, Val acc: 0.5755)

============ Epoch 60 ============
Training time: 152.90s
Training loss: 4.7171
Training accuracy: 0.5020
Current GPU memory: 13.84 GB
Validation time: 12.78s
Model - Validation accuracy: 0.4875
Model - FGSM accuracy: 0.1355
Model - PGD accuracy: 0.0990
WA Model - Validation accuracy: 0.5730
WA Model - FGSM accuracy: 0.2200
WA Model - PGD accuracy: 0.1840
Best model: wa_model (PGD acc: 0.1840, Val acc: 0.5730)

============ Epoch 61 ============
Training time: 152.97s
Training loss: 4.7133
Training accuracy: 0.5061
Current GPU memory: 13.84 GB
Validation time: 12.83s
Model - Validation accuracy: 0.4765
Model - FGSM accuracy: 0.1300
Model - PGD accuracy: 0.1020
WA Model - Validation accuracy: 0.5770
WA Model - FGSM accuracy: 0.2195
WA Model - PGD accuracy: 0.1835
Best model: wa_model (PGD acc: 0.1835, Val acc: 0.5770)

============ Epoch 62 ============
Training time: 152.62s
Training loss: 4.7109
Training accuracy: 0.5065
Current GPU memory: 13.84 GB
Validation time: 12.77s
Model - Validation accuracy: 0.4785
Model - FGSM accuracy: 0.1335
Model - PGD accuracy: 0.0955
WA Model - Validation accuracy: 0.5725
WA Model - FGSM accuracy: 0.2215
WA Model - PGD accuracy: 0.1840
Best model: wa_model (PGD acc: 0.1840, Val acc: 0.5725)

============ Epoch 63 ============
Training time: 152.53s
Training loss: 4.7068
Training accuracy: 0.5123
Current GPU memory: 13.84 GB
Validation time: 12.76s
Model - Validation accuracy: 0.4700
Model - FGSM accuracy: 0.1300
Model - PGD accuracy: 0.0915
WA Model - Validation accuracy: 0.5725
WA Model - FGSM accuracy: 0.2220
WA Model - PGD accuracy: 0.1830
Best model: wa_model (PGD acc: 0.1830, Val acc: 0.5725)

============ Epoch 64 ============
Training time: 152.42s
Training loss: 4.7044
Training accuracy: 0.5157
Current GPU memory: 13.84 GB
Validation time: 12.80s
Model - Validation accuracy: 0.4830
Model - FGSM accuracy: 0.1310
Model - PGD accuracy: 0.0970
WA Model - Validation accuracy: 0.5735
WA Model - FGSM accuracy: 0.2230
WA Model - PGD accuracy: 0.1820
Best model: wa_model (PGD acc: 0.1820, Val acc: 0.5735)

============ Epoch 65 ============
Training time: 152.84s
Training loss: 4.7003
Training accuracy: 0.5189
Current GPU memory: 13.84 GB
Validation time: 12.78s
Model - Validation accuracy: 0.4905
Model - FGSM accuracy: 0.1440
Model - PGD accuracy: 0.1050
WA Model - Validation accuracy: 0.5720
WA Model - FGSM accuracy: 0.2245
WA Model - PGD accuracy: 0.1865
Best model: wa_model (PGD acc: 0.1865, Val acc: 0.5720)

============ Epoch 66 ============
Training time: 152.70s
Training loss: 4.6976
Training accuracy: 0.5197
Current GPU memory: 13.84 GB
Validation time: 12.78s
Model - Validation accuracy: 0.4855
Model - FGSM accuracy: 0.1470
Model - PGD accuracy: 0.1155
WA Model - Validation accuracy: 0.5755
WA Model - FGSM accuracy: 0.2235
WA Model - PGD accuracy: 0.1820
Best model: wa_model (PGD acc: 0.1820, Val acc: 0.5755)

============ Epoch 67 ============
Training time: 152.51s
Training loss: 4.6931
Training accuracy: 0.5261
Current GPU memory: 13.84 GB
Validation time: 12.77s
Model - Validation accuracy: 0.4965
Model - FGSM accuracy: 0.1470
Model - PGD accuracy: 0.1180
WA Model - Validation accuracy: 0.5770
WA Model - FGSM accuracy: 0.2255
WA Model - PGD accuracy: 0.1860
Best model: wa_model (PGD acc: 0.1860, Val acc: 0.5770)

============ Epoch 68 ============
Training time: 152.50s
Training loss: 4.6897
Training accuracy: 0.5284
Current GPU memory: 13.84 GB
Validation time: 12.76s
Model - Validation accuracy: 0.4970
Model - FGSM accuracy: 0.1500
Model - PGD accuracy: 0.1115
WA Model - Validation accuracy: 0.5755
WA Model - FGSM accuracy: 0.2330
WA Model - PGD accuracy: 0.1850
Best model: wa_model (PGD acc: 0.1850, Val acc: 0.5755)

============ Epoch 69 ============
Training time: 152.61s
Training loss: 4.6845
Training accuracy: 0.5328
Current GPU memory: 13.84 GB
Validation time: 12.79s
Model - Validation accuracy: 0.5110
Model - FGSM accuracy: 0.1480
Model - PGD accuracy: 0.1090
WA Model - Validation accuracy: 0.5745
WA Model - FGSM accuracy: 0.2340
WA Model - PGD accuracy: 0.1890
Best model: wa_model (PGD acc: 0.1890, Val acc: 0.5745)

============ Epoch 70 ============
Training time: 152.60s
Training loss: 4.6801
Training accuracy: 0.5382
Current GPU memory: 13.84 GB
Validation time: 12.78s
Model - Validation accuracy: 0.4860
Model - FGSM accuracy: 0.1520
Model - PGD accuracy: 0.1120
WA Model - Validation accuracy: 0.5800
WA Model - FGSM accuracy: 0.2265
WA Model - PGD accuracy: 0.1875
Best model: wa_model (PGD acc: 0.1875, Val acc: 0.5800)

============ Epoch 71 ============
Training time: 152.59s
Training loss: 4.6760
Training accuracy: 0.5434
Current GPU memory: 13.84 GB
Validation time: 12.78s
Model - Validation accuracy: 0.5045
Model - FGSM accuracy: 0.1350
Model - PGD accuracy: 0.0980
WA Model - Validation accuracy: 0.5815
WA Model - FGSM accuracy: 0.2300
WA Model - PGD accuracy: 0.1870
Best model: wa_model (PGD acc: 0.1870, Val acc: 0.5815)

============ Epoch 72 ============
Training time: 152.46s
Training loss: 4.6699
Training accuracy: 0.5481
Current GPU memory: 13.84 GB
Validation time: 13.04s
Model - Validation accuracy: 0.5080
Model - FGSM accuracy: 0.1515
Model - PGD accuracy: 0.1130
WA Model - Validation accuracy: 0.5835
WA Model - FGSM accuracy: 0.2380
WA Model - PGD accuracy: 0.1860
Best model: wa_model (PGD acc: 0.1860, Val acc: 0.5835)

============ Epoch 73 ============
Training time: 152.58s
Training loss: 4.6645
Training accuracy: 0.5555
Current GPU memory: 13.84 GB
Validation time: 12.73s
Model - Validation accuracy: 0.5020
Model - FGSM accuracy: 0.1460
Model - PGD accuracy: 0.1105
WA Model - Validation accuracy: 0.5815
WA Model - FGSM accuracy: 0.2325
WA Model - PGD accuracy: 0.1830
Best model: wa_model (PGD acc: 0.1830, Val acc: 0.5815)

============ Epoch 74 ============
Training time: 153.06s
Training loss: 4.6576
Training accuracy: 0.5611
Current GPU memory: 13.84 GB
Validation time: 12.76s
Model - Validation accuracy: 0.5275
Model - FGSM accuracy: 0.1590
Model - PGD accuracy: 0.1145
WA Model - Validation accuracy: 0.5875
WA Model - FGSM accuracy: 0.2305
WA Model - PGD accuracy: 0.1855
Best model: wa_model (PGD acc: 0.1855, Val acc: 0.5875)

============ Epoch 75 ============
Training time: 152.42s
Training loss: 4.6520
Training accuracy: 0.5671
Current GPU memory: 13.84 GB
Validation time: 12.79s
Model - Validation accuracy: 0.5185
Model - FGSM accuracy: 0.1550
Model - PGD accuracy: 0.1145
WA Model - Validation accuracy: 0.5910
WA Model - FGSM accuracy: 0.2285
WA Model - PGD accuracy: 0.1845
Best model: wa_model (PGD acc: 0.1845, Val acc: 0.5910)

============ Epoch 76 ============
Training time: 152.85s
Training loss: 4.6454
Training accuracy: 0.5733
Current GPU memory: 13.84 GB
Validation time: 12.76s
Model - Validation accuracy: 0.5205
Model - FGSM accuracy: 0.1540
Model - PGD accuracy: 0.1180
WA Model - Validation accuracy: 0.5915
WA Model - FGSM accuracy: 0.2300
WA Model - PGD accuracy: 0.1855
Best model: wa_model (PGD acc: 0.1855, Val acc: 0.5915)

============ Epoch 77 ============
Training time: 152.67s
Training loss: 4.6388
Training accuracy: 0.5804
Current GPU memory: 13.84 GB
Validation time: 12.79s
Model - Validation accuracy: 0.5400
Model - FGSM accuracy: 0.1580
Model - PGD accuracy: 0.1190
WA Model - Validation accuracy: 0.5885
WA Model - FGSM accuracy: 0.2285
WA Model - PGD accuracy: 0.1845
Best model: wa_model (PGD acc: 0.1845, Val acc: 0.5885)

============ Epoch 78 ============
Training time: 152.58s
Training loss: 4.6307
Training accuracy: 0.5896
Current GPU memory: 13.84 GB
Validation time: 12.77s
Model - Validation accuracy: 0.5120
Model - FGSM accuracy: 0.1615
Model - PGD accuracy: 0.1165
WA Model - Validation accuracy: 0.5905
WA Model - FGSM accuracy: 0.2290
WA Model - PGD accuracy: 0.1810
Best model: wa_model (PGD acc: 0.1810, Val acc: 0.5905)

============ Epoch 79 ============
Training time: 152.97s
Training loss: 4.6210
Training accuracy: 0.6008
Current GPU memory: 13.84 GB
Validation time: 12.78s
Model - Validation accuracy: 0.5335
Model - FGSM accuracy: 0.1670
Model - PGD accuracy: 0.1290
WA Model - Validation accuracy: 0.5885
WA Model - FGSM accuracy: 0.2325
WA Model - PGD accuracy: 0.1825
Best model: wa_model (PGD acc: 0.1825, Val acc: 0.5885)

============ Epoch 80 ============
Training time: 152.78s
Training loss: 4.6135
Training accuracy: 0.6106
Current GPU memory: 13.84 GB
Validation time: 12.74s
Model - Validation accuracy: 0.5280
Model - FGSM accuracy: 0.1660
Model - PGD accuracy: 0.1285
WA Model - Validation accuracy: 0.5910
WA Model - FGSM accuracy: 0.2325
WA Model - PGD accuracy: 0.1830
Best model: wa_model (PGD acc: 0.1830, Val acc: 0.5910)

============ Epoch 81 ============
Training time: 152.61s
Training loss: 4.6025
Training accuracy: 0.6227
Current GPU memory: 13.84 GB
Validation time: 12.77s
Model - Validation accuracy: 0.5210
Model - FGSM accuracy: 0.1850
Model - PGD accuracy: 0.1310
WA Model - Validation accuracy: 0.5945
WA Model - FGSM accuracy: 0.2310
WA Model - PGD accuracy: 0.1860
Best model: wa_model (PGD acc: 0.1860, Val acc: 0.5945)

============ Epoch 82 ============
Training time: 152.62s
Training loss: 4.5930
Training accuracy: 0.6331
Current GPU memory: 13.84 GB
Validation time: 12.81s
Model - Validation accuracy: 0.5310
Model - FGSM accuracy: 0.1760
Model - PGD accuracy: 0.1245
WA Model - Validation accuracy: 0.5990
WA Model - FGSM accuracy: 0.2315
WA Model - PGD accuracy: 0.1805
Best model: wa_model (PGD acc: 0.1805, Val acc: 0.5990)

============ Epoch 83 ============
Training time: 152.53s
Training loss: 4.5819
Training accuracy: 0.6451
Current GPU memory: 13.84 GB
Validation time: 12.81s
Model - Validation accuracy: 0.5430
Model - FGSM accuracy: 0.1680
Model - PGD accuracy: 0.1245
WA Model - Validation accuracy: 0.6025
WA Model - FGSM accuracy: 0.2290
WA Model - PGD accuracy: 0.1800
Best model: wa_model (PGD acc: 0.1800, Val acc: 0.6025)

============ Epoch 84 ============
Training time: 152.64s
Training loss: 4.5697
Training accuracy: 0.6592
Current GPU memory: 13.84 GB
Validation time: 12.84s
Model - Validation accuracy: 0.5350
Model - FGSM accuracy: 0.1850
Model - PGD accuracy: 0.1410
WA Model - Validation accuracy: 0.6015
WA Model - FGSM accuracy: 0.2300
WA Model - PGD accuracy: 0.1855
Best model: wa_model (PGD acc: 0.1855, Val acc: 0.6015)

============ Epoch 85 ============
Training time: 152.75s
Training loss: 4.5569
Training accuracy: 0.6754
Current GPU memory: 13.84 GB
Validation time: 12.85s
Model - Validation accuracy: 0.5345
Model - FGSM accuracy: 0.1820
Model - PGD accuracy: 0.1390
WA Model - Validation accuracy: 0.6025
WA Model - FGSM accuracy: 0.2260
WA Model - PGD accuracy: 0.1860
Best model: wa_model (PGD acc: 0.1860, Val acc: 0.6025)

============ Epoch 86 ============
Training time: 153.07s
Training loss: 4.5432
Training accuracy: 0.6941
Current GPU memory: 13.84 GB
Validation time: 12.82s
Model - Validation accuracy: 0.5570
Model - FGSM accuracy: 0.1775
Model - PGD accuracy: 0.1385
WA Model - Validation accuracy: 0.6020
WA Model - FGSM accuracy: 0.2225
WA Model - PGD accuracy: 0.1830
Best model: wa_model (PGD acc: 0.1830, Val acc: 0.6020)

============ Epoch 87 ============
Training time: 152.62s
Training loss: 4.5292
Training accuracy: 0.7112
Current GPU memory: 13.84 GB
Validation time: 12.75s
Model - Validation accuracy: 0.5640
Model - FGSM accuracy: 0.1855
Model - PGD accuracy: 0.1430
WA Model - Validation accuracy: 0.5965
WA Model - FGSM accuracy: 0.2260
WA Model - PGD accuracy: 0.1810
Best model: wa_model (PGD acc: 0.1810, Val acc: 0.5965)

============ Epoch 88 ============
Training time: 152.72s
Training loss: 4.5140
Training accuracy: 0.7300
Current GPU memory: 13.84 GB
Validation time: 12.78s
Model - Validation accuracy: 0.5465
Model - FGSM accuracy: 0.1795
Model - PGD accuracy: 0.1400
WA Model - Validation accuracy: 0.5960
WA Model - FGSM accuracy: 0.2245
WA Model - PGD accuracy: 0.1815
Best model: wa_model (PGD acc: 0.1815, Val acc: 0.5960)

============ Epoch 89 ============
Training time: 152.68s
Training loss: 4.4979
Training accuracy: 0.7508
Current GPU memory: 13.84 GB
Validation time: 12.78s
Model - Validation accuracy: 0.5500
Model - FGSM accuracy: 0.1905
Model - PGD accuracy: 0.1470
WA Model - Validation accuracy: 0.5930
WA Model - FGSM accuracy: 0.2195
WA Model - PGD accuracy: 0.1770
Best model: wa_model (PGD acc: 0.1770, Val acc: 0.5930)

============ Epoch 90 ============
Training time: 152.90s
Training loss: 4.4817
Training accuracy: 0.7704
Current GPU memory: 13.84 GB
Validation time: 12.80s
Model - Validation accuracy: 0.5670
Model - FGSM accuracy: 0.1925
Model - PGD accuracy: 0.1460
WA Model - Validation accuracy: 0.5930
WA Model - FGSM accuracy: 0.2190
WA Model - PGD accuracy: 0.1765
Best model: wa_model (PGD acc: 0.1765, Val acc: 0.5930)

============ Epoch 91 ============
Training time: 152.57s
Training loss: 4.4651
Training accuracy: 0.7902
Current GPU memory: 13.84 GB
Validation time: 12.82s
Model - Validation accuracy: 0.5545
Model - FGSM accuracy: 0.1975
Model - PGD accuracy: 0.1495
WA Model - Validation accuracy: 0.5940
WA Model - FGSM accuracy: 0.2180
WA Model - PGD accuracy: 0.1760
Best model: wa_model (PGD acc: 0.1760, Val acc: 0.5940)

============ Epoch 92 ============
Training time: 152.22s
Training loss: 4.4496
Training accuracy: 0.8105
Current GPU memory: 13.84 GB
Validation time: 12.72s
Model - Validation accuracy: 0.5650
Model - FGSM accuracy: 0.1850
Model - PGD accuracy: 0.1450
WA Model - Validation accuracy: 0.5925
WA Model - FGSM accuracy: 0.2135
WA Model - PGD accuracy: 0.1750
Best model: wa_model (PGD acc: 0.1750, Val acc: 0.5925)

============ Epoch 93 ============
Training time: 152.69s
Training loss: 4.4339
Training accuracy: 0.8280
Current GPU memory: 13.84 GB
Validation time: 12.83s
Model - Validation accuracy: 0.5675
Model - FGSM accuracy: 0.1935
Model - PGD accuracy: 0.1480
WA Model - Validation accuracy: 0.5905
WA Model - FGSM accuracy: 0.2135
WA Model - PGD accuracy: 0.1750
Best model: wa_model (PGD acc: 0.1750, Val acc: 0.5905)

============ Epoch 94 ============
Training time: 152.90s
Training loss: 4.4201
Training accuracy: 0.8452
Current GPU memory: 13.84 GB
Validation time: 12.76s
Model - Validation accuracy: 0.5675
Model - FGSM accuracy: 0.2000
Model - PGD accuracy: 0.1600
WA Model - Validation accuracy: 0.5890
WA Model - FGSM accuracy: 0.2110
WA Model - PGD accuracy: 0.1730
Best model: wa_model (PGD acc: 0.1730, Val acc: 0.5890)

============ Epoch 95 ============
Training time: 153.19s
Training loss: 4.4090
Training accuracy: 0.8577
Current GPU memory: 13.84 GB
Validation time: 12.78s
Model - Validation accuracy: 0.5770
Model - FGSM accuracy: 0.1970
Model - PGD accuracy: 0.1465
WA Model - Validation accuracy: 0.5875
WA Model - FGSM accuracy: 0.2105
WA Model - PGD accuracy: 0.1665
Best model: wa_model (PGD acc: 0.1665, Val acc: 0.5875)

============ Epoch 96 ============
Training time: 152.41s
Training loss: 4.3998
Training accuracy: 0.8676
Current GPU memory: 13.84 GB
Validation time: 12.76s
Model - Validation accuracy: 0.5705
Model - FGSM accuracy: 0.2025
Model - PGD accuracy: 0.1575
WA Model - Validation accuracy: 0.5880
WA Model - FGSM accuracy: 0.2075
WA Model - PGD accuracy: 0.1645
Best model: wa_model (PGD acc: 0.1645, Val acc: 0.5880)

============ Epoch 97 ============
Training time: 152.55s
Training loss: 4.3933
Training accuracy: 0.8739
Current GPU memory: 13.84 GB
Validation time: 12.81s
Model - Validation accuracy: 0.5730
Model - FGSM accuracy: 0.2070
Model - PGD accuracy: 0.1600
WA Model - Validation accuracy: 0.5840
WA Model - FGSM accuracy: 0.2095
WA Model - PGD accuracy: 0.1620
Best model: wa_model (PGD acc: 0.1620, Val acc: 0.5840)

============ Epoch 98 ============
Training time: 152.49s
Training loss: 4.3897
Training accuracy: 0.8760
Current GPU memory: 13.84 GB
Validation time: 12.76s
Model - Validation accuracy: 0.5745
Model - FGSM accuracy: 0.2075
Model - PGD accuracy: 0.1580
WA Model - Validation accuracy: 0.5845
WA Model - FGSM accuracy: 0.2075
WA Model - PGD accuracy: 0.1620
Best model: wa_model (PGD acc: 0.1620, Val acc: 0.5845)

============ Epoch 99 ============
Training time: 152.69s
Training loss: 4.3884
Training accuracy: 0.8794
Current GPU memory: 13.84 GB
Validation time: 12.74s
Model - Validation accuracy: 0.5720
Model - FGSM accuracy: 0.1965
Model - PGD accuracy: 0.1575
WA Model - Validation accuracy: 0.5810
WA Model - FGSM accuracy: 0.2060
WA Model - PGD accuracy: 0.1615
Best model: wa_model (PGD acc: 0.1615, Val acc: 0.5810)

train_acc_list: 
[0.060081632653061226, 0.12342857142857143, 0.1553061224489796, 0.18844897959183673, 0.2175816326530612, 0.24522448979591838, 0.2664795918367347, 0.2893265306122449, 0.3086530612244898, 0.3239183673469388, 0.33896938775510205, 0.35303061224489796, 0.3667244897959184, 0.3783367346938776, 0.38663265306122446, 0.39710204081632655, 0.400234693877551, 0.4062857142857143, 0.41120408163265304, 0.41301020408163264, 0.4166020408163265, 0.422, 0.4231530612244898, 0.42809183673469386, 0.431469387755102, 0.4338877551020408, 0.4354387755102041, 0.4368877551020408, 0.4391734693877551, 0.4440816326530612, 0.44423469387755105, 0.44526530612244897, 0.4483367346938775, 0.45068367346938776, 0.45252040816326533, 0.45410204081632655, 0.45658163265306123, 0.45648979591836736, 0.45793877551020407, 0.4598979591836735, 0.4647142857142857, 0.4640408163265306, 0.4643469387755102, 0.4666224489795918, 0.4694591836734694, 0.47027551020408165, 0.47366326530612246, 0.4748265306122449, 0.4748469387755102, 0.47694897959183674, 0.4784387755102041, 0.4816020408163265, 0.4824081632653061, 0.48653061224489796, 0.4867142857142857, 0.4897142857142857, 0.4921734693877551, 0.49401020408163265, 0.4960816326530612, 0.4996938775510204, 0.5020204081632653, 0.5060918367346938, 0.5065102040816326, 0.5122755102040817, 0.5157142857142857, 0.5188877551020408, 0.5197244897959183, 0.5261428571428571, 0.5283673469387755, 0.532765306122449, 0.5381938775510204, 0.5434489795918367, 0.5480510204081632, 0.5554591836734694, 0.5610816326530612, 0.5671428571428572, 0.5732755102040816, 0.5804489795918367, 0.5895714285714285, 0.6008163265306122, 0.6105612244897959, 0.6226632653061225, 0.6331428571428571, 0.6450816326530612, 0.6591938775510204, 0.675438775510204, 0.6940612244897959, 0.7112244897959183, 0.7299795918367347, 0.750765306122449, 0.7704285714285715, 0.7902040816326531, 0.8105102040816327, 0.8280204081632653, 0.8452142857142857, 0.8576632653061225, 0.8676020408163265, 0.873938775510204, 0.8759897959183673, 0.8794489795918368]

model_val_acc_list: 
[0.106, 0.1585, 0.1855, 0.2235, 0.242, 0.2675, 0.291, 0.3085, 0.313, 0.3365, 0.344, 0.3775, 0.3725, 0.3975, 0.386, 0.3975, 0.4065, 0.3855, 0.411, 0.3985, 0.407, 0.415, 0.408, 0.4075, 0.413, 0.4195, 0.4115, 0.409, 0.428, 0.4015, 0.429, 0.42, 0.4375, 0.422, 0.445, 0.419, 0.4385, 0.447, 0.423, 0.435, 0.46, 0.4405, 0.4405, 0.4505, 0.445, 0.457, 0.443, 0.446, 0.4495, 0.468, 0.4575, 0.4525, 0.4415, 0.4485, 0.481, 0.465, 0.4785, 0.459, 0.4615, 0.4755, 0.4875, 0.4765, 0.4785, 0.47, 0.483, 0.4905, 0.4855, 0.4965, 0.497, 0.511, 0.486, 0.5045, 0.508, 0.502, 0.5275, 0.5185, 0.5205, 0.54, 0.512, 0.5335, 0.528, 0.521, 0.531, 0.543, 0.535, 0.5345, 0.557, 0.564, 0.5465, 0.55, 0.567, 0.5545, 0.565, 0.5675, 0.5675, 0.577, 0.5705, 0.573, 0.5745, 0.572]

model_pgd_acc_list: 
[0.0145, 0.02, 0.028, 0.0365, 0.0375, 0.046, 0.06, 0.0495, 0.0625, 0.061, 0.0675, 0.0685, 0.07, 0.07, 0.07, 0.079, 0.0815, 0.063, 0.068, 0.078, 0.069, 0.0755, 0.0745, 0.0865, 0.0785, 0.0905, 0.0775, 0.0615, 0.083, 0.073, 0.0815, 0.082, 0.1005, 0.0795, 0.099, 0.085, 0.0775, 0.0855, 0.082, 0.0935, 0.085, 0.094, 0.082, 0.084, 0.0905, 0.094, 0.0875, 0.09, 0.089, 0.092, 0.087, 0.0925, 0.0925, 0.0975, 0.102, 0.0985, 0.0945, 0.092, 0.0985, 0.0995, 0.099, 0.102, 0.0955, 0.0915, 0.097, 0.105, 0.1155, 0.118, 0.1115, 0.109, 0.112, 0.098, 0.113, 0.1105, 0.1145, 0.1145, 0.118, 0.119, 0.1165, 0.129, 0.1285, 0.131, 0.1245, 0.1245, 0.141, 0.139, 0.1385, 0.143, 0.14, 0.147, 0.146, 0.1495, 0.145, 0.148, 0.16, 0.1465, 0.1575, 0.16, 0.158, 0.1575]

model_fgsm_acc_list: 
[0.0225, 0.0305, 0.0415, 0.053, 0.056, 0.0645, 0.069, 0.0635, 0.078, 0.079, 0.0895, 0.086, 0.0865, 0.0905, 0.092, 0.108, 0.109, 0.084, 0.096, 0.0985, 0.097, 0.1095, 0.1075, 0.116, 0.104, 0.122, 0.103, 0.0885, 0.116, 0.102, 0.103, 0.1125, 0.132, 0.114, 0.124, 0.1105, 0.1165, 0.113, 0.117, 0.1295, 0.124, 0.124, 0.1135, 0.12, 0.1255, 0.1265, 0.1205, 0.123, 0.1215, 0.128, 0.124, 0.1275, 0.1205, 0.128, 0.1385, 0.1335, 0.1305, 0.124, 0.1315, 0.135, 0.1355, 0.13, 0.1335, 0.13, 0.131, 0.144, 0.147, 0.147, 0.15, 0.148, 0.152, 0.135, 0.1515, 0.146, 0.159, 0.155, 0.154, 0.158, 0.1615, 0.167, 0.166, 0.185, 0.176, 0.168, 0.185, 0.182, 0.1775, 0.1855, 0.1795, 0.1905, 0.1925, 0.1975, 0.185, 0.1935, 0.2, 0.197, 0.2025, 0.207, 0.2075, 0.1965]

wa_val_acc_list: 
[0.002, 0.0035, 0.0035, 0.002, 0.004, 0.008, 0.0135, 0.0245, 0.039, 0.0575, 0.0755, 0.0905, 0.094, 0.0855, 0.071, 0.0555, 0.0415, 0.0355, 0.033, 0.041, 0.06, 0.1015, 0.158, 0.238, 0.332, 0.396, 0.4455, 0.4675, 0.483, 0.495, 0.504, 0.5105, 0.5145, 0.5215, 0.5265, 0.531, 0.5315, 0.532, 0.5375, 0.54, 0.539, 0.5415, 0.542, 0.546, 0.5485, 0.5505, 0.5525, 0.5605, 0.562, 0.56, 0.561, 0.5625, 0.5595, 0.5655, 0.567, 0.5735, 0.572, 0.569, 0.576, 0.5755, 0.573, 0.577, 0.5725, 0.5725, 0.5735, 0.572, 0.5755, 0.577, 0.5755, 0.5745, 0.58, 0.5815, 0.5835, 0.5815, 0.5875, 0.591, 0.5915, 0.5885, 0.5905, 0.5885, 0.591, 0.5945, 0.599, 0.6025, 0.6015, 0.6025, 0.602, 0.5965, 0.596, 0.593, 0.593, 0.594, 0.5925, 0.5905, 0.589, 0.5875, 0.588, 0.584, 0.5845, 0.581]

wa_pgd_acc_list: 
[0.0, 0.0035, 0.0035, 0.002, 0.003, 0.004, 0.007, 0.008, 0.016, 0.019, 0.023, 0.024, 0.023, 0.022, 0.02, 0.017, 0.0155, 0.014, 0.0115, 0.014, 0.0195, 0.0285, 0.048, 0.0615, 0.0895, 0.1155, 0.132, 0.143, 0.1545, 0.1585, 0.1645, 0.167, 0.1715, 0.1725, 0.171, 0.1715, 0.1745, 0.1725, 0.1735, 0.1745, 0.1775, 0.177, 0.1765, 0.176, 0.1755, 0.1755, 0.1715, 0.1745, 0.176, 0.176, 0.1775, 0.175, 0.177, 0.1745, 0.174, 0.18, 0.182, 0.185, 0.1835, 0.186, 0.184, 0.1835, 0.184, 0.183, 0.182, 0.1865, 0.182, 0.186, 0.185, 0.189, 0.1875, 0.187, 0.186, 0.183, 0.1855, 0.1845, 0.1855, 0.1845, 0.181, 0.1825, 0.183, 0.186, 0.1805, 0.18, 0.1855, 0.186, 0.183, 0.181, 0.1815, 0.177, 0.1765, 0.176, 0.175, 0.175, 0.173, 0.1665, 0.1645, 0.162, 0.162, 0.1615]

wa_fgsm_acc_list: 
[0.0, 0.0035, 0.0035, 0.002, 0.0035, 0.005, 0.007, 0.0085, 0.0175, 0.022, 0.0255, 0.027, 0.0295, 0.026, 0.022, 0.0175, 0.016, 0.0135, 0.012, 0.0145, 0.0205, 0.029, 0.052, 0.07, 0.1055, 0.1315, 0.153, 0.169, 0.182, 0.193, 0.1975, 0.204, 0.204, 0.209, 0.209, 0.213, 0.2115, 0.213, 0.214, 0.216, 0.219, 0.221, 0.218, 0.2165, 0.217, 0.215, 0.2145, 0.2165, 0.214, 0.2155, 0.2205, 0.2165, 0.218, 0.2185, 0.22, 0.2215, 0.2175, 0.2195, 0.221, 0.22, 0.22, 0.2195, 0.2215, 0.222, 0.223, 0.2245, 0.2235, 0.2255, 0.233, 0.234, 0.2265, 0.23, 0.238, 0.2325, 0.2305, 0.2285, 0.23, 0.2285, 0.229, 0.2325, 0.2325, 0.231, 0.2315, 0.229, 0.23, 0.226, 0.2225, 0.226, 0.2245, 0.2195, 0.219, 0.218, 0.2135, 0.2135, 0.211, 0.2105, 0.2075, 0.2095, 0.2075, 0.206]

total_training_time: 
15284.320524930954

total_val_time: 
1280.9062922000885

max_gpu_memory: 13.84 GB

==================================================
Starting final evaluation on test set...
==================================================
PGD test results:
  clean_acc: 0.5872
  pgd_10_acc: 0.1967
  pgd_20_acc: 0.1900
  pgd_50_acc: 0.1877
AutoAttack results:
  autoattack_acc: 0.1103
CR-Attack results:
  cr_attack_acc: 0.1097
