Method: ssat
Seed: 0
Scheduler: OneCycleLR
Label smoothing: 0.4
Weight average: True, tau: 0.9995
c: 3
alpha: 0.0392156862745098
inf_batch: 1024


============ Epoch 0 ============
Training time: 84.17s
Training loss: 5.0199
Training accuracy: 0.0284
Current GPU memory: 2.48 GB
Validation time: 12.84s
Model - Validation accuracy: 0.1420
Model - FGSM accuracy: 0.0215
Model - PGD accuracy: 0.0145
WA Model - Validation accuracy: 0.0030
WA Model - FGSM accuracy: 0.0010
WA Model - PGD accuracy: 0.0010
Best model: model (PGD acc: 0.0145, Val acc: 0.1420)

============ Epoch 1 ============
Training time: 86.80s
Training loss: 4.7747
Training accuracy: 0.0621
Current GPU memory: 4.58 GB
Validation time: 12.90s
Model - Validation accuracy: 0.2200
Model - FGSM accuracy: 0.0415
Model - PGD accuracy: 0.0275
WA Model - Validation accuracy: 0.0040
WA Model - FGSM accuracy: 0.0025
WA Model - PGD accuracy: 0.0025
Best model: model (PGD acc: 0.0275, Val acc: 0.2200)

============ Epoch 2 ============
Training time: 88.09s
Training loss: 4.6627
Training accuracy: 0.0839
Current GPU memory: 4.58 GB
Validation time: 12.87s
Model - Validation accuracy: 0.2545
Model - FGSM accuracy: 0.0450
Model - PGD accuracy: 0.0315
WA Model - Validation accuracy: 0.0035
WA Model - FGSM accuracy: 0.0035
WA Model - PGD accuracy: 0.0035
Best model: model (PGD acc: 0.0315, Val acc: 0.2545)

============ Epoch 3 ============
Training time: 88.57s
Training loss: 4.5934
Training accuracy: 0.1014
Current GPU memory: 4.58 GB
Validation time: 12.85s
Model - Validation accuracy: 0.2755
Model - FGSM accuracy: 0.0550
Model - PGD accuracy: 0.0375
WA Model - Validation accuracy: 0.0075
WA Model - FGSM accuracy: 0.0020
WA Model - PGD accuracy: 0.0020
Best model: model (PGD acc: 0.0375, Val acc: 0.2755)

============ Epoch 4 ============
Training time: 89.03s
Training loss: 4.5424
Training accuracy: 0.1150
Current GPU memory: 4.58 GB
Validation time: 12.81s
Model - Validation accuracy: 0.3180
Model - FGSM accuracy: 0.0705
Model - PGD accuracy: 0.0400
WA Model - Validation accuracy: 0.0120
WA Model - FGSM accuracy: 0.0045
WA Model - PGD accuracy: 0.0045
Best model: model (PGD acc: 0.0400, Val acc: 0.3180)

============ Epoch 5 ============
Training time: 89.35s
Training loss: 4.5000
Training accuracy: 0.1279
Current GPU memory: 4.58 GB
Validation time: 12.77s
Model - Validation accuracy: 0.3220
Model - FGSM accuracy: 0.0715
Model - PGD accuracy: 0.0490
WA Model - Validation accuracy: 0.0245
WA Model - FGSM accuracy: 0.0110
WA Model - PGD accuracy: 0.0100
Best model: model (PGD acc: 0.0490, Val acc: 0.3220)

============ Epoch 6 ============
Training time: 90.03s
Training loss: 4.4635
Training accuracy: 0.1359
Current GPU memory: 4.58 GB
Validation time: 12.80s
Model - Validation accuracy: 0.3345
Model - FGSM accuracy: 0.0730
Model - PGD accuracy: 0.0490
WA Model - Validation accuracy: 0.0505
WA Model - FGSM accuracy: 0.0205
WA Model - PGD accuracy: 0.0175
Best model: model (PGD acc: 0.0490, Val acc: 0.3345)

============ Epoch 7 ============
Training time: 90.47s
Training loss: 4.4291
Training accuracy: 0.1489
Current GPU memory: 4.58 GB
Validation time: 12.81s
Model - Validation accuracy: 0.3475
Model - FGSM accuracy: 0.0855
Model - PGD accuracy: 0.0565
WA Model - Validation accuracy: 0.0930
WA Model - FGSM accuracy: 0.0285
WA Model - PGD accuracy: 0.0265
Best model: model (PGD acc: 0.0565, Val acc: 0.3475)

============ Epoch 8 ============
Training time: 90.89s
Training loss: 4.3967
Training accuracy: 0.1593
Current GPU memory: 4.58 GB
Validation time: 12.88s
Model - Validation accuracy: 0.3515
Model - FGSM accuracy: 0.0780
Model - PGD accuracy: 0.0545
WA Model - Validation accuracy: 0.1710
WA Model - FGSM accuracy: 0.0460
WA Model - PGD accuracy: 0.0380
Best model: model (PGD acc: 0.0545, Val acc: 0.3515)

============ Epoch 9 ============
Training time: 91.37s
Training loss: 4.3670
Training accuracy: 0.1712
Current GPU memory: 4.58 GB
Validation time: 12.83s
Model - Validation accuracy: 0.3820
Model - FGSM accuracy: 0.0845
Model - PGD accuracy: 0.0655
WA Model - Validation accuracy: 0.2435
WA Model - FGSM accuracy: 0.0700
WA Model - PGD accuracy: 0.0565
Best model: model (PGD acc: 0.0655, Val acc: 0.3820)

============ Epoch 10 ============
Training time: 91.58s
Training loss: 4.3390
Training accuracy: 0.1799
Current GPU memory: 4.58 GB
Validation time: 12.87s
Model - Validation accuracy: 0.3780
Model - FGSM accuracy: 0.0885
Model - PGD accuracy: 0.0580
WA Model - Validation accuracy: 0.2980
WA Model - FGSM accuracy: 0.0900
WA Model - PGD accuracy: 0.0700
Best model: wa_model (PGD acc: 0.0700, Val acc: 0.2980)

============ Epoch 11 ============
Training time: 91.64s
Training loss: 4.3131
Training accuracy: 0.1878
Current GPU memory: 4.58 GB
Validation time: 12.75s
Model - Validation accuracy: 0.3725
Model - FGSM accuracy: 0.0890
Model - PGD accuracy: 0.0615
WA Model - Validation accuracy: 0.3235
WA Model - FGSM accuracy: 0.0995
WA Model - PGD accuracy: 0.0785
Best model: wa_model (PGD acc: 0.0785, Val acc: 0.3235)

============ Epoch 12 ============
Training time: 91.79s
Training loss: 4.2923
Training accuracy: 0.1957
Current GPU memory: 4.58 GB
Validation time: 12.86s
Model - Validation accuracy: 0.4165
Model - FGSM accuracy: 0.0995
Model - PGD accuracy: 0.0690
WA Model - Validation accuracy: 0.3320
WA Model - FGSM accuracy: 0.0995
WA Model - PGD accuracy: 0.0815
Best model: wa_model (PGD acc: 0.0815, Val acc: 0.3320)

============ Epoch 13 ============
Training time: 92.06s
Training loss: 4.2780
Training accuracy: 0.2016
Current GPU memory: 4.58 GB
Validation time: 12.80s
Model - Validation accuracy: 0.3870
Model - FGSM accuracy: 0.0925
Model - PGD accuracy: 0.0555
WA Model - Validation accuracy: 0.3135
WA Model - FGSM accuracy: 0.0950
WA Model - PGD accuracy: 0.0725
Best model: wa_model (PGD acc: 0.0725, Val acc: 0.3135)

============ Epoch 14 ============
Training time: 92.18s
Training loss: 4.2656
Training accuracy: 0.2067
Current GPU memory: 4.58 GB
Validation time: 12.85s
Model - Validation accuracy: 0.4060
Model - FGSM accuracy: 0.1010
Model - PGD accuracy: 0.0760
WA Model - Validation accuracy: 0.2850
WA Model - FGSM accuracy: 0.0825
WA Model - PGD accuracy: 0.0670
Best model: model (PGD acc: 0.0760, Val acc: 0.4060)

============ Epoch 15 ============
Training time: 92.33s
Training loss: 4.2557
Training accuracy: 0.2124
Current GPU memory: 4.58 GB
Validation time: 12.82s
Model - Validation accuracy: 0.4185
Model - FGSM accuracy: 0.0930
Model - PGD accuracy: 0.0665
WA Model - Validation accuracy: 0.2680
WA Model - FGSM accuracy: 0.0760
WA Model - PGD accuracy: 0.0620
Best model: model (PGD acc: 0.0665, Val acc: 0.4185)

============ Epoch 16 ============
Training time: 92.77s
Training loss: 4.2467
Training accuracy: 0.2168
Current GPU memory: 4.58 GB
Validation time: 12.85s
Model - Validation accuracy: 0.4020
Model - FGSM accuracy: 0.0940
Model - PGD accuracy: 0.0690
WA Model - Validation accuracy: 0.2595
WA Model - FGSM accuracy: 0.0720
WA Model - PGD accuracy: 0.0600
Best model: model (PGD acc: 0.0690, Val acc: 0.4020)

============ Epoch 17 ============
Training time: 92.54s
Training loss: 4.2393
Training accuracy: 0.2219
Current GPU memory: 4.58 GB
Validation time: 12.72s
Model - Validation accuracy: 0.3865
Model - FGSM accuracy: 0.0900
Model - PGD accuracy: 0.0640
WA Model - Validation accuracy: 0.2670
WA Model - FGSM accuracy: 0.0750
WA Model - PGD accuracy: 0.0615
Best model: model (PGD acc: 0.0640, Val acc: 0.3865)

============ Epoch 18 ============
Training time: 92.18s
Training loss: 4.2302
Training accuracy: 0.2233
Current GPU memory: 4.58 GB
Validation time: 12.79s
Model - Validation accuracy: 0.3880
Model - FGSM accuracy: 0.0900
Model - PGD accuracy: 0.0635
WA Model - Validation accuracy: 0.2910
WA Model - FGSM accuracy: 0.0870
WA Model - PGD accuracy: 0.0715
Best model: wa_model (PGD acc: 0.0715, Val acc: 0.2910)

============ Epoch 19 ============
Training time: 92.45s
Training loss: 4.2267
Training accuracy: 0.2276
Current GPU memory: 4.58 GB
Validation time: 12.74s
Model - Validation accuracy: 0.4020
Model - FGSM accuracy: 0.0925
Model - PGD accuracy: 0.0680
WA Model - Validation accuracy: 0.3300
WA Model - FGSM accuracy: 0.0970
WA Model - PGD accuracy: 0.0815
Best model: wa_model (PGD acc: 0.0815, Val acc: 0.3300)

============ Epoch 20 ============
Training time: 92.44s
Training loss: 4.2213
Training accuracy: 0.2289
Current GPU memory: 4.58 GB
Validation time: 12.80s
Model - Validation accuracy: 0.3855
Model - FGSM accuracy: 0.0890
Model - PGD accuracy: 0.0600
WA Model - Validation accuracy: 0.3730
WA Model - FGSM accuracy: 0.1160
WA Model - PGD accuracy: 0.0970
Best model: wa_model (PGD acc: 0.0970, Val acc: 0.3730)

============ Epoch 21 ============
Training time: 92.61s
Training loss: 4.2147
Training accuracy: 0.2338
Current GPU memory: 4.58 GB
Validation time: 12.77s
Model - Validation accuracy: 0.3995
Model - FGSM accuracy: 0.1085
Model - PGD accuracy: 0.0740
WA Model - Validation accuracy: 0.4155
WA Model - FGSM accuracy: 0.1280
WA Model - PGD accuracy: 0.1070
Best model: wa_model (PGD acc: 0.1070, Val acc: 0.4155)

============ Epoch 22 ============
Training time: 92.81s
Training loss: 4.2082
Training accuracy: 0.2363
Current GPU memory: 4.58 GB
Validation time: 12.82s
Model - Validation accuracy: 0.4195
Model - FGSM accuracy: 0.1070
Model - PGD accuracy: 0.0760
WA Model - Validation accuracy: 0.4400
WA Model - FGSM accuracy: 0.1450
WA Model - PGD accuracy: 0.1180
Best model: wa_model (PGD acc: 0.1180, Val acc: 0.4400)

============ Epoch 23 ============
Training time: 93.05s
Training loss: 4.2037
Training accuracy: 0.2369
Current GPU memory: 4.58 GB
Validation time: 12.83s
Model - Validation accuracy: 0.3945
Model - FGSM accuracy: 0.1055
Model - PGD accuracy: 0.0740
WA Model - Validation accuracy: 0.4635
WA Model - FGSM accuracy: 0.1550
WA Model - PGD accuracy: 0.1260
Best model: wa_model (PGD acc: 0.1260, Val acc: 0.4635)

============ Epoch 24 ============
Training time: 92.85s
Training loss: 4.1994
Training accuracy: 0.2412
Current GPU memory: 4.58 GB
Validation time: 12.74s
Model - Validation accuracy: 0.4100
Model - FGSM accuracy: 0.0940
Model - PGD accuracy: 0.0600
WA Model - Validation accuracy: 0.4800
WA Model - FGSM accuracy: 0.1605
WA Model - PGD accuracy: 0.1280
Best model: wa_model (PGD acc: 0.1280, Val acc: 0.4800)

============ Epoch 25 ============
Training time: 92.52s
Training loss: 4.1953
Training accuracy: 0.2422
Current GPU memory: 4.58 GB
Validation time: 12.76s
Model - Validation accuracy: 0.3965
Model - FGSM accuracy: 0.1030
Model - PGD accuracy: 0.0775
WA Model - Validation accuracy: 0.4970
WA Model - FGSM accuracy: 0.1670
WA Model - PGD accuracy: 0.1330
Best model: wa_model (PGD acc: 0.1330, Val acc: 0.4970)

============ Epoch 26 ============
Training time: 92.64s
Training loss: 4.1924
Training accuracy: 0.2411
Current GPU memory: 4.58 GB
Validation time: 12.72s
Model - Validation accuracy: 0.4070
Model - FGSM accuracy: 0.1045
Model - PGD accuracy: 0.0695
WA Model - Validation accuracy: 0.5010
WA Model - FGSM accuracy: 0.1720
WA Model - PGD accuracy: 0.1355
Best model: wa_model (PGD acc: 0.1355, Val acc: 0.5010)

============ Epoch 27 ============
Training time: 92.80s
Training loss: 4.1874
Training accuracy: 0.2451
Current GPU memory: 4.58 GB
Validation time: 12.80s
Model - Validation accuracy: 0.4130
Model - FGSM accuracy: 0.0850
Model - PGD accuracy: 0.0600
WA Model - Validation accuracy: 0.5070
WA Model - FGSM accuracy: 0.1790
WA Model - PGD accuracy: 0.1360
Best model: wa_model (PGD acc: 0.1360, Val acc: 0.5070)

============ Epoch 28 ============
Training time: 93.03s
Training loss: 4.1826
Training accuracy: 0.2465
Current GPU memory: 4.58 GB
Validation time: 12.81s
Model - Validation accuracy: 0.4050
Model - FGSM accuracy: 0.1070
Model - PGD accuracy: 0.0760
WA Model - Validation accuracy: 0.5125
WA Model - FGSM accuracy: 0.1815
WA Model - PGD accuracy: 0.1370
Best model: wa_model (PGD acc: 0.1370, Val acc: 0.5125)

============ Epoch 29 ============
Training time: 93.08s
Training loss: 4.1802
Training accuracy: 0.2457
Current GPU memory: 4.58 GB
Validation time: 12.81s
Model - Validation accuracy: 0.4355
Model - FGSM accuracy: 0.1035
Model - PGD accuracy: 0.0710
WA Model - Validation accuracy: 0.5190
WA Model - FGSM accuracy: 0.1800
WA Model - PGD accuracy: 0.1350
Best model: wa_model (PGD acc: 0.1350, Val acc: 0.5190)

============ Epoch 30 ============
Training time: 93.40s
Training loss: 4.1762
Training accuracy: 0.2506
Current GPU memory: 4.58 GB
Validation time: 12.84s
Model - Validation accuracy: 0.3990
Model - FGSM accuracy: 0.1065
Model - PGD accuracy: 0.0710
WA Model - Validation accuracy: 0.5190
WA Model - FGSM accuracy: 0.1855
WA Model - PGD accuracy: 0.1385
Best model: wa_model (PGD acc: 0.1385, Val acc: 0.5190)

============ Epoch 31 ============
Training time: 93.25s
Training loss: 4.1714
Training accuracy: 0.2502
Current GPU memory: 4.58 GB
Validation time: 12.77s
Model - Validation accuracy: 0.4050
Model - FGSM accuracy: 0.1015
Model - PGD accuracy: 0.0680
WA Model - Validation accuracy: 0.5205
WA Model - FGSM accuracy: 0.1800
WA Model - PGD accuracy: 0.1380
Best model: wa_model (PGD acc: 0.1380, Val acc: 0.5205)

============ Epoch 32 ============
Training time: 93.03s
Training loss: 4.1672
Training accuracy: 0.2533
Current GPU memory: 4.58 GB
Validation time: 12.73s
Model - Validation accuracy: 0.4245
Model - FGSM accuracy: 0.1115
Model - PGD accuracy: 0.0745
WA Model - Validation accuracy: 0.5200
WA Model - FGSM accuracy: 0.1830
WA Model - PGD accuracy: 0.1420
Best model: wa_model (PGD acc: 0.1420, Val acc: 0.5200)

============ Epoch 33 ============
Training time: 93.16s
Training loss: 4.1662
Training accuracy: 0.2530
Current GPU memory: 4.58 GB
Validation time: 12.87s
Model - Validation accuracy: 0.4175
Model - FGSM accuracy: 0.0935
Model - PGD accuracy: 0.0630
WA Model - Validation accuracy: 0.5205
WA Model - FGSM accuracy: 0.1900
WA Model - PGD accuracy: 0.1415
Best model: wa_model (PGD acc: 0.1415, Val acc: 0.5205)

============ Epoch 34 ============
Training time: 93.08s
Training loss: 4.1640
Training accuracy: 0.2571
Current GPU memory: 4.58 GB
Validation time: 12.76s
Model - Validation accuracy: 0.4060
Model - FGSM accuracy: 0.1045
Model - PGD accuracy: 0.0730
WA Model - Validation accuracy: 0.5235
WA Model - FGSM accuracy: 0.1920
WA Model - PGD accuracy: 0.1430
Best model: wa_model (PGD acc: 0.1430, Val acc: 0.5235)

============ Epoch 35 ============
Training time: 93.08s
Training loss: 4.1597
Training accuracy: 0.2554
Current GPU memory: 4.58 GB
Validation time: 12.76s
Model - Validation accuracy: 0.4230
Model - FGSM accuracy: 0.1060
Model - PGD accuracy: 0.0695
WA Model - Validation accuracy: 0.5280
WA Model - FGSM accuracy: 0.1940
WA Model - PGD accuracy: 0.1410
Best model: wa_model (PGD acc: 0.1410, Val acc: 0.5280)

============ Epoch 36 ============
Training time: 93.26s
Training loss: 4.1562
Training accuracy: 0.2562
Current GPU memory: 4.58 GB
Validation time: 12.81s
Model - Validation accuracy: 0.4345
Model - FGSM accuracy: 0.1115
Model - PGD accuracy: 0.0780
WA Model - Validation accuracy: 0.5260
WA Model - FGSM accuracy: 0.1955
WA Model - PGD accuracy: 0.1430
Best model: wa_model (PGD acc: 0.1430, Val acc: 0.5260)

============ Epoch 37 ============
Training time: 93.49s
Training loss: 4.1536
Training accuracy: 0.2582
Current GPU memory: 4.58 GB
Validation time: 12.81s
Model - Validation accuracy: 0.4165
Model - FGSM accuracy: 0.1035
Model - PGD accuracy: 0.0690
WA Model - Validation accuracy: 0.5280
WA Model - FGSM accuracy: 0.1955
WA Model - PGD accuracy: 0.1450
Best model: wa_model (PGD acc: 0.1450, Val acc: 0.5280)

============ Epoch 38 ============
Training time: 93.46s
Training loss: 4.1497
Training accuracy: 0.2569
Current GPU memory: 4.58 GB
Validation time: 12.72s
Model - Validation accuracy: 0.4125
Model - FGSM accuracy: 0.1085
Model - PGD accuracy: 0.0735
WA Model - Validation accuracy: 0.5315
WA Model - FGSM accuracy: 0.1970
WA Model - PGD accuracy: 0.1430
Best model: wa_model (PGD acc: 0.1430, Val acc: 0.5315)

============ Epoch 39 ============
Training time: 93.22s
Training loss: 4.1486
Training accuracy: 0.2594
Current GPU memory: 4.58 GB
Validation time: 12.72s
Model - Validation accuracy: 0.4490
Model - FGSM accuracy: 0.1055
Model - PGD accuracy: 0.0695
WA Model - Validation accuracy: 0.5310
WA Model - FGSM accuracy: 0.1965
WA Model - PGD accuracy: 0.1425
Best model: wa_model (PGD acc: 0.1425, Val acc: 0.5310)

============ Epoch 40 ============
Training time: 93.11s
Training loss: 4.1459
Training accuracy: 0.2599
Current GPU memory: 4.58 GB
Validation time: 12.72s
Model - Validation accuracy: 0.4245
Model - FGSM accuracy: 0.1210
Model - PGD accuracy: 0.0865
WA Model - Validation accuracy: 0.5305
WA Model - FGSM accuracy: 0.1990
WA Model - PGD accuracy: 0.1420
Best model: wa_model (PGD acc: 0.1420, Val acc: 0.5305)

============ Epoch 41 ============
Training time: 93.16s
Training loss: 4.1418
Training accuracy: 0.2633
Current GPU memory: 4.58 GB
Validation time: 12.73s
Model - Validation accuracy: 0.4165
Model - FGSM accuracy: 0.1180
Model - PGD accuracy: 0.0850
WA Model - Validation accuracy: 0.5300
WA Model - FGSM accuracy: 0.2005
WA Model - PGD accuracy: 0.1455
Best model: wa_model (PGD acc: 0.1455, Val acc: 0.5300)

============ Epoch 42 ============
Training time: 93.16s
Training loss: 4.1384
Training accuracy: 0.2627
Current GPU memory: 4.58 GB
Validation time: 12.81s
Model - Validation accuracy: 0.4550
Model - FGSM accuracy: 0.1310
Model - PGD accuracy: 0.0900
WA Model - Validation accuracy: 0.5330
WA Model - FGSM accuracy: 0.1990
WA Model - PGD accuracy: 0.1485
Best model: wa_model (PGD acc: 0.1485, Val acc: 0.5330)

============ Epoch 43 ============
Training time: 93.28s
Training loss: 4.1362
Training accuracy: 0.2649
Current GPU memory: 4.58 GB
Validation time: 12.79s
Model - Validation accuracy: 0.4460
Model - FGSM accuracy: 0.1135
Model - PGD accuracy: 0.0830
WA Model - Validation accuracy: 0.5345
WA Model - FGSM accuracy: 0.1990
WA Model - PGD accuracy: 0.1465
Best model: wa_model (PGD acc: 0.1465, Val acc: 0.5345)

============ Epoch 44 ============
Training time: 93.66s
Training loss: 4.1338
Training accuracy: 0.2662
Current GPU memory: 4.58 GB
Validation time: 12.82s
Model - Validation accuracy: 0.4565
Model - FGSM accuracy: 0.1190
Model - PGD accuracy: 0.0805
WA Model - Validation accuracy: 0.5395
WA Model - FGSM accuracy: 0.2020
WA Model - PGD accuracy: 0.1480
Best model: wa_model (PGD acc: 0.1480, Val acc: 0.5395)

============ Epoch 45 ============
Training time: 93.73s
Training loss: 4.1303
Training accuracy: 0.2665
Current GPU memory: 4.58 GB
Validation time: 12.84s
Model - Validation accuracy: 0.4365
Model - FGSM accuracy: 0.1165
Model - PGD accuracy: 0.0780
WA Model - Validation accuracy: 0.5410
WA Model - FGSM accuracy: 0.2000
WA Model - PGD accuracy: 0.1495
Best model: wa_model (PGD acc: 0.1495, Val acc: 0.5410)

============ Epoch 46 ============
Training time: 93.43s
Training loss: 4.1267
Training accuracy: 0.2675
Current GPU memory: 4.58 GB
Validation time: 12.71s
Model - Validation accuracy: 0.4280
Model - FGSM accuracy: 0.1200
Model - PGD accuracy: 0.0850
WA Model - Validation accuracy: 0.5415
WA Model - FGSM accuracy: 0.2015
WA Model - PGD accuracy: 0.1540
Best model: wa_model (PGD acc: 0.1540, Val acc: 0.5415)

============ Epoch 47 ============
Training time: 93.34s
Training loss: 4.1229
Training accuracy: 0.2689
Current GPU memory: 4.58 GB
Validation time: 12.75s
Model - Validation accuracy: 0.4355
Model - FGSM accuracy: 0.1195
Model - PGD accuracy: 0.0900
WA Model - Validation accuracy: 0.5430
WA Model - FGSM accuracy: 0.2055
WA Model - PGD accuracy: 0.1535
Best model: wa_model (PGD acc: 0.1535, Val acc: 0.5430)

============ Epoch 48 ============
Training time: 93.29s
Training loss: 4.1229
Training accuracy: 0.2709
Current GPU memory: 4.58 GB
Validation time: 12.77s
Model - Validation accuracy: 0.4650
Model - FGSM accuracy: 0.1245
Model - PGD accuracy: 0.0885
WA Model - Validation accuracy: 0.5475
WA Model - FGSM accuracy: 0.2095
WA Model - PGD accuracy: 0.1525
Best model: wa_model (PGD acc: 0.1525, Val acc: 0.5475)

============ Epoch 49 ============
Training time: 93.38s
Training loss: 4.1194
Training accuracy: 0.2700
Current GPU memory: 4.58 GB
Validation time: 12.76s
Model - Validation accuracy: 0.4555
Model - FGSM accuracy: 0.1240
Model - PGD accuracy: 0.0875
WA Model - Validation accuracy: 0.5480
WA Model - FGSM accuracy: 0.2120
WA Model - PGD accuracy: 0.1510
Best model: wa_model (PGD acc: 0.1510, Val acc: 0.5480)

============ Epoch 50 ============
Training time: 93.60s
Training loss: 4.1162
Training accuracy: 0.2724
Current GPU memory: 4.58 GB
Validation time: 12.78s
Model - Validation accuracy: 0.4280
Model - FGSM accuracy: 0.1190
Model - PGD accuracy: 0.0845
WA Model - Validation accuracy: 0.5490
WA Model - FGSM accuracy: 0.2140
WA Model - PGD accuracy: 0.1555
Best model: wa_model (PGD acc: 0.1555, Val acc: 0.5490)

============ Epoch 51 ============
Training time: 93.42s
Training loss: 4.1119
Training accuracy: 0.2744
Current GPU memory: 4.58 GB
Validation time: 12.72s
Model - Validation accuracy: 0.4385
Model - FGSM accuracy: 0.1110
Model - PGD accuracy: 0.0750
WA Model - Validation accuracy: 0.5480
WA Model - FGSM accuracy: 0.2160
WA Model - PGD accuracy: 0.1545
Best model: wa_model (PGD acc: 0.1545, Val acc: 0.5480)

============ Epoch 52 ============
Training time: 93.55s
Training loss: 4.1092
Training accuracy: 0.2747
Current GPU memory: 4.58 GB
Validation time: 12.75s
Model - Validation accuracy: 0.4445
Model - FGSM accuracy: 0.1200
Model - PGD accuracy: 0.0840
WA Model - Validation accuracy: 0.5480
WA Model - FGSM accuracy: 0.2185
WA Model - PGD accuracy: 0.1535
Best model: wa_model (PGD acc: 0.1535, Val acc: 0.5480)

============ Epoch 53 ============
Training time: 93.57s
Training loss: 4.1057
Training accuracy: 0.2758
Current GPU memory: 4.58 GB
Validation time: 12.76s
Model - Validation accuracy: 0.4485
Model - FGSM accuracy: 0.1315
Model - PGD accuracy: 0.0885
WA Model - Validation accuracy: 0.5450
WA Model - FGSM accuracy: 0.2180
WA Model - PGD accuracy: 0.1595
Best model: wa_model (PGD acc: 0.1595, Val acc: 0.5450)

============ Epoch 54 ============
Training time: 93.58s
Training loss: 4.1030
Training accuracy: 0.2775
Current GPU memory: 4.58 GB
Validation time: 12.82s
Model - Validation accuracy: 0.4555
Model - FGSM accuracy: 0.1335
Model - PGD accuracy: 0.1000
WA Model - Validation accuracy: 0.5440
WA Model - FGSM accuracy: 0.2145
WA Model - PGD accuracy: 0.1575
Best model: wa_model (PGD acc: 0.1575, Val acc: 0.5440)

============ Epoch 55 ============
Training time: 93.89s
Training loss: 4.0981
Training accuracy: 0.2765
Current GPU memory: 4.58 GB
Validation time: 12.83s
Model - Validation accuracy: 0.4430
Model - FGSM accuracy: 0.1145
Model - PGD accuracy: 0.0855
WA Model - Validation accuracy: 0.5440
WA Model - FGSM accuracy: 0.2155
WA Model - PGD accuracy: 0.1580
Best model: wa_model (PGD acc: 0.1580, Val acc: 0.5440)

============ Epoch 56 ============
Training time: 94.23s
Training loss: 4.0961
Training accuracy: 0.2773
Current GPU memory: 4.58 GB
Validation time: 12.85s
Model - Validation accuracy: 0.4540
Model - FGSM accuracy: 0.1300
Model - PGD accuracy: 0.0950
WA Model - Validation accuracy: 0.5465
WA Model - FGSM accuracy: 0.2150
WA Model - PGD accuracy: 0.1580
Best model: wa_model (PGD acc: 0.1580, Val acc: 0.5465)

============ Epoch 57 ============
Training time: 94.20s
Training loss: 4.0923
Training accuracy: 0.2816
Current GPU memory: 4.58 GB
Validation time: 12.80s
Model - Validation accuracy: 0.4495
Model - FGSM accuracy: 0.1145
Model - PGD accuracy: 0.0835
WA Model - Validation accuracy: 0.5500
WA Model - FGSM accuracy: 0.2155
WA Model - PGD accuracy: 0.1590
Best model: wa_model (PGD acc: 0.1590, Val acc: 0.5500)

============ Epoch 58 ============
Training time: 93.91s
Training loss: 4.0859
Training accuracy: 0.2815
Current GPU memory: 4.58 GB
Validation time: 12.72s
Model - Validation accuracy: 0.4475
Model - FGSM accuracy: 0.1305
Model - PGD accuracy: 0.0985
WA Model - Validation accuracy: 0.5530
WA Model - FGSM accuracy: 0.2155
WA Model - PGD accuracy: 0.1590
Best model: wa_model (PGD acc: 0.1590, Val acc: 0.5530)

============ Epoch 59 ============
Training time: 94.02s
Training loss: 4.0841
Training accuracy: 0.2834
Current GPU memory: 4.58 GB
Validation time: 12.82s
Model - Validation accuracy: 0.4615
Model - FGSM accuracy: 0.1345
Model - PGD accuracy: 0.0940
WA Model - Validation accuracy: 0.5505
WA Model - FGSM accuracy: 0.2185
WA Model - PGD accuracy: 0.1620
Best model: wa_model (PGD acc: 0.1620, Val acc: 0.5505)

============ Epoch 60 ============
Training time: 94.25s
Training loss: 4.0767
Training accuracy: 0.2880
Current GPU memory: 4.58 GB
Validation time: 12.85s
Model - Validation accuracy: 0.4820
Model - FGSM accuracy: 0.1365
Model - PGD accuracy: 0.0980
WA Model - Validation accuracy: 0.5530
WA Model - FGSM accuracy: 0.2195
WA Model - PGD accuracy: 0.1635
Best model: wa_model (PGD acc: 0.1635, Val acc: 0.5530)

============ Epoch 61 ============
Training time: 94.13s
Training loss: 4.0734
Training accuracy: 0.2870
Current GPU memory: 4.58 GB
Validation time: 12.81s
Model - Validation accuracy: 0.4670
Model - FGSM accuracy: 0.1370
Model - PGD accuracy: 0.0940
WA Model - Validation accuracy: 0.5550
WA Model - FGSM accuracy: 0.2200
WA Model - PGD accuracy: 0.1655
Best model: wa_model (PGD acc: 0.1655, Val acc: 0.5550)

============ Epoch 62 ============
Training time: 94.34s
Training loss: 4.0683
Training accuracy: 0.2900
Current GPU memory: 4.58 GB
Validation time: 12.78s
Model - Validation accuracy: 0.4835
Model - FGSM accuracy: 0.1365
Model - PGD accuracy: 0.1020
WA Model - Validation accuracy: 0.5570
WA Model - FGSM accuracy: 0.2235
WA Model - PGD accuracy: 0.1665
Best model: wa_model (PGD acc: 0.1665, Val acc: 0.5570)

============ Epoch 63 ============
Training time: 94.68s
Training loss: 4.0629
Training accuracy: 0.2905
Current GPU memory: 4.58 GB
Validation time: 12.86s
Model - Validation accuracy: 0.4885
Model - FGSM accuracy: 0.1425
Model - PGD accuracy: 0.1015
WA Model - Validation accuracy: 0.5545
WA Model - FGSM accuracy: 0.2220
WA Model - PGD accuracy: 0.1660
Best model: wa_model (PGD acc: 0.1660, Val acc: 0.5545)

============ Epoch 64 ============
Training time: 94.71s
Training loss: 4.0565
Training accuracy: 0.2938
Current GPU memory: 4.58 GB
Validation time: 12.78s
Model - Validation accuracy: 0.4595
Model - FGSM accuracy: 0.1395
Model - PGD accuracy: 0.0985
WA Model - Validation accuracy: 0.5625
WA Model - FGSM accuracy: 0.2195
WA Model - PGD accuracy: 0.1665
Best model: wa_model (PGD acc: 0.1665, Val acc: 0.5625)

============ Epoch 65 ============
Training time: 94.53s
Training loss: 4.0515
Training accuracy: 0.2954
Current GPU memory: 4.58 GB
Validation time: 12.81s
Model - Validation accuracy: 0.4640
Model - FGSM accuracy: 0.1510
Model - PGD accuracy: 0.1080
WA Model - Validation accuracy: 0.5625
WA Model - FGSM accuracy: 0.2220
WA Model - PGD accuracy: 0.1665
Best model: wa_model (PGD acc: 0.1665, Val acc: 0.5625)

============ Epoch 66 ============
Training time: 94.29s
Training loss: 4.0467
Training accuracy: 0.2986
Current GPU memory: 4.58 GB
Validation time: 12.80s
Model - Validation accuracy: 0.4770
Model - FGSM accuracy: 0.1455
Model - PGD accuracy: 0.1030
WA Model - Validation accuracy: 0.5610
WA Model - FGSM accuracy: 0.2260
WA Model - PGD accuracy: 0.1675
Best model: wa_model (PGD acc: 0.1675, Val acc: 0.5610)

============ Epoch 67 ============
Training time: 94.43s
Training loss: 4.0375
Training accuracy: 0.3027
Current GPU memory: 4.58 GB
Validation time: 12.83s
Model - Validation accuracy: 0.4755
Model - FGSM accuracy: 0.1485
Model - PGD accuracy: 0.1075
WA Model - Validation accuracy: 0.5605
WA Model - FGSM accuracy: 0.2270
WA Model - PGD accuracy: 0.1645
Best model: wa_model (PGD acc: 0.1645, Val acc: 0.5605)

============ Epoch 68 ============
Training time: 94.52s
Training loss: 4.0333
Training accuracy: 0.3043
Current GPU memory: 4.58 GB
Validation time: 12.77s
Model - Validation accuracy: 0.4825
Model - FGSM accuracy: 0.1460
Model - PGD accuracy: 0.1045
WA Model - Validation accuracy: 0.5570
WA Model - FGSM accuracy: 0.2245
WA Model - PGD accuracy: 0.1690
Best model: wa_model (PGD acc: 0.1690, Val acc: 0.5570)

============ Epoch 69 ============
Training time: 94.76s
Training loss: 4.0231
Training accuracy: 0.3074
Current GPU memory: 4.58 GB
Validation time: 12.81s
Model - Validation accuracy: 0.4870
Model - FGSM accuracy: 0.1395
Model - PGD accuracy: 0.0950
WA Model - Validation accuracy: 0.5620
WA Model - FGSM accuracy: 0.2235
WA Model - PGD accuracy: 0.1740
Best model: wa_model (PGD acc: 0.1740, Val acc: 0.5620)

============ Epoch 70 ============
Training time: 95.26s
Training loss: 4.0176
Training accuracy: 0.3094
Current GPU memory: 4.58 GB
Validation time: 12.87s
Model - Validation accuracy: 0.4840
Model - FGSM accuracy: 0.1420
Model - PGD accuracy: 0.1040
WA Model - Validation accuracy: 0.5595
WA Model - FGSM accuracy: 0.2250
WA Model - PGD accuracy: 0.1745
Best model: wa_model (PGD acc: 0.1745, Val acc: 0.5595)

============ Epoch 71 ============
Training time: 95.32s
Training loss: 4.0093
Training accuracy: 0.3127
Current GPU memory: 4.58 GB
Validation time: 12.79s
Model - Validation accuracy: 0.4855
Model - FGSM accuracy: 0.1470
Model - PGD accuracy: 0.1035
WA Model - Validation accuracy: 0.5670
WA Model - FGSM accuracy: 0.2240
WA Model - PGD accuracy: 0.1700
Best model: wa_model (PGD acc: 0.1700, Val acc: 0.5670)

============ Epoch 72 ============
Training time: 95.10s
Training loss: 4.0002
Training accuracy: 0.3168
Current GPU memory: 4.58 GB
Validation time: 12.76s
Model - Validation accuracy: 0.4960
Model - FGSM accuracy: 0.1505
Model - PGD accuracy: 0.1045
WA Model - Validation accuracy: 0.5725
WA Model - FGSM accuracy: 0.2250
WA Model - PGD accuracy: 0.1725
Best model: wa_model (PGD acc: 0.1725, Val acc: 0.5725)

============ Epoch 73 ============
Training time: 95.30s
Training loss: 3.9902
Training accuracy: 0.3197
Current GPU memory: 4.58 GB
Validation time: 12.79s
Model - Validation accuracy: 0.4935
Model - FGSM accuracy: 0.1535
Model - PGD accuracy: 0.1025
WA Model - Validation accuracy: 0.5685
WA Model - FGSM accuracy: 0.2260
WA Model - PGD accuracy: 0.1705
Best model: wa_model (PGD acc: 0.1705, Val acc: 0.5685)

============ Epoch 74 ============
Training time: 95.43s
Training loss: 3.9826
Training accuracy: 0.3256
Current GPU memory: 4.58 GB
Validation time: 12.78s
Model - Validation accuracy: 0.4855
Model - FGSM accuracy: 0.1500
Model - PGD accuracy: 0.1070
WA Model - Validation accuracy: 0.5695
WA Model - FGSM accuracy: 0.2265
WA Model - PGD accuracy: 0.1735
Best model: wa_model (PGD acc: 0.1735, Val acc: 0.5695)

============ Epoch 75 ============
Training time: 95.50s
Training loss: 3.9725
Training accuracy: 0.3293
Current GPU memory: 4.58 GB
Validation time: 12.81s
Model - Validation accuracy: 0.4695
Model - FGSM accuracy: 0.1435
Model - PGD accuracy: 0.1065
WA Model - Validation accuracy: 0.5690
WA Model - FGSM accuracy: 0.2290
WA Model - PGD accuracy: 0.1785
Best model: wa_model (PGD acc: 0.1785, Val acc: 0.5690)

============ Epoch 76 ============
Training time: 95.76s
Training loss: 3.9594
Training accuracy: 0.3327
Current GPU memory: 4.58 GB
Validation time: 12.78s
Model - Validation accuracy: 0.4975
Model - FGSM accuracy: 0.1495
Model - PGD accuracy: 0.1160
WA Model - Validation accuracy: 0.5680
WA Model - FGSM accuracy: 0.2330
WA Model - PGD accuracy: 0.1710
Best model: wa_model (PGD acc: 0.1710, Val acc: 0.5680)

============ Epoch 77 ============
Training time: 96.00s
Training loss: 3.9499
Training accuracy: 0.3401
Current GPU memory: 4.58 GB
Validation time: 12.79s
Model - Validation accuracy: 0.5125
Model - FGSM accuracy: 0.1570
Model - PGD accuracy: 0.1130
WA Model - Validation accuracy: 0.5685
WA Model - FGSM accuracy: 0.2310
WA Model - PGD accuracy: 0.1765
Best model: wa_model (PGD acc: 0.1765, Val acc: 0.5685)

============ Epoch 78 ============
Training time: 96.60s
Training loss: 3.9362
Training accuracy: 0.3449
Current GPU memory: 4.58 GB
Validation time: 12.85s
Model - Validation accuracy: 0.5060
Model - FGSM accuracy: 0.1675
Model - PGD accuracy: 0.1215
WA Model - Validation accuracy: 0.5700
WA Model - FGSM accuracy: 0.2310
WA Model - PGD accuracy: 0.1755
Best model: wa_model (PGD acc: 0.1755, Val acc: 0.5700)

============ Epoch 79 ============
Training time: 96.64s
Training loss: 3.9222
Training accuracy: 0.3533
Current GPU memory: 4.58 GB
Validation time: 12.86s
Model - Validation accuracy: 0.5105
Model - FGSM accuracy: 0.1655
Model - PGD accuracy: 0.1175
WA Model - Validation accuracy: 0.5660
WA Model - FGSM accuracy: 0.2325
WA Model - PGD accuracy: 0.1805
Best model: wa_model (PGD acc: 0.1805, Val acc: 0.5660)

============ Epoch 80 ============
Training time: 96.60s
Training loss: 3.9071
Training accuracy: 0.3601
Current GPU memory: 4.58 GB
Validation time: 12.84s
Model - Validation accuracy: 0.5155
Model - FGSM accuracy: 0.1725
Model - PGD accuracy: 0.1190
WA Model - Validation accuracy: 0.5675
WA Model - FGSM accuracy: 0.2330
WA Model - PGD accuracy: 0.1835
Best model: wa_model (PGD acc: 0.1835, Val acc: 0.5675)

============ Epoch 81 ============
Training time: 96.95s
Training loss: 3.8932
Training accuracy: 0.3661
Current GPU memory: 4.58 GB
Validation time: 12.80s
Model - Validation accuracy: 0.5040
Model - FGSM accuracy: 0.1675
Model - PGD accuracy: 0.1240
WA Model - Validation accuracy: 0.5690
WA Model - FGSM accuracy: 0.2340
WA Model - PGD accuracy: 0.1805
Best model: wa_model (PGD acc: 0.1805, Val acc: 0.5690)

============ Epoch 82 ============
Training time: 97.06s
Training loss: 3.8753
Training accuracy: 0.3779
Current GPU memory: 4.58 GB
Validation time: 12.89s
Model - Validation accuracy: 0.5170
Model - FGSM accuracy: 0.1855
Model - PGD accuracy: 0.1230
WA Model - Validation accuracy: 0.5700
WA Model - FGSM accuracy: 0.2340
WA Model - PGD accuracy: 0.1825
Best model: wa_model (PGD acc: 0.1825, Val acc: 0.5700)

============ Epoch 83 ============
Training time: 97.24s
Training loss: 3.8577
Training accuracy: 0.3870
Current GPU memory: 4.58 GB
Validation time: 12.79s
Model - Validation accuracy: 0.5160
Model - FGSM accuracy: 0.1830
Model - PGD accuracy: 0.1325
WA Model - Validation accuracy: 0.5675
WA Model - FGSM accuracy: 0.2370
WA Model - PGD accuracy: 0.1835
Best model: wa_model (PGD acc: 0.1835, Val acc: 0.5675)

============ Epoch 84 ============
Training time: 97.54s
Training loss: 3.8385
Training accuracy: 0.3988
Current GPU memory: 4.58 GB
Validation time: 12.75s
Model - Validation accuracy: 0.5365
Model - FGSM accuracy: 0.1870
Model - PGD accuracy: 0.1365
WA Model - Validation accuracy: 0.5670
WA Model - FGSM accuracy: 0.2420
WA Model - PGD accuracy: 0.1845
Best model: wa_model (PGD acc: 0.1845, Val acc: 0.5670)

============ Epoch 85 ============
Training time: 97.82s
Training loss: 3.8221
Training accuracy: 0.4087
Current GPU memory: 4.58 GB
Validation time: 12.82s
Model - Validation accuracy: 0.5110
Model - FGSM accuracy: 0.1825
Model - PGD accuracy: 0.1300
WA Model - Validation accuracy: 0.5730
WA Model - FGSM accuracy: 0.2375
WA Model - PGD accuracy: 0.1825
Best model: wa_model (PGD acc: 0.1825, Val acc: 0.5730)

============ Epoch 86 ============
Training time: 98.10s
Training loss: 3.8009
Training accuracy: 0.4246
Current GPU memory: 4.58 GB
Validation time: 12.85s
Model - Validation accuracy: 0.5295
Model - FGSM accuracy: 0.2065
Model - PGD accuracy: 0.1490
WA Model - Validation accuracy: 0.5690
WA Model - FGSM accuracy: 0.2375
WA Model - PGD accuracy: 0.1815
Best model: wa_model (PGD acc: 0.1815, Val acc: 0.5690)

============ Epoch 87 ============
Training time: 98.44s
Training loss: 3.7779
Training accuracy: 0.4380
Current GPU memory: 4.58 GB
Validation time: 12.80s
Model - Validation accuracy: 0.5290
Model - FGSM accuracy: 0.1880
Model - PGD accuracy: 0.1420
WA Model - Validation accuracy: 0.5680
WA Model - FGSM accuracy: 0.2375
WA Model - PGD accuracy: 0.1840
Best model: wa_model (PGD acc: 0.1840, Val acc: 0.5680)

============ Epoch 88 ============
Training time: 98.68s
Training loss: 3.7532
Training accuracy: 0.4566
Current GPU memory: 4.58 GB
Validation time: 12.80s
Model - Validation accuracy: 0.5325
Model - FGSM accuracy: 0.2080
Model - PGD accuracy: 0.1445
WA Model - Validation accuracy: 0.5675
WA Model - FGSM accuracy: 0.2335
WA Model - PGD accuracy: 0.1825
Best model: wa_model (PGD acc: 0.1825, Val acc: 0.5675)

============ Epoch 89 ============
Training time: 99.48s
Training loss: 3.7302
Training accuracy: 0.4752
Current GPU memory: 4.58 GB
Validation time: 12.87s
Model - Validation accuracy: 0.5475
Model - FGSM accuracy: 0.2040
Model - PGD accuracy: 0.1525
WA Model - Validation accuracy: 0.5685
WA Model - FGSM accuracy: 0.2385
WA Model - PGD accuracy: 0.1855
Best model: wa_model (PGD acc: 0.1855, Val acc: 0.5685)

============ Epoch 90 ============
Training time: 99.80s
Training loss: 3.7059
Training accuracy: 0.4973
Current GPU memory: 4.58 GB
Validation time: 12.79s
Model - Validation accuracy: 0.5440
Model - FGSM accuracy: 0.2050
Model - PGD accuracy: 0.1555
WA Model - Validation accuracy: 0.5630
WA Model - FGSM accuracy: 0.2360
WA Model - PGD accuracy: 0.1860
Best model: wa_model (PGD acc: 0.1860, Val acc: 0.5630)

============ Epoch 91 ============
Training time: 99.86s
Training loss: 3.6759
Training accuracy: 0.5209
Current GPU memory: 4.58 GB
Validation time: 12.78s
Model - Validation accuracy: 0.5400
Model - FGSM accuracy: 0.2175
Model - PGD accuracy: 0.1605
WA Model - Validation accuracy: 0.5660
WA Model - FGSM accuracy: 0.2360
WA Model - PGD accuracy: 0.1845
Best model: wa_model (PGD acc: 0.1845, Val acc: 0.5660)

============ Epoch 92 ============
Training time: 100.23s
Training loss: 3.6505
Training accuracy: 0.5455
Current GPU memory: 4.58 GB
Validation time: 12.78s
Model - Validation accuracy: 0.5450
Model - FGSM accuracy: 0.2185
Model - PGD accuracy: 0.1660
WA Model - Validation accuracy: 0.5620
WA Model - FGSM accuracy: 0.2300
WA Model - PGD accuracy: 0.1845
Best model: wa_model (PGD acc: 0.1845, Val acc: 0.5620)

============ Epoch 93 ============
Training time: 100.21s
Training loss: 3.6214
Training accuracy: 0.5717
Current GPU memory: 4.58 GB
Validation time: 12.79s
Model - Validation accuracy: 0.5535
Model - FGSM accuracy: 0.2210
Model - PGD accuracy: 0.1610
WA Model - Validation accuracy: 0.5600
WA Model - FGSM accuracy: 0.2285
WA Model - PGD accuracy: 0.1860
Best model: wa_model (PGD acc: 0.1860, Val acc: 0.5600)

============ Epoch 94 ============
Training time: 100.73s
Training loss: 3.5986
Training accuracy: 0.5931
Current GPU memory: 4.58 GB
Validation time: 12.76s
Model - Validation accuracy: 0.5425
Model - FGSM accuracy: 0.2155
Model - PGD accuracy: 0.1650
WA Model - Validation accuracy: 0.5560
WA Model - FGSM accuracy: 0.2290
WA Model - PGD accuracy: 0.1830
Best model: wa_model (PGD acc: 0.1830, Val acc: 0.5560)

============ Epoch 95 ============
Training time: 101.03s
Training loss: 3.5734
Training accuracy: 0.6179
Current GPU memory: 4.58 GB
Validation time: 12.82s
Model - Validation accuracy: 0.5415
Model - FGSM accuracy: 0.2170
Model - PGD accuracy: 0.1680
WA Model - Validation accuracy: 0.5510
WA Model - FGSM accuracy: 0.2275
WA Model - PGD accuracy: 0.1780
Best model: wa_model (PGD acc: 0.1780, Val acc: 0.5510)

============ Epoch 96 ============
Training time: 101.21s
Training loss: 3.5529
Training accuracy: 0.6373
Current GPU memory: 4.58 GB
Validation time: 12.83s
Model - Validation accuracy: 0.5420
Model - FGSM accuracy: 0.2220
Model - PGD accuracy: 0.1700
WA Model - Validation accuracy: 0.5500
WA Model - FGSM accuracy: 0.2270
WA Model - PGD accuracy: 0.1805
Best model: wa_model (PGD acc: 0.1805, Val acc: 0.5500)

============ Epoch 97 ============
Training time: 101.06s
Training loss: 3.5387
Training accuracy: 0.6496
Current GPU memory: 4.58 GB
Validation time: 12.80s
Model - Validation accuracy: 0.5510
Model - FGSM accuracy: 0.2205
Model - PGD accuracy: 0.1745
WA Model - Validation accuracy: 0.5475
WA Model - FGSM accuracy: 0.2275
WA Model - PGD accuracy: 0.1790
Best model: wa_model (PGD acc: 0.1790, Val acc: 0.5475)

============ Epoch 98 ============
Training time: 101.14s
Training loss: 3.5311
Training accuracy: 0.6566
Current GPU memory: 4.58 GB
Validation time: 12.85s
Model - Validation accuracy: 0.5455
Model - FGSM accuracy: 0.2205
Model - PGD accuracy: 0.1740
WA Model - Validation accuracy: 0.5490
WA Model - FGSM accuracy: 0.2245
WA Model - PGD accuracy: 0.1760
Best model: wa_model (PGD acc: 0.1760, Val acc: 0.5490)

============ Epoch 99 ============
Training time: 101.26s
Training loss: 3.5275
Training accuracy: 0.6607
Current GPU memory: 4.58 GB
Validation time: 12.81s
Model - Validation accuracy: 0.5490
Model - FGSM accuracy: 0.2180
Model - PGD accuracy: 0.1700
WA Model - Validation accuracy: 0.5515
WA Model - FGSM accuracy: 0.2240
WA Model - PGD accuracy: 0.1760
Best model: wa_model (PGD acc: 0.1760, Val acc: 0.5515)

train_acc_list: 
[0.028448979591836735, 0.062142857142857146, 0.08391836734693878, 0.10141836734693878, 0.11503061224489795, 0.12792857142857142, 0.1359081632653061, 0.1488673469387755, 0.15929591836734694, 0.1711734693877551, 0.17985714285714285, 0.18783673469387754, 0.19573469387755102, 0.20158163265306123, 0.2067142857142857, 0.21239795918367346, 0.21679591836734693, 0.2219183673469388, 0.22331632653061226, 0.22755102040816327, 0.22885714285714287, 0.23377551020408163, 0.23633673469387756, 0.23685714285714285, 0.2411734693877551, 0.24224489795918366, 0.24112244897959184, 0.24506122448979592, 0.2465408163265306, 0.24572448979591838, 0.25057142857142856, 0.25023469387755104, 0.2533367346938776, 0.252969387755102, 0.2571326530612245, 0.25542857142857145, 0.25624489795918365, 0.25818367346938775, 0.25690816326530613, 0.2593673469387755, 0.2599183673469388, 0.2632857142857143, 0.26266326530612244, 0.2648673469387755, 0.266234693877551, 0.2664591836734694, 0.2675102040816327, 0.2688673469387755, 0.27088775510204083, 0.27, 0.27240816326530615, 0.27440816326530615, 0.274734693877551, 0.27579591836734696, 0.27746938775510205, 0.27646938775510205, 0.2772857142857143, 0.2816326530612245, 0.2814795918367347, 0.28344897959183674, 0.28801020408163264, 0.28701020408163264, 0.29003061224489796, 0.29053061224489796, 0.2938469387755102, 0.29541836734693877, 0.2986020408163265, 0.3027448979591837, 0.30429591836734693, 0.3073673469387755, 0.30937755102040815, 0.31268367346938775, 0.31681632653061226, 0.31970408163265307, 0.3255816326530612, 0.32927551020408163, 0.33272448979591834, 0.34005102040816326, 0.3448673469387755, 0.3533265306122449, 0.36012244897959184, 0.36609183673469387, 0.3779387755102041, 0.38701020408163267, 0.39883673469387754, 0.40870408163265304, 0.4246020408163265, 0.438, 0.45655102040816326, 0.4751734693877551, 0.49731632653061225, 0.5208775510204081, 0.5455408163265306, 0.5716836734693878, 0.5930510204081633, 0.6178877551020409, 0.6373367346938775, 0.6496428571428572, 0.6566326530612245, 0.6606938775510204]

model_val_acc_list: 
[0.142, 0.22, 0.2545, 0.2755, 0.318, 0.322, 0.3345, 0.3475, 0.3515, 0.382, 0.378, 0.3725, 0.4165, 0.387, 0.406, 0.4185, 0.402, 0.3865, 0.388, 0.402, 0.3855, 0.3995, 0.4195, 0.3945, 0.41, 0.3965, 0.407, 0.413, 0.405, 0.4355, 0.399, 0.405, 0.4245, 0.4175, 0.406, 0.423, 0.4345, 0.4165, 0.4125, 0.449, 0.4245, 0.4165, 0.455, 0.446, 0.4565, 0.4365, 0.428, 0.4355, 0.465, 0.4555, 0.428, 0.4385, 0.4445, 0.4485, 0.4555, 0.443, 0.454, 0.4495, 0.4475, 0.4615, 0.482, 0.467, 0.4835, 0.4885, 0.4595, 0.464, 0.477, 0.4755, 0.4825, 0.487, 0.484, 0.4855, 0.496, 0.4935, 0.4855, 0.4695, 0.4975, 0.5125, 0.506, 0.5105, 0.5155, 0.504, 0.517, 0.516, 0.5365, 0.511, 0.5295, 0.529, 0.5325, 0.5475, 0.544, 0.54, 0.545, 0.5535, 0.5425, 0.5415, 0.542, 0.551, 0.5455, 0.549]

model_pgd_acc_list: 
[0.0145, 0.0275, 0.0315, 0.0375, 0.04, 0.049, 0.049, 0.0565, 0.0545, 0.0655, 0.058, 0.0615, 0.069, 0.0555, 0.076, 0.0665, 0.069, 0.064, 0.0635, 0.068, 0.06, 0.074, 0.076, 0.074, 0.06, 0.0775, 0.0695, 0.06, 0.076, 0.071, 0.071, 0.068, 0.0745, 0.063, 0.073, 0.0695, 0.078, 0.069, 0.0735, 0.0695, 0.0865, 0.085, 0.09, 0.083, 0.0805, 0.078, 0.085, 0.09, 0.0885, 0.0875, 0.0845, 0.075, 0.084, 0.0885, 0.1, 0.0855, 0.095, 0.0835, 0.0985, 0.094, 0.098, 0.094, 0.102, 0.1015, 0.0985, 0.108, 0.103, 0.1075, 0.1045, 0.095, 0.104, 0.1035, 0.1045, 0.1025, 0.107, 0.1065, 0.116, 0.113, 0.1215, 0.1175, 0.119, 0.124, 0.123, 0.1325, 0.1365, 0.13, 0.149, 0.142, 0.1445, 0.1525, 0.1555, 0.1605, 0.166, 0.161, 0.165, 0.168, 0.17, 0.1745, 0.174, 0.17]

model_fgsm_acc_list: 
[0.0215, 0.0415, 0.045, 0.055, 0.0705, 0.0715, 0.073, 0.0855, 0.078, 0.0845, 0.0885, 0.089, 0.0995, 0.0925, 0.101, 0.093, 0.094, 0.09, 0.09, 0.0925, 0.089, 0.1085, 0.107, 0.1055, 0.094, 0.103, 0.1045, 0.085, 0.107, 0.1035, 0.1065, 0.1015, 0.1115, 0.0935, 0.1045, 0.106, 0.1115, 0.1035, 0.1085, 0.1055, 0.121, 0.118, 0.131, 0.1135, 0.119, 0.1165, 0.12, 0.1195, 0.1245, 0.124, 0.119, 0.111, 0.12, 0.1315, 0.1335, 0.1145, 0.13, 0.1145, 0.1305, 0.1345, 0.1365, 0.137, 0.1365, 0.1425, 0.1395, 0.151, 0.1455, 0.1485, 0.146, 0.1395, 0.142, 0.147, 0.1505, 0.1535, 0.15, 0.1435, 0.1495, 0.157, 0.1675, 0.1655, 0.1725, 0.1675, 0.1855, 0.183, 0.187, 0.1825, 0.2065, 0.188, 0.208, 0.204, 0.205, 0.2175, 0.2185, 0.221, 0.2155, 0.217, 0.222, 0.2205, 0.2205, 0.218]

wa_val_acc_list: 
[0.003, 0.004, 0.0035, 0.0075, 0.012, 0.0245, 0.0505, 0.093, 0.171, 0.2435, 0.298, 0.3235, 0.332, 0.3135, 0.285, 0.268, 0.2595, 0.267, 0.291, 0.33, 0.373, 0.4155, 0.44, 0.4635, 0.48, 0.497, 0.501, 0.507, 0.5125, 0.519, 0.519, 0.5205, 0.52, 0.5205, 0.5235, 0.528, 0.526, 0.528, 0.5315, 0.531, 0.5305, 0.53, 0.533, 0.5345, 0.5395, 0.541, 0.5415, 0.543, 0.5475, 0.548, 0.549, 0.548, 0.548, 0.545, 0.544, 0.544, 0.5465, 0.55, 0.553, 0.5505, 0.553, 0.555, 0.557, 0.5545, 0.5625, 0.5625, 0.561, 0.5605, 0.557, 0.562, 0.5595, 0.567, 0.5725, 0.5685, 0.5695, 0.569, 0.568, 0.5685, 0.57, 0.566, 0.5675, 0.569, 0.57, 0.5675, 0.567, 0.573, 0.569, 0.568, 0.5675, 0.5685, 0.563, 0.566, 0.562, 0.56, 0.556, 0.551, 0.55, 0.5475, 0.549, 0.5515]

wa_pgd_acc_list: 
[0.001, 0.0025, 0.0035, 0.002, 0.0045, 0.01, 0.0175, 0.0265, 0.038, 0.0565, 0.07, 0.0785, 0.0815, 0.0725, 0.067, 0.062, 0.06, 0.0615, 0.0715, 0.0815, 0.097, 0.107, 0.118, 0.126, 0.128, 0.133, 0.1355, 0.136, 0.137, 0.135, 0.1385, 0.138, 0.142, 0.1415, 0.143, 0.141, 0.143, 0.145, 0.143, 0.1425, 0.142, 0.1455, 0.1485, 0.1465, 0.148, 0.1495, 0.154, 0.1535, 0.1525, 0.151, 0.1555, 0.1545, 0.1535, 0.1595, 0.1575, 0.158, 0.158, 0.159, 0.159, 0.162, 0.1635, 0.1655, 0.1665, 0.166, 0.1665, 0.1665, 0.1675, 0.1645, 0.169, 0.174, 0.1745, 0.17, 0.1725, 0.1705, 0.1735, 0.1785, 0.171, 0.1765, 0.1755, 0.1805, 0.1835, 0.1805, 0.1825, 0.1835, 0.1845, 0.1825, 0.1815, 0.184, 0.1825, 0.1855, 0.186, 0.1845, 0.1845, 0.186, 0.183, 0.178, 0.1805, 0.179, 0.176, 0.176]

wa_fgsm_acc_list: 
[0.001, 0.0025, 0.0035, 0.002, 0.0045, 0.011, 0.0205, 0.0285, 0.046, 0.07, 0.09, 0.0995, 0.0995, 0.095, 0.0825, 0.076, 0.072, 0.075, 0.087, 0.097, 0.116, 0.128, 0.145, 0.155, 0.1605, 0.167, 0.172, 0.179, 0.1815, 0.18, 0.1855, 0.18, 0.183, 0.19, 0.192, 0.194, 0.1955, 0.1955, 0.197, 0.1965, 0.199, 0.2005, 0.199, 0.199, 0.202, 0.2, 0.2015, 0.2055, 0.2095, 0.212, 0.214, 0.216, 0.2185, 0.218, 0.2145, 0.2155, 0.215, 0.2155, 0.2155, 0.2185, 0.2195, 0.22, 0.2235, 0.222, 0.2195, 0.222, 0.226, 0.227, 0.2245, 0.2235, 0.225, 0.224, 0.225, 0.226, 0.2265, 0.229, 0.233, 0.231, 0.231, 0.2325, 0.233, 0.234, 0.234, 0.237, 0.242, 0.2375, 0.2375, 0.2375, 0.2335, 0.2385, 0.236, 0.236, 0.23, 0.2285, 0.229, 0.2275, 0.227, 0.2275, 0.2245, 0.224]

total_training_time: 
9428.020838975906

total_val_time: 
1280.0437831878662

max_gpu_memory: 4.58 GB

==================================================
Starting final evaluation on test set...
==================================================
PGD test results:
  clean_acc: 0.5912
  pgd_10_acc: 0.1891
  pgd_20_acc: 0.1797
  pgd_50_acc: 0.1765
AutoAttack results:
  autoattack_acc: 0.1186
CR-Attack results:
  cr_attack_acc: 0.1182
