Method: zero_grad
Seed: 2
Scheduler: OneCycleLR
Label smoothing: 0.4
Weight average: True, tau: 0.9995
q_val: 0.35
q_iters: 1
fgsm_init: random
fgsm_alpha: 2.0


============ Epoch 0 ============
Training time: 81.85s
Training loss: 5.2749
Training accuracy: 0.0157
Current GPU memory: 2.46 GB
Validation time: 12.90s
Model - Validation accuracy: 0.0400
Model - FGSM accuracy: 0.0275
Model - PGD accuracy: 0.0255
WA Model - Validation accuracy: 0.0065
WA Model - FGSM accuracy: 0.0065
WA Model - PGD accuracy: 0.0065
Best model: model (PGD acc: 0.0255, Val acc: 0.0400)

============ Epoch 1 ============
Training time: 82.57s
Training loss: 5.1948
Training accuracy: 0.0309
Current GPU memory: 4.56 GB
Validation time: 12.89s
Model - Validation accuracy: 0.0750
Model - FGSM accuracy: 0.0405
Model - PGD accuracy: 0.0390
WA Model - Validation accuracy: 0.0060
WA Model - FGSM accuracy: 0.0055
WA Model - PGD accuracy: 0.0055
Best model: model (PGD acc: 0.0390, Val acc: 0.0750)

============ Epoch 2 ============
Training time: 82.50s
Training loss: 5.1397
Training accuracy: 0.0459
Current GPU memory: 4.56 GB
Validation time: 12.89s
Model - Validation accuracy: 0.0940
Model - FGSM accuracy: 0.0570
Model - PGD accuracy: 0.0560
WA Model - Validation accuracy: 0.0085
WA Model - FGSM accuracy: 0.0040
WA Model - PGD accuracy: 0.0035
Best model: model (PGD acc: 0.0560, Val acc: 0.0940)

============ Epoch 3 ============
Training time: 82.49s
Training loss: 5.0971
Training accuracy: 0.0589
Current GPU memory: 4.56 GB
Validation time: 12.85s
Model - Validation accuracy: 0.1275
Model - FGSM accuracy: 0.0725
Model - PGD accuracy: 0.0685
WA Model - Validation accuracy: 0.0075
WA Model - FGSM accuracy: 0.0065
WA Model - PGD accuracy: 0.0060
Best model: model (PGD acc: 0.0685, Val acc: 0.1275)

============ Epoch 4 ============
Training time: 82.50s
Training loss: 5.0570
Training accuracy: 0.0713
Current GPU memory: 4.56 GB
Validation time: 12.91s
Model - Validation accuracy: 0.1495
Model - FGSM accuracy: 0.0855
Model - PGD accuracy: 0.0815
WA Model - Validation accuracy: 0.0055
WA Model - FGSM accuracy: 0.0055
WA Model - PGD accuracy: 0.0055
Best model: model (PGD acc: 0.0815, Val acc: 0.1495)

============ Epoch 5 ============
Training time: 82.92s
Training loss: 5.0221
Training accuracy: 0.0814
Current GPU memory: 4.56 GB
Validation time: 12.92s
Model - Validation accuracy: 0.1615
Model - FGSM accuracy: 0.0860
Model - PGD accuracy: 0.0835
WA Model - Validation accuracy: 0.0080
WA Model - FGSM accuracy: 0.0065
WA Model - PGD accuracy: 0.0065
Best model: model (PGD acc: 0.0835, Val acc: 0.1615)

============ Epoch 6 ============
Training time: 82.89s
Training loss: 4.9899
Training accuracy: 0.0914
Current GPU memory: 4.56 GB
Validation time: 13.01s
Model - Validation accuracy: 0.1735
Model - FGSM accuracy: 0.0880
Model - PGD accuracy: 0.0825
WA Model - Validation accuracy: 0.0095
WA Model - FGSM accuracy: 0.0090
WA Model - PGD accuracy: 0.0090
Best model: model (PGD acc: 0.0825, Val acc: 0.1735)

============ Epoch 7 ============
Training time: 83.09s
Training loss: 4.9642
Training accuracy: 0.0996
Current GPU memory: 4.56 GB
Validation time: 13.00s
Model - Validation accuracy: 0.2005
Model - FGSM accuracy: 0.1040
Model - PGD accuracy: 0.1005
WA Model - Validation accuracy: 0.0165
WA Model - FGSM accuracy: 0.0095
WA Model - PGD accuracy: 0.0095
Best model: model (PGD acc: 0.1005, Val acc: 0.2005)

============ Epoch 8 ============
Training time: 82.93s
Training loss: 4.9360
Training accuracy: 0.1098
Current GPU memory: 4.56 GB
Validation time: 12.98s
Model - Validation accuracy: 0.2200
Model - FGSM accuracy: 0.1180
Model - PGD accuracy: 0.1110
WA Model - Validation accuracy: 0.0335
WA Model - FGSM accuracy: 0.0145
WA Model - PGD accuracy: 0.0140
Best model: model (PGD acc: 0.1110, Val acc: 0.2200)

============ Epoch 9 ============
Training time: 82.96s
Training loss: 4.9094
Training accuracy: 0.1177
Current GPU memory: 4.56 GB
Validation time: 12.93s
Model - Validation accuracy: 0.2200
Model - FGSM accuracy: 0.1255
Model - PGD accuracy: 0.1200
WA Model - Validation accuracy: 0.0585
WA Model - FGSM accuracy: 0.0305
WA Model - PGD accuracy: 0.0295
Best model: model (PGD acc: 0.1200, Val acc: 0.2200)

============ Epoch 10 ============
Training time: 82.92s
Training loss: 4.8833
Training accuracy: 0.1273
Current GPU memory: 4.56 GB
Validation time: 12.92s
Model - Validation accuracy: 0.2405
Model - FGSM accuracy: 0.1220
Model - PGD accuracy: 0.1185
WA Model - Validation accuracy: 0.0855
WA Model - FGSM accuracy: 0.0410
WA Model - PGD accuracy: 0.0400
Best model: model (PGD acc: 0.1185, Val acc: 0.2405)

============ Epoch 11 ============
Training time: 82.69s
Training loss: 4.8592
Training accuracy: 0.1353
Current GPU memory: 4.56 GB
Validation time: 12.93s
Model - Validation accuracy: 0.2460
Model - FGSM accuracy: 0.1340
Model - PGD accuracy: 0.1250
WA Model - Validation accuracy: 0.1040
WA Model - FGSM accuracy: 0.0550
WA Model - PGD accuracy: 0.0540
Best model: model (PGD acc: 0.1250, Val acc: 0.2460)

============ Epoch 12 ============
Training time: 82.68s
Training loss: 4.8379
Training accuracy: 0.1425
Current GPU memory: 4.56 GB
Validation time: 12.97s
Model - Validation accuracy: 0.2505
Model - FGSM accuracy: 0.1310
Model - PGD accuracy: 0.1290
WA Model - Validation accuracy: 0.1180
WA Model - FGSM accuracy: 0.0610
WA Model - PGD accuracy: 0.0600
Best model: model (PGD acc: 0.1290, Val acc: 0.2505)

============ Epoch 13 ============
Training time: 83.00s
Training loss: 4.8168
Training accuracy: 0.1506
Current GPU memory: 4.56 GB
Validation time: 12.97s
Model - Validation accuracy: 0.2755
Model - FGSM accuracy: 0.1440
Model - PGD accuracy: 0.1375
WA Model - Validation accuracy: 0.1115
WA Model - FGSM accuracy: 0.0635
WA Model - PGD accuracy: 0.0630
Best model: model (PGD acc: 0.1375, Val acc: 0.2755)

============ Epoch 14 ============
Training time: 82.90s
Training loss: 4.7973
Training accuracy: 0.1567
Current GPU memory: 4.56 GB
Validation time: 12.92s
Model - Validation accuracy: 0.2930
Model - FGSM accuracy: 0.1475
Model - PGD accuracy: 0.1415
WA Model - Validation accuracy: 0.0975
WA Model - FGSM accuracy: 0.0525
WA Model - PGD accuracy: 0.0515
Best model: model (PGD acc: 0.1415, Val acc: 0.2930)

============ Epoch 15 ============
Training time: 82.56s
Training loss: 4.7851
Training accuracy: 0.1616
Current GPU memory: 4.56 GB
Validation time: 12.87s
Model - Validation accuracy: 0.2875
Model - FGSM accuracy: 0.1510
Model - PGD accuracy: 0.1450
WA Model - Validation accuracy: 0.0810
WA Model - FGSM accuracy: 0.0400
WA Model - PGD accuracy: 0.0395
Best model: model (PGD acc: 0.1450, Val acc: 0.2875)

============ Epoch 16 ============
Training time: 82.34s
Training loss: 4.7719
Training accuracy: 0.1659
Current GPU memory: 4.56 GB
Validation time: 12.91s
Model - Validation accuracy: 0.2800
Model - FGSM accuracy: 0.1550
Model - PGD accuracy: 0.1430
WA Model - Validation accuracy: 0.0640
WA Model - FGSM accuracy: 0.0320
WA Model - PGD accuracy: 0.0315
Best model: model (PGD acc: 0.1430, Val acc: 0.2800)

============ Epoch 17 ============
Training time: 82.44s
Training loss: 4.7623
Training accuracy: 0.1700
Current GPU memory: 4.56 GB
Validation time: 12.91s
Model - Validation accuracy: 0.3125
Model - FGSM accuracy: 0.1570
Model - PGD accuracy: 0.1460
WA Model - Validation accuracy: 0.0580
WA Model - FGSM accuracy: 0.0285
WA Model - PGD accuracy: 0.0265
Best model: model (PGD acc: 0.1460, Val acc: 0.3125)

============ Epoch 18 ============
Training time: 82.40s
Training loss: 4.7521
Training accuracy: 0.1738
Current GPU memory: 4.56 GB
Validation time: 12.88s
Model - Validation accuracy: 0.3260
Model - FGSM accuracy: 0.1605
Model - PGD accuracy: 0.1555
WA Model - Validation accuracy: 0.0635
WA Model - FGSM accuracy: 0.0310
WA Model - PGD accuracy: 0.0295
Best model: model (PGD acc: 0.1555, Val acc: 0.3260)

============ Epoch 19 ============
Training time: 82.67s
Training loss: 4.7441
Training accuracy: 0.1767
Current GPU memory: 4.56 GB
Validation time: 12.92s
Model - Validation accuracy: 0.2950
Model - FGSM accuracy: 0.1510
Model - PGD accuracy: 0.1425
WA Model - Validation accuracy: 0.0795
WA Model - FGSM accuracy: 0.0445
WA Model - PGD accuracy: 0.0435
Best model: model (PGD acc: 0.1425, Val acc: 0.2950)

============ Epoch 20 ============
Training time: 82.31s
Training loss: 4.7353
Training accuracy: 0.1797
Current GPU memory: 4.56 GB
Validation time: 12.87s
Model - Validation accuracy: 0.3020
Model - FGSM accuracy: 0.1570
Model - PGD accuracy: 0.1560
WA Model - Validation accuracy: 0.1095
WA Model - FGSM accuracy: 0.0590
WA Model - PGD accuracy: 0.0595
Best model: model (PGD acc: 0.1560, Val acc: 0.3020)

============ Epoch 21 ============
Training time: 82.76s
Training loss: 4.7283
Training accuracy: 0.1825
Current GPU memory: 4.56 GB
Validation time: 12.95s
Model - Validation accuracy: 0.3105
Model - FGSM accuracy: 0.1625
Model - PGD accuracy: 0.1530
WA Model - Validation accuracy: 0.1520
WA Model - FGSM accuracy: 0.0815
WA Model - PGD accuracy: 0.0810
Best model: model (PGD acc: 0.1530, Val acc: 0.3105)

============ Epoch 22 ============
Training time: 82.67s
Training loss: 4.7190
Training accuracy: 0.1837
Current GPU memory: 4.56 GB
Validation time: 12.89s
Model - Validation accuracy: 0.3115
Model - FGSM accuracy: 0.1705
Model - PGD accuracy: 0.1645
WA Model - Validation accuracy: 0.2100
WA Model - FGSM accuracy: 0.1045
WA Model - PGD accuracy: 0.1035
Best model: model (PGD acc: 0.1645, Val acc: 0.3115)

============ Epoch 23 ============
Training time: 83.09s
Training loss: 4.7144
Training accuracy: 0.1869
Current GPU memory: 4.56 GB
Validation time: 12.95s
Model - Validation accuracy: 0.3150
Model - FGSM accuracy: 0.1630
Model - PGD accuracy: 0.1535
WA Model - Validation accuracy: 0.2550
WA Model - FGSM accuracy: 0.1405
WA Model - PGD accuracy: 0.1375
Best model: model (PGD acc: 0.1535, Val acc: 0.3150)

============ Epoch 24 ============
Training time: 82.95s
Training loss: 4.7070
Training accuracy: 0.1903
Current GPU memory: 4.56 GB
Validation time: 12.92s
Model - Validation accuracy: 0.3300
Model - FGSM accuracy: 0.1735
Model - PGD accuracy: 0.1595
WA Model - Validation accuracy: 0.2985
WA Model - FGSM accuracy: 0.1640
WA Model - PGD accuracy: 0.1605
Best model: wa_model (PGD acc: 0.1605, Val acc: 0.2985)

============ Epoch 25 ============
Training time: 82.22s
Training loss: 4.7023
Training accuracy: 0.1906
Current GPU memory: 4.56 GB
Validation time: 12.88s
Model - Validation accuracy: 0.2880
Model - FGSM accuracy: 0.1420
Model - PGD accuracy: 0.1340
WA Model - Validation accuracy: 0.3285
WA Model - FGSM accuracy: 0.1860
WA Model - PGD accuracy: 0.1835
Best model: wa_model (PGD acc: 0.1835, Val acc: 0.3285)

============ Epoch 26 ============
Training time: 82.33s
Training loss: 4.6963
Training accuracy: 0.1945
Current GPU memory: 4.56 GB
Validation time: 12.91s
Model - Validation accuracy: 0.3430
Model - FGSM accuracy: 0.1700
Model - PGD accuracy: 0.1560
WA Model - Validation accuracy: 0.3440
WA Model - FGSM accuracy: 0.2030
WA Model - PGD accuracy: 0.1975
Best model: wa_model (PGD acc: 0.1975, Val acc: 0.3440)

============ Epoch 27 ============
Training time: 82.45s
Training loss: 4.6910
Training accuracy: 0.1947
Current GPU memory: 4.56 GB
Validation time: 12.96s
Model - Validation accuracy: 0.3170
Model - FGSM accuracy: 0.1625
Model - PGD accuracy: 0.1585
WA Model - Validation accuracy: 0.3670
WA Model - FGSM accuracy: 0.2140
WA Model - PGD accuracy: 0.2075
Best model: wa_model (PGD acc: 0.2075, Val acc: 0.3670)

============ Epoch 28 ============
Training time: 82.43s
Training loss: 4.6874
Training accuracy: 0.1968
Current GPU memory: 4.56 GB
Validation time: 12.88s
Model - Validation accuracy: 0.3350
Model - FGSM accuracy: 0.1650
Model - PGD accuracy: 0.1535
WA Model - Validation accuracy: 0.3800
WA Model - FGSM accuracy: 0.2195
WA Model - PGD accuracy: 0.2160
Best model: wa_model (PGD acc: 0.2160, Val acc: 0.3800)

============ Epoch 29 ============
Training time: 82.54s
Training loss: 4.6809
Training accuracy: 0.2002
Current GPU memory: 4.56 GB
Validation time: 12.90s
Model - Validation accuracy: 0.3475
Model - FGSM accuracy: 0.1720
Model - PGD accuracy: 0.1595
WA Model - Validation accuracy: 0.3900
WA Model - FGSM accuracy: 0.2250
WA Model - PGD accuracy: 0.2185
Best model: wa_model (PGD acc: 0.2185, Val acc: 0.3900)

============ Epoch 30 ============
Training time: 82.73s
Training loss: 4.6755
Training accuracy: 0.2012
Current GPU memory: 4.56 GB
Validation time: 12.96s
Model - Validation accuracy: 0.3530
Model - FGSM accuracy: 0.1800
Model - PGD accuracy: 0.1660
WA Model - Validation accuracy: 0.3935
WA Model - FGSM accuracy: 0.2310
WA Model - PGD accuracy: 0.2235
Best model: wa_model (PGD acc: 0.2235, Val acc: 0.3935)

============ Epoch 31 ============
Training time: 82.72s
Training loss: 4.6718
Training accuracy: 0.2027
Current GPU memory: 4.56 GB
Validation time: 12.95s
Model - Validation accuracy: 0.3445
Model - FGSM accuracy: 0.1830
Model - PGD accuracy: 0.1690
WA Model - Validation accuracy: 0.3985
WA Model - FGSM accuracy: 0.2350
WA Model - PGD accuracy: 0.2275
Best model: wa_model (PGD acc: 0.2275, Val acc: 0.3985)

============ Epoch 32 ============
Training time: 82.48s
Training loss: 4.6677
Training accuracy: 0.2030
Current GPU memory: 4.56 GB
Validation time: 12.88s
Model - Validation accuracy: 0.3385
Model - FGSM accuracy: 0.1810
Model - PGD accuracy: 0.1685
WA Model - Validation accuracy: 0.4060
WA Model - FGSM accuracy: 0.2375
WA Model - PGD accuracy: 0.2300
Best model: wa_model (PGD acc: 0.2300, Val acc: 0.4060)

============ Epoch 33 ============
Training time: 82.54s
Training loss: 4.6640
Training accuracy: 0.2054
Current GPU memory: 4.56 GB
Validation time: 12.85s
Model - Validation accuracy: 0.3250
Model - FGSM accuracy: 0.1700
Model - PGD accuracy: 0.1615
WA Model - Validation accuracy: 0.4080
WA Model - FGSM accuracy: 0.2400
WA Model - PGD accuracy: 0.2320
Best model: wa_model (PGD acc: 0.2320, Val acc: 0.4080)

============ Epoch 34 ============
Training time: 82.90s
Training loss: 4.6606
Training accuracy: 0.2067
Current GPU memory: 4.56 GB
Validation time: 12.94s
Model - Validation accuracy: 0.3380
Model - FGSM accuracy: 0.1775
Model - PGD accuracy: 0.1685
WA Model - Validation accuracy: 0.4115
WA Model - FGSM accuracy: 0.2395
WA Model - PGD accuracy: 0.2335
Best model: wa_model (PGD acc: 0.2335, Val acc: 0.4115)

============ Epoch 35 ============
Training time: 82.98s
Training loss: 4.6563
Training accuracy: 0.2085
Current GPU memory: 4.56 GB
Validation time: 12.90s
Model - Validation accuracy: 0.3650
Model - FGSM accuracy: 0.1845
Model - PGD accuracy: 0.1715
WA Model - Validation accuracy: 0.4140
WA Model - FGSM accuracy: 0.2430
WA Model - PGD accuracy: 0.2335
Best model: wa_model (PGD acc: 0.2335, Val acc: 0.4140)

============ Epoch 36 ============
Training time: 82.38s
Training loss: 4.6525
Training accuracy: 0.2099
Current GPU memory: 4.56 GB
Validation time: 12.88s
Model - Validation accuracy: 0.3500
Model - FGSM accuracy: 0.1870
Model - PGD accuracy: 0.1750
WA Model - Validation accuracy: 0.4160
WA Model - FGSM accuracy: 0.2450
WA Model - PGD accuracy: 0.2360
Best model: wa_model (PGD acc: 0.2360, Val acc: 0.4160)

============ Epoch 37 ============
Training time: 82.01s
Training loss: 4.6483
Training accuracy: 0.2111
Current GPU memory: 4.56 GB
Validation time: 12.86s
Model - Validation accuracy: 0.3460
Model - FGSM accuracy: 0.1685
Model - PGD accuracy: 0.1585
WA Model - Validation accuracy: 0.4235
WA Model - FGSM accuracy: 0.2460
WA Model - PGD accuracy: 0.2380
Best model: wa_model (PGD acc: 0.2380, Val acc: 0.4235)

============ Epoch 38 ============
Training time: 82.10s
Training loss: 4.6460
Training accuracy: 0.2114
Current GPU memory: 4.56 GB
Validation time: 12.81s
Model - Validation accuracy: 0.3530
Model - FGSM accuracy: 0.1815
Model - PGD accuracy: 0.1715
WA Model - Validation accuracy: 0.4220
WA Model - FGSM accuracy: 0.2465
WA Model - PGD accuracy: 0.2340
Best model: wa_model (PGD acc: 0.2340, Val acc: 0.4220)

============ Epoch 39 ============
Training time: 82.06s
Training loss: 4.6422
Training accuracy: 0.2141
Current GPU memory: 4.56 GB
Validation time: 12.91s
Model - Validation accuracy: 0.3380
Model - FGSM accuracy: 0.1825
Model - PGD accuracy: 0.1755
WA Model - Validation accuracy: 0.4225
WA Model - FGSM accuracy: 0.2495
WA Model - PGD accuracy: 0.2360
Best model: wa_model (PGD acc: 0.2360, Val acc: 0.4225)

============ Epoch 40 ============
Training time: 82.41s
Training loss: 4.6397
Training accuracy: 0.2143
Current GPU memory: 4.56 GB
Validation time: 12.88s
Model - Validation accuracy: 0.3610
Model - FGSM accuracy: 0.1905
Model - PGD accuracy: 0.1790
WA Model - Validation accuracy: 0.4250
WA Model - FGSM accuracy: 0.2495
WA Model - PGD accuracy: 0.2375
Best model: wa_model (PGD acc: 0.2375, Val acc: 0.4250)

============ Epoch 41 ============
Training time: 82.40s
Training loss: 4.6345
Training accuracy: 0.2158
Current GPU memory: 4.56 GB
Validation time: 12.90s
Model - Validation accuracy: 0.3620
Model - FGSM accuracy: 0.1800
Model - PGD accuracy: 0.1655
WA Model - Validation accuracy: 0.4295
WA Model - FGSM accuracy: 0.2520
WA Model - PGD accuracy: 0.2385
Best model: wa_model (PGD acc: 0.2385, Val acc: 0.4295)

============ Epoch 42 ============
Training time: 82.70s
Training loss: 4.6257
Training accuracy: 0.2209
Current GPU memory: 4.56 GB
Validation time: 12.92s
Model - Validation accuracy: 0.3570
Model - FGSM accuracy: 0.1560
Model - PGD accuracy: 0.1275
WA Model - Validation accuracy: 0.4330
WA Model - FGSM accuracy: 0.2540
WA Model - PGD accuracy: 0.2385
Best model: wa_model (PGD acc: 0.2385, Val acc: 0.4330)

============ Epoch 43 ============
Training time: 82.61s
Training loss: 4.0283
Training accuracy: 0.4857
Current GPU memory: 4.56 GB
Validation time: 12.95s
Model - Validation accuracy: 0.1345
Model - FGSM accuracy: 0.1430
Model - PGD accuracy: 0.0000
WA Model - Validation accuracy: 0.3090
WA Model - FGSM accuracy: 0.1450
WA Model - PGD accuracy: 0.1400
Best model: wa_model (PGD acc: 0.1400, Val acc: 0.3090)

============ Epoch 44 ============
Training time: 82.59s
Training loss: 3.8413
Training accuracy: 0.5864
Current GPU memory: 4.56 GB
Validation time: 12.88s
Model - Validation accuracy: 0.0375
Model - FGSM accuracy: 0.2125
Model - PGD accuracy: 0.0000
WA Model - Validation accuracy: 0.1815
WA Model - FGSM accuracy: 0.0710
WA Model - PGD accuracy: 0.0665
Best model: wa_model (PGD acc: 0.0665, Val acc: 0.1815)

============ Epoch 45 ============
Training time: 82.29s
Training loss: 3.7762
Training accuracy: 0.6177
Current GPU memory: 4.56 GB
Validation time: 12.88s
Model - Validation accuracy: 0.0550
Model - FGSM accuracy: 0.1715
Model - PGD accuracy: 0.0000
WA Model - Validation accuracy: 0.1515
WA Model - FGSM accuracy: 0.0555
WA Model - PGD accuracy: 0.0420
Best model: wa_model (PGD acc: 0.0420, Val acc: 0.1515)

============ Epoch 46 ============
Training time: 82.27s
Training loss: 3.8343
Training accuracy: 0.5819
Current GPU memory: 4.56 GB
Validation time: 12.82s
Model - Validation accuracy: 0.1120
Model - FGSM accuracy: 0.4055
Model - PGD accuracy: 0.0000
WA Model - Validation accuracy: 0.1295
WA Model - FGSM accuracy: 0.0515
WA Model - PGD accuracy: 0.0280
Best model: wa_model (PGD acc: 0.0280, Val acc: 0.1295)

============ Epoch 47 ============
Training time: 82.31s
Training loss: 3.8224
Training accuracy: 0.5852
Current GPU memory: 4.56 GB
Validation time: 12.87s
Model - Validation accuracy: 0.1410
Model - FGSM accuracy: 0.4105
Model - PGD accuracy: 0.0000
WA Model - Validation accuracy: 0.1185
WA Model - FGSM accuracy: 0.0910
WA Model - PGD accuracy: 0.0200
Best model: wa_model (PGD acc: 0.0200, Val acc: 0.1185)

============ Epoch 48 ============
Training time: 82.18s
Training loss: 3.7380
Training accuracy: 0.6327
Current GPU memory: 4.56 GB
Validation time: 12.84s
Model - Validation accuracy: 0.1350
Model - FGSM accuracy: 0.3700
Model - PGD accuracy: 0.0000
WA Model - Validation accuracy: 0.1285
WA Model - FGSM accuracy: 0.2390
WA Model - PGD accuracy: 0.0055
Best model: wa_model (PGD acc: 0.0055, Val acc: 0.1285)

============ Epoch 49 ============
Training time: 82.72s
Training loss: 3.7456
Training accuracy: 0.6247
Current GPU memory: 4.56 GB
Validation time: 12.91s
Model - Validation accuracy: 0.1695
Model - FGSM accuracy: 0.3350
Model - PGD accuracy: 0.0000
WA Model - Validation accuracy: 0.1375
WA Model - FGSM accuracy: 0.4015
WA Model - PGD accuracy: 0.0020
Best model: wa_model (PGD acc: 0.0020, Val acc: 0.1375)

============ Epoch 50 ============
Training time: 82.76s
Training loss: 3.7424
Training accuracy: 0.6251
Current GPU memory: 4.56 GB
Validation time: 12.96s
Model - Validation accuracy: 0.1185
Model - FGSM accuracy: 0.4135
Model - PGD accuracy: 0.0000
WA Model - Validation accuracy: 0.1630
WA Model - FGSM accuracy: 0.5050
WA Model - PGD accuracy: 0.0010
Best model: wa_model (PGD acc: 0.0010, Val acc: 0.1630)

============ Epoch 51 ============
Training time: 82.63s
Training loss: 3.7422
Training accuracy: 0.6226
Current GPU memory: 4.56 GB
Validation time: 12.88s
Model - Validation accuracy: 0.2205
Model - FGSM accuracy: 0.5650
Model - PGD accuracy: 0.0000
WA Model - Validation accuracy: 0.2030
WA Model - FGSM accuracy: 0.5865
WA Model - PGD accuracy: 0.0005
Best model: wa_model (PGD acc: 0.0005, Val acc: 0.2030)

============ Epoch 52 ============
Training time: 82.26s
Training loss: 3.7242
Training accuracy: 0.6345
Current GPU memory: 4.56 GB
Validation time: 12.87s
Model - Validation accuracy: 0.1720
Model - FGSM accuracy: 0.5190
Model - PGD accuracy: 0.0000
WA Model - Validation accuracy: 0.2505
WA Model - FGSM accuracy: 0.6635
WA Model - PGD accuracy: 0.0000
Best model: model (PGD acc: 0.0000, Val acc: 0.1720)

============ Epoch 53 ============
Training time: 82.12s
Training loss: 3.7106
Training accuracy: 0.6397
Current GPU memory: 4.56 GB
Validation time: 12.80s
Model - Validation accuracy: 0.1615
Model - FGSM accuracy: 0.4840
Model - PGD accuracy: 0.0000
WA Model - Validation accuracy: 0.2895
WA Model - FGSM accuracy: 0.7255
WA Model - PGD accuracy: 0.0000
Best model: model (PGD acc: 0.0000, Val acc: 0.1615)

============ Epoch 54 ============
Training time: 82.28s
Training loss: 3.7043
Training accuracy: 0.6402
Current GPU memory: 4.56 GB
Validation time: 12.90s
Model - Validation accuracy: 0.1370
Model - FGSM accuracy: 0.3450
Model - PGD accuracy: 0.0000
WA Model - Validation accuracy: 0.3040
WA Model - FGSM accuracy: 0.7450
WA Model - PGD accuracy: 0.0000
Best model: model (PGD acc: 0.0000, Val acc: 0.1370)

============ Epoch 55 ============
Training time: 82.23s
Training loss: 3.7091
Training accuracy: 0.6378
Current GPU memory: 4.56 GB
Validation time: 12.83s
Model - Validation accuracy: 0.1110
Model - FGSM accuracy: 0.4220
Model - PGD accuracy: 0.0000
WA Model - Validation accuracy: 0.3175
WA Model - FGSM accuracy: 0.7340
WA Model - PGD accuracy: 0.0000
Best model: model (PGD acc: 0.0000, Val acc: 0.1110)

============ Epoch 56 ============
Training time: 82.32s
Training loss: 3.7231
Training accuracy: 0.6298
Current GPU memory: 4.56 GB
Validation time: 12.90s
Model - Validation accuracy: 0.1475
Model - FGSM accuracy: 0.3905
Model - PGD accuracy: 0.0000
WA Model - Validation accuracy: 0.3210
WA Model - FGSM accuracy: 0.7080
WA Model - PGD accuracy: 0.0000
Best model: model (PGD acc: 0.0000, Val acc: 0.1475)

============ Epoch 57 ============
Training time: 82.47s
Training loss: 3.7179
Training accuracy: 0.6318
Current GPU memory: 4.56 GB
Validation time: 12.87s
Model - Validation accuracy: 0.2120
Model - FGSM accuracy: 0.4680
Model - PGD accuracy: 0.0000
WA Model - Validation accuracy: 0.3200
WA Model - FGSM accuracy: 0.6875
WA Model - PGD accuracy: 0.0000
Best model: model (PGD acc: 0.0000, Val acc: 0.2120)

============ Epoch 58 ============
Training time: 82.69s
Training loss: 3.7044
Training accuracy: 0.6396
Current GPU memory: 4.56 GB
Validation time: 12.90s
Model - Validation accuracy: 0.0910
Model - FGSM accuracy: 0.2570
Model - PGD accuracy: 0.0000
WA Model - Validation accuracy: 0.3090
WA Model - FGSM accuracy: 0.7065
WA Model - PGD accuracy: 0.0000
Best model: model (PGD acc: 0.0000, Val acc: 0.0910)

============ Epoch 59 ============
Training time: 82.55s
Training loss: 3.6973
Training accuracy: 0.6424
Current GPU memory: 4.56 GB
Validation time: 12.82s
Model - Validation accuracy: 0.2210
Model - FGSM accuracy: 0.4950
Model - PGD accuracy: 0.0000
WA Model - Validation accuracy: 0.2990
WA Model - FGSM accuracy: 0.7220
WA Model - PGD accuracy: 0.0000
Best model: model (PGD acc: 0.0000, Val acc: 0.2210)

============ Epoch 60 ============
Training time: 82.41s
Training loss: 3.6802
Training accuracy: 0.6527
Current GPU memory: 4.56 GB
Validation time: 12.84s
Model - Validation accuracy: 0.0790
Model - FGSM accuracy: 0.3200
Model - PGD accuracy: 0.0000
WA Model - Validation accuracy: 0.2800
WA Model - FGSM accuracy: 0.7025
WA Model - PGD accuracy: 0.0000
Best model: model (PGD acc: 0.0000, Val acc: 0.0790)

============ Epoch 61 ============
Training time: 82.49s
Training loss: 3.6495
Training accuracy: 0.6688
Current GPU memory: 4.56 GB
Validation time: 12.88s
Model - Validation accuracy: 0.1315
Model - FGSM accuracy: 0.4145
Model - PGD accuracy: 0.0000
WA Model - Validation accuracy: 0.2555
WA Model - FGSM accuracy: 0.6790
WA Model - PGD accuracy: 0.0005
Best model: wa_model (PGD acc: 0.0005, Val acc: 0.2555)

============ Epoch 62 ============
Training time: 82.69s
Training loss: 3.6158
Training accuracy: 0.6894
Current GPU memory: 4.56 GB
Validation time: 12.88s
Model - Validation accuracy: 0.2210
Model - FGSM accuracy: 0.3175
Model - PGD accuracy: 0.0000
WA Model - Validation accuracy: 0.2285
WA Model - FGSM accuracy: 0.6755
WA Model - PGD accuracy: 0.0000
Best model: model (PGD acc: 0.0000, Val acc: 0.2210)

============ Epoch 63 ============
Training time: 82.27s
Training loss: 3.5685
Training accuracy: 0.7173
Current GPU memory: 4.56 GB
Validation time: 12.84s
Model - Validation accuracy: 0.0930
Model - FGSM accuracy: 0.3750
Model - PGD accuracy: 0.0000
WA Model - Validation accuracy: 0.2175
WA Model - FGSM accuracy: 0.6710
WA Model - PGD accuracy: 0.0000
Best model: model (PGD acc: 0.0000, Val acc: 0.0930)

============ Epoch 64 ============
Training time: 82.07s
Training loss: 3.5597
Training accuracy: 0.7239
Current GPU memory: 4.56 GB
Validation time: 12.83s
Model - Validation accuracy: 0.0855
Model - FGSM accuracy: 0.3510
Model - PGD accuracy: 0.0000
WA Model - Validation accuracy: 0.1920
WA Model - FGSM accuracy: 0.6530
WA Model - PGD accuracy: 0.0000
Best model: model (PGD acc: 0.0000, Val acc: 0.0855)

============ Epoch 65 ============
Training time: 82.01s
Training loss: 3.5401
Training accuracy: 0.7342
Current GPU memory: 4.56 GB
Validation time: 12.87s
Model - Validation accuracy: 0.1110
Model - FGSM accuracy: 0.3205
Model - PGD accuracy: 0.0000
WA Model - Validation accuracy: 0.1780
WA Model - FGSM accuracy: 0.6160
WA Model - PGD accuracy: 0.0000
Best model: model (PGD acc: 0.0000, Val acc: 0.1110)

============ Epoch 66 ============
Training time: 82.40s
Training loss: 3.5191
Training accuracy: 0.7446
Current GPU memory: 4.56 GB
Validation time: 12.88s
Model - Validation accuracy: 0.1000
Model - FGSM accuracy: 0.2730
Model - PGD accuracy: 0.0000
WA Model - Validation accuracy: 0.1650
WA Model - FGSM accuracy: 0.5945
WA Model - PGD accuracy: 0.0000
Best model: model (PGD acc: 0.0000, Val acc: 0.1000)

============ Epoch 67 ============
Training time: 82.92s
Training loss: 3.5094
Training accuracy: 0.7508
Current GPU memory: 4.56 GB
Validation time: 12.98s
Model - Validation accuracy: 0.1170
Model - FGSM accuracy: 0.3235
Model - PGD accuracy: 0.0000
WA Model - Validation accuracy: 0.1690
WA Model - FGSM accuracy: 0.6085
WA Model - PGD accuracy: 0.0000
Best model: model (PGD acc: 0.0000, Val acc: 0.1170)

============ Epoch 68 ============
Training time: 82.71s
Training loss: 3.4755
Training accuracy: 0.7700
Current GPU memory: 4.56 GB
Validation time: 12.91s
Model - Validation accuracy: 0.1175
Model - FGSM accuracy: 0.3610
Model - PGD accuracy: 0.0000
WA Model - Validation accuracy: 0.1585
WA Model - FGSM accuracy: 0.5985
WA Model - PGD accuracy: 0.0000
Best model: model (PGD acc: 0.0000, Val acc: 0.1175)

============ Epoch 69 ============
Training time: 82.39s
Training loss: 3.4546
Training accuracy: 0.7822
Current GPU memory: 4.56 GB
Validation time: 12.86s
Model - Validation accuracy: 0.1120
Model - FGSM accuracy: 0.4060
Model - PGD accuracy: 0.0000
WA Model - Validation accuracy: 0.1535
WA Model - FGSM accuracy: 0.5950
WA Model - PGD accuracy: 0.0000
Best model: model (PGD acc: 0.0000, Val acc: 0.1120)

============ Epoch 70 ============
Training time: 82.42s
Training loss: 3.4326
Training accuracy: 0.7931
Current GPU memory: 4.56 GB
Validation time: 12.83s
Model - Validation accuracy: 0.0665
Model - FGSM accuracy: 0.2275
Model - PGD accuracy: 0.0000
WA Model - Validation accuracy: 0.1425
WA Model - FGSM accuracy: 0.5800
WA Model - PGD accuracy: 0.0000
Best model: model (PGD acc: 0.0000, Val acc: 0.0665)

============ Epoch 71 ============
Training time: 82.31s
Training loss: 3.4090
Training accuracy: 0.8071
Current GPU memory: 4.56 GB
Validation time: 12.86s
Model - Validation accuracy: 0.0715
Model - FGSM accuracy: 0.2620
Model - PGD accuracy: 0.0000
WA Model - Validation accuracy: 0.1465
WA Model - FGSM accuracy: 0.5635
WA Model - PGD accuracy: 0.0000
Best model: model (PGD acc: 0.0000, Val acc: 0.0715)

============ Epoch 72 ============
Training time: 82.30s
Training loss: 3.3887
Training accuracy: 0.8183
Current GPU memory: 4.56 GB
Validation time: 12.83s
Model - Validation accuracy: 0.0315
Model - FGSM accuracy: 0.1840
Model - PGD accuracy: 0.0000
WA Model - Validation accuracy: 0.1550
WA Model - FGSM accuracy: 0.5400
WA Model - PGD accuracy: 0.0000
Best model: model (PGD acc: 0.0000, Val acc: 0.0315)

============ Epoch 73 ============
Training time: 82.24s
Training loss: 3.3948
Training accuracy: 0.8148
Current GPU memory: 4.56 GB
Validation time: 12.89s
Model - Validation accuracy: 0.1530
Model - FGSM accuracy: 0.4945
Model - PGD accuracy: 0.0000
WA Model - Validation accuracy: 0.1450
WA Model - FGSM accuracy: 0.4980
WA Model - PGD accuracy: 0.0000
Best model: model (PGD acc: 0.0000, Val acc: 0.1530)

============ Epoch 74 ============
Training time: 82.62s
Training loss: 3.3830
Training accuracy: 0.8209
Current GPU memory: 4.56 GB
Validation time: 12.88s
Model - Validation accuracy: 0.1035
Model - FGSM accuracy: 0.4660
Model - PGD accuracy: 0.0000
WA Model - Validation accuracy: 0.1625
WA Model - FGSM accuracy: 0.5090
WA Model - PGD accuracy: 0.0000
Best model: model (PGD acc: 0.0000, Val acc: 0.1035)

============ Epoch 75 ============
Training time: 82.02s
Training loss: 3.3677
Training accuracy: 0.8289
Current GPU memory: 4.56 GB
Validation time: 12.81s
Model - Validation accuracy: 0.0530
Model - FGSM accuracy: 0.3495
Model - PGD accuracy: 0.0000
WA Model - Validation accuracy: 0.1590
WA Model - FGSM accuracy: 0.5090
WA Model - PGD accuracy: 0.0000
Best model: model (PGD acc: 0.0000, Val acc: 0.0530)

============ Epoch 76 ============
Training time: 82.34s
Training loss: 3.3479
Training accuracy: 0.8385
Current GPU memory: 4.56 GB
Validation time: 12.83s
Model - Validation accuracy: 0.1090
Model - FGSM accuracy: 0.3850
Model - PGD accuracy: 0.0000
WA Model - Validation accuracy: 0.1590
WA Model - FGSM accuracy: 0.5095
WA Model - PGD accuracy: 0.0000
Best model: model (PGD acc: 0.0000, Val acc: 0.1090)

============ Epoch 77 ============
Training time: 82.25s
Training loss: 3.3463
Training accuracy: 0.8393
Current GPU memory: 4.56 GB
Validation time: 12.92s
Model - Validation accuracy: 0.0460
Model - FGSM accuracy: 0.3430
Model - PGD accuracy: 0.0000
WA Model - Validation accuracy: 0.1620
WA Model - FGSM accuracy: 0.5480
WA Model - PGD accuracy: 0.0000
Best model: model (PGD acc: 0.0000, Val acc: 0.0460)

============ Epoch 78 ============
Training time: 82.57s
Training loss: 3.3354
Training accuracy: 0.8430
Current GPU memory: 4.56 GB
Validation time: 12.92s
Model - Validation accuracy: 0.0300
Model - FGSM accuracy: 0.2405
Model - PGD accuracy: 0.0000
WA Model - Validation accuracy: 0.1520
WA Model - FGSM accuracy: 0.5340
WA Model - PGD accuracy: 0.0000
Best model: model (PGD acc: 0.0000, Val acc: 0.0300)

============ Epoch 79 ============
Training time: 82.59s
Training loss: 3.3140
Training accuracy: 0.8527
Current GPU memory: 4.56 GB
Validation time: 12.94s
Model - Validation accuracy: 0.0480
Model - FGSM accuracy: 0.3710
Model - PGD accuracy: 0.0000
WA Model - Validation accuracy: 0.1410
WA Model - FGSM accuracy: 0.5205
WA Model - PGD accuracy: 0.0000
Best model: model (PGD acc: 0.0000, Val acc: 0.0480)

============ Epoch 80 ============
Training time: 82.72s
Training loss: 3.3371
Training accuracy: 0.8379
Current GPU memory: 4.56 GB
Validation time: 12.87s
Model - Validation accuracy: 0.0240
Model - FGSM accuracy: 0.5235
Model - PGD accuracy: 0.0000
WA Model - Validation accuracy: 0.1255
WA Model - FGSM accuracy: 0.5815
WA Model - PGD accuracy: 0.0000
Best model: model (PGD acc: 0.0000, Val acc: 0.0240)

============ Epoch 81 ============
Training time: 82.19s
Training loss: 3.3300
Training accuracy: 0.8420
Current GPU memory: 4.56 GB
Validation time: 12.86s
Model - Validation accuracy: 0.0655
Model - FGSM accuracy: 0.4245
Model - PGD accuracy: 0.0000
WA Model - Validation accuracy: 0.1155
WA Model - FGSM accuracy: 0.6230
WA Model - PGD accuracy: 0.0000
Best model: model (PGD acc: 0.0000, Val acc: 0.0655)

============ Epoch 82 ============
Training time: 82.32s
Training loss: 3.3109
Training accuracy: 0.8503
Current GPU memory: 4.56 GB
Validation time: 12.95s
Model - Validation accuracy: 0.0530
Model - FGSM accuracy: 0.3410
Model - PGD accuracy: 0.0000
WA Model - Validation accuracy: 0.1045
WA Model - FGSM accuracy: 0.6210
WA Model - PGD accuracy: 0.0000
Best model: model (PGD acc: 0.0000, Val acc: 0.0530)

============ Epoch 83 ============
Training time: 82.32s
Training loss: 3.2830
Training accuracy: 0.8648
Current GPU memory: 4.56 GB
Validation time: 12.82s
Model - Validation accuracy: 0.1170
Model - FGSM accuracy: 0.4755
Model - PGD accuracy: 0.0000
WA Model - Validation accuracy: 0.0990
WA Model - FGSM accuracy: 0.6100
WA Model - PGD accuracy: 0.0000
Best model: model (PGD acc: 0.0000, Val acc: 0.1170)

============ Epoch 84 ============
Training time: 82.19s
Training loss: 3.2615
Training accuracy: 0.8757
Current GPU memory: 4.56 GB
Validation time: 12.84s
Model - Validation accuracy: 0.0555
Model - FGSM accuracy: 0.5015
Model - PGD accuracy: 0.0000
WA Model - Validation accuracy: 0.0980
WA Model - FGSM accuracy: 0.6005
WA Model - PGD accuracy: 0.0000
Best model: model (PGD acc: 0.0000, Val acc: 0.0555)

============ Epoch 85 ============
Training time: 82.45s
Training loss: 3.2636
Training accuracy: 0.8715
Current GPU memory: 4.56 GB
Validation time: 12.90s
Model - Validation accuracy: 0.0815
Model - FGSM accuracy: 0.4195
Model - PGD accuracy: 0.0000
WA Model - Validation accuracy: 0.1125
WA Model - FGSM accuracy: 0.6240
WA Model - PGD accuracy: 0.0000
Best model: model (PGD acc: 0.0000, Val acc: 0.0815)

============ Epoch 86 ============
Training time: 82.21s
Training loss: 3.2534
Training accuracy: 0.8757
Current GPU memory: 4.56 GB
Validation time: 12.83s
Model - Validation accuracy: 0.0575
Model - FGSM accuracy: 0.5075
Model - PGD accuracy: 0.0000
WA Model - Validation accuracy: 0.1045
WA Model - FGSM accuracy: 0.6470
WA Model - PGD accuracy: 0.0000
Best model: model (PGD acc: 0.0000, Val acc: 0.0575)

============ Epoch 87 ============
Training time: 82.21s
Training loss: 3.2260
Training accuracy: 0.8884
Current GPU memory: 4.56 GB
Validation time: 12.85s
Model - Validation accuracy: 0.1350
Model - FGSM accuracy: 0.6905
Model - PGD accuracy: 0.0000
WA Model - Validation accuracy: 0.1060
WA Model - FGSM accuracy: 0.6625
WA Model - PGD accuracy: 0.0000
Best model: model (PGD acc: 0.0000, Val acc: 0.1350)

============ Epoch 88 ============
Training time: 82.50s
Training loss: 3.1642
Training accuracy: 0.9187
Current GPU memory: 4.56 GB
Validation time: 12.86s
Model - Validation accuracy: 0.0735
Model - FGSM accuracy: 0.6025
Model - PGD accuracy: 0.0000
WA Model - Validation accuracy: 0.1035
WA Model - FGSM accuracy: 0.6910
WA Model - PGD accuracy: 0.0000
Best model: model (PGD acc: 0.0000, Val acc: 0.0735)

============ Epoch 89 ============
Training time: 82.23s
Training loss: 3.1401
Training accuracy: 0.9298
Current GPU memory: 4.56 GB
Validation time: 12.88s
Model - Validation accuracy: 0.0760
Model - FGSM accuracy: 0.5300
Model - PGD accuracy: 0.0000
WA Model - Validation accuracy: 0.1000
WA Model - FGSM accuracy: 0.6950
WA Model - PGD accuracy: 0.0000
Best model: model (PGD acc: 0.0000, Val acc: 0.0760)

============ Epoch 90 ============
Training time: 82.16s
Training loss: 3.1219
Training accuracy: 0.9370
Current GPU memory: 4.56 GB
Validation time: 12.88s
Model - Validation accuracy: 0.0800
Model - FGSM accuracy: 0.6105
Model - PGD accuracy: 0.0000
WA Model - Validation accuracy: 0.1035
WA Model - FGSM accuracy: 0.7010
WA Model - PGD accuracy: 0.0000
Best model: model (PGD acc: 0.0000, Val acc: 0.0800)

============ Epoch 91 ============
Training time: 82.48s
Training loss: 3.1065
Training accuracy: 0.9426
Current GPU memory: 4.56 GB
Validation time: 12.87s
Model - Validation accuracy: 0.1035
Model - FGSM accuracy: 0.6110
Model - PGD accuracy: 0.0000
WA Model - Validation accuracy: 0.1020
WA Model - FGSM accuracy: 0.6990
WA Model - PGD accuracy: 0.0000
Best model: model (PGD acc: 0.0000, Val acc: 0.1035)

============ Epoch 92 ============
Training time: 82.26s
Training loss: 3.0911
Training accuracy: 0.9484
Current GPU memory: 4.56 GB
Validation time: 12.84s
Model - Validation accuracy: 0.0895
Model - FGSM accuracy: 0.6355
Model - PGD accuracy: 0.0000
WA Model - Validation accuracy: 0.1080
WA Model - FGSM accuracy: 0.7040
WA Model - PGD accuracy: 0.0000
Best model: model (PGD acc: 0.0000, Val acc: 0.0895)

============ Epoch 93 ============
Training time: 82.33s
Training loss: 3.0731
Training accuracy: 0.9559
Current GPU memory: 4.56 GB
Validation time: 12.85s
Model - Validation accuracy: 0.1155
Model - FGSM accuracy: 0.6470
Model - PGD accuracy: 0.0000
WA Model - Validation accuracy: 0.1130
WA Model - FGSM accuracy: 0.7005
WA Model - PGD accuracy: 0.0000
Best model: model (PGD acc: 0.0000, Val acc: 0.1155)

============ Epoch 94 ============
Training time: 82.32s
Training loss: 3.0637
Training accuracy: 0.9586
Current GPU memory: 4.56 GB
Validation time: 12.88s
Model - Validation accuracy: 0.1050
Model - FGSM accuracy: 0.6530
Model - PGD accuracy: 0.0000
WA Model - Validation accuracy: 0.1160
WA Model - FGSM accuracy: 0.7135
WA Model - PGD accuracy: 0.0000
Best model: model (PGD acc: 0.0000, Val acc: 0.1050)

============ Epoch 95 ============
Training time: 82.54s
Training loss: 3.0463
Training accuracy: 0.9645
Current GPU memory: 4.56 GB
Validation time: 12.88s
Model - Validation accuracy: 0.1195
Model - FGSM accuracy: 0.6900
Model - PGD accuracy: 0.0000
WA Model - Validation accuracy: 0.1180
WA Model - FGSM accuracy: 0.6995
WA Model - PGD accuracy: 0.0000
Best model: model (PGD acc: 0.0000, Val acc: 0.1195)

============ Epoch 96 ============
Training time: 82.54s
Training loss: 3.0350
Training accuracy: 0.9684
Current GPU memory: 4.56 GB
Validation time: 12.90s
Model - Validation accuracy: 0.0980
Model - FGSM accuracy: 0.7035
Model - PGD accuracy: 0.0000
WA Model - Validation accuracy: 0.1205
WA Model - FGSM accuracy: 0.6990
WA Model - PGD accuracy: 0.0000
Best model: model (PGD acc: 0.0000, Val acc: 0.0980)

============ Epoch 97 ============
Training time: 82.38s
Training loss: 3.0283
Training accuracy: 0.9709
Current GPU memory: 4.56 GB
Validation time: 12.89s
Model - Validation accuracy: 0.1260
Model - FGSM accuracy: 0.7110
Model - PGD accuracy: 0.0000
WA Model - Validation accuracy: 0.1185
WA Model - FGSM accuracy: 0.7110
WA Model - PGD accuracy: 0.0000
Best model: model (PGD acc: 0.0000, Val acc: 0.1260)

============ Epoch 98 ============
Training time: 82.12s
Training loss: 3.0241
Training accuracy: 0.9730
Current GPU memory: 4.56 GB
Validation time: 12.81s
Model - Validation accuracy: 0.1185
Model - FGSM accuracy: 0.7170
Model - PGD accuracy: 0.0000
WA Model - Validation accuracy: 0.1185
WA Model - FGSM accuracy: 0.7060
WA Model - PGD accuracy: 0.0000
Best model: model (PGD acc: 0.0000, Val acc: 0.1185)

============ Epoch 99 ============
Training time: 82.30s
Training loss: 3.0239
Training accuracy: 0.9739
Current GPU memory: 4.56 GB
Validation time: 12.84s
Model - Validation accuracy: 0.1265
Model - FGSM accuracy: 0.7325
Model - PGD accuracy: 0.0000
WA Model - Validation accuracy: 0.1200
WA Model - FGSM accuracy: 0.7085
WA Model - PGD accuracy: 0.0000
Best model: model (PGD acc: 0.0000, Val acc: 0.1265)

train_acc_list: 
[0.015724489795918367, 0.030908163265306123, 0.04591836734693878, 0.05888775510204081, 0.07127551020408163, 0.08143877551020408, 0.09137755102040816, 0.09963265306122449, 0.10983673469387756, 0.11771428571428572, 0.12725510204081633, 0.1352857142857143, 0.14248979591836736, 0.15057142857142858, 0.1566530612244898, 0.16162244897959183, 0.1658673469387755, 0.17003061224489796, 0.1738265306122449, 0.1766938775510204, 0.17966326530612245, 0.1825204081632653, 0.183734693877551, 0.1868877551020408, 0.1903469387755102, 0.19055102040816327, 0.1945408163265306, 0.19472448979591836, 0.1968469387755102, 0.2001734693877551, 0.2012142857142857, 0.20270408163265305, 0.2029795918367347, 0.20537755102040817, 0.20674489795918366, 0.20851020408163265, 0.20985714285714285, 0.21110204081632652, 0.21140816326530612, 0.21412244897959185, 0.21428571428571427, 0.21575510204081633, 0.22085714285714286, 0.4856734693877551, 0.5863877551020408, 0.6176938775510205, 0.5819081632653061, 0.5852244897959183, 0.6326836734693878, 0.6246938775510205, 0.6251122448979591, 0.6225510204081632, 0.6344693877551021, 0.639704081632653, 0.6402142857142857, 0.6378469387755102, 0.6298469387755102, 0.6318469387755102, 0.6395918367346939, 0.6423673469387755, 0.6526836734693877, 0.6687755102040817, 0.6893775510204082, 0.7173367346938776, 0.7238673469387755, 0.7342448979591837, 0.7445612244897959, 0.7507959183673469, 0.769969387755102, 0.7821836734693878, 0.7931020408163265, 0.8070714285714286, 0.8182551020408163, 0.8147755102040817, 0.8209387755102041, 0.8288979591836735, 0.8385, 0.839265306122449, 0.8429591836734693, 0.8526836734693878, 0.8379387755102041, 0.8420204081632653, 0.8503367346938776, 0.8647755102040816, 0.8756734693877551, 0.8715306122448979, 0.8757142857142857, 0.8883877551020408, 0.918734693877551, 0.929765306122449, 0.9369897959183674, 0.9426326530612245, 0.9484081632653061, 0.9559285714285715, 0.9585714285714285, 0.9644591836734694, 0.9683877551020408, 0.9709489795918367, 0.9729897959183673, 0.9738979591836735]

model_val_acc_list: 
[0.04, 0.075, 0.094, 0.1275, 0.1495, 0.1615, 0.1735, 0.2005, 0.22, 0.22, 0.2405, 0.246, 0.2505, 0.2755, 0.293, 0.2875, 0.28, 0.3125, 0.326, 0.295, 0.302, 0.3105, 0.3115, 0.315, 0.33, 0.288, 0.343, 0.317, 0.335, 0.3475, 0.353, 0.3445, 0.3385, 0.325, 0.338, 0.365, 0.35, 0.346, 0.353, 0.338, 0.361, 0.362, 0.357, 0.1345, 0.0375, 0.055, 0.112, 0.141, 0.135, 0.1695, 0.1185, 0.2205, 0.172, 0.1615, 0.137, 0.111, 0.1475, 0.212, 0.091, 0.221, 0.079, 0.1315, 0.221, 0.093, 0.0855, 0.111, 0.1, 0.117, 0.1175, 0.112, 0.0665, 0.0715, 0.0315, 0.153, 0.1035, 0.053, 0.109, 0.046, 0.03, 0.048, 0.024, 0.0655, 0.053, 0.117, 0.0555, 0.0815, 0.0575, 0.135, 0.0735, 0.076, 0.08, 0.1035, 0.0895, 0.1155, 0.105, 0.1195, 0.098, 0.126, 0.1185, 0.1265]

model_pgd_acc_list: 
[0.0255, 0.039, 0.056, 0.0685, 0.0815, 0.0835, 0.0825, 0.1005, 0.111, 0.12, 0.1185, 0.125, 0.129, 0.1375, 0.1415, 0.145, 0.143, 0.146, 0.1555, 0.1425, 0.156, 0.153, 0.1645, 0.1535, 0.1595, 0.134, 0.156, 0.1585, 0.1535, 0.1595, 0.166, 0.169, 0.1685, 0.1615, 0.1685, 0.1715, 0.175, 0.1585, 0.1715, 0.1755, 0.179, 0.1655, 0.1275, 0.0, 0.0, 0.0, 0.0, 0.0, 0.0, 0.0, 0.0, 0.0, 0.0, 0.0, 0.0, 0.0, 0.0, 0.0, 0.0, 0.0, 0.0, 0.0, 0.0, 0.0, 0.0, 0.0, 0.0, 0.0, 0.0, 0.0, 0.0, 0.0, 0.0, 0.0, 0.0, 0.0, 0.0, 0.0, 0.0, 0.0, 0.0, 0.0, 0.0, 0.0, 0.0, 0.0, 0.0, 0.0, 0.0, 0.0, 0.0, 0.0, 0.0, 0.0, 0.0, 0.0, 0.0, 0.0, 0.0, 0.0]

model_fgsm_acc_list: 
[0.0275, 0.0405, 0.057, 0.0725, 0.0855, 0.086, 0.088, 0.104, 0.118, 0.1255, 0.122, 0.134, 0.131, 0.144, 0.1475, 0.151, 0.155, 0.157, 0.1605, 0.151, 0.157, 0.1625, 0.1705, 0.163, 0.1735, 0.142, 0.17, 0.1625, 0.165, 0.172, 0.18, 0.183, 0.181, 0.17, 0.1775, 0.1845, 0.187, 0.1685, 0.1815, 0.1825, 0.1905, 0.18, 0.156, 0.143, 0.2125, 0.1715, 0.4055, 0.4105, 0.37, 0.335, 0.4135, 0.565, 0.519, 0.484, 0.345, 0.422, 0.3905, 0.468, 0.257, 0.495, 0.32, 0.4145, 0.3175, 0.375, 0.351, 0.3205, 0.273, 0.3235, 0.361, 0.406, 0.2275, 0.262, 0.184, 0.4945, 0.466, 0.3495, 0.385, 0.343, 0.2405, 0.371, 0.5235, 0.4245, 0.341, 0.4755, 0.5015, 0.4195, 0.5075, 0.6905, 0.6025, 0.53, 0.6105, 0.611, 0.6355, 0.647, 0.653, 0.69, 0.7035, 0.711, 0.717, 0.7325]

wa_val_acc_list: 
[0.0065, 0.006, 0.0085, 0.0075, 0.0055, 0.008, 0.0095, 0.0165, 0.0335, 0.0585, 0.0855, 0.104, 0.118, 0.1115, 0.0975, 0.081, 0.064, 0.058, 0.0635, 0.0795, 0.1095, 0.152, 0.21, 0.255, 0.2985, 0.3285, 0.344, 0.367, 0.38, 0.39, 0.3935, 0.3985, 0.406, 0.408, 0.4115, 0.414, 0.416, 0.4235, 0.422, 0.4225, 0.425, 0.4295, 0.433, 0.309, 0.1815, 0.1515, 0.1295, 0.1185, 0.1285, 0.1375, 0.163, 0.203, 0.2505, 0.2895, 0.304, 0.3175, 0.321, 0.32, 0.309, 0.299, 0.28, 0.2555, 0.2285, 0.2175, 0.192, 0.178, 0.165, 0.169, 0.1585, 0.1535, 0.1425, 0.1465, 0.155, 0.145, 0.1625, 0.159, 0.159, 0.162, 0.152, 0.141, 0.1255, 0.1155, 0.1045, 0.099, 0.098, 0.1125, 0.1045, 0.106, 0.1035, 0.1, 0.1035, 0.102, 0.108, 0.113, 0.116, 0.118, 0.1205, 0.1185, 0.1185, 0.12]

wa_pgd_acc_list: 
[0.0065, 0.0055, 0.0035, 0.006, 0.0055, 0.0065, 0.009, 0.0095, 0.014, 0.0295, 0.04, 0.054, 0.06, 0.063, 0.0515, 0.0395, 0.0315, 0.0265, 0.0295, 0.0435, 0.0595, 0.081, 0.1035, 0.1375, 0.1605, 0.1835, 0.1975, 0.2075, 0.216, 0.2185, 0.2235, 0.2275, 0.23, 0.232, 0.2335, 0.2335, 0.236, 0.238, 0.234, 0.236, 0.2375, 0.2385, 0.2385, 0.14, 0.0665, 0.042, 0.028, 0.02, 0.0055, 0.002, 0.001, 0.0005, 0.0, 0.0, 0.0, 0.0, 0.0, 0.0, 0.0, 0.0, 0.0, 0.0005, 0.0, 0.0, 0.0, 0.0, 0.0, 0.0, 0.0, 0.0, 0.0, 0.0, 0.0, 0.0, 0.0, 0.0, 0.0, 0.0, 0.0, 0.0, 0.0, 0.0, 0.0, 0.0, 0.0, 0.0, 0.0, 0.0, 0.0, 0.0, 0.0, 0.0, 0.0, 0.0, 0.0, 0.0, 0.0, 0.0, 0.0, 0.0]

wa_fgsm_acc_list: 
[0.0065, 0.0055, 0.004, 0.0065, 0.0055, 0.0065, 0.009, 0.0095, 0.0145, 0.0305, 0.041, 0.055, 0.061, 0.0635, 0.0525, 0.04, 0.032, 0.0285, 0.031, 0.0445, 0.059, 0.0815, 0.1045, 0.1405, 0.164, 0.186, 0.203, 0.214, 0.2195, 0.225, 0.231, 0.235, 0.2375, 0.24, 0.2395, 0.243, 0.245, 0.246, 0.2465, 0.2495, 0.2495, 0.252, 0.254, 0.145, 0.071, 0.0555, 0.0515, 0.091, 0.239, 0.4015, 0.505, 0.5865, 0.6635, 0.7255, 0.745, 0.734, 0.708, 0.6875, 0.7065, 0.722, 0.7025, 0.679, 0.6755, 0.671, 0.653, 0.616, 0.5945, 0.6085, 0.5985, 0.595, 0.58, 0.5635, 0.54, 0.498, 0.509, 0.509, 0.5095, 0.548, 0.534, 0.5205, 0.5815, 0.623, 0.621, 0.61, 0.6005, 0.624, 0.647, 0.6625, 0.691, 0.695, 0.701, 0.699, 0.704, 0.7005, 0.7135, 0.6995, 0.699, 0.711, 0.706, 0.7085]

total_training_time: 
8247.49694776535

total_val_time: 
1288.9378826618195

max_gpu_memory: 4.56 GB

==================================================
Starting final evaluation on test set...
==================================================
PGD test results:
  clean_acc: 0.4156
  pgd_10_acc: 0.2370
  pgd_20_acc: 0.2359
  pgd_50_acc: 0.2358
AutoAttack results:
  autoattack_acc: 0.1687
CR-Attack results:
  cr_attack_acc: 0.1679
