scheduler: OneCycleLR
label smoothing: 0.4
weight average: True, tau: 0.9995
uap num: 200


============ Epoch 0 ============
Training time: 124.15s
Training loss: 5.2637
Training accuracy: 0.0197
Current GPU memory: 4.57 GB
Validation time: 12.67
Model - Validation accuracy: 0.0500
Model - FGSM accuracy: 0.0375
Model - PGD accuracy: 0.0350
WA Model - Validation accuracy: 0.0045
WA Model - FGSM accuracy: 0.0000
WA Model - PGD accuracy: 0.0000
Best model: model (PGD acc: 0.0350, Val acc: 0.0500)

============ Epoch 1 ============
Training time: 126.77s
Training loss: 5.1804
Training accuracy: 0.0425
Current GPU memory: 4.60 GB
Validation time: 12.73
Model - Validation accuracy: 0.0780
Model - FGSM accuracy: 0.0450
Model - PGD accuracy: 0.0435
WA Model - Validation accuracy: 0.0040
WA Model - FGSM accuracy: 0.0040
WA Model - PGD accuracy: 0.0040
Best model: model (PGD acc: 0.0435, Val acc: 0.0780)

============ Epoch 2 ============
Training time: 128.45s
Training loss: 5.1239
Training accuracy: 0.0589
Current GPU memory: 4.60 GB
Validation time: 12.83
Model - Validation accuracy: 0.1050
Model - FGSM accuracy: 0.0600
Model - PGD accuracy: 0.0595
WA Model - Validation accuracy: 0.0050
WA Model - FGSM accuracy: 0.0045
WA Model - PGD accuracy: 0.0045
Best model: model (PGD acc: 0.0595, Val acc: 0.1050)

============ Epoch 3 ============
Training time: 129.19s
Training loss: 5.0759
Training accuracy: 0.0760
Current GPU memory: 4.60 GB
Validation time: 12.85
Model - Validation accuracy: 0.1260
Model - FGSM accuracy: 0.0795
Model - PGD accuracy: 0.0780
WA Model - Validation accuracy: 0.0070
WA Model - FGSM accuracy: 0.0050
WA Model - PGD accuracy: 0.0050
Best model: model (PGD acc: 0.0780, Val acc: 0.1260)

============ Epoch 4 ============
Training time: 129.35s
Training loss: 5.0346
Training accuracy: 0.0906
Current GPU memory: 4.60 GB
Validation time: 12.83
Model - Validation accuracy: 0.1490
Model - FGSM accuracy: 0.0840
Model - PGD accuracy: 0.0825
WA Model - Validation accuracy: 0.0070
WA Model - FGSM accuracy: 0.0055
WA Model - PGD accuracy: 0.0055
Best model: model (PGD acc: 0.0825, Val acc: 0.1490)

============ Epoch 5 ============
Training time: 129.71s
Training loss: 4.9979
Training accuracy: 0.1038
Current GPU memory: 4.60 GB
Validation time: 12.79
Model - Validation accuracy: 0.1670
Model - FGSM accuracy: 0.0930
Model - PGD accuracy: 0.0920
WA Model - Validation accuracy: 0.0080
WA Model - FGSM accuracy: 0.0070
WA Model - PGD accuracy: 0.0070
Best model: model (PGD acc: 0.0920, Val acc: 0.1670)

============ Epoch 6 ============
Training time: 129.87s
Training loss: 4.9639
Training accuracy: 0.1162
Current GPU memory: 4.60 GB
Validation time: 12.78
Model - Validation accuracy: 0.1790
Model - FGSM accuracy: 0.0945
Model - PGD accuracy: 0.0915
WA Model - Validation accuracy: 0.0140
WA Model - FGSM accuracy: 0.0105
WA Model - PGD accuracy: 0.0105
Best model: model (PGD acc: 0.0915, Val acc: 0.1790)

============ Epoch 7 ============
Training time: 129.88s
Training loss: 4.9355
Training accuracy: 0.1271
Current GPU memory: 4.60 GB
Validation time: 12.81
Model - Validation accuracy: 0.2085
Model - FGSM accuracy: 0.1160
Model - PGD accuracy: 0.1120
WA Model - Validation accuracy: 0.0250
WA Model - FGSM accuracy: 0.0125
WA Model - PGD accuracy: 0.0125
Best model: model (PGD acc: 0.1120, Val acc: 0.2085)

============ Epoch 8 ============
Training time: 130.21s
Training loss: 4.9059
Training accuracy: 0.1385
Current GPU memory: 4.60 GB
Validation time: 12.77
Model - Validation accuracy: 0.1945
Model - FGSM accuracy: 0.1170
Model - PGD accuracy: 0.1145
WA Model - Validation accuracy: 0.0460
WA Model - FGSM accuracy: 0.0245
WA Model - PGD accuracy: 0.0245
Best model: model (PGD acc: 0.1145, Val acc: 0.1945)

============ Epoch 9 ============
Training time: 130.04s
Training loss: 4.8788
Training accuracy: 0.1477
Current GPU memory: 4.60 GB
Validation time: 12.77
Model - Validation accuracy: 0.2445
Model - FGSM accuracy: 0.1270
Model - PGD accuracy: 0.1265
WA Model - Validation accuracy: 0.0695
WA Model - FGSM accuracy: 0.0350
WA Model - PGD accuracy: 0.0345
Best model: model (PGD acc: 0.1265, Val acc: 0.2445)

============ Epoch 10 ============
Training time: 130.22s
Training loss: 4.8502
Training accuracy: 0.1596
Current GPU memory: 4.60 GB
Validation time: 12.78
Model - Validation accuracy: 0.2460
Model - FGSM accuracy: 0.1355
Model - PGD accuracy: 0.1325
WA Model - Validation accuracy: 0.0965
WA Model - FGSM accuracy: 0.0470
WA Model - PGD accuracy: 0.0480
Best model: model (PGD acc: 0.1325, Val acc: 0.2460)

============ Epoch 11 ============
Training time: 130.35s
Training loss: 4.8233
Training accuracy: 0.1717
Current GPU memory: 4.60 GB
Validation time: 12.79
Model - Validation accuracy: 0.2580
Model - FGSM accuracy: 0.1460
Model - PGD accuracy: 0.1415
WA Model - Validation accuracy: 0.1170
WA Model - FGSM accuracy: 0.0600
WA Model - PGD accuracy: 0.0575
Best model: model (PGD acc: 0.1415, Val acc: 0.2580)

============ Epoch 12 ============
Training time: 130.66s
Training loss: 4.7993
Training accuracy: 0.1810
Current GPU memory: 4.60 GB
Validation time: 12.78
Model - Validation accuracy: 0.2720
Model - FGSM accuracy: 0.1490
Model - PGD accuracy: 0.1445
WA Model - Validation accuracy: 0.1260
WA Model - FGSM accuracy: 0.0680
WA Model - PGD accuracy: 0.0660
Best model: model (PGD acc: 0.1445, Val acc: 0.2720)

============ Epoch 13 ============
Training time: 130.57s
Training loss: 4.7792
Training accuracy: 0.1872
Current GPU memory: 4.60 GB
Validation time: 12.81
Model - Validation accuracy: 0.2680
Model - FGSM accuracy: 0.1405
Model - PGD accuracy: 0.1370
WA Model - Validation accuracy: 0.1210
WA Model - FGSM accuracy: 0.0660
WA Model - PGD accuracy: 0.0665
Best model: model (PGD acc: 0.1370, Val acc: 0.2680)

============ Epoch 14 ============
Training time: 130.72s
Training loss: 4.7599
Training accuracy: 0.1972
Current GPU memory: 4.60 GB
Validation time: 12.82
Model - Validation accuracy: 0.2880
Model - FGSM accuracy: 0.1620
Model - PGD accuracy: 0.1520
WA Model - Validation accuracy: 0.1040
WA Model - FGSM accuracy: 0.0575
WA Model - PGD accuracy: 0.0580
Best model: model (PGD acc: 0.1520, Val acc: 0.2880)

============ Epoch 15 ============
Training time: 130.60s
Training loss: 4.7443
Training accuracy: 0.2041
Current GPU memory: 4.60 GB
Validation time: 12.84
Model - Validation accuracy: 0.2845
Model - FGSM accuracy: 0.1525
Model - PGD accuracy: 0.1445
WA Model - Validation accuracy: 0.0890
WA Model - FGSM accuracy: 0.0420
WA Model - PGD accuracy: 0.0405
Best model: model (PGD acc: 0.1445, Val acc: 0.2845)

============ Epoch 16 ============
Training time: 130.49s
Training loss: 4.7329
Training accuracy: 0.2079
Current GPU memory: 4.60 GB
Validation time: 12.81
Model - Validation accuracy: 0.3040
Model - FGSM accuracy: 0.1600
Model - PGD accuracy: 0.1525
WA Model - Validation accuracy: 0.0745
WA Model - FGSM accuracy: 0.0350
WA Model - PGD accuracy: 0.0345
Best model: model (PGD acc: 0.1525, Val acc: 0.3040)

============ Epoch 17 ============
Training time: 130.87s
Training loss: 4.7213
Training accuracy: 0.2132
Current GPU memory: 4.60 GB
Validation time: 12.82
Model - Validation accuracy: 0.3050
Model - FGSM accuracy: 0.1715
Model - PGD accuracy: 0.1645
WA Model - Validation accuracy: 0.0665
WA Model - FGSM accuracy: 0.0305
WA Model - PGD accuracy: 0.0305
Best model: model (PGD acc: 0.1645, Val acc: 0.3050)

============ Epoch 18 ============
Training time: 130.94s
Training loss: 4.7118
Training accuracy: 0.2173
Current GPU memory: 4.60 GB
Validation time: 12.79
Model - Validation accuracy: 0.3170
Model - FGSM accuracy: 0.1520
Model - PGD accuracy: 0.1440
WA Model - Validation accuracy: 0.0735
WA Model - FGSM accuracy: 0.0340
WA Model - PGD accuracy: 0.0330
Best model: model (PGD acc: 0.1440, Val acc: 0.3170)

============ Epoch 19 ============
Training time: 130.75s
Training loss: 4.7016
Training accuracy: 0.2213
Current GPU memory: 4.60 GB
Validation time: 12.76
Model - Validation accuracy: 0.3145
Model - FGSM accuracy: 0.1660
Model - PGD accuracy: 0.1595
WA Model - Validation accuracy: 0.0850
WA Model - FGSM accuracy: 0.0445
WA Model - PGD accuracy: 0.0445
Best model: model (PGD acc: 0.1595, Val acc: 0.3145)

============ Epoch 20 ============
Training time: 130.48s
Training loss: 4.6952
Training accuracy: 0.2234
Current GPU memory: 4.60 GB
Validation time: 12.79
Model - Validation accuracy: 0.3060
Model - FGSM accuracy: 0.1710
Model - PGD accuracy: 0.1600
WA Model - Validation accuracy: 0.1120
WA Model - FGSM accuracy: 0.0615
WA Model - PGD accuracy: 0.0605
Best model: model (PGD acc: 0.1600, Val acc: 0.3060)

============ Epoch 21 ============
Training time: 130.67s
Training loss: 4.6849
Training accuracy: 0.2287
Current GPU memory: 4.60 GB
Validation time: 12.83
Model - Validation accuracy: 0.3025
Model - FGSM accuracy: 0.1620
Model - PGD accuracy: 0.1515
WA Model - Validation accuracy: 0.1575
WA Model - FGSM accuracy: 0.0835
WA Model - PGD accuracy: 0.0820
Best model: model (PGD acc: 0.1515, Val acc: 0.3025)

============ Epoch 22 ============
Training time: 130.76s
Training loss: 4.6785
Training accuracy: 0.2319
Current GPU memory: 4.60 GB
Validation time: 12.77
Model - Validation accuracy: 0.3215
Model - FGSM accuracy: 0.1710
Model - PGD accuracy: 0.1665
WA Model - Validation accuracy: 0.2045
WA Model - FGSM accuracy: 0.1170
WA Model - PGD accuracy: 0.1155
Best model: model (PGD acc: 0.1665, Val acc: 0.3215)

============ Epoch 23 ============
Training time: 130.69s
Training loss: 4.6712
Training accuracy: 0.2341
Current GPU memory: 4.60 GB
Validation time: 12.75
Model - Validation accuracy: 0.3405
Model - FGSM accuracy: 0.1765
Model - PGD accuracy: 0.1685
WA Model - Validation accuracy: 0.2535
WA Model - FGSM accuracy: 0.1410
WA Model - PGD accuracy: 0.1385
Best model: model (PGD acc: 0.1685, Val acc: 0.3405)

============ Epoch 24 ============
Training time: 130.75s
Training loss: 4.6631
Training accuracy: 0.2372
Current GPU memory: 4.60 GB
Validation time: 12.76
Model - Validation accuracy: 0.3330
Model - FGSM accuracy: 0.1840
Model - PGD accuracy: 0.1775
WA Model - Validation accuracy: 0.2980
WA Model - FGSM accuracy: 0.1720
WA Model - PGD accuracy: 0.1700
Best model: model (PGD acc: 0.1775, Val acc: 0.3330)

============ Epoch 25 ============
Training time: 130.80s
Training loss: 4.6592
Training accuracy: 0.2377
Current GPU memory: 4.60 GB
Validation time: 12.77
Model - Validation accuracy: 0.3215
Model - FGSM accuracy: 0.1785
Model - PGD accuracy: 0.1705
WA Model - Validation accuracy: 0.3300
WA Model - FGSM accuracy: 0.1940
WA Model - PGD accuracy: 0.1915
Best model: wa_model (PGD acc: 0.1915, Val acc: 0.3300)

============ Epoch 26 ============
Training time: 130.78s
Training loss: 4.6523
Training accuracy: 0.2410
Current GPU memory: 4.60 GB
Validation time: 12.76
Model - Validation accuracy: 0.3155
Model - FGSM accuracy: 0.1710
Model - PGD accuracy: 0.1645
WA Model - Validation accuracy: 0.3510
WA Model - FGSM accuracy: 0.2105
WA Model - PGD accuracy: 0.2070
Best model: wa_model (PGD acc: 0.2070, Val acc: 0.3510)

============ Epoch 27 ============
Training time: 130.63s
Training loss: 4.6465
Training accuracy: 0.2429
Current GPU memory: 4.60 GB
Validation time: 12.81
Model - Validation accuracy: 0.3275
Model - FGSM accuracy: 0.1680
Model - PGD accuracy: 0.1615
WA Model - Validation accuracy: 0.3640
WA Model - FGSM accuracy: 0.2185
WA Model - PGD accuracy: 0.2120
Best model: wa_model (PGD acc: 0.2120, Val acc: 0.3640)

============ Epoch 28 ============
Training time: 130.53s
Training loss: 4.6393
Training accuracy: 0.2473
Current GPU memory: 4.60 GB
Validation time: 12.77
Model - Validation accuracy: 0.3470
Model - FGSM accuracy: 0.1825
Model - PGD accuracy: 0.1745
WA Model - Validation accuracy: 0.3745
WA Model - FGSM accuracy: 0.2200
WA Model - PGD accuracy: 0.2150
Best model: wa_model (PGD acc: 0.2150, Val acc: 0.3745)

============ Epoch 29 ============
Training time: 130.55s
Training loss: 4.6345
Training accuracy: 0.2481
Current GPU memory: 4.60 GB
Validation time: 12.82
Model - Validation accuracy: 0.3390
Model - FGSM accuracy: 0.1950
Model - PGD accuracy: 0.1825
WA Model - Validation accuracy: 0.3910
WA Model - FGSM accuracy: 0.2280
WA Model - PGD accuracy: 0.2225
Best model: wa_model (PGD acc: 0.2225, Val acc: 0.3910)

============ Epoch 30 ============
Training time: 130.39s
Training loss: 4.6300
Training accuracy: 0.2511
Current GPU memory: 4.60 GB
Validation time: 12.75
Model - Validation accuracy: 0.3305
Model - FGSM accuracy: 0.1780
Model - PGD accuracy: 0.1695
WA Model - Validation accuracy: 0.3970
WA Model - FGSM accuracy: 0.2345
WA Model - PGD accuracy: 0.2275
Best model: wa_model (PGD acc: 0.2275, Val acc: 0.3970)

============ Epoch 31 ============
Training time: 130.77s
Training loss: 4.6245
Training accuracy: 0.2519
Current GPU memory: 4.60 GB
Validation time: 12.76
Model - Validation accuracy: 0.3390
Model - FGSM accuracy: 0.1745
Model - PGD accuracy: 0.1640
WA Model - Validation accuracy: 0.4000
WA Model - FGSM accuracy: 0.2380
WA Model - PGD accuracy: 0.2280
Best model: wa_model (PGD acc: 0.2280, Val acc: 0.4000)

============ Epoch 32 ============
Training time: 130.46s
Training loss: 4.6188
Training accuracy: 0.2551
Current GPU memory: 4.60 GB
Validation time: 12.76
Model - Validation accuracy: 0.3510
Model - FGSM accuracy: 0.1760
Model - PGD accuracy: 0.1660
WA Model - Validation accuracy: 0.4075
WA Model - FGSM accuracy: 0.2435
WA Model - PGD accuracy: 0.2320
Best model: wa_model (PGD acc: 0.2320, Val acc: 0.4075)

============ Epoch 33 ============
Training time: 130.52s
Training loss: 4.6167
Training accuracy: 0.2555
Current GPU memory: 4.60 GB
Validation time: 12.76
Model - Validation accuracy: 0.3525
Model - FGSM accuracy: 0.1780
Model - PGD accuracy: 0.1690
WA Model - Validation accuracy: 0.4120
WA Model - FGSM accuracy: 0.2455
WA Model - PGD accuracy: 0.2375
Best model: wa_model (PGD acc: 0.2375, Val acc: 0.4120)

============ Epoch 34 ============
Training time: 131.01s
Training loss: 4.6107
Training accuracy: 0.2570
Current GPU memory: 4.60 GB
Validation time: 12.83
Model - Validation accuracy: 0.3595
Model - FGSM accuracy: 0.1860
Model - PGD accuracy: 0.1785
WA Model - Validation accuracy: 0.4120
WA Model - FGSM accuracy: 0.2495
WA Model - PGD accuracy: 0.2405
Best model: wa_model (PGD acc: 0.2405, Val acc: 0.4120)

============ Epoch 35 ============
Training time: 131.26s
Training loss: 4.6088
Training accuracy: 0.2588
Current GPU memory: 4.60 GB
Validation time: 12.85
Model - Validation accuracy: 0.3460
Model - FGSM accuracy: 0.1800
Model - PGD accuracy: 0.1730
WA Model - Validation accuracy: 0.4135
WA Model - FGSM accuracy: 0.2460
WA Model - PGD accuracy: 0.2410
Best model: wa_model (PGD acc: 0.2410, Val acc: 0.4135)

============ Epoch 36 ============
Training time: 131.17s
Training loss: 4.6031
Training accuracy: 0.2608
Current GPU memory: 4.60 GB
Validation time: 12.84
Model - Validation accuracy: 0.3580
Model - FGSM accuracy: 0.1815
Model - PGD accuracy: 0.1740
WA Model - Validation accuracy: 0.4240
WA Model - FGSM accuracy: 0.2495
WA Model - PGD accuracy: 0.2445
Best model: wa_model (PGD acc: 0.2445, Val acc: 0.4240)

============ Epoch 37 ============
Training time: 130.93s
Training loss: 4.6003
Training accuracy: 0.2621
Current GPU memory: 4.60 GB
Validation time: 12.83
Model - Validation accuracy: 0.3555
Model - FGSM accuracy: 0.1885
Model - PGD accuracy: 0.1805
WA Model - Validation accuracy: 0.4260
WA Model - FGSM accuracy: 0.2525
WA Model - PGD accuracy: 0.2435
Best model: wa_model (PGD acc: 0.2435, Val acc: 0.4260)

============ Epoch 38 ============
Training time: 130.82s
Training loss: 4.5951
Training accuracy: 0.2660
Current GPU memory: 4.60 GB
Validation time: 12.80
Model - Validation accuracy: 0.3635
Model - FGSM accuracy: 0.1875
Model - PGD accuracy: 0.1805
WA Model - Validation accuracy: 0.4245
WA Model - FGSM accuracy: 0.2530
WA Model - PGD accuracy: 0.2435
Best model: wa_model (PGD acc: 0.2435, Val acc: 0.4245)

============ Epoch 39 ============
Training time: 130.94s
Training loss: 4.5922
Training accuracy: 0.2655
Current GPU memory: 4.60 GB
Validation time: 12.78
Model - Validation accuracy: 0.3530
Model - FGSM accuracy: 0.1835
Model - PGD accuracy: 0.1730
WA Model - Validation accuracy: 0.4275
WA Model - FGSM accuracy: 0.2575
WA Model - PGD accuracy: 0.2465
Best model: wa_model (PGD acc: 0.2465, Val acc: 0.4275)

============ Epoch 40 ============
Training time: 130.75s
Training loss: 4.5889
Training accuracy: 0.2658
Current GPU memory: 4.60 GB
Validation time: 12.78
Model - Validation accuracy: 0.3725
Model - FGSM accuracy: 0.1990
Model - PGD accuracy: 0.1870
WA Model - Validation accuracy: 0.4265
WA Model - FGSM accuracy: 0.2555
WA Model - PGD accuracy: 0.2460
Best model: wa_model (PGD acc: 0.2460, Val acc: 0.4265)

============ Epoch 41 ============
Training time: 130.90s
Training loss: 4.5855
Training accuracy: 0.2693
Current GPU memory: 4.60 GB
Validation time: 12.74
Model - Validation accuracy: 0.3740
Model - FGSM accuracy: 0.2010
Model - PGD accuracy: 0.1885
WA Model - Validation accuracy: 0.4320
WA Model - FGSM accuracy: 0.2545
WA Model - PGD accuracy: 0.2465
Best model: wa_model (PGD acc: 0.2465, Val acc: 0.4320)

============ Epoch 42 ============
Training time: 130.55s
Training loss: 4.5794
Training accuracy: 0.2704
Current GPU memory: 4.60 GB
Validation time: 12.74
Model - Validation accuracy: 0.3580
Model - FGSM accuracy: 0.1875
Model - PGD accuracy: 0.1785
WA Model - Validation accuracy: 0.4315
WA Model - FGSM accuracy: 0.2545
WA Model - PGD accuracy: 0.2475
Best model: wa_model (PGD acc: 0.2475, Val acc: 0.4315)

============ Epoch 43 ============
Training time: 130.59s
Training loss: 4.5794
Training accuracy: 0.2698
Current GPU memory: 4.60 GB
Validation time: 12.80
Model - Validation accuracy: 0.3710
Model - FGSM accuracy: 0.1950
Model - PGD accuracy: 0.1830
WA Model - Validation accuracy: 0.4345
WA Model - FGSM accuracy: 0.2560
WA Model - PGD accuracy: 0.2480
Best model: wa_model (PGD acc: 0.2480, Val acc: 0.4345)

============ Epoch 44 ============
Training time: 130.64s
Training loss: 4.5736
Training accuracy: 0.2725
Current GPU memory: 4.60 GB
Validation time: 12.85
Model - Validation accuracy: 0.3630
Model - FGSM accuracy: 0.1990
Model - PGD accuracy: 0.1825
WA Model - Validation accuracy: 0.4320
WA Model - FGSM accuracy: 0.2580
WA Model - PGD accuracy: 0.2500
Best model: wa_model (PGD acc: 0.2500, Val acc: 0.4320)

============ Epoch 45 ============
Training time: 130.85s
Training loss: 4.5703
Training accuracy: 0.2754
Current GPU memory: 4.60 GB
Validation time: 12.74
Model - Validation accuracy: 0.3765
Model - FGSM accuracy: 0.2015
Model - PGD accuracy: 0.1885
WA Model - Validation accuracy: 0.4345
WA Model - FGSM accuracy: 0.2600
WA Model - PGD accuracy: 0.2530
Best model: wa_model (PGD acc: 0.2530, Val acc: 0.4345)

============ Epoch 46 ============
Training time: 130.73s
Training loss: 4.5647
Training accuracy: 0.2771
Current GPU memory: 4.60 GB
Validation time: 12.78
Model - Validation accuracy: 0.3825
Model - FGSM accuracy: 0.1980
Model - PGD accuracy: 0.1900
WA Model - Validation accuracy: 0.4390
WA Model - FGSM accuracy: 0.2630
WA Model - PGD accuracy: 0.2510
Best model: wa_model (PGD acc: 0.2510, Val acc: 0.4390)

============ Epoch 47 ============
Training time: 130.33s
Training loss: 4.5629
Training accuracy: 0.2778
Current GPU memory: 4.60 GB
Validation time: 12.82
Model - Validation accuracy: 0.3775
Model - FGSM accuracy: 0.2010
Model - PGD accuracy: 0.1885
WA Model - Validation accuracy: 0.4395
WA Model - FGSM accuracy: 0.2665
WA Model - PGD accuracy: 0.2545
Best model: wa_model (PGD acc: 0.2545, Val acc: 0.4395)

============ Epoch 48 ============
Training time: 130.49s
Training loss: 4.5587
Training accuracy: 0.2777
Current GPU memory: 4.60 GB
Validation time: 12.74
Model - Validation accuracy: 0.3900
Model - FGSM accuracy: 0.2050
Model - PGD accuracy: 0.1865
WA Model - Validation accuracy: 0.4375
WA Model - FGSM accuracy: 0.2655
WA Model - PGD accuracy: 0.2540
Best model: wa_model (PGD acc: 0.2540, Val acc: 0.4375)

============ Epoch 49 ============
Training time: 130.36s
Training loss: 4.5533
Training accuracy: 0.2807
Current GPU memory: 4.60 GB
Validation time: 12.80
Model - Validation accuracy: 0.3525
Model - FGSM accuracy: 0.1845
Model - PGD accuracy: 0.1750
WA Model - Validation accuracy: 0.4395
WA Model - FGSM accuracy: 0.2695
WA Model - PGD accuracy: 0.2580
Best model: wa_model (PGD acc: 0.2580, Val acc: 0.4395)

============ Epoch 50 ============
Training time: 130.55s
Training loss: 4.5506
Training accuracy: 0.2818
Current GPU memory: 4.60 GB
Validation time: 12.73
Model - Validation accuracy: 0.3870
Model - FGSM accuracy: 0.1930
Model - PGD accuracy: 0.1845
WA Model - Validation accuracy: 0.4440
WA Model - FGSM accuracy: 0.2695
WA Model - PGD accuracy: 0.2575
Best model: wa_model (PGD acc: 0.2575, Val acc: 0.4440)

============ Epoch 51 ============
Training time: 130.53s
Training loss: 4.5468
Training accuracy: 0.2842
Current GPU memory: 4.60 GB
Validation time: 12.84
Model - Validation accuracy: 0.3905
Model - FGSM accuracy: 0.2050
Model - PGD accuracy: 0.1960
WA Model - Validation accuracy: 0.4465
WA Model - FGSM accuracy: 0.2700
WA Model - PGD accuracy: 0.2575
Best model: wa_model (PGD acc: 0.2575, Val acc: 0.4465)

============ Epoch 52 ============
Training time: 130.45s
Training loss: 4.5424
Training accuracy: 0.2862
Current GPU memory: 4.60 GB
Validation time: 12.76
Model - Validation accuracy: 0.3830
Model - FGSM accuracy: 0.1885
Model - PGD accuracy: 0.1770
WA Model - Validation accuracy: 0.4450
WA Model - FGSM accuracy: 0.2685
WA Model - PGD accuracy: 0.2590
Best model: wa_model (PGD acc: 0.2590, Val acc: 0.4450)

============ Epoch 53 ============
Training time: 130.57s
Training loss: 4.5394
Training accuracy: 0.2855
Current GPU memory: 4.60 GB
Validation time: 12.76
Model - Validation accuracy: 0.3700
Model - FGSM accuracy: 0.1910
Model - PGD accuracy: 0.1785
WA Model - Validation accuracy: 0.4485
WA Model - FGSM accuracy: 0.2735
WA Model - PGD accuracy: 0.2600
Best model: wa_model (PGD acc: 0.2600, Val acc: 0.4485)

============ Epoch 54 ============
Training time: 130.34s
Training loss: 4.5345
Training accuracy: 0.2893
Current GPU memory: 4.60 GB
Validation time: 12.78
Model - Validation accuracy: 0.3730
Model - FGSM accuracy: 0.1905
Model - PGD accuracy: 0.1775
WA Model - Validation accuracy: 0.4490
WA Model - FGSM accuracy: 0.2740
WA Model - PGD accuracy: 0.2620
Best model: wa_model (PGD acc: 0.2620, Val acc: 0.4490)

============ Epoch 55 ============
Training time: 130.50s
Training loss: 4.5311
Training accuracy: 0.2895
Current GPU memory: 4.60 GB
Validation time: 12.80
Model - Validation accuracy: 0.3810
Model - FGSM accuracy: 0.2090
Model - PGD accuracy: 0.2000
WA Model - Validation accuracy: 0.4535
WA Model - FGSM accuracy: 0.2740
WA Model - PGD accuracy: 0.2605
Best model: wa_model (PGD acc: 0.2605, Val acc: 0.4535)

============ Epoch 56 ============
Training time: 130.40s
Training loss: 4.5248
Training accuracy: 0.2925
Current GPU memory: 4.60 GB
Validation time: 12.74
Model - Validation accuracy: 0.3775
Model - FGSM accuracy: 0.1960
Model - PGD accuracy: 0.1840
WA Model - Validation accuracy: 0.4525
WA Model - FGSM accuracy: 0.2735
WA Model - PGD accuracy: 0.2615
Best model: wa_model (PGD acc: 0.2615, Val acc: 0.4525)

============ Epoch 57 ============
Training time: 130.60s
Training loss: 4.5224
Training accuracy: 0.2928
Current GPU memory: 4.60 GB
Validation time: 12.78
Model - Validation accuracy: 0.3780
Model - FGSM accuracy: 0.1950
Model - PGD accuracy: 0.1860
WA Model - Validation accuracy: 0.4535
WA Model - FGSM accuracy: 0.2780
WA Model - PGD accuracy: 0.2625
Best model: wa_model (PGD acc: 0.2625, Val acc: 0.4535)

============ Epoch 58 ============
Training time: 130.53s
Training loss: 4.5169
Training accuracy: 0.2954
Current GPU memory: 4.60 GB
Validation time: 12.83
Model - Validation accuracy: 0.3745
Model - FGSM accuracy: 0.1990
Model - PGD accuracy: 0.1830
WA Model - Validation accuracy: 0.4585
WA Model - FGSM accuracy: 0.2760
WA Model - PGD accuracy: 0.2630
Best model: wa_model (PGD acc: 0.2630, Val acc: 0.4585)

============ Epoch 59 ============
Training time: 130.71s
Training loss: 4.5125
Training accuracy: 0.2978
Current GPU memory: 4.60 GB
Validation time: 12.75
Model - Validation accuracy: 0.3885
Model - FGSM accuracy: 0.1905
Model - PGD accuracy: 0.1795
WA Model - Validation accuracy: 0.4600
WA Model - FGSM accuracy: 0.2760
WA Model - PGD accuracy: 0.2615
Best model: wa_model (PGD acc: 0.2615, Val acc: 0.4600)

============ Epoch 60 ============
Training time: 130.59s
Training loss: 4.5069
Training accuracy: 0.3015
Current GPU memory: 4.60 GB
Validation time: 12.80
Model - Validation accuracy: 0.4010
Model - FGSM accuracy: 0.2120
Model - PGD accuracy: 0.1985
WA Model - Validation accuracy: 0.4610
WA Model - FGSM accuracy: 0.2745
WA Model - PGD accuracy: 0.2605
Best model: wa_model (PGD acc: 0.2605, Val acc: 0.4610)

============ Epoch 61 ============
Training time: 130.90s
Training loss: 4.5007
Training accuracy: 0.3032
Current GPU memory: 4.60 GB
Validation time: 12.82
Model - Validation accuracy: 0.3910
Model - FGSM accuracy: 0.2060
Model - PGD accuracy: 0.1935
WA Model - Validation accuracy: 0.4635
WA Model - FGSM accuracy: 0.2750
WA Model - PGD accuracy: 0.2620
Best model: wa_model (PGD acc: 0.2620, Val acc: 0.4635)

============ Epoch 62 ============
Training time: 131.12s
Training loss: 4.4937
Training accuracy: 0.3062
Current GPU memory: 4.60 GB
Validation time: 12.82
Model - Validation accuracy: 0.3975
Model - FGSM accuracy: 0.2040
Model - PGD accuracy: 0.1930
WA Model - Validation accuracy: 0.4655
WA Model - FGSM accuracy: 0.2735
WA Model - PGD accuracy: 0.2630
Best model: wa_model (PGD acc: 0.2630, Val acc: 0.4655)

============ Epoch 63 ============
Training time: 131.01s
Training loss: 4.4908
Training accuracy: 0.3064
Current GPU memory: 4.60 GB
Validation time: 12.98
Model - Validation accuracy: 0.3915
Model - FGSM accuracy: 0.2060
Model - PGD accuracy: 0.1930
WA Model - Validation accuracy: 0.4650
WA Model - FGSM accuracy: 0.2770
WA Model - PGD accuracy: 0.2620
Best model: wa_model (PGD acc: 0.2620, Val acc: 0.4650)

============ Epoch 64 ============
Training time: 130.73s
Training loss: 4.4842
Training accuracy: 0.3102
Current GPU memory: 4.60 GB
Validation time: 12.90
Model - Validation accuracy: 0.4070
Model - FGSM accuracy: 0.2080
Model - PGD accuracy: 0.1950
WA Model - Validation accuracy: 0.4695
WA Model - FGSM accuracy: 0.2810
WA Model - PGD accuracy: 0.2645
Best model: wa_model (PGD acc: 0.2645, Val acc: 0.4695)

============ Epoch 65 ============
Training time: 131.14s
Training loss: 4.4792
Training accuracy: 0.3125
Current GPU memory: 4.60 GB
Validation time: 12.80
Model - Validation accuracy: 0.4090
Model - FGSM accuracy: 0.2025
Model - PGD accuracy: 0.1870
WA Model - Validation accuracy: 0.4675
WA Model - FGSM accuracy: 0.2810
WA Model - PGD accuracy: 0.2665
Best model: wa_model (PGD acc: 0.2665, Val acc: 0.4675)

============ Epoch 66 ============
Training time: 130.88s
Training loss: 4.4702
Training accuracy: 0.3164
Current GPU memory: 4.60 GB
Validation time: 12.73
Model - Validation accuracy: 0.4170
Model - FGSM accuracy: 0.2130
Model - PGD accuracy: 0.1980
WA Model - Validation accuracy: 0.4705
WA Model - FGSM accuracy: 0.2810
WA Model - PGD accuracy: 0.2665
Best model: wa_model (PGD acc: 0.2665, Val acc: 0.4705)

============ Epoch 67 ============
Training time: 130.66s
Training loss: 4.4632
Training accuracy: 0.3186
Current GPU memory: 4.60 GB
Validation time: 12.78
Model - Validation accuracy: 0.4190
Model - FGSM accuracy: 0.2255
Model - PGD accuracy: 0.2125
WA Model - Validation accuracy: 0.4725
WA Model - FGSM accuracy: 0.2810
WA Model - PGD accuracy: 0.2690
Best model: wa_model (PGD acc: 0.2690, Val acc: 0.4725)

============ Epoch 68 ============
Training time: 131.10s
Training loss: 4.4551
Training accuracy: 0.3226
Current GPU memory: 4.60 GB
Validation time: 12.82
Model - Validation accuracy: 0.4070
Model - FGSM accuracy: 0.2185
Model - PGD accuracy: 0.2030
WA Model - Validation accuracy: 0.4720
WA Model - FGSM accuracy: 0.2810
WA Model - PGD accuracy: 0.2690
Best model: wa_model (PGD acc: 0.2690, Val acc: 0.4720)

============ Epoch 69 ============
Training time: 131.03s
Training loss: 4.4472
Training accuracy: 0.3252
Current GPU memory: 4.60 GB
Validation time: 12.82
Model - Validation accuracy: 0.4210
Model - FGSM accuracy: 0.2215
Model - PGD accuracy: 0.2055
WA Model - Validation accuracy: 0.4745
WA Model - FGSM accuracy: 0.2805
WA Model - PGD accuracy: 0.2665
Best model: wa_model (PGD acc: 0.2665, Val acc: 0.4745)

============ Epoch 70 ============
Training time: 131.06s
Training loss: 4.4394
Training accuracy: 0.3305
Current GPU memory: 4.60 GB
Validation time: 12.77
Model - Validation accuracy: 0.4130
Model - FGSM accuracy: 0.2225
Model - PGD accuracy: 0.2120
WA Model - Validation accuracy: 0.4730
WA Model - FGSM accuracy: 0.2805
WA Model - PGD accuracy: 0.2665
Best model: wa_model (PGD acc: 0.2665, Val acc: 0.4730)

============ Epoch 71 ============
Training time: 131.28s
Training loss: 4.4291
Training accuracy: 0.3348
Current GPU memory: 4.60 GB
Validation time: 12.83
Model - Validation accuracy: 0.4310
Model - FGSM accuracy: 0.2205
Model - PGD accuracy: 0.2070
WA Model - Validation accuracy: 0.4740
WA Model - FGSM accuracy: 0.2840
WA Model - PGD accuracy: 0.2725
Best model: wa_model (PGD acc: 0.2725, Val acc: 0.4740)

============ Epoch 72 ============
Training time: 130.87s
Training loss: 4.4186
Training accuracy: 0.3375
Current GPU memory: 4.60 GB
Validation time: 12.74
Model - Validation accuracy: 0.4345
Model - FGSM accuracy: 0.2330
Model - PGD accuracy: 0.2130
WA Model - Validation accuracy: 0.4760
WA Model - FGSM accuracy: 0.2875
WA Model - PGD accuracy: 0.2715
Best model: wa_model (PGD acc: 0.2715, Val acc: 0.4760)

============ Epoch 73 ============
Training time: 130.96s
Training loss: 4.4083
Training accuracy: 0.3424
Current GPU memory: 4.60 GB
Validation time: 12.79
Model - Validation accuracy: 0.4245
Model - FGSM accuracy: 0.2330
Model - PGD accuracy: 0.2165
WA Model - Validation accuracy: 0.4850
WA Model - FGSM accuracy: 0.2900
WA Model - PGD accuracy: 0.2745
Best model: wa_model (PGD acc: 0.2745, Val acc: 0.4850)

============ Epoch 74 ============
Training time: 131.32s
Training loss: 4.3970
Training accuracy: 0.3468
Current GPU memory: 4.60 GB
Validation time: 12.84
Model - Validation accuracy: 0.4200
Model - FGSM accuracy: 0.2100
Model - PGD accuracy: 0.2010
WA Model - Validation accuracy: 0.4850
WA Model - FGSM accuracy: 0.2900
WA Model - PGD accuracy: 0.2730
Best model: wa_model (PGD acc: 0.2730, Val acc: 0.4850)

============ Epoch 75 ============
Training time: 131.09s
Training loss: 4.3888
Training accuracy: 0.3499
Current GPU memory: 4.60 GB
Validation time: 12.83
Model - Validation accuracy: 0.4440
Model - FGSM accuracy: 0.2380
Model - PGD accuracy: 0.2180
WA Model - Validation accuracy: 0.4870
WA Model - FGSM accuracy: 0.2895
WA Model - PGD accuracy: 0.2740
Best model: wa_model (PGD acc: 0.2740, Val acc: 0.4870)

============ Epoch 76 ============
Training time: 131.21s
Training loss: 4.3725
Training accuracy: 0.3576
Current GPU memory: 4.60 GB
Validation time: 12.87
Model - Validation accuracy: 0.4515
Model - FGSM accuracy: 0.2295
Model - PGD accuracy: 0.2105
WA Model - Validation accuracy: 0.4875
WA Model - FGSM accuracy: 0.2905
WA Model - PGD accuracy: 0.2740
Best model: wa_model (PGD acc: 0.2740, Val acc: 0.4875)

============ Epoch 77 ============
Training time: 131.41s
Training loss: 4.3599
Training accuracy: 0.3639
Current GPU memory: 4.60 GB
Validation time: 12.74
Model - Validation accuracy: 0.4395
Model - FGSM accuracy: 0.2255
Model - PGD accuracy: 0.2100
WA Model - Validation accuracy: 0.4910
WA Model - FGSM accuracy: 0.2875
WA Model - PGD accuracy: 0.2695
Best model: wa_model (PGD acc: 0.2695, Val acc: 0.4910)

============ Epoch 78 ============
Training time: 130.82s
Training loss: 4.3418
Training accuracy: 0.3726
Current GPU memory: 4.60 GB
Validation time: 12.77
Model - Validation accuracy: 0.4510
Model - FGSM accuracy: 0.2375
Model - PGD accuracy: 0.2210
WA Model - Validation accuracy: 0.4970
WA Model - FGSM accuracy: 0.2870
WA Model - PGD accuracy: 0.2690
Best model: wa_model (PGD acc: 0.2690, Val acc: 0.4970)

============ Epoch 79 ============
Training time: 131.00s
Training loss: 4.3269
Training accuracy: 0.3795
Current GPU memory: 4.60 GB
Validation time: 12.76
Model - Validation accuracy: 0.4365
Model - FGSM accuracy: 0.2285
Model - PGD accuracy: 0.2150
WA Model - Validation accuracy: 0.4955
WA Model - FGSM accuracy: 0.2855
WA Model - PGD accuracy: 0.2695
Best model: wa_model (PGD acc: 0.2695, Val acc: 0.4955)

============ Epoch 80 ============
Training time: 131.07s
Training loss: 4.3102
Training accuracy: 0.3869
Current GPU memory: 4.60 GB
Validation time: 12.79
Model - Validation accuracy: 0.4445
Model - FGSM accuracy: 0.2355
Model - PGD accuracy: 0.2190
WA Model - Validation accuracy: 0.4980
WA Model - FGSM accuracy: 0.2825
WA Model - PGD accuracy: 0.2680
Best model: wa_model (PGD acc: 0.2680, Val acc: 0.4980)

============ Epoch 81 ============
Training time: 131.23s
Training loss: 4.2914
Training accuracy: 0.3946
Current GPU memory: 4.60 GB
Validation time: 12.91
Model - Validation accuracy: 0.4495
Model - FGSM accuracy: 0.2415
Model - PGD accuracy: 0.2240
WA Model - Validation accuracy: 0.4995
WA Model - FGSM accuracy: 0.2880
WA Model - PGD accuracy: 0.2665
Best model: wa_model (PGD acc: 0.2665, Val acc: 0.4995)

============ Epoch 82 ============
Training time: 131.29s
Training loss: 4.2723
Training accuracy: 0.4055
Current GPU memory: 4.60 GB
Validation time: 12.77
Model - Validation accuracy: 0.4745
Model - FGSM accuracy: 0.2520
Model - PGD accuracy: 0.2330
WA Model - Validation accuracy: 0.5020
WA Model - FGSM accuracy: 0.2870
WA Model - PGD accuracy: 0.2685
Best model: wa_model (PGD acc: 0.2685, Val acc: 0.5020)

============ Epoch 83 ============
Training time: 131.47s
Training loss: 4.2474
Training accuracy: 0.4151
Current GPU memory: 4.60 GB
Validation time: 12.91
Model - Validation accuracy: 0.4725
Model - FGSM accuracy: 0.2445
Model - PGD accuracy: 0.2250
WA Model - Validation accuracy: 0.5040
WA Model - FGSM accuracy: 0.2905
WA Model - PGD accuracy: 0.2700
Best model: wa_model (PGD acc: 0.2700, Val acc: 0.5040)

============ Epoch 84 ============
Training time: 131.48s
Training loss: 4.2216
Training accuracy: 0.4286
Current GPU memory: 4.60 GB
Validation time: 12.82
Model - Validation accuracy: 0.4735
Model - FGSM accuracy: 0.2525
Model - PGD accuracy: 0.2230
WA Model - Validation accuracy: 0.5070
WA Model - FGSM accuracy: 0.2935
WA Model - PGD accuracy: 0.2695
Best model: wa_model (PGD acc: 0.2695, Val acc: 0.5070)

============ Epoch 85 ============
Training time: 131.22s
Training loss: 3.8781
Training accuracy: 0.5809
Current GPU memory: 4.60 GB
Validation time: 12.70
Model - Validation accuracy: 0.5115
Model - FGSM accuracy: 0.2860
Model - PGD accuracy: 0.0465
WA Model - Validation accuracy: 0.5180
WA Model - FGSM accuracy: 0.2930
WA Model - PGD accuracy: 0.2515
Best model: wa_model (PGD acc: 0.2515, Val acc: 0.5180)

============ Epoch 86 ============
Training time: 130.86s
Training loss: 3.6637
Training accuracy: 0.6790
Current GPU memory: 4.60 GB
Validation time: 12.73
Model - Validation accuracy: 0.4955
Model - FGSM accuracy: 0.5080
Model - PGD accuracy: 0.0255
WA Model - Validation accuracy: 0.5300
WA Model - FGSM accuracy: 0.2785
WA Model - PGD accuracy: 0.2060
Best model: wa_model (PGD acc: 0.2060, Val acc: 0.5300)

============ Epoch 87 ============
Training time: 131.12s
Training loss: 3.5565
Training accuracy: 0.7459
Current GPU memory: 4.60 GB
Validation time: 12.86
Model - Validation accuracy: 0.3410
Model - FGSM accuracy: 0.5355
Model - PGD accuracy: 0.0270
WA Model - Validation accuracy: 0.5465
WA Model - FGSM accuracy: 0.2420
WA Model - PGD accuracy: 0.1915
Best model: wa_model (PGD acc: 0.1915, Val acc: 0.5465)

============ Epoch 88 ============
Training time: 131.39s
Training loss: 3.4882
Training accuracy: 0.7828
Current GPU memory: 4.60 GB
Validation time: 12.86
Model - Validation accuracy: 0.4705
Model - FGSM accuracy: 0.5185
Model - PGD accuracy: 0.0425
WA Model - Validation accuracy: 0.5785
WA Model - FGSM accuracy: 0.2660
WA Model - PGD accuracy: 0.1675
Best model: wa_model (PGD acc: 0.1675, Val acc: 0.5785)

============ Epoch 89 ============
Training time: 131.60s
Training loss: 3.4435
Training accuracy: 0.8077
Current GPU memory: 4.60 GB
Validation time: 12.87
Model - Validation accuracy: 0.4420
Model - FGSM accuracy: 0.4975
Model - PGD accuracy: 0.0375
WA Model - Validation accuracy: 0.5905
WA Model - FGSM accuracy: 0.3150
WA Model - PGD accuracy: 0.1485
Best model: wa_model (PGD acc: 0.1485, Val acc: 0.5905)

============ Epoch 90 ============
Training time: 131.38s
Training loss: 3.3987
Training accuracy: 0.8317
Current GPU memory: 4.60 GB
Validation time: 12.87
Model - Validation accuracy: 0.5150
Model - FGSM accuracy: 0.4985
Model - PGD accuracy: 0.0365
WA Model - Validation accuracy: 0.5875
WA Model - FGSM accuracy: 0.3905
WA Model - PGD accuracy: 0.1345
Best model: wa_model (PGD acc: 0.1345, Val acc: 0.5875)

============ Epoch 91 ============
Training time: 131.37s
Training loss: 3.3666
Training accuracy: 0.8472
Current GPU memory: 4.60 GB
Validation time: 12.82
Model - Validation accuracy: 0.5470
Model - FGSM accuracy: 0.5580
Model - PGD accuracy: 0.0305
WA Model - Validation accuracy: 0.5865
WA Model - FGSM accuracy: 0.4365
WA Model - PGD accuracy: 0.1275
Best model: wa_model (PGD acc: 0.1275, Val acc: 0.5865)

============ Epoch 92 ============
Training time: 131.19s
Training loss: 3.3157
Training accuracy: 0.8716
Current GPU memory: 4.60 GB
Validation time: 12.75
Model - Validation accuracy: 0.4575
Model - FGSM accuracy: 0.5935
Model - PGD accuracy: 0.0290
WA Model - Validation accuracy: 0.5940
WA Model - FGSM accuracy: 0.4410
WA Model - PGD accuracy: 0.1205
Best model: wa_model (PGD acc: 0.1205, Val acc: 0.5940)

============ Epoch 93 ============
Training time: 131.51s
Training loss: 3.2567
Training accuracy: 0.8989
Current GPU memory: 4.60 GB
Validation time: 12.77
Model - Validation accuracy: 0.5455
Model - FGSM accuracy: 0.5780
Model - PGD accuracy: 0.0590
WA Model - Validation accuracy: 0.5925
WA Model - FGSM accuracy: 0.4735
WA Model - PGD accuracy: 0.1220
Best model: wa_model (PGD acc: 0.1220, Val acc: 0.5925)

============ Epoch 94 ============
Training time: 131.29s
Training loss: 3.2119
Training accuracy: 0.9175
Current GPU memory: 4.60 GB
Validation time: 12.78
Model - Validation accuracy: 0.5200
Model - FGSM accuracy: 0.6115
Model - PGD accuracy: 0.0545
WA Model - Validation accuracy: 0.5900
WA Model - FGSM accuracy: 0.5150
WA Model - PGD accuracy: 0.1210
Best model: wa_model (PGD acc: 0.1210, Val acc: 0.5900)

============ Epoch 95 ============
Training time: 131.41s
Training loss: 3.1817
Training accuracy: 0.9308
Current GPU memory: 4.60 GB
Validation time: 12.74
Model - Validation accuracy: 0.5225
Model - FGSM accuracy: 0.5920
Model - PGD accuracy: 0.0630
WA Model - Validation accuracy: 0.5855
WA Model - FGSM accuracy: 0.5245
WA Model - PGD accuracy: 0.1135
Best model: wa_model (PGD acc: 0.1135, Val acc: 0.5855)

============ Epoch 96 ============
Training time: 131.20s
Training loss: 3.1621
Training accuracy: 0.9387
Current GPU memory: 4.60 GB
Validation time: 12.73
Model - Validation accuracy: 0.5245
Model - FGSM accuracy: 0.5570
Model - PGD accuracy: 0.0780
WA Model - Validation accuracy: 0.5790
WA Model - FGSM accuracy: 0.5250
WA Model - PGD accuracy: 0.1110
Best model: wa_model (PGD acc: 0.1110, Val acc: 0.5790)

============ Epoch 97 ============
Training time: 131.06s
Training loss: 3.1441
Training accuracy: 0.9462
Current GPU memory: 4.60 GB
Validation time: 12.74
Model - Validation accuracy: 0.5370
Model - FGSM accuracy: 0.5850
Model - PGD accuracy: 0.0750
WA Model - Validation accuracy: 0.5680
WA Model - FGSM accuracy: 0.5310
WA Model - PGD accuracy: 0.1060
Best model: wa_model (PGD acc: 0.1060, Val acc: 0.5680)

============ Epoch 98 ============
Training time: 131.51s
Training loss: 3.1333
Training accuracy: 0.9496
Current GPU memory: 4.60 GB
Validation time: 12.73
Model - Validation accuracy: 0.5350
Model - FGSM accuracy: 0.5745
Model - PGD accuracy: 0.0825
WA Model - Validation accuracy: 0.5620
WA Model - FGSM accuracy: 0.5335
WA Model - PGD accuracy: 0.0990
Best model: wa_model (PGD acc: 0.0990, Val acc: 0.5620)

============ Epoch 99 ============
Training time: 131.38s
Training loss: 3.1303
Training accuracy: 0.9510
Current GPU memory: 4.60 GB
Validation time: 12.78
Model - Validation accuracy: 0.5325
Model - FGSM accuracy: 0.5825
Model - PGD accuracy: 0.0770
WA Model - Validation accuracy: 0.5550
WA Model - FGSM accuracy: 0.5435
WA Model - PGD accuracy: 0.0925
Best model: wa_model (PGD acc: 0.0925, Val acc: 0.5550)

train_acc_list: 
[0.019683673469387757, 0.04247959183673469, 0.05894897959183674, 0.07604081632653062, 0.09060204081632653, 0.10380612244897959, 0.11615306122448979, 0.12705102040816327, 0.1385204081632653, 0.14768367346938777, 0.15957142857142856, 0.17169387755102042, 0.1809591836734694, 0.18720408163265306, 0.1971938775510204, 0.20411224489795918, 0.2079387755102041, 0.2131530612244898, 0.2173469387755102, 0.22129591836734694, 0.22336734693877552, 0.22873469387755102, 0.2319081632653061, 0.23405102040816325, 0.2372448979591837, 0.23773469387755103, 0.24103061224489797, 0.24289795918367346, 0.24728571428571428, 0.24809183673469387, 0.25110204081632653, 0.25189795918367347, 0.2550612244897959, 0.255530612244898, 0.25695918367346937, 0.2587755102040816, 0.26081632653061226, 0.2620918367346939, 0.2659591836734694, 0.2655, 0.265765306122449, 0.2692857142857143, 0.2703979591836735, 0.2697551020408163, 0.2725204081632653, 0.27543877551020407, 0.27705102040816326, 0.27783673469387754, 0.2777040816326531, 0.28072448979591835, 0.281765306122449, 0.2842448979591837, 0.28622448979591836, 0.28553061224489795, 0.28925510204081634, 0.2895, 0.29246938775510206, 0.2928469387755102, 0.2953571428571429, 0.2978469387755102, 0.3015, 0.3032142857142857, 0.3061938775510204, 0.30639795918367346, 0.3102448979591837, 0.31254081632653063, 0.3164489795918367, 0.3185816326530612, 0.32262244897959186, 0.32518367346938776, 0.3305408163265306, 0.3347551020408163, 0.3375408163265306, 0.3423775510204082, 0.3467857142857143, 0.3499387755102041, 0.35756122448979594, 0.3639081632653061, 0.37260204081632653, 0.37946938775510203, 0.38692857142857146, 0.39458163265306123, 0.40548979591836737, 0.41508163265306125, 0.4286326530612245, 0.5808571428571428, 0.6789795918367347, 0.745938775510204, 0.7828367346938776, 0.8076734693877551, 0.8316734693877551, 0.847234693877551, 0.8715714285714286, 0.8989489795918367, 0.9175408163265306, 0.9308265306122449, 0.9386938775510204, 0.9462142857142857, 0.9496326530612245, 0.9509693877551021]

model_val_acc_list: 
[0.05, 0.078, 0.105, 0.126, 0.149, 0.167, 0.179, 0.2085, 0.1945, 0.2445, 0.246, 0.258, 0.272, 0.268, 0.288, 0.2845, 0.304, 0.305, 0.317, 0.3145, 0.306, 0.3025, 0.3215, 0.3405, 0.333, 0.3215, 0.3155, 0.3275, 0.347, 0.339, 0.3305, 0.339, 0.351, 0.3525, 0.3595, 0.346, 0.358, 0.3555, 0.3635, 0.353, 0.3725, 0.374, 0.358, 0.371, 0.363, 0.3765, 0.3825, 0.3775, 0.39, 0.3525, 0.387, 0.3905, 0.383, 0.37, 0.373, 0.381, 0.3775, 0.378, 0.3745, 0.3885, 0.401, 0.391, 0.3975, 0.3915, 0.407, 0.409, 0.417, 0.419, 0.407, 0.421, 0.413, 0.431, 0.4345, 0.4245, 0.42, 0.444, 0.4515, 0.4395, 0.451, 0.4365, 0.4445, 0.4495, 0.4745, 0.4725, 0.4735, 0.5115, 0.4955, 0.341, 0.4705, 0.442, 0.515, 0.547, 0.4575, 0.5455, 0.52, 0.5225, 0.5245, 0.537, 0.535, 0.5325]

model_pgd_acc_list: 
[0.035, 0.0435, 0.0595, 0.078, 0.0825, 0.092, 0.0915, 0.112, 0.1145, 0.1265, 0.1325, 0.1415, 0.1445, 0.137, 0.152, 0.1445, 0.1525, 0.1645, 0.144, 0.1595, 0.16, 0.1515, 0.1665, 0.1685, 0.1775, 0.1705, 0.1645, 0.1615, 0.1745, 0.1825, 0.1695, 0.164, 0.166, 0.169, 0.1785, 0.173, 0.174, 0.1805, 0.1805, 0.173, 0.187, 0.1885, 0.1785, 0.183, 0.1825, 0.1885, 0.19, 0.1885, 0.1865, 0.175, 0.1845, 0.196, 0.177, 0.1785, 0.1775, 0.2, 0.184, 0.186, 0.183, 0.1795, 0.1985, 0.1935, 0.193, 0.193, 0.195, 0.187, 0.198, 0.2125, 0.203, 0.2055, 0.212, 0.207, 0.213, 0.2165, 0.201, 0.218, 0.2105, 0.21, 0.221, 0.215, 0.219, 0.224, 0.233, 0.225, 0.223, 0.0465, 0.0255, 0.027, 0.0425, 0.0375, 0.0365, 0.0305, 0.029, 0.059, 0.0545, 0.063, 0.078, 0.075, 0.0825, 0.077]

model_fgsm_acc_list: 
[0.0375, 0.045, 0.06, 0.0795, 0.084, 0.093, 0.0945, 0.116, 0.117, 0.127, 0.1355, 0.146, 0.149, 0.1405, 0.162, 0.1525, 0.16, 0.1715, 0.152, 0.166, 0.171, 0.162, 0.171, 0.1765, 0.184, 0.1785, 0.171, 0.168, 0.1825, 0.195, 0.178, 0.1745, 0.176, 0.178, 0.186, 0.18, 0.1815, 0.1885, 0.1875, 0.1835, 0.199, 0.201, 0.1875, 0.195, 0.199, 0.2015, 0.198, 0.201, 0.205, 0.1845, 0.193, 0.205, 0.1885, 0.191, 0.1905, 0.209, 0.196, 0.195, 0.199, 0.1905, 0.212, 0.206, 0.204, 0.206, 0.208, 0.2025, 0.213, 0.2255, 0.2185, 0.2215, 0.2225, 0.2205, 0.233, 0.233, 0.21, 0.238, 0.2295, 0.2255, 0.2375, 0.2285, 0.2355, 0.2415, 0.252, 0.2445, 0.2525, 0.286, 0.508, 0.5355, 0.5185, 0.4975, 0.4985, 0.558, 0.5935, 0.578, 0.6115, 0.592, 0.557, 0.585, 0.5745, 0.5825]

wa_val_acc_list: 
[0.0045, 0.004, 0.005, 0.007, 0.007, 0.008, 0.014, 0.025, 0.046, 0.0695, 0.0965, 0.117, 0.126, 0.121, 0.104, 0.089, 0.0745, 0.0665, 0.0735, 0.085, 0.112, 0.1575, 0.2045, 0.2535, 0.298, 0.33, 0.351, 0.364, 0.3745, 0.391, 0.397, 0.4, 0.4075, 0.412, 0.412, 0.4135, 0.424, 0.426, 0.4245, 0.4275, 0.4265, 0.432, 0.4315, 0.4345, 0.432, 0.4345, 0.439, 0.4395, 0.4375, 0.4395, 0.444, 0.4465, 0.445, 0.4485, 0.449, 0.4535, 0.4525, 0.4535, 0.4585, 0.46, 0.461, 0.4635, 0.4655, 0.465, 0.4695, 0.4675, 0.4705, 0.4725, 0.472, 0.4745, 0.473, 0.474, 0.476, 0.485, 0.485, 0.487, 0.4875, 0.491, 0.497, 0.4955, 0.498, 0.4995, 0.502, 0.504, 0.507, 0.518, 0.53, 0.5465, 0.5785, 0.5905, 0.5875, 0.5865, 0.594, 0.5925, 0.59, 0.5855, 0.579, 0.568, 0.562, 0.555]

wa_pgd_acc_list: 
[0.0, 0.004, 0.0045, 0.005, 0.0055, 0.007, 0.0105, 0.0125, 0.0245, 0.0345, 0.048, 0.0575, 0.066, 0.0665, 0.058, 0.0405, 0.0345, 0.0305, 0.033, 0.0445, 0.0605, 0.082, 0.1155, 0.1385, 0.17, 0.1915, 0.207, 0.212, 0.215, 0.2225, 0.2275, 0.228, 0.232, 0.2375, 0.2405, 0.241, 0.2445, 0.2435, 0.2435, 0.2465, 0.246, 0.2465, 0.2475, 0.248, 0.25, 0.253, 0.251, 0.2545, 0.254, 0.258, 0.2575, 0.2575, 0.259, 0.26, 0.262, 0.2605, 0.2615, 0.2625, 0.263, 0.2615, 0.2605, 0.262, 0.263, 0.262, 0.2645, 0.2665, 0.2665, 0.269, 0.269, 0.2665, 0.2665, 0.2725, 0.2715, 0.2745, 0.273, 0.274, 0.274, 0.2695, 0.269, 0.2695, 0.268, 0.2665, 0.2685, 0.27, 0.2695, 0.2515, 0.206, 0.1915, 0.1675, 0.1485, 0.1345, 0.1275, 0.1205, 0.122, 0.121, 0.1135, 0.111, 0.106, 0.099, 0.0925]

wa_fgsm_acc_list: 
[0.0, 0.004, 0.0045, 0.005, 0.0055, 0.007, 0.0105, 0.0125, 0.0245, 0.035, 0.047, 0.06, 0.068, 0.066, 0.0575, 0.042, 0.035, 0.0305, 0.034, 0.0445, 0.0615, 0.0835, 0.117, 0.141, 0.172, 0.194, 0.2105, 0.2185, 0.22, 0.228, 0.2345, 0.238, 0.2435, 0.2455, 0.2495, 0.246, 0.2495, 0.2525, 0.253, 0.2575, 0.2555, 0.2545, 0.2545, 0.256, 0.258, 0.26, 0.263, 0.2665, 0.2655, 0.2695, 0.2695, 0.27, 0.2685, 0.2735, 0.274, 0.274, 0.2735, 0.278, 0.276, 0.276, 0.2745, 0.275, 0.2735, 0.277, 0.281, 0.281, 0.281, 0.281, 0.281, 0.2805, 0.2805, 0.284, 0.2875, 0.29, 0.29, 0.2895, 0.2905, 0.2875, 0.287, 0.2855, 0.2825, 0.288, 0.287, 0.2905, 0.2935, 0.293, 0.2785, 0.242, 0.266, 0.315, 0.3905, 0.4365, 0.441, 0.4735, 0.515, 0.5245, 0.525, 0.531, 0.5335, 0.5435]

total_training_time: 
13066.295938014984

total_val_time: 
1279.3515632152557

max_gpu_memory: 4.60 GB

==================================================
Starting final evaluation on test set...
==================================================
PGD test results:
  clean_acc: 0.4747
  pgd_10_acc: 0.2630
  pgd_20_acc: 0.2612
  pgd_50_acc: 0.2615
AutoAttack results:
  autoattack_acc: 0.1897
CR-Attack results:
  cr_attack_acc: 0.1905
