Method: pgd_at_wa
Seed: 1
Scheduler: OneCycleLR
Label smoothing: 0.4
Weight average: True, tau: 0.9995


============ Epoch 0 ============
Training time: 284.82s
Training loss: 5.2606
Training accuracy: 0.0194
Current GPU memory: 2.44 GB
Validation time: 12.86s
Model - Validation accuracy: 0.0350
Model - FGSM accuracy: 0.0250
Model - PGD accuracy: 0.0245
WA Model - Validation accuracy: 0.0030
WA Model - FGSM accuracy: 0.0010
WA Model - PGD accuracy: 0.0010
Best model: model (PGD acc: 0.0245, Val acc: 0.0350)

============ Epoch 1 ============
Training time: 286.37s
Training loss: 5.1852
Training accuracy: 0.0362
Current GPU memory: 4.56 GB
Validation time: 12.83s
Model - Validation accuracy: 0.0580
Model - FGSM accuracy: 0.0315
Model - PGD accuracy: 0.0310
WA Model - Validation accuracy: 0.0050
WA Model - FGSM accuracy: 0.0020
WA Model - PGD accuracy: 0.0010
Best model: model (PGD acc: 0.0310, Val acc: 0.0580)

============ Epoch 2 ============
Training time: 286.60s
Training loss: 5.1390
Training accuracy: 0.0497
Current GPU memory: 4.56 GB
Validation time: 12.87s
Model - Validation accuracy: 0.0830
Model - FGSM accuracy: 0.0475
Model - PGD accuracy: 0.0450
WA Model - Validation accuracy: 0.0045
WA Model - FGSM accuracy: 0.0035
WA Model - PGD accuracy: 0.0035
Best model: model (PGD acc: 0.0450, Val acc: 0.0830)

============ Epoch 3 ============
Training time: 286.82s
Training loss: 5.1009
Training accuracy: 0.0611
Current GPU memory: 4.56 GB
Validation time: 12.97s
Model - Validation accuracy: 0.1065
Model - FGSM accuracy: 0.0565
Model - PGD accuracy: 0.0560
WA Model - Validation accuracy: 0.0040
WA Model - FGSM accuracy: 0.0025
WA Model - PGD accuracy: 0.0025
Best model: model (PGD acc: 0.0560, Val acc: 0.1065)

============ Epoch 4 ============
Training time: 286.83s
Training loss: 5.0663
Training accuracy: 0.0728
Current GPU memory: 4.56 GB
Validation time: 12.93s
Model - Validation accuracy: 0.1265
Model - FGSM accuracy: 0.0680
Model - PGD accuracy: 0.0660
WA Model - Validation accuracy: 0.0040
WA Model - FGSM accuracy: 0.0035
WA Model - PGD accuracy: 0.0035
Best model: model (PGD acc: 0.0660, Val acc: 0.1265)

============ Epoch 5 ============
Training time: 286.97s
Training loss: 5.0320
Training accuracy: 0.0828
Current GPU memory: 4.56 GB
Validation time: 12.87s
Model - Validation accuracy: 0.1355
Model - FGSM accuracy: 0.0665
Model - PGD accuracy: 0.0635
WA Model - Validation accuracy: 0.0065
WA Model - FGSM accuracy: 0.0060
WA Model - PGD accuracy: 0.0060
Best model: model (PGD acc: 0.0635, Val acc: 0.1355)

============ Epoch 6 ============
Training time: 286.85s
Training loss: 5.0068
Training accuracy: 0.0909
Current GPU memory: 4.56 GB
Validation time: 12.98s
Model - Validation accuracy: 0.1335
Model - FGSM accuracy: 0.0720
Model - PGD accuracy: 0.0700
WA Model - Validation accuracy: 0.0110
WA Model - FGSM accuracy: 0.0080
WA Model - PGD accuracy: 0.0080
Best model: model (PGD acc: 0.0700, Val acc: 0.1335)

============ Epoch 7 ============
Training time: 286.96s
Training loss: 4.9798
Training accuracy: 0.1008
Current GPU memory: 4.56 GB
Validation time: 12.89s
Model - Validation accuracy: 0.1535
Model - FGSM accuracy: 0.0770
Model - PGD accuracy: 0.0745
WA Model - Validation accuracy: 0.0215
WA Model - FGSM accuracy: 0.0135
WA Model - PGD accuracy: 0.0135
Best model: model (PGD acc: 0.0745, Val acc: 0.1535)

============ Epoch 8 ============
Training time: 287.15s
Training loss: 4.9541
Training accuracy: 0.1089
Current GPU memory: 4.56 GB
Validation time: 12.97s
Model - Validation accuracy: 0.1670
Model - FGSM accuracy: 0.0875
Model - PGD accuracy: 0.0845
WA Model - Validation accuracy: 0.0310
WA Model - FGSM accuracy: 0.0185
WA Model - PGD accuracy: 0.0185
Best model: model (PGD acc: 0.0845, Val acc: 0.1670)

============ Epoch 9 ============
Training time: 286.79s
Training loss: 4.9281
Training accuracy: 0.1188
Current GPU memory: 4.56 GB
Validation time: 12.94s
Model - Validation accuracy: 0.1805
Model - FGSM accuracy: 0.0905
Model - PGD accuracy: 0.0880
WA Model - Validation accuracy: 0.0455
WA Model - FGSM accuracy: 0.0240
WA Model - PGD accuracy: 0.0240
Best model: model (PGD acc: 0.0880, Val acc: 0.1805)

============ Epoch 10 ============
Training time: 285.97s
Training loss: 4.9014
Training accuracy: 0.1265
Current GPU memory: 4.56 GB
Validation time: 12.88s
Model - Validation accuracy: 0.1995
Model - FGSM accuracy: 0.1000
Model - PGD accuracy: 0.0940
WA Model - Validation accuracy: 0.0700
WA Model - FGSM accuracy: 0.0345
WA Model - PGD accuracy: 0.0345
Best model: model (PGD acc: 0.0940, Val acc: 0.1995)

============ Epoch 11 ============
Training time: 286.45s
Training loss: 4.8784
Training accuracy: 0.1344
Current GPU memory: 4.56 GB
Validation time: 12.90s
Model - Validation accuracy: 0.2205
Model - FGSM accuracy: 0.1210
Model - PGD accuracy: 0.1155
WA Model - Validation accuracy: 0.0955
WA Model - FGSM accuracy: 0.0460
WA Model - PGD accuracy: 0.0455
Best model: model (PGD acc: 0.1155, Val acc: 0.2205)

============ Epoch 12 ============
Training time: 286.62s
Training loss: 4.8561
Training accuracy: 0.1436
Current GPU memory: 4.56 GB
Validation time: 12.89s
Model - Validation accuracy: 0.2200
Model - FGSM accuracy: 0.1180
Model - PGD accuracy: 0.1135
WA Model - Validation accuracy: 0.1120
WA Model - FGSM accuracy: 0.0525
WA Model - PGD accuracy: 0.0525
Best model: model (PGD acc: 0.1135, Val acc: 0.2200)

============ Epoch 13 ============
Training time: 285.87s
Training loss: 4.8357
Training accuracy: 0.1508
Current GPU memory: 4.56 GB
Validation time: 12.89s
Model - Validation accuracy: 0.2340
Model - FGSM accuracy: 0.1175
Model - PGD accuracy: 0.1090
WA Model - Validation accuracy: 0.1125
WA Model - FGSM accuracy: 0.0520
WA Model - PGD accuracy: 0.0520
Best model: model (PGD acc: 0.1090, Val acc: 0.2340)

============ Epoch 14 ============
Training time: 285.91s
Training loss: 4.8197
Training accuracy: 0.1582
Current GPU memory: 4.56 GB
Validation time: 12.95s
Model - Validation accuracy: 0.2485
Model - FGSM accuracy: 0.1190
Model - PGD accuracy: 0.1140
WA Model - Validation accuracy: 0.1065
WA Model - FGSM accuracy: 0.0480
WA Model - PGD accuracy: 0.0485
Best model: model (PGD acc: 0.1140, Val acc: 0.2485)

============ Epoch 15 ============
Training time: 285.41s
Training loss: 4.8049
Training accuracy: 0.1627
Current GPU memory: 4.56 GB
Validation time: 12.85s
Model - Validation accuracy: 0.2620
Model - FGSM accuracy: 0.1355
Model - PGD accuracy: 0.1290
WA Model - Validation accuracy: 0.0845
WA Model - FGSM accuracy: 0.0415
WA Model - PGD accuracy: 0.0410
Best model: model (PGD acc: 0.1290, Val acc: 0.2620)

============ Epoch 16 ============
Training time: 286.05s
Training loss: 4.7928
Training accuracy: 0.1665
Current GPU memory: 4.56 GB
Validation time: 12.94s
Model - Validation accuracy: 0.2575
Model - FGSM accuracy: 0.1315
Model - PGD accuracy: 0.1200
WA Model - Validation accuracy: 0.0695
WA Model - FGSM accuracy: 0.0365
WA Model - PGD accuracy: 0.0355
Best model: model (PGD acc: 0.1200, Val acc: 0.2575)

============ Epoch 17 ============
Training time: 286.38s
Training loss: 4.7824
Training accuracy: 0.1714
Current GPU memory: 4.56 GB
Validation time: 12.84s
Model - Validation accuracy: 0.2635
Model - FGSM accuracy: 0.1285
Model - PGD accuracy: 0.1225
WA Model - Validation accuracy: 0.0675
WA Model - FGSM accuracy: 0.0345
WA Model - PGD accuracy: 0.0335
Best model: model (PGD acc: 0.1225, Val acc: 0.2635)

============ Epoch 18 ============
Training time: 285.64s
Training loss: 4.7726
Training accuracy: 0.1747
Current GPU memory: 4.56 GB
Validation time: 12.89s
Model - Validation accuracy: 0.2605
Model - FGSM accuracy: 0.1340
Model - PGD accuracy: 0.1265
WA Model - Validation accuracy: 0.0750
WA Model - FGSM accuracy: 0.0355
WA Model - PGD accuracy: 0.0350
Best model: model (PGD acc: 0.1265, Val acc: 0.2605)

============ Epoch 19 ============
Training time: 285.36s
Training loss: 4.7639
Training accuracy: 0.1789
Current GPU memory: 4.56 GB
Validation time: 12.82s
Model - Validation accuracy: 0.2725
Model - FGSM accuracy: 0.1380
Model - PGD accuracy: 0.1300
WA Model - Validation accuracy: 0.0955
WA Model - FGSM accuracy: 0.0480
WA Model - PGD accuracy: 0.0460
Best model: model (PGD acc: 0.1300, Val acc: 0.2725)

============ Epoch 20 ============
Training time: 285.83s
Training loss: 4.7563
Training accuracy: 0.1810
Current GPU memory: 4.56 GB
Validation time: 12.87s
Model - Validation accuracy: 0.2775
Model - FGSM accuracy: 0.1300
Model - PGD accuracy: 0.1230
WA Model - Validation accuracy: 0.1400
WA Model - FGSM accuracy: 0.0680
WA Model - PGD accuracy: 0.0660
Best model: model (PGD acc: 0.1230, Val acc: 0.2775)

============ Epoch 21 ============
Training time: 285.42s
Training loss: 4.7488
Training accuracy: 0.1841
Current GPU memory: 4.56 GB
Validation time: 12.87s
Model - Validation accuracy: 0.2775
Model - FGSM accuracy: 0.1380
Model - PGD accuracy: 0.1325
WA Model - Validation accuracy: 0.1860
WA Model - FGSM accuracy: 0.0970
WA Model - PGD accuracy: 0.0945
Best model: model (PGD acc: 0.1325, Val acc: 0.2775)

============ Epoch 22 ============
Training time: 285.49s
Training loss: 4.7409
Training accuracy: 0.1864
Current GPU memory: 4.56 GB
Validation time: 12.87s
Model - Validation accuracy: 0.2875
Model - FGSM accuracy: 0.1400
Model - PGD accuracy: 0.1325
WA Model - Validation accuracy: 0.2255
WA Model - FGSM accuracy: 0.1210
WA Model - PGD accuracy: 0.1180
Best model: model (PGD acc: 0.1325, Val acc: 0.2875)

============ Epoch 23 ============
Training time: 285.23s
Training loss: 4.7322
Training accuracy: 0.1893
Current GPU memory: 4.56 GB
Validation time: 12.84s
Model - Validation accuracy: 0.2660
Model - FGSM accuracy: 0.1330
Model - PGD accuracy: 0.1255
WA Model - Validation accuracy: 0.2605
WA Model - FGSM accuracy: 0.1480
WA Model - PGD accuracy: 0.1435
Best model: wa_model (PGD acc: 0.1435, Val acc: 0.2605)

============ Epoch 24 ============
Training time: 285.51s
Training loss: 4.7251
Training accuracy: 0.1924
Current GPU memory: 4.56 GB
Validation time: 12.86s
Model - Validation accuracy: 0.2980
Model - FGSM accuracy: 0.1530
Model - PGD accuracy: 0.1450
WA Model - Validation accuracy: 0.2850
WA Model - FGSM accuracy: 0.1650
WA Model - PGD accuracy: 0.1620
Best model: wa_model (PGD acc: 0.1620, Val acc: 0.2850)

============ Epoch 25 ============
Training time: 285.47s
Training loss: 4.7207
Training accuracy: 0.1934
Current GPU memory: 4.56 GB
Validation time: 12.87s
Model - Validation accuracy: 0.3065
Model - FGSM accuracy: 0.1505
Model - PGD accuracy: 0.1410
WA Model - Validation accuracy: 0.3070
WA Model - FGSM accuracy: 0.1870
WA Model - PGD accuracy: 0.1825
Best model: wa_model (PGD acc: 0.1825, Val acc: 0.3070)

============ Epoch 26 ============
Training time: 286.36s
Training loss: 4.7140
Training accuracy: 0.1964
Current GPU memory: 4.56 GB
Validation time: 13.08s
Model - Validation accuracy: 0.3060
Model - FGSM accuracy: 0.1580
Model - PGD accuracy: 0.1500
WA Model - Validation accuracy: 0.3250
WA Model - FGSM accuracy: 0.1985
WA Model - PGD accuracy: 0.1920
Best model: wa_model (PGD acc: 0.1920, Val acc: 0.3250)

============ Epoch 27 ============
Training time: 286.11s
Training loss: 4.7077
Training accuracy: 0.1978
Current GPU memory: 4.56 GB
Validation time: 13.11s
Model - Validation accuracy: 0.2800
Model - FGSM accuracy: 0.1460
Model - PGD accuracy: 0.1360
WA Model - Validation accuracy: 0.3390
WA Model - FGSM accuracy: 0.1970
WA Model - PGD accuracy: 0.1960
Best model: wa_model (PGD acc: 0.1960, Val acc: 0.3390)

============ Epoch 28 ============
Training time: 285.92s
Training loss: 4.7042
Training accuracy: 0.2007
Current GPU memory: 4.56 GB
Validation time: 12.81s
Model - Validation accuracy: 0.3195
Model - FGSM accuracy: 0.1675
Model - PGD accuracy: 0.1595
WA Model - Validation accuracy: 0.3450
WA Model - FGSM accuracy: 0.2030
WA Model - PGD accuracy: 0.1955
Best model: wa_model (PGD acc: 0.1955, Val acc: 0.3450)

============ Epoch 29 ============
Training time: 285.86s
Training loss: 4.6972
Training accuracy: 0.2028
Current GPU memory: 4.56 GB
Validation time: 12.90s
Model - Validation accuracy: 0.3060
Model - FGSM accuracy: 0.1530
Model - PGD accuracy: 0.1420
WA Model - Validation accuracy: 0.3515
WA Model - FGSM accuracy: 0.2075
WA Model - PGD accuracy: 0.1990
Best model: wa_model (PGD acc: 0.1990, Val acc: 0.3515)

============ Epoch 30 ============
Training time: 285.68s
Training loss: 4.6917
Training accuracy: 0.2050
Current GPU memory: 4.56 GB
Validation time: 12.92s
Model - Validation accuracy: 0.3040
Model - FGSM accuracy: 0.1570
Model - PGD accuracy: 0.1450
WA Model - Validation accuracy: 0.3575
WA Model - FGSM accuracy: 0.2120
WA Model - PGD accuracy: 0.2020
Best model: wa_model (PGD acc: 0.2020, Val acc: 0.3575)

============ Epoch 31 ============
Training time: 285.14s
Training loss: 4.6888
Training accuracy: 0.2078
Current GPU memory: 4.56 GB
Validation time: 12.82s
Model - Validation accuracy: 0.3020
Model - FGSM accuracy: 0.1570
Model - PGD accuracy: 0.1450
WA Model - Validation accuracy: 0.3620
WA Model - FGSM accuracy: 0.2125
WA Model - PGD accuracy: 0.2035
Best model: wa_model (PGD acc: 0.2035, Val acc: 0.3620)

============ Epoch 32 ============
Training time: 285.46s
Training loss: 4.6858
Training accuracy: 0.2077
Current GPU memory: 4.56 GB
Validation time: 12.82s
Model - Validation accuracy: 0.3275
Model - FGSM accuracy: 0.1635
Model - PGD accuracy: 0.1545
WA Model - Validation accuracy: 0.3655
WA Model - FGSM accuracy: 0.2165
WA Model - PGD accuracy: 0.2060
Best model: wa_model (PGD acc: 0.2060, Val acc: 0.3655)

============ Epoch 33 ============
Training time: 285.54s
Training loss: 4.6786
Training accuracy: 0.2110
Current GPU memory: 4.56 GB
Validation time: 12.83s
Model - Validation accuracy: 0.3070
Model - FGSM accuracy: 0.1660
Model - PGD accuracy: 0.1575
WA Model - Validation accuracy: 0.3665
WA Model - FGSM accuracy: 0.2150
WA Model - PGD accuracy: 0.2065
Best model: wa_model (PGD acc: 0.2065, Val acc: 0.3665)

============ Epoch 34 ============
Training time: 285.29s
Training loss: 4.6746
Training accuracy: 0.2117
Current GPU memory: 4.56 GB
Validation time: 12.86s
Model - Validation accuracy: 0.3130
Model - FGSM accuracy: 0.1615
Model - PGD accuracy: 0.1490
WA Model - Validation accuracy: 0.3690
WA Model - FGSM accuracy: 0.2195
WA Model - PGD accuracy: 0.2070
Best model: wa_model (PGD acc: 0.2070, Val acc: 0.3690)

============ Epoch 35 ============
Training time: 285.34s
Training loss: 4.6722
Training accuracy: 0.2130
Current GPU memory: 4.56 GB
Validation time: 12.81s
Model - Validation accuracy: 0.3120
Model - FGSM accuracy: 0.1635
Model - PGD accuracy: 0.1445
WA Model - Validation accuracy: 0.3730
WA Model - FGSM accuracy: 0.2225
WA Model - PGD accuracy: 0.2115
Best model: wa_model (PGD acc: 0.2115, Val acc: 0.3730)

============ Epoch 36 ============
Training time: 284.88s
Training loss: 4.6678
Training accuracy: 0.2146
Current GPU memory: 4.56 GB
Validation time: 12.80s
Model - Validation accuracy: 0.3155
Model - FGSM accuracy: 0.1635
Model - PGD accuracy: 0.1530
WA Model - Validation accuracy: 0.3755
WA Model - FGSM accuracy: 0.2265
WA Model - PGD accuracy: 0.2130
Best model: wa_model (PGD acc: 0.2130, Val acc: 0.3755)

============ Epoch 37 ============
Training time: 285.47s
Training loss: 4.6667
Training accuracy: 0.2149
Current GPU memory: 4.56 GB
Validation time: 12.87s
Model - Validation accuracy: 0.3105
Model - FGSM accuracy: 0.1560
Model - PGD accuracy: 0.1460
WA Model - Validation accuracy: 0.3765
WA Model - FGSM accuracy: 0.2230
WA Model - PGD accuracy: 0.2140
Best model: wa_model (PGD acc: 0.2140, Val acc: 0.3765)

============ Epoch 38 ============
Training time: 285.70s
Training loss: 4.6639
Training accuracy: 0.2152
Current GPU memory: 4.56 GB
Validation time: 12.87s
Model - Validation accuracy: 0.3340
Model - FGSM accuracy: 0.1720
Model - PGD accuracy: 0.1620
WA Model - Validation accuracy: 0.3800
WA Model - FGSM accuracy: 0.2220
WA Model - PGD accuracy: 0.2135
Best model: wa_model (PGD acc: 0.2135, Val acc: 0.3800)

============ Epoch 39 ============
Training time: 284.92s
Training loss: 4.6604
Training accuracy: 0.2162
Current GPU memory: 4.56 GB
Validation time: 12.80s
Model - Validation accuracy: 0.3140
Model - FGSM accuracy: 0.1575
Model - PGD accuracy: 0.1480
WA Model - Validation accuracy: 0.3805
WA Model - FGSM accuracy: 0.2240
WA Model - PGD accuracy: 0.2155
Best model: wa_model (PGD acc: 0.2155, Val acc: 0.3805)

============ Epoch 40 ============
Training time: 284.97s
Training loss: 4.6564
Training accuracy: 0.2186
Current GPU memory: 4.56 GB
Validation time: 12.83s
Model - Validation accuracy: 0.3265
Model - FGSM accuracy: 0.1750
Model - PGD accuracy: 0.1665
WA Model - Validation accuracy: 0.3775
WA Model - FGSM accuracy: 0.2235
WA Model - PGD accuracy: 0.2150
Best model: wa_model (PGD acc: 0.2150, Val acc: 0.3775)

============ Epoch 41 ============
Training time: 285.29s
Training loss: 4.6541
Training accuracy: 0.2180
Current GPU memory: 4.56 GB
Validation time: 12.82s
Model - Validation accuracy: 0.3250
Model - FGSM accuracy: 0.1750
Model - PGD accuracy: 0.1655
WA Model - Validation accuracy: 0.3830
WA Model - FGSM accuracy: 0.2265
WA Model - PGD accuracy: 0.2185
Best model: wa_model (PGD acc: 0.2185, Val acc: 0.3830)

============ Epoch 42 ============
Training time: 285.20s
Training loss: 4.6500
Training accuracy: 0.2207
Current GPU memory: 4.56 GB
Validation time: 12.81s
Model - Validation accuracy: 0.3255
Model - FGSM accuracy: 0.1585
Model - PGD accuracy: 0.1465
WA Model - Validation accuracy: 0.3840
WA Model - FGSM accuracy: 0.2305
WA Model - PGD accuracy: 0.2185
Best model: wa_model (PGD acc: 0.2185, Val acc: 0.3840)

============ Epoch 43 ============
Training time: 284.81s
Training loss: 4.6458
Training accuracy: 0.2220
Current GPU memory: 4.56 GB
Validation time: 12.83s
Model - Validation accuracy: 0.3075
Model - FGSM accuracy: 0.1520
Model - PGD accuracy: 0.1400
WA Model - Validation accuracy: 0.3865
WA Model - FGSM accuracy: 0.2310
WA Model - PGD accuracy: 0.2185
Best model: wa_model (PGD acc: 0.2185, Val acc: 0.3865)

============ Epoch 44 ============
Training time: 284.92s
Training loss: 4.6434
Training accuracy: 0.2225
Current GPU memory: 4.56 GB
Validation time: 12.81s
Model - Validation accuracy: 0.3240
Model - FGSM accuracy: 0.1645
Model - PGD accuracy: 0.1525
WA Model - Validation accuracy: 0.3885
WA Model - FGSM accuracy: 0.2330
WA Model - PGD accuracy: 0.2180
Best model: wa_model (PGD acc: 0.2180, Val acc: 0.3885)

============ Epoch 45 ============
Training time: 284.92s
Training loss: 4.6402
Training accuracy: 0.2240
Current GPU memory: 4.56 GB
Validation time: 12.83s
Model - Validation accuracy: 0.3305
Model - FGSM accuracy: 0.1705
Model - PGD accuracy: 0.1580
WA Model - Validation accuracy: 0.3900
WA Model - FGSM accuracy: 0.2335
WA Model - PGD accuracy: 0.2215
Best model: wa_model (PGD acc: 0.2215, Val acc: 0.3900)

============ Epoch 46 ============
Training time: 285.23s
Training loss: 4.6364
Training accuracy: 0.2250
Current GPU memory: 4.56 GB
Validation time: 12.85s
Model - Validation accuracy: 0.3340
Model - FGSM accuracy: 0.1685
Model - PGD accuracy: 0.1565
WA Model - Validation accuracy: 0.3910
WA Model - FGSM accuracy: 0.2365
WA Model - PGD accuracy: 0.2200
Best model: wa_model (PGD acc: 0.2200, Val acc: 0.3910)

============ Epoch 47 ============
Training time: 285.48s
Training loss: 4.6343
Training accuracy: 0.2266
Current GPU memory: 4.56 GB
Validation time: 12.86s
Model - Validation accuracy: 0.3230
Model - FGSM accuracy: 0.1660
Model - PGD accuracy: 0.1515
WA Model - Validation accuracy: 0.3835
WA Model - FGSM accuracy: 0.2385
WA Model - PGD accuracy: 0.2245
Best model: wa_model (PGD acc: 0.2245, Val acc: 0.3835)

============ Epoch 48 ============
Training time: 285.03s
Training loss: 4.6330
Training accuracy: 0.2258
Current GPU memory: 4.56 GB
Validation time: 12.81s
Model - Validation accuracy: 0.3140
Model - FGSM accuracy: 0.1660
Model - PGD accuracy: 0.1575
WA Model - Validation accuracy: 0.3855
WA Model - FGSM accuracy: 0.2375
WA Model - PGD accuracy: 0.2265
Best model: wa_model (PGD acc: 0.2265, Val acc: 0.3855)

============ Epoch 49 ============
Training time: 285.17s
Training loss: 4.6299
Training accuracy: 0.2276
Current GPU memory: 4.56 GB
Validation time: 12.84s
Model - Validation accuracy: 0.3105
Model - FGSM accuracy: 0.1405
Model - PGD accuracy: 0.1275
WA Model - Validation accuracy: 0.3870
WA Model - FGSM accuracy: 0.2360
WA Model - PGD accuracy: 0.2255
Best model: wa_model (PGD acc: 0.2255, Val acc: 0.3870)

============ Epoch 50 ============
Training time: 285.56s
Training loss: 4.6244
Training accuracy: 0.2297
Current GPU memory: 4.56 GB
Validation time: 12.85s
Model - Validation accuracy: 0.3355
Model - FGSM accuracy: 0.1770
Model - PGD accuracy: 0.1665
WA Model - Validation accuracy: 0.3885
WA Model - FGSM accuracy: 0.2400
WA Model - PGD accuracy: 0.2280
Best model: wa_model (PGD acc: 0.2280, Val acc: 0.3885)

============ Epoch 51 ============
Training time: 285.64s
Training loss: 4.6211
Training accuracy: 0.2313
Current GPU memory: 4.56 GB
Validation time: 12.89s
Model - Validation accuracy: 0.3200
Model - FGSM accuracy: 0.1640
Model - PGD accuracy: 0.1490
WA Model - Validation accuracy: 0.3930
WA Model - FGSM accuracy: 0.2400
WA Model - PGD accuracy: 0.2315
Best model: wa_model (PGD acc: 0.2315, Val acc: 0.3930)

============ Epoch 52 ============
Training time: 285.68s
Training loss: 4.6218
Training accuracy: 0.2319
Current GPU memory: 4.56 GB
Validation time: 12.81s
Model - Validation accuracy: 0.3380
Model - FGSM accuracy: 0.1735
Model - PGD accuracy: 0.1570
WA Model - Validation accuracy: 0.3935
WA Model - FGSM accuracy: 0.2415
WA Model - PGD accuracy: 0.2320
Best model: wa_model (PGD acc: 0.2320, Val acc: 0.3935)

============ Epoch 53 ============
Training time: 285.64s
Training loss: 4.6161
Training accuracy: 0.2324
Current GPU memory: 4.56 GB
Validation time: 12.84s
Model - Validation accuracy: 0.3470
Model - FGSM accuracy: 0.1720
Model - PGD accuracy: 0.1600
WA Model - Validation accuracy: 0.3955
WA Model - FGSM accuracy: 0.2450
WA Model - PGD accuracy: 0.2350
Best model: wa_model (PGD acc: 0.2350, Val acc: 0.3955)

============ Epoch 54 ============
Training time: 285.44s
Training loss: 4.6135
Training accuracy: 0.2342
Current GPU memory: 4.56 GB
Validation time: 12.84s
Model - Validation accuracy: 0.3675
Model - FGSM accuracy: 0.1880
Model - PGD accuracy: 0.1715
WA Model - Validation accuracy: 0.3995
WA Model - FGSM accuracy: 0.2420
WA Model - PGD accuracy: 0.2315
Best model: wa_model (PGD acc: 0.2315, Val acc: 0.3995)

============ Epoch 55 ============
Training time: 285.56s
Training loss: 4.6087
Training accuracy: 0.2350
Current GPU memory: 4.56 GB
Validation time: 12.78s
Model - Validation accuracy: 0.3450
Model - FGSM accuracy: 0.1745
Model - PGD accuracy: 0.1595
WA Model - Validation accuracy: 0.3980
WA Model - FGSM accuracy: 0.2455
WA Model - PGD accuracy: 0.2345
Best model: wa_model (PGD acc: 0.2345, Val acc: 0.3980)

============ Epoch 56 ============
Training time: 285.45s
Training loss: 4.6056
Training accuracy: 0.2374
Current GPU memory: 4.56 GB
Validation time: 12.82s
Model - Validation accuracy: 0.3470
Model - FGSM accuracy: 0.1805
Model - PGD accuracy: 0.1695
WA Model - Validation accuracy: 0.4015
WA Model - FGSM accuracy: 0.2465
WA Model - PGD accuracy: 0.2350
Best model: wa_model (PGD acc: 0.2350, Val acc: 0.4015)

============ Epoch 57 ============
Training time: 285.19s
Training loss: 4.6024
Training accuracy: 0.2396
Current GPU memory: 4.56 GB
Validation time: 12.84s
Model - Validation accuracy: 0.3435
Model - FGSM accuracy: 0.1645
Model - PGD accuracy: 0.1455
WA Model - Validation accuracy: 0.4035
WA Model - FGSM accuracy: 0.2500
WA Model - PGD accuracy: 0.2400
Best model: wa_model (PGD acc: 0.2400, Val acc: 0.4035)

============ Epoch 58 ============
Training time: 286.26s
Training loss: 4.5989
Training accuracy: 0.2391
Current GPU memory: 4.56 GB
Validation time: 12.83s
Model - Validation accuracy: 0.3495
Model - FGSM accuracy: 0.1775
Model - PGD accuracy: 0.1655
WA Model - Validation accuracy: 0.4070
WA Model - FGSM accuracy: 0.2490
WA Model - PGD accuracy: 0.2380
Best model: wa_model (PGD acc: 0.2380, Val acc: 0.4070)

============ Epoch 59 ============
Training time: 285.34s
Training loss: 4.5951
Training accuracy: 0.2411
Current GPU memory: 4.56 GB
Validation time: 12.82s
Model - Validation accuracy: 0.3520
Model - FGSM accuracy: 0.1735
Model - PGD accuracy: 0.1565
WA Model - Validation accuracy: 0.4095
WA Model - FGSM accuracy: 0.2475
WA Model - PGD accuracy: 0.2400
Best model: wa_model (PGD acc: 0.2400, Val acc: 0.4095)

============ Epoch 60 ============
Training time: 285.05s
Training loss: 4.5902
Training accuracy: 0.2425
Current GPU memory: 4.56 GB
Validation time: 12.82s
Model - Validation accuracy: 0.3305
Model - FGSM accuracy: 0.1685
Model - PGD accuracy: 0.1565
WA Model - Validation accuracy: 0.4085
WA Model - FGSM accuracy: 0.2475
WA Model - PGD accuracy: 0.2400
Best model: wa_model (PGD acc: 0.2400, Val acc: 0.4085)

============ Epoch 61 ============
Training time: 285.36s
Training loss: 4.5860
Training accuracy: 0.2454
Current GPU memory: 4.56 GB
Validation time: 12.81s
Model - Validation accuracy: 0.3550
Model - FGSM accuracy: 0.1720
Model - PGD accuracy: 0.1595
WA Model - Validation accuracy: 0.4075
WA Model - FGSM accuracy: 0.2475
WA Model - PGD accuracy: 0.2395
Best model: wa_model (PGD acc: 0.2395, Val acc: 0.4075)

============ Epoch 62 ============
Training time: 284.50s
Training loss: 4.5818
Training accuracy: 0.2467
Current GPU memory: 4.56 GB
Validation time: 12.77s
Model - Validation accuracy: 0.3525
Model - FGSM accuracy: 0.1825
Model - PGD accuracy: 0.1740
WA Model - Validation accuracy: 0.4120
WA Model - FGSM accuracy: 0.2505
WA Model - PGD accuracy: 0.2405
Best model: wa_model (PGD acc: 0.2405, Val acc: 0.4120)

============ Epoch 63 ============
Training time: 284.61s
Training loss: 4.5771
Training accuracy: 0.2484
Current GPU memory: 4.56 GB
Validation time: 12.82s
Model - Validation accuracy: 0.3345
Model - FGSM accuracy: 0.1765
Model - PGD accuracy: 0.1675
WA Model - Validation accuracy: 0.4125
WA Model - FGSM accuracy: 0.2515
WA Model - PGD accuracy: 0.2435
Best model: wa_model (PGD acc: 0.2435, Val acc: 0.4125)

============ Epoch 64 ============
Training time: 285.69s
Training loss: 4.5728
Training accuracy: 0.2496
Current GPU memory: 4.56 GB
Validation time: 13.07s
Model - Validation accuracy: 0.3585
Model - FGSM accuracy: 0.1815
Model - PGD accuracy: 0.1655
WA Model - Validation accuracy: 0.4150
WA Model - FGSM accuracy: 0.2525
WA Model - PGD accuracy: 0.2400
Best model: wa_model (PGD acc: 0.2400, Val acc: 0.4150)

============ Epoch 65 ============
Training time: 286.94s
Training loss: 4.5666
Training accuracy: 0.2526
Current GPU memory: 4.56 GB
Validation time: 12.87s
Model - Validation accuracy: 0.3765
Model - FGSM accuracy: 0.1955
Model - PGD accuracy: 0.1795
WA Model - Validation accuracy: 0.4140
WA Model - FGSM accuracy: 0.2490
WA Model - PGD accuracy: 0.2405
Best model: wa_model (PGD acc: 0.2405, Val acc: 0.4140)

============ Epoch 66 ============
Training time: 286.55s
Training loss: 4.5608
Training accuracy: 0.2543
Current GPU memory: 4.56 GB
Validation time: 12.89s
Model - Validation accuracy: 0.3710
Model - FGSM accuracy: 0.1945
Model - PGD accuracy: 0.1825
WA Model - Validation accuracy: 0.4180
WA Model - FGSM accuracy: 0.2510
WA Model - PGD accuracy: 0.2420
Best model: wa_model (PGD acc: 0.2420, Val acc: 0.4180)

============ Epoch 67 ============
Training time: 285.79s
Training loss: 4.5542
Training accuracy: 0.2577
Current GPU memory: 4.56 GB
Validation time: 12.81s
Model - Validation accuracy: 0.3620
Model - FGSM accuracy: 0.1945
Model - PGD accuracy: 0.1830
WA Model - Validation accuracy: 0.4200
WA Model - FGSM accuracy: 0.2550
WA Model - PGD accuracy: 0.2425
Best model: wa_model (PGD acc: 0.2425, Val acc: 0.4200)

============ Epoch 68 ============
Training time: 284.89s
Training loss: 4.5495
Training accuracy: 0.2571
Current GPU memory: 4.56 GB
Validation time: 12.79s
Model - Validation accuracy: 0.3710
Model - FGSM accuracy: 0.1935
Model - PGD accuracy: 0.1760
WA Model - Validation accuracy: 0.4175
WA Model - FGSM accuracy: 0.2565
WA Model - PGD accuracy: 0.2455
Best model: wa_model (PGD acc: 0.2455, Val acc: 0.4175)

============ Epoch 69 ============
Training time: 284.80s
Training loss: 4.5389
Training accuracy: 0.2625
Current GPU memory: 4.56 GB
Validation time: 12.78s
Model - Validation accuracy: 0.3740
Model - FGSM accuracy: 0.1975
Model - PGD accuracy: 0.1785
WA Model - Validation accuracy: 0.4220
WA Model - FGSM accuracy: 0.2570
WA Model - PGD accuracy: 0.2435
Best model: wa_model (PGD acc: 0.2435, Val acc: 0.4220)

============ Epoch 70 ============
Training time: 285.13s
Training loss: 4.5331
Training accuracy: 0.2655
Current GPU memory: 4.56 GB
Validation time: 12.84s
Model - Validation accuracy: 0.3725
Model - FGSM accuracy: 0.1920
Model - PGD accuracy: 0.1800
WA Model - Validation accuracy: 0.4245
WA Model - FGSM accuracy: 0.2580
WA Model - PGD accuracy: 0.2450
Best model: wa_model (PGD acc: 0.2450, Val acc: 0.4245)

============ Epoch 71 ============
Training time: 284.80s
Training loss: 4.5244
Training accuracy: 0.2676
Current GPU memory: 4.56 GB
Validation time: 12.80s
Model - Validation accuracy: 0.3685
Model - FGSM accuracy: 0.1950
Model - PGD accuracy: 0.1845
WA Model - Validation accuracy: 0.4240
WA Model - FGSM accuracy: 0.2560
WA Model - PGD accuracy: 0.2435
Best model: wa_model (PGD acc: 0.2435, Val acc: 0.4240)

============ Epoch 72 ============
Training time: 285.02s
Training loss: 4.5163
Training accuracy: 0.2699
Current GPU memory: 4.56 GB
Validation time: 12.70s
Model - Validation accuracy: 0.3990
Model - FGSM accuracy: 0.2030
Model - PGD accuracy: 0.1880
WA Model - Validation accuracy: 0.4235
WA Model - FGSM accuracy: 0.2580
WA Model - PGD accuracy: 0.2460
Best model: wa_model (PGD acc: 0.2460, Val acc: 0.4235)

============ Epoch 73 ============
Training time: 285.27s
Training loss: 4.5060
Training accuracy: 0.2752
Current GPU memory: 4.56 GB
Validation time: 12.85s
Model - Validation accuracy: 0.3855
Model - FGSM accuracy: 0.2020
Model - PGD accuracy: 0.1875
WA Model - Validation accuracy: 0.4275
WA Model - FGSM accuracy: 0.2570
WA Model - PGD accuracy: 0.2480
Best model: wa_model (PGD acc: 0.2480, Val acc: 0.4275)

============ Epoch 74 ============
Training time: 285.07s
Training loss: 4.4985
Training accuracy: 0.2794
Current GPU memory: 4.56 GB
Validation time: 12.77s
Model - Validation accuracy: 0.3925
Model - FGSM accuracy: 0.2080
Model - PGD accuracy: 0.1930
WA Model - Validation accuracy: 0.4265
WA Model - FGSM accuracy: 0.2575
WA Model - PGD accuracy: 0.2475
Best model: wa_model (PGD acc: 0.2475, Val acc: 0.4265)

============ Epoch 75 ============
Training time: 284.85s
Training loss: 4.4873
Training accuracy: 0.2822
Current GPU memory: 4.56 GB
Validation time: 12.73s
Model - Validation accuracy: 0.3980
Model - FGSM accuracy: 0.2125
Model - PGD accuracy: 0.1935
WA Model - Validation accuracy: 0.4320
WA Model - FGSM accuracy: 0.2585
WA Model - PGD accuracy: 0.2470
Best model: wa_model (PGD acc: 0.2470, Val acc: 0.4320)

============ Epoch 76 ============
Training time: 284.85s
Training loss: 4.4770
Training accuracy: 0.2878
Current GPU memory: 4.56 GB
Validation time: 12.89s
Model - Validation accuracy: 0.3965
Model - FGSM accuracy: 0.2030
Model - PGD accuracy: 0.1875
WA Model - Validation accuracy: 0.4330
WA Model - FGSM accuracy: 0.2590
WA Model - PGD accuracy: 0.2475
Best model: wa_model (PGD acc: 0.2475, Val acc: 0.4330)

============ Epoch 77 ============
Training time: 284.71s
Training loss: 4.4635
Training accuracy: 0.2911
Current GPU memory: 4.56 GB
Validation time: 12.79s
Model - Validation accuracy: 0.4005
Model - FGSM accuracy: 0.2085
Model - PGD accuracy: 0.1930
WA Model - Validation accuracy: 0.4370
WA Model - FGSM accuracy: 0.2570
WA Model - PGD accuracy: 0.2480
Best model: wa_model (PGD acc: 0.2480, Val acc: 0.4370)

============ Epoch 78 ============
Training time: 284.87s
Training loss: 4.4518
Training accuracy: 0.2959
Current GPU memory: 4.56 GB
Validation time: 12.83s
Model - Validation accuracy: 0.4075
Model - FGSM accuracy: 0.2160
Model - PGD accuracy: 0.2065
WA Model - Validation accuracy: 0.4400
WA Model - FGSM accuracy: 0.2560
WA Model - PGD accuracy: 0.2425
Best model: wa_model (PGD acc: 0.2425, Val acc: 0.4400)

============ Epoch 79 ============
Training time: 284.95s
Training loss: 4.4351
Training accuracy: 0.3028
Current GPU memory: 4.56 GB
Validation time: 12.87s
Model - Validation accuracy: 0.4150
Model - FGSM accuracy: 0.2110
Model - PGD accuracy: 0.1965
WA Model - Validation accuracy: 0.4440
WA Model - FGSM accuracy: 0.2560
WA Model - PGD accuracy: 0.2440
Best model: wa_model (PGD acc: 0.2440, Val acc: 0.4440)

============ Epoch 80 ============
Training time: 284.54s
Training loss: 4.4200
Training accuracy: 0.3093
Current GPU memory: 4.56 GB
Validation time: 12.80s
Model - Validation accuracy: 0.4175
Model - FGSM accuracy: 0.2175
Model - PGD accuracy: 0.2010
WA Model - Validation accuracy: 0.4465
WA Model - FGSM accuracy: 0.2545
WA Model - PGD accuracy: 0.2445
Best model: wa_model (PGD acc: 0.2445, Val acc: 0.4465)

============ Epoch 81 ============
Training time: 284.95s
Training loss: 4.4031
Training accuracy: 0.3157
Current GPU memory: 4.56 GB
Validation time: 12.79s
Model - Validation accuracy: 0.4395
Model - FGSM accuracy: 0.2200
Model - PGD accuracy: 0.2005
WA Model - Validation accuracy: 0.4465
WA Model - FGSM accuracy: 0.2540
WA Model - PGD accuracy: 0.2415
Best model: wa_model (PGD acc: 0.2415, Val acc: 0.4465)

============ Epoch 82 ============
Training time: 284.56s
Training loss: 4.3857
Training accuracy: 0.3233
Current GPU memory: 4.56 GB
Validation time: 12.82s
Model - Validation accuracy: 0.4170
Model - FGSM accuracy: 0.2225
Model - PGD accuracy: 0.1995
WA Model - Validation accuracy: 0.4495
WA Model - FGSM accuracy: 0.2570
WA Model - PGD accuracy: 0.2455
Best model: wa_model (PGD acc: 0.2455, Val acc: 0.4495)

============ Epoch 83 ============
Training time: 284.92s
Training loss: 4.3667
Training accuracy: 0.3300
Current GPU memory: 4.56 GB
Validation time: 12.80s
Model - Validation accuracy: 0.4310
Model - FGSM accuracy: 0.2250
Model - PGD accuracy: 0.2080
WA Model - Validation accuracy: 0.4530
WA Model - FGSM accuracy: 0.2565
WA Model - PGD accuracy: 0.2470
Best model: wa_model (PGD acc: 0.2470, Val acc: 0.4530)

============ Epoch 84 ============
Training time: 284.92s
Training loss: 4.3444
Training accuracy: 0.3406
Current GPU memory: 4.56 GB
Validation time: 12.83s
Model - Validation accuracy: 0.4385
Model - FGSM accuracy: 0.2210
Model - PGD accuracy: 0.2025
WA Model - Validation accuracy: 0.4580
WA Model - FGSM accuracy: 0.2585
WA Model - PGD accuracy: 0.2400
Best model: wa_model (PGD acc: 0.2400, Val acc: 0.4580)

============ Epoch 85 ============
Training time: 284.69s
Training loss: 4.3211
Training accuracy: 0.3506
Current GPU memory: 4.56 GB
Validation time: 12.83s
Model - Validation accuracy: 0.4310
Model - FGSM accuracy: 0.2260
Model - PGD accuracy: 0.2050
WA Model - Validation accuracy: 0.4565
WA Model - FGSM accuracy: 0.2580
WA Model - PGD accuracy: 0.2420
Best model: wa_model (PGD acc: 0.2420, Val acc: 0.4565)

============ Epoch 86 ============
Training time: 285.05s
Training loss: 4.2961
Training accuracy: 0.3609
Current GPU memory: 4.56 GB
Validation time: 12.84s
Model - Validation accuracy: 0.4505
Model - FGSM accuracy: 0.2225
Model - PGD accuracy: 0.1990
WA Model - Validation accuracy: 0.4585
WA Model - FGSM accuracy: 0.2590
WA Model - PGD accuracy: 0.2405
Best model: wa_model (PGD acc: 0.2405, Val acc: 0.4585)

============ Epoch 87 ============
Training time: 285.20s
Training loss: 4.2666
Training accuracy: 0.3746
Current GPU memory: 4.56 GB
Validation time: 12.78s
Model - Validation accuracy: 0.4480
Model - FGSM accuracy: 0.2275
Model - PGD accuracy: 0.2080
WA Model - Validation accuracy: 0.4610
WA Model - FGSM accuracy: 0.2565
WA Model - PGD accuracy: 0.2395
Best model: wa_model (PGD acc: 0.2395, Val acc: 0.4610)

============ Epoch 88 ============
Training time: 284.31s
Training loss: 4.2382
Training accuracy: 0.3871
Current GPU memory: 4.56 GB
Validation time: 12.79s
Model - Validation accuracy: 0.4570
Model - FGSM accuracy: 0.2335
Model - PGD accuracy: 0.2100
WA Model - Validation accuracy: 0.4680
WA Model - FGSM accuracy: 0.2560
WA Model - PGD accuracy: 0.2375
Best model: wa_model (PGD acc: 0.2375, Val acc: 0.4680)

============ Epoch 89 ============
Training time: 285.26s
Training loss: 4.2055
Training accuracy: 0.4014
Current GPU memory: 4.56 GB
Validation time: 12.81s
Model - Validation accuracy: 0.4595
Model - FGSM accuracy: 0.2325
Model - PGD accuracy: 0.2095
WA Model - Validation accuracy: 0.4715
WA Model - FGSM accuracy: 0.2510
WA Model - PGD accuracy: 0.2365
Best model: wa_model (PGD acc: 0.2365, Val acc: 0.4715)

============ Epoch 90 ============
Training time: 285.70s
Training loss: 4.1705
Training accuracy: 0.4169
Current GPU memory: 4.56 GB
Validation time: 12.79s
Model - Validation accuracy: 0.4725
Model - FGSM accuracy: 0.2305
Model - PGD accuracy: 0.2110
WA Model - Validation accuracy: 0.4745
WA Model - FGSM accuracy: 0.2535
WA Model - PGD accuracy: 0.2375
Best model: wa_model (PGD acc: 0.2375, Val acc: 0.4745)

============ Epoch 91 ============
Training time: 285.19s
Training loss: 4.1341
Training accuracy: 0.4352
Current GPU memory: 4.56 GB
Validation time: 12.81s
Model - Validation accuracy: 0.4735
Model - FGSM accuracy: 0.2320
Model - PGD accuracy: 0.2110
WA Model - Validation accuracy: 0.4750
WA Model - FGSM accuracy: 0.2505
WA Model - PGD accuracy: 0.2360
Best model: wa_model (PGD acc: 0.2360, Val acc: 0.4750)

============ Epoch 92 ============
Training time: 285.17s
Training loss: 4.0969
Training accuracy: 0.4525
Current GPU memory: 4.56 GB
Validation time: 12.78s
Model - Validation accuracy: 0.4770
Model - FGSM accuracy: 0.2315
Model - PGD accuracy: 0.2075
WA Model - Validation accuracy: 0.4790
WA Model - FGSM accuracy: 0.2485
WA Model - PGD accuracy: 0.2335
Best model: wa_model (PGD acc: 0.2335, Val acc: 0.4790)

============ Epoch 93 ============
Training time: 284.67s
Training loss: 4.0571
Training accuracy: 0.4704
Current GPU memory: 4.56 GB
Validation time: 12.75s
Model - Validation accuracy: 0.4780
Model - FGSM accuracy: 0.2395
Model - PGD accuracy: 0.2140
WA Model - Validation accuracy: 0.4820
WA Model - FGSM accuracy: 0.2465
WA Model - PGD accuracy: 0.2310
Best model: wa_model (PGD acc: 0.2310, Val acc: 0.4820)

============ Epoch 94 ============
Training time: 284.73s
Training loss: 4.0199
Training accuracy: 0.4893
Current GPU memory: 4.56 GB
Validation time: 12.79s
Model - Validation accuracy: 0.4835
Model - FGSM accuracy: 0.2335
Model - PGD accuracy: 0.2145
WA Model - Validation accuracy: 0.4830
WA Model - FGSM accuracy: 0.2485
WA Model - PGD accuracy: 0.2295
Best model: wa_model (PGD acc: 0.2295, Val acc: 0.4830)

============ Epoch 95 ============
Training time: 285.03s
Training loss: 3.9860
Training accuracy: 0.5063
Current GPU memory: 4.56 GB
Validation time: 12.81s
Model - Validation accuracy: 0.4795
Model - FGSM accuracy: 0.2400
Model - PGD accuracy: 0.2105
WA Model - Validation accuracy: 0.4855
WA Model - FGSM accuracy: 0.2470
WA Model - PGD accuracy: 0.2290
Best model: wa_model (PGD acc: 0.2290, Val acc: 0.4855)

============ Epoch 96 ============
Training time: 284.87s
Training loss: 3.9575
Training accuracy: 0.5209
Current GPU memory: 4.56 GB
Validation time: 12.79s
Model - Validation accuracy: 0.4830
Model - FGSM accuracy: 0.2360
Model - PGD accuracy: 0.2160
WA Model - Validation accuracy: 0.4885
WA Model - FGSM accuracy: 0.2435
WA Model - PGD accuracy: 0.2280
Best model: wa_model (PGD acc: 0.2280, Val acc: 0.4885)

============ Epoch 97 ============
Training time: 284.45s
Training loss: 3.9362
Training accuracy: 0.5317
Current GPU memory: 4.56 GB
Validation time: 12.84s
Model - Validation accuracy: 0.4910
Model - FGSM accuracy: 0.2370
Model - PGD accuracy: 0.2185
WA Model - Validation accuracy: 0.4915
WA Model - FGSM accuracy: 0.2425
WA Model - PGD accuracy: 0.2270
Best model: wa_model (PGD acc: 0.2270, Val acc: 0.4915)

============ Epoch 98 ============
Training time: 284.51s
Training loss: 3.9239
Training accuracy: 0.5371
Current GPU memory: 4.56 GB
Validation time: 12.82s
Model - Validation accuracy: 0.4920
Model - FGSM accuracy: 0.2345
Model - PGD accuracy: 0.2130
WA Model - Validation accuracy: 0.4920
WA Model - FGSM accuracy: 0.2390
WA Model - PGD accuracy: 0.2225
Best model: wa_model (PGD acc: 0.2225, Val acc: 0.4920)

============ Epoch 99 ============
Training time: 284.68s
Training loss: 3.9202
Training accuracy: 0.5395
Current GPU memory: 4.56 GB
Validation time: 12.75s
Model - Validation accuracy: 0.4905
Model - FGSM accuracy: 0.2355
Model - PGD accuracy: 0.2130
WA Model - Validation accuracy: 0.4920
WA Model - FGSM accuracy: 0.2360
WA Model - PGD accuracy: 0.2205
Best model: wa_model (PGD acc: 0.2205, Val acc: 0.4920)

train_acc_list: 
[0.019428571428571427, 0.036224489795918365, 0.04966326530612245, 0.061061224489795916, 0.07277551020408163, 0.08278571428571428, 0.09089795918367347, 0.10078571428571428, 0.10890816326530613, 0.11880612244897959, 0.12647959183673468, 0.13441836734693877, 0.1435612244897959, 0.15079591836734693, 0.15816326530612246, 0.1626530612244898, 0.16648979591836735, 0.17137755102040816, 0.1747448979591837, 0.17889795918367346, 0.18101020408163265, 0.18412244897959185, 0.18644897959183673, 0.18925510204081633, 0.19237755102040816, 0.19337755102040816, 0.19641836734693877, 0.19783673469387755, 0.2006734693877551, 0.20277551020408163, 0.20495918367346938, 0.2078469387755102, 0.2076938775510204, 0.21103061224489797, 0.21171428571428572, 0.2130204081632653, 0.21455102040816326, 0.21491836734693878, 0.21520408163265306, 0.21622448979591838, 0.2186122448979592, 0.21798979591836734, 0.22074489795918367, 0.22198979591836734, 0.2225408163265306, 0.2240408163265306, 0.2249591836734694, 0.22655102040816327, 0.22576530612244897, 0.22761224489795917, 0.22973469387755102, 0.23127551020408163, 0.23191836734693877, 0.2324387755102041, 0.23415306122448978, 0.23503061224489796, 0.2374387755102041, 0.23955102040816326, 0.23907142857142857, 0.24107142857142858, 0.2425408163265306, 0.24544897959183673, 0.24674489795918367, 0.24841836734693878, 0.24956122448979592, 0.25260204081632653, 0.2542551020408163, 0.25771428571428573, 0.25710204081632654, 0.2625, 0.26548979591836736, 0.2675918367346939, 0.2698673469387755, 0.275234693877551, 0.2793775510204082, 0.28216326530612246, 0.287765306122449, 0.2911020408163265, 0.29586734693877553, 0.30283673469387756, 0.30929591836734693, 0.3156530612244898, 0.32327551020408163, 0.3299795918367347, 0.3406326530612245, 0.35061224489795917, 0.3608877551020408, 0.3745612244897959, 0.3871428571428571, 0.4013775510204082, 0.4168775510204082, 0.43518367346938774, 0.45253061224489793, 0.47044897959183674, 0.489265306122449, 0.5062551020408164, 0.5208877551020408, 0.5316632653061224, 0.5371428571428571, 0.539530612244898]

model_val_acc_list: 
[0.035, 0.058, 0.083, 0.1065, 0.1265, 0.1355, 0.1335, 0.1535, 0.167, 0.1805, 0.1995, 0.2205, 0.22, 0.234, 0.2485, 0.262, 0.2575, 0.2635, 0.2605, 0.2725, 0.2775, 0.2775, 0.2875, 0.266, 0.298, 0.3065, 0.306, 0.28, 0.3195, 0.306, 0.304, 0.302, 0.3275, 0.307, 0.313, 0.312, 0.3155, 0.3105, 0.334, 0.314, 0.3265, 0.325, 0.3255, 0.3075, 0.324, 0.3305, 0.334, 0.323, 0.314, 0.3105, 0.3355, 0.32, 0.338, 0.347, 0.3675, 0.345, 0.347, 0.3435, 0.3495, 0.352, 0.3305, 0.355, 0.3525, 0.3345, 0.3585, 0.3765, 0.371, 0.362, 0.371, 0.374, 0.3725, 0.3685, 0.399, 0.3855, 0.3925, 0.398, 0.3965, 0.4005, 0.4075, 0.415, 0.4175, 0.4395, 0.417, 0.431, 0.4385, 0.431, 0.4505, 0.448, 0.457, 0.4595, 0.4725, 0.4735, 0.477, 0.478, 0.4835, 0.4795, 0.483, 0.491, 0.492, 0.4905]

model_pgd_acc_list: 
[0.0245, 0.031, 0.045, 0.056, 0.066, 0.0635, 0.07, 0.0745, 0.0845, 0.088, 0.094, 0.1155, 0.1135, 0.109, 0.114, 0.129, 0.12, 0.1225, 0.1265, 0.13, 0.123, 0.1325, 0.1325, 0.1255, 0.145, 0.141, 0.15, 0.136, 0.1595, 0.142, 0.145, 0.145, 0.1545, 0.1575, 0.149, 0.1445, 0.153, 0.146, 0.162, 0.148, 0.1665, 0.1655, 0.1465, 0.14, 0.1525, 0.158, 0.1565, 0.1515, 0.1575, 0.1275, 0.1665, 0.149, 0.157, 0.16, 0.1715, 0.1595, 0.1695, 0.1455, 0.1655, 0.1565, 0.1565, 0.1595, 0.174, 0.1675, 0.1655, 0.1795, 0.1825, 0.183, 0.176, 0.1785, 0.18, 0.1845, 0.188, 0.1875, 0.193, 0.1935, 0.1875, 0.193, 0.2065, 0.1965, 0.201, 0.2005, 0.1995, 0.208, 0.2025, 0.205, 0.199, 0.208, 0.21, 0.2095, 0.211, 0.211, 0.2075, 0.214, 0.2145, 0.2105, 0.216, 0.2185, 0.213, 0.213]

model_fgsm_acc_list: 
[0.025, 0.0315, 0.0475, 0.0565, 0.068, 0.0665, 0.072, 0.077, 0.0875, 0.0905, 0.1, 0.121, 0.118, 0.1175, 0.119, 0.1355, 0.1315, 0.1285, 0.134, 0.138, 0.13, 0.138, 0.14, 0.133, 0.153, 0.1505, 0.158, 0.146, 0.1675, 0.153, 0.157, 0.157, 0.1635, 0.166, 0.1615, 0.1635, 0.1635, 0.156, 0.172, 0.1575, 0.175, 0.175, 0.1585, 0.152, 0.1645, 0.1705, 0.1685, 0.166, 0.166, 0.1405, 0.177, 0.164, 0.1735, 0.172, 0.188, 0.1745, 0.1805, 0.1645, 0.1775, 0.1735, 0.1685, 0.172, 0.1825, 0.1765, 0.1815, 0.1955, 0.1945, 0.1945, 0.1935, 0.1975, 0.192, 0.195, 0.203, 0.202, 0.208, 0.2125, 0.203, 0.2085, 0.216, 0.211, 0.2175, 0.22, 0.2225, 0.225, 0.221, 0.226, 0.2225, 0.2275, 0.2335, 0.2325, 0.2305, 0.232, 0.2315, 0.2395, 0.2335, 0.24, 0.236, 0.237, 0.2345, 0.2355]

wa_val_acc_list: 
[0.003, 0.005, 0.0045, 0.004, 0.004, 0.0065, 0.011, 0.0215, 0.031, 0.0455, 0.07, 0.0955, 0.112, 0.1125, 0.1065, 0.0845, 0.0695, 0.0675, 0.075, 0.0955, 0.14, 0.186, 0.2255, 0.2605, 0.285, 0.307, 0.325, 0.339, 0.345, 0.3515, 0.3575, 0.362, 0.3655, 0.3665, 0.369, 0.373, 0.3755, 0.3765, 0.38, 0.3805, 0.3775, 0.383, 0.384, 0.3865, 0.3885, 0.39, 0.391, 0.3835, 0.3855, 0.387, 0.3885, 0.393, 0.3935, 0.3955, 0.3995, 0.398, 0.4015, 0.4035, 0.407, 0.4095, 0.4085, 0.4075, 0.412, 0.4125, 0.415, 0.414, 0.418, 0.42, 0.4175, 0.422, 0.4245, 0.424, 0.4235, 0.4275, 0.4265, 0.432, 0.433, 0.437, 0.44, 0.444, 0.4465, 0.4465, 0.4495, 0.453, 0.458, 0.4565, 0.4585, 0.461, 0.468, 0.4715, 0.4745, 0.475, 0.479, 0.482, 0.483, 0.4855, 0.4885, 0.4915, 0.492, 0.492]

wa_pgd_acc_list: 
[0.001, 0.001, 0.0035, 0.0025, 0.0035, 0.006, 0.008, 0.0135, 0.0185, 0.024, 0.0345, 0.0455, 0.0525, 0.052, 0.0485, 0.041, 0.0355, 0.0335, 0.035, 0.046, 0.066, 0.0945, 0.118, 0.1435, 0.162, 0.1825, 0.192, 0.196, 0.1955, 0.199, 0.202, 0.2035, 0.206, 0.2065, 0.207, 0.2115, 0.213, 0.214, 0.2135, 0.2155, 0.215, 0.2185, 0.2185, 0.2185, 0.218, 0.2215, 0.22, 0.2245, 0.2265, 0.2255, 0.228, 0.2315, 0.232, 0.235, 0.2315, 0.2345, 0.235, 0.24, 0.238, 0.24, 0.24, 0.2395, 0.2405, 0.2435, 0.24, 0.2405, 0.242, 0.2425, 0.2455, 0.2435, 0.245, 0.2435, 0.246, 0.248, 0.2475, 0.247, 0.2475, 0.248, 0.2425, 0.244, 0.2445, 0.2415, 0.2455, 0.247, 0.24, 0.242, 0.2405, 0.2395, 0.2375, 0.2365, 0.2375, 0.236, 0.2335, 0.231, 0.2295, 0.229, 0.228, 0.227, 0.2225, 0.2205]

wa_fgsm_acc_list: 
[0.001, 0.002, 0.0035, 0.0025, 0.0035, 0.006, 0.008, 0.0135, 0.0185, 0.024, 0.0345, 0.046, 0.0525, 0.052, 0.048, 0.0415, 0.0365, 0.0345, 0.0355, 0.048, 0.068, 0.097, 0.121, 0.148, 0.165, 0.187, 0.1985, 0.197, 0.203, 0.2075, 0.212, 0.2125, 0.2165, 0.215, 0.2195, 0.2225, 0.2265, 0.223, 0.222, 0.224, 0.2235, 0.2265, 0.2305, 0.231, 0.233, 0.2335, 0.2365, 0.2385, 0.2375, 0.236, 0.24, 0.24, 0.2415, 0.245, 0.242, 0.2455, 0.2465, 0.25, 0.249, 0.2475, 0.2475, 0.2475, 0.2505, 0.2515, 0.2525, 0.249, 0.251, 0.255, 0.2565, 0.257, 0.258, 0.256, 0.258, 0.257, 0.2575, 0.2585, 0.259, 0.257, 0.256, 0.256, 0.2545, 0.254, 0.257, 0.2565, 0.2585, 0.258, 0.259, 0.2565, 0.256, 0.251, 0.2535, 0.2505, 0.2485, 0.2465, 0.2485, 0.247, 0.2435, 0.2425, 0.239, 0.236]

total_training_time: 
28544.272158145905

total_val_time: 
1284.5684649944305

max_gpu_memory: 4.56 GB

==================================================
Starting final evaluation on test set...
==================================================
PGD test results:
  clean_acc: 0.4713
  pgd_10_acc: 0.2613
  pgd_20_acc: 0.2595
  pgd_50_acc: 0.2591
AutoAttack results:
  autoattack_acc: 0.1966
CR-Attack results:
  cr_attack_acc: 0.1976
