scheduler: OneCycleLR
label smoothing: 0.4
weight average: True, tau: 0.9995


============ Epoch 0 ============
Training time: 142.73s
Training loss: 5.0037
Training accuracy: 0.0813
Current GPU memory: 6.57 GB
Validation time: 12.75
Model - Validation accuracy: 0.1495
Model - FGSM accuracy: 0.0200
Model - PGD accuracy: 0.0135
WA Model - Validation accuracy: 0.0060
WA Model - FGSM accuracy: 0.0000
WA Model - PGD accuracy: 0.0000
Best model: model (PGD acc: 0.0135, Val acc: 0.1495)

============ Epoch 1 ============
Training time: 144.06s
Training loss: 4.7352
Training accuracy: 0.1820
Current GPU memory: 6.57 GB
Validation time: 12.87
Model - Validation accuracy: 0.2155
Model - FGSM accuracy: 0.0330
Model - PGD accuracy: 0.0205
WA Model - Validation accuracy: 0.0065
WA Model - FGSM accuracy: 0.0050
WA Model - PGD accuracy: 0.0040
Best model: model (PGD acc: 0.0205, Val acc: 0.2155)

============ Epoch 2 ============
Training time: 144.28s
Training loss: 4.6017
Training accuracy: 0.2448
Current GPU memory: 6.57 GB
Validation time: 12.85
Model - Validation accuracy: 0.2625
Model - FGSM accuracy: 0.0375
Model - PGD accuracy: 0.0265
WA Model - Validation accuracy: 0.0075
WA Model - FGSM accuracy: 0.0060
WA Model - PGD accuracy: 0.0060
Best model: model (PGD acc: 0.0265, Val acc: 0.2625)

============ Epoch 3 ============
Training time: 144.20s
Training loss: 4.5207
Training accuracy: 0.2873
Current GPU memory: 6.57 GB
Validation time: 12.91
Model - Validation accuracy: 0.2970
Model - FGSM accuracy: 0.0405
Model - PGD accuracy: 0.0300
WA Model - Validation accuracy: 0.0095
WA Model - FGSM accuracy: 0.0060
WA Model - PGD accuracy: 0.0050
Best model: model (PGD acc: 0.0300, Val acc: 0.2970)

============ Epoch 4 ============
Training time: 144.31s
Training loss: 4.4606
Training accuracy: 0.3218
Current GPU memory: 6.57 GB
Validation time: 13.30
Model - Validation accuracy: 0.3375
Model - FGSM accuracy: 0.0500
Model - PGD accuracy: 0.0280
WA Model - Validation accuracy: 0.0085
WA Model - FGSM accuracy: 0.0070
WA Model - PGD accuracy: 0.0070
Best model: model (PGD acc: 0.0280, Val acc: 0.3375)

============ Epoch 5 ============
Training time: 144.37s
Training loss: 4.4180
Training accuracy: 0.3463
Current GPU memory: 6.57 GB
Validation time: 12.87
Model - Validation accuracy: 0.3435
Model - FGSM accuracy: 0.0475
Model - PGD accuracy: 0.0265
WA Model - Validation accuracy: 0.0165
WA Model - FGSM accuracy: 0.0075
WA Model - PGD accuracy: 0.0075
Best model: model (PGD acc: 0.0265, Val acc: 0.3435)

============ Epoch 6 ============
Training time: 144.46s
Training loss: 4.3772
Training accuracy: 0.3691
Current GPU memory: 6.57 GB
Validation time: 12.95
Model - Validation accuracy: 0.3660
Model - FGSM accuracy: 0.0540
Model - PGD accuracy: 0.0320
WA Model - Validation accuracy: 0.0440
WA Model - FGSM accuracy: 0.0105
WA Model - PGD accuracy: 0.0105
Best model: model (PGD acc: 0.0320, Val acc: 0.3660)

============ Epoch 7 ============
Training time: 144.34s
Training loss: 4.3456
Training accuracy: 0.3868
Current GPU memory: 6.57 GB
Validation time: 12.87
Model - Validation accuracy: 0.3915
Model - FGSM accuracy: 0.0560
Model - PGD accuracy: 0.0320
WA Model - Validation accuracy: 0.0915
WA Model - FGSM accuracy: 0.0235
WA Model - PGD accuracy: 0.0180
Best model: model (PGD acc: 0.0320, Val acc: 0.3915)

============ Epoch 8 ============
Training time: 144.27s
Training loss: 4.3124
Training accuracy: 0.4063
Current GPU memory: 6.57 GB
Validation time: 12.86
Model - Validation accuracy: 0.3935
Model - FGSM accuracy: 0.0575
Model - PGD accuracy: 0.0335
WA Model - Validation accuracy: 0.1745
WA Model - FGSM accuracy: 0.0320
WA Model - PGD accuracy: 0.0245
Best model: model (PGD acc: 0.0335, Val acc: 0.3935)

============ Epoch 9 ============
Training time: 144.31s
Training loss: 4.2846
Training accuracy: 0.4247
Current GPU memory: 6.57 GB
Validation time: 12.93
Model - Validation accuracy: 0.3990
Model - FGSM accuracy: 0.0710
Model - PGD accuracy: 0.0435
WA Model - Validation accuracy: 0.2605
WA Model - FGSM accuracy: 0.0465
WA Model - PGD accuracy: 0.0350
Best model: model (PGD acc: 0.0435, Val acc: 0.3990)

============ Epoch 10 ============
Training time: 144.16s
Training loss: 4.2575
Training accuracy: 0.4386
Current GPU memory: 6.57 GB
Validation time: 12.89
Model - Validation accuracy: 0.4090
Model - FGSM accuracy: 0.0710
Model - PGD accuracy: 0.0480
WA Model - Validation accuracy: 0.3230
WA Model - FGSM accuracy: 0.0610
WA Model - PGD accuracy: 0.0395
Best model: model (PGD acc: 0.0480, Val acc: 0.4090)

============ Epoch 11 ============
Training time: 143.90s
Training loss: 4.2333
Training accuracy: 0.4525
Current GPU memory: 6.57 GB
Validation time: 12.83
Model - Validation accuracy: 0.3895
Model - FGSM accuracy: 0.0645
Model - PGD accuracy: 0.0370
WA Model - Validation accuracy: 0.3485
WA Model - FGSM accuracy: 0.0640
WA Model - PGD accuracy: 0.0435
Best model: wa_model (PGD acc: 0.0435, Val acc: 0.3485)

============ Epoch 12 ============
Training time: 143.80s
Training loss: 4.2155
Training accuracy: 0.4639
Current GPU memory: 6.57 GB
Validation time: 12.82
Model - Validation accuracy: 0.4245
Model - FGSM accuracy: 0.0780
Model - PGD accuracy: 0.0420
WA Model - Validation accuracy: 0.3465
WA Model - FGSM accuracy: 0.0635
WA Model - PGD accuracy: 0.0440
Best model: wa_model (PGD acc: 0.0440, Val acc: 0.3465)

============ Epoch 13 ============
Training time: 144.02s
Training loss: 4.1986
Training accuracy: 0.4739
Current GPU memory: 6.57 GB
Validation time: 12.85
Model - Validation accuracy: 0.4295
Model - FGSM accuracy: 0.0820
Model - PGD accuracy: 0.0465
WA Model - Validation accuracy: 0.3200
WA Model - FGSM accuracy: 0.0500
WA Model - PGD accuracy: 0.0375
Best model: model (PGD acc: 0.0465, Val acc: 0.4295)

============ Epoch 14 ============
Training time: 143.83s
Training loss: 4.1869
Training accuracy: 0.4786
Current GPU memory: 6.57 GB
Validation time: 12.89
Model - Validation accuracy: 0.4290
Model - FGSM accuracy: 0.0750
Model - PGD accuracy: 0.0425
WA Model - Validation accuracy: 0.2770
WA Model - FGSM accuracy: 0.0450
WA Model - PGD accuracy: 0.0360
Best model: model (PGD acc: 0.0425, Val acc: 0.4290)

============ Epoch 15 ============
Training time: 143.81s
Training loss: 4.1782
Training accuracy: 0.4847
Current GPU memory: 6.57 GB
Validation time: 12.85
Model - Validation accuracy: 0.4240
Model - FGSM accuracy: 0.0830
Model - PGD accuracy: 0.0520
WA Model - Validation accuracy: 0.2335
WA Model - FGSM accuracy: 0.0435
WA Model - PGD accuracy: 0.0325
Best model: model (PGD acc: 0.0520, Val acc: 0.4240)

============ Epoch 16 ============
Training time: 143.87s
Training loss: 4.1716
Training accuracy: 0.4880
Current GPU memory: 6.57 GB
Validation time: 12.85
Model - Validation accuracy: 0.4320
Model - FGSM accuracy: 0.0710
Model - PGD accuracy: 0.0400
WA Model - Validation accuracy: 0.2090
WA Model - FGSM accuracy: 0.0395
WA Model - PGD accuracy: 0.0325
Best model: model (PGD acc: 0.0400, Val acc: 0.4320)

============ Epoch 17 ============
Training time: 143.82s
Training loss: 4.1658
Training accuracy: 0.4919
Current GPU memory: 6.57 GB
Validation time: 12.84
Model - Validation accuracy: 0.4295
Model - FGSM accuracy: 0.0865
Model - PGD accuracy: 0.0540
WA Model - Validation accuracy: 0.2205
WA Model - FGSM accuracy: 0.0405
WA Model - PGD accuracy: 0.0350
Best model: model (PGD acc: 0.0540, Val acc: 0.4295)

============ Epoch 18 ============
Training time: 143.64s
Training loss: 4.1599
Training accuracy: 0.4948
Current GPU memory: 6.57 GB
Validation time: 12.84
Model - Validation accuracy: 0.4595
Model - FGSM accuracy: 0.0815
Model - PGD accuracy: 0.0565
WA Model - Validation accuracy: 0.2415
WA Model - FGSM accuracy: 0.0455
WA Model - PGD accuracy: 0.0385
Best model: model (PGD acc: 0.0565, Val acc: 0.4595)

============ Epoch 19 ============
Training time: 143.66s
Training loss: 4.1538
Training accuracy: 0.4996
Current GPU memory: 6.57 GB
Validation time: 12.79
Model - Validation accuracy: 0.4160
Model - FGSM accuracy: 0.0765
Model - PGD accuracy: 0.0460
WA Model - Validation accuracy: 0.2945
WA Model - FGSM accuracy: 0.0570
WA Model - PGD accuracy: 0.0445
Best model: model (PGD acc: 0.0460, Val acc: 0.4160)

============ Epoch 20 ============
Training time: 143.61s
Training loss: 4.1483
Training accuracy: 0.5029
Current GPU memory: 6.57 GB
Validation time: 12.81
Model - Validation accuracy: 0.4145
Model - FGSM accuracy: 0.0735
Model - PGD accuracy: 0.0455
WA Model - Validation accuracy: 0.3545
WA Model - FGSM accuracy: 0.0780
WA Model - PGD accuracy: 0.0570
Best model: wa_model (PGD acc: 0.0570, Val acc: 0.3545)

============ Epoch 21 ============
Training time: 143.50s
Training loss: 4.1431
Training accuracy: 0.5045
Current GPU memory: 6.57 GB
Validation time: 12.81
Model - Validation accuracy: 0.4250
Model - FGSM accuracy: 0.0770
Model - PGD accuracy: 0.0395
WA Model - Validation accuracy: 0.4065
WA Model - FGSM accuracy: 0.0935
WA Model - PGD accuracy: 0.0710
Best model: wa_model (PGD acc: 0.0710, Val acc: 0.4065)

============ Epoch 22 ============
Training time: 143.60s
Training loss: 4.1388
Training accuracy: 0.5060
Current GPU memory: 6.57 GB
Validation time: 12.78
Model - Validation accuracy: 0.4470
Model - FGSM accuracy: 0.0870
Model - PGD accuracy: 0.0530
WA Model - Validation accuracy: 0.4515
WA Model - FGSM accuracy: 0.1085
WA Model - PGD accuracy: 0.0785
Best model: wa_model (PGD acc: 0.0785, Val acc: 0.4515)

============ Epoch 23 ============
Training time: 143.53s
Training loss: 4.1344
Training accuracy: 0.5069
Current GPU memory: 6.57 GB
Validation time: 12.80
Model - Validation accuracy: 0.4585
Model - FGSM accuracy: 0.0825
Model - PGD accuracy: 0.0475
WA Model - Validation accuracy: 0.4860
WA Model - FGSM accuracy: 0.1240
WA Model - PGD accuracy: 0.0880
Best model: wa_model (PGD acc: 0.0880, Val acc: 0.4860)

============ Epoch 24 ============
Training time: 143.89s
Training loss: 4.1289
Training accuracy: 0.5109
Current GPU memory: 6.57 GB
Validation time: 12.84
Model - Validation accuracy: 0.4650
Model - FGSM accuracy: 0.0900
Model - PGD accuracy: 0.0510
WA Model - Validation accuracy: 0.5110
WA Model - FGSM accuracy: 0.1345
WA Model - PGD accuracy: 0.0935
Best model: wa_model (PGD acc: 0.0935, Val acc: 0.5110)

============ Epoch 25 ============
Training time: 144.04s
Training loss: 4.1253
Training accuracy: 0.5122
Current GPU memory: 6.57 GB
Validation time: 12.77
Model - Validation accuracy: 0.4340
Model - FGSM accuracy: 0.0730
Model - PGD accuracy: 0.0345
WA Model - Validation accuracy: 0.5250
WA Model - FGSM accuracy: 0.1405
WA Model - PGD accuracy: 0.0940
Best model: wa_model (PGD acc: 0.0940, Val acc: 0.5250)

============ Epoch 26 ============
Training time: 143.87s
Training loss: 4.1220
Training accuracy: 0.5166
Current GPU memory: 6.57 GB
Validation time: 12.80
Model - Validation accuracy: 0.4470
Model - FGSM accuracy: 0.0745
Model - PGD accuracy: 0.0460
WA Model - Validation accuracy: 0.5405
WA Model - FGSM accuracy: 0.1440
WA Model - PGD accuracy: 0.0985
Best model: wa_model (PGD acc: 0.0985, Val acc: 0.5405)

============ Epoch 27 ============
Training time: 143.89s
Training loss: 4.1185
Training accuracy: 0.5176
Current GPU memory: 6.57 GB
Validation time: 12.84
Model - Validation accuracy: 0.4455
Model - FGSM accuracy: 0.0770
Model - PGD accuracy: 0.0395
WA Model - Validation accuracy: 0.5505
WA Model - FGSM accuracy: 0.1505
WA Model - PGD accuracy: 0.0985
Best model: wa_model (PGD acc: 0.0985, Val acc: 0.5505)

============ Epoch 28 ============
Training time: 143.77s
Training loss: 4.1138
Training accuracy: 0.5198
Current GPU memory: 6.57 GB
Validation time: 12.76
Model - Validation accuracy: 0.4525
Model - FGSM accuracy: 0.0810
Model - PGD accuracy: 0.0500
WA Model - Validation accuracy: 0.5605
WA Model - FGSM accuracy: 0.1525
WA Model - PGD accuracy: 0.0995
Best model: wa_model (PGD acc: 0.0995, Val acc: 0.5605)

============ Epoch 29 ============
Training time: 143.60s
Training loss: 4.1109
Training accuracy: 0.5210
Current GPU memory: 6.57 GB
Validation time: 12.80
Model - Validation accuracy: 0.4635
Model - FGSM accuracy: 0.0825
Model - PGD accuracy: 0.0505
WA Model - Validation accuracy: 0.5605
WA Model - FGSM accuracy: 0.1575
WA Model - PGD accuracy: 0.0995
Best model: wa_model (PGD acc: 0.0995, Val acc: 0.5605)

============ Epoch 30 ============
Training time: 143.81s
Training loss: 4.1055
Training accuracy: 0.5250
Current GPU memory: 6.57 GB
Validation time: 12.86
Model - Validation accuracy: 0.4645
Model - FGSM accuracy: 0.0845
Model - PGD accuracy: 0.0535
WA Model - Validation accuracy: 0.5630
WA Model - FGSM accuracy: 0.1615
WA Model - PGD accuracy: 0.1050
Best model: wa_model (PGD acc: 0.1050, Val acc: 0.5630)

============ Epoch 31 ============
Training time: 143.87s
Training loss: 4.1033
Training accuracy: 0.5259
Current GPU memory: 6.57 GB
Validation time: 12.84
Model - Validation accuracy: 0.4620
Model - FGSM accuracy: 0.0845
Model - PGD accuracy: 0.0555
WA Model - Validation accuracy: 0.5615
WA Model - FGSM accuracy: 0.1590
WA Model - PGD accuracy: 0.1035
Best model: wa_model (PGD acc: 0.1035, Val acc: 0.5615)

============ Epoch 32 ============
Training time: 143.76s
Training loss: 4.0991
Training accuracy: 0.5290
Current GPU memory: 6.57 GB
Validation time: 12.91
Model - Validation accuracy: 0.4600
Model - FGSM accuracy: 0.0930
Model - PGD accuracy: 0.0610
WA Model - Validation accuracy: 0.5675
WA Model - FGSM accuracy: 0.1600
WA Model - PGD accuracy: 0.1050
Best model: wa_model (PGD acc: 0.1050, Val acc: 0.5675)

============ Epoch 33 ============
Training time: 144.15s
Training loss: 4.0958
Training accuracy: 0.5304
Current GPU memory: 6.57 GB
Validation time: 12.89
Model - Validation accuracy: 0.4750
Model - FGSM accuracy: 0.1020
Model - PGD accuracy: 0.0635
WA Model - Validation accuracy: 0.5740
WA Model - FGSM accuracy: 0.1635
WA Model - PGD accuracy: 0.1075
Best model: wa_model (PGD acc: 0.1075, Val acc: 0.5740)

============ Epoch 34 ============
Training time: 144.20s
Training loss: 4.0918
Training accuracy: 0.5320
Current GPU memory: 6.57 GB
Validation time: 12.79
Model - Validation accuracy: 0.4695
Model - FGSM accuracy: 0.1045
Model - PGD accuracy: 0.0640
WA Model - Validation accuracy: 0.5760
WA Model - FGSM accuracy: 0.1630
WA Model - PGD accuracy: 0.1085
Best model: wa_model (PGD acc: 0.1085, Val acc: 0.5760)

============ Epoch 35 ============
Training time: 143.49s
Training loss: 4.0897
Training accuracy: 0.5341
Current GPU memory: 6.57 GB
Validation time: 12.79
Model - Validation accuracy: 0.4850
Model - FGSM accuracy: 0.0995
Model - PGD accuracy: 0.0595
WA Model - Validation accuracy: 0.5820
WA Model - FGSM accuracy: 0.1635
WA Model - PGD accuracy: 0.1075
Best model: wa_model (PGD acc: 0.1075, Val acc: 0.5820)

============ Epoch 36 ============
Training time: 143.66s
Training loss: 4.0856
Training accuracy: 0.5354
Current GPU memory: 6.57 GB
Validation time: 12.79
Model - Validation accuracy: 0.4420
Model - FGSM accuracy: 0.0775
Model - PGD accuracy: 0.0455
WA Model - Validation accuracy: 0.5840
WA Model - FGSM accuracy: 0.1640
WA Model - PGD accuracy: 0.1075
Best model: wa_model (PGD acc: 0.1075, Val acc: 0.5840)

============ Epoch 37 ============
Training time: 143.79s
Training loss: 4.0837
Training accuracy: 0.5369
Current GPU memory: 6.57 GB
Validation time: 12.84
Model - Validation accuracy: 0.4290
Model - FGSM accuracy: 0.0845
Model - PGD accuracy: 0.0545
WA Model - Validation accuracy: 0.5780
WA Model - FGSM accuracy: 0.1620
WA Model - PGD accuracy: 0.1085
Best model: wa_model (PGD acc: 0.1085, Val acc: 0.5780)

============ Epoch 38 ============
Training time: 143.70s
Training loss: 4.0817
Training accuracy: 0.5374
Current GPU memory: 6.57 GB
Validation time: 12.80
Model - Validation accuracy: 0.4765
Model - FGSM accuracy: 0.0950
Model - PGD accuracy: 0.0540
WA Model - Validation accuracy: 0.5810
WA Model - FGSM accuracy: 0.1610
WA Model - PGD accuracy: 0.1090
Best model: wa_model (PGD acc: 0.1090, Val acc: 0.5810)

============ Epoch 39 ============
Training time: 143.76s
Training loss: 4.0786
Training accuracy: 0.5392
Current GPU memory: 6.57 GB
Validation time: 12.79
Model - Validation accuracy: 0.4545
Model - FGSM accuracy: 0.0895
Model - PGD accuracy: 0.0490
WA Model - Validation accuracy: 0.5850
WA Model - FGSM accuracy: 0.1605
WA Model - PGD accuracy: 0.1105
Best model: wa_model (PGD acc: 0.1105, Val acc: 0.5850)

============ Epoch 40 ============
Training time: 143.74s
Training loss: 4.0739
Training accuracy: 0.5428
Current GPU memory: 6.57 GB
Validation time: 12.83
Model - Validation accuracy: 0.4725
Model - FGSM accuracy: 0.0980
Model - PGD accuracy: 0.0605
WA Model - Validation accuracy: 0.5895
WA Model - FGSM accuracy: 0.1615
WA Model - PGD accuracy: 0.1095
Best model: wa_model (PGD acc: 0.1095, Val acc: 0.5895)

============ Epoch 41 ============
Training time: 143.89s
Training loss: 4.0710
Training accuracy: 0.5443
Current GPU memory: 6.57 GB
Validation time: 12.83
Model - Validation accuracy: 0.4700
Model - FGSM accuracy: 0.0960
Model - PGD accuracy: 0.0625
WA Model - Validation accuracy: 0.5880
WA Model - FGSM accuracy: 0.1620
WA Model - PGD accuracy: 0.1120
Best model: wa_model (PGD acc: 0.1120, Val acc: 0.5880)

============ Epoch 42 ============
Training time: 143.76s
Training loss: 4.0695
Training accuracy: 0.5443
Current GPU memory: 6.57 GB
Validation time: 12.82
Model - Validation accuracy: 0.4630
Model - FGSM accuracy: 0.1015
Model - PGD accuracy: 0.0590
WA Model - Validation accuracy: 0.5900
WA Model - FGSM accuracy: 0.1635
WA Model - PGD accuracy: 0.1100
Best model: wa_model (PGD acc: 0.1100, Val acc: 0.5900)

============ Epoch 43 ============
Training time: 143.72s
Training loss: 4.0650
Training accuracy: 0.5464
Current GPU memory: 6.57 GB
Validation time: 12.86
Model - Validation accuracy: 0.4795
Model - FGSM accuracy: 0.0980
Model - PGD accuracy: 0.0570
WA Model - Validation accuracy: 0.5925
WA Model - FGSM accuracy: 0.1690
WA Model - PGD accuracy: 0.1125
Best model: wa_model (PGD acc: 0.1125, Val acc: 0.5925)

============ Epoch 44 ============
Training time: 143.57s
Training loss: 4.0647
Training accuracy: 0.5465
Current GPU memory: 6.57 GB
Validation time: 12.83
Model - Validation accuracy: 0.4735
Model - FGSM accuracy: 0.0975
Model - PGD accuracy: 0.0495
WA Model - Validation accuracy: 0.5980
WA Model - FGSM accuracy: 0.1665
WA Model - PGD accuracy: 0.1120
Best model: wa_model (PGD acc: 0.1120, Val acc: 0.5980)

============ Epoch 45 ============
Training time: 143.55s
Training loss: 4.0614
Training accuracy: 0.5494
Current GPU memory: 6.57 GB
Validation time: 12.82
Model - Validation accuracy: 0.4875
Model - FGSM accuracy: 0.1080
Model - PGD accuracy: 0.0615
WA Model - Validation accuracy: 0.5945
WA Model - FGSM accuracy: 0.1670
WA Model - PGD accuracy: 0.1115
Best model: wa_model (PGD acc: 0.1115, Val acc: 0.5945)

============ Epoch 46 ============
Training time: 143.66s
Training loss: 4.0574
Training accuracy: 0.5515
Current GPU memory: 6.57 GB
Validation time: 12.80
Model - Validation accuracy: 0.4700
Model - FGSM accuracy: 0.0975
Model - PGD accuracy: 0.0605
WA Model - Validation accuracy: 0.5960
WA Model - FGSM accuracy: 0.1660
WA Model - PGD accuracy: 0.1125
Best model: wa_model (PGD acc: 0.1125, Val acc: 0.5960)

============ Epoch 47 ============
Training time: 143.62s
Training loss: 4.0534
Training accuracy: 0.5538
Current GPU memory: 6.57 GB
Validation time: 12.85
Model - Validation accuracy: 0.4750
Model - FGSM accuracy: 0.0945
Model - PGD accuracy: 0.0575
WA Model - Validation accuracy: 0.5970
WA Model - FGSM accuracy: 0.1710
WA Model - PGD accuracy: 0.1110
Best model: wa_model (PGD acc: 0.1110, Val acc: 0.5970)

============ Epoch 48 ============
Training time: 143.69s
Training loss: 4.0510
Training accuracy: 0.5552
Current GPU memory: 6.57 GB
Validation time: 12.83
Model - Validation accuracy: 0.4920
Model - FGSM accuracy: 0.0990
Model - PGD accuracy: 0.0620
WA Model - Validation accuracy: 0.5990
WA Model - FGSM accuracy: 0.1705
WA Model - PGD accuracy: 0.1130
Best model: wa_model (PGD acc: 0.1130, Val acc: 0.5990)

============ Epoch 49 ============
Training time: 143.60s
Training loss: 4.0485
Training accuracy: 0.5558
Current GPU memory: 6.57 GB
Validation time: 12.87
Model - Validation accuracy: 0.4615
Model - FGSM accuracy: 0.0950
Model - PGD accuracy: 0.0590
WA Model - Validation accuracy: 0.6005
WA Model - FGSM accuracy: 0.1710
WA Model - PGD accuracy: 0.1145
Best model: wa_model (PGD acc: 0.1145, Val acc: 0.6005)

============ Epoch 50 ============
Training time: 143.58s
Training loss: 4.0433
Training accuracy: 0.5604
Current GPU memory: 6.57 GB
Validation time: 12.80
Model - Validation accuracy: 0.4940
Model - FGSM accuracy: 0.1025
Model - PGD accuracy: 0.0595
WA Model - Validation accuracy: 0.5970
WA Model - FGSM accuracy: 0.1725
WA Model - PGD accuracy: 0.1100
Best model: wa_model (PGD acc: 0.1100, Val acc: 0.5970)

============ Epoch 51 ============
Training time: 143.40s
Training loss: 4.0411
Training accuracy: 0.5621
Current GPU memory: 6.57 GB
Validation time: 12.77
Model - Validation accuracy: 0.4835
Model - FGSM accuracy: 0.1105
Model - PGD accuracy: 0.0635
WA Model - Validation accuracy: 0.6005
WA Model - FGSM accuracy: 0.1705
WA Model - PGD accuracy: 0.1105
Best model: wa_model (PGD acc: 0.1105, Val acc: 0.6005)

============ Epoch 52 ============
Training time: 143.49s
Training loss: 4.0362
Training accuracy: 0.5661
Current GPU memory: 6.57 GB
Validation time: 12.80
Model - Validation accuracy: 0.4895
Model - FGSM accuracy: 0.1070
Model - PGD accuracy: 0.0730
WA Model - Validation accuracy: 0.6035
WA Model - FGSM accuracy: 0.1760
WA Model - PGD accuracy: 0.1130
Best model: wa_model (PGD acc: 0.1130, Val acc: 0.6035)

============ Epoch 53 ============
Training time: 143.43s
Training loss: 4.0339
Training accuracy: 0.5654
Current GPU memory: 6.57 GB
Validation time: 12.81
Model - Validation accuracy: 0.4870
Model - FGSM accuracy: 0.1110
Model - PGD accuracy: 0.0645
WA Model - Validation accuracy: 0.5995
WA Model - FGSM accuracy: 0.1745
WA Model - PGD accuracy: 0.1110
Best model: wa_model (PGD acc: 0.1110, Val acc: 0.5995)

============ Epoch 54 ============
Training time: 143.39s
Training loss: 4.0284
Training accuracy: 0.5692
Current GPU memory: 6.57 GB
Validation time: 12.81
Model - Validation accuracy: 0.5025
Model - FGSM accuracy: 0.1040
Model - PGD accuracy: 0.0625
WA Model - Validation accuracy: 0.6040
WA Model - FGSM accuracy: 0.1765
WA Model - PGD accuracy: 0.1120
Best model: wa_model (PGD acc: 0.1120, Val acc: 0.6040)

============ Epoch 55 ============
Training time: 143.28s
Training loss: 4.0257
Training accuracy: 0.5721
Current GPU memory: 6.57 GB
Validation time: 12.72
Model - Validation accuracy: 0.4830
Model - FGSM accuracy: 0.0965
Model - PGD accuracy: 0.0595
WA Model - Validation accuracy: 0.6055
WA Model - FGSM accuracy: 0.1775
WA Model - PGD accuracy: 0.1145
Best model: wa_model (PGD acc: 0.1145, Val acc: 0.6055)

============ Epoch 56 ============
Training time: 143.40s
Training loss: 4.0226
Training accuracy: 0.5723
Current GPU memory: 6.57 GB
Validation time: 12.73
Model - Validation accuracy: 0.4865
Model - FGSM accuracy: 0.1005
Model - PGD accuracy: 0.0590
WA Model - Validation accuracy: 0.6040
WA Model - FGSM accuracy: 0.1760
WA Model - PGD accuracy: 0.1150
Best model: wa_model (PGD acc: 0.1150, Val acc: 0.6040)

============ Epoch 57 ============
Training time: 143.45s
Training loss: 4.0165
Training accuracy: 0.5772
Current GPU memory: 6.57 GB
Validation time: 12.80
Model - Validation accuracy: 0.4970
Model - FGSM accuracy: 0.1080
Model - PGD accuracy: 0.0615
WA Model - Validation accuracy: 0.6000
WA Model - FGSM accuracy: 0.1775
WA Model - PGD accuracy: 0.1150
Best model: wa_model (PGD acc: 0.1150, Val acc: 0.6000)

============ Epoch 58 ============
Training time: 143.51s
Training loss: 4.0113
Training accuracy: 0.5793
Current GPU memory: 6.57 GB
Validation time: 12.81
Model - Validation accuracy: 0.5020
Model - FGSM accuracy: 0.1165
Model - PGD accuracy: 0.0720
WA Model - Validation accuracy: 0.6020
WA Model - FGSM accuracy: 0.1785
WA Model - PGD accuracy: 0.1200
Best model: wa_model (PGD acc: 0.1200, Val acc: 0.6020)

============ Epoch 59 ============
Training time: 143.49s
Training loss: 4.0073
Training accuracy: 0.5822
Current GPU memory: 6.57 GB
Validation time: 12.72
Model - Validation accuracy: 0.4730
Model - FGSM accuracy: 0.1140
Model - PGD accuracy: 0.0700
WA Model - Validation accuracy: 0.6095
WA Model - FGSM accuracy: 0.1780
WA Model - PGD accuracy: 0.1210
Best model: wa_model (PGD acc: 0.1210, Val acc: 0.6095)

============ Epoch 60 ============
Training time: 143.35s
Training loss: 4.0034
Training accuracy: 0.5846
Current GPU memory: 6.57 GB
Validation time: 12.81
Model - Validation accuracy: 0.4845
Model - FGSM accuracy: 0.0955
Model - PGD accuracy: 0.0600
WA Model - Validation accuracy: 0.6045
WA Model - FGSM accuracy: 0.1830
WA Model - PGD accuracy: 0.1220
Best model: wa_model (PGD acc: 0.1220, Val acc: 0.6045)

============ Epoch 61 ============
Training time: 143.40s
Training loss: 3.9968
Training accuracy: 0.5890
Current GPU memory: 6.57 GB
Validation time: 12.80
Model - Validation accuracy: 0.4590
Model - FGSM accuracy: 0.0965
Model - PGD accuracy: 0.0550
WA Model - Validation accuracy: 0.6050
WA Model - FGSM accuracy: 0.1855
WA Model - PGD accuracy: 0.1220
Best model: wa_model (PGD acc: 0.1220, Val acc: 0.6050)

============ Epoch 62 ============
Training time: 143.44s
Training loss: 3.9925
Training accuracy: 0.5949
Current GPU memory: 6.57 GB
Validation time: 12.81
Model - Validation accuracy: 0.5075
Model - FGSM accuracy: 0.1105
Model - PGD accuracy: 0.0670
WA Model - Validation accuracy: 0.6035
WA Model - FGSM accuracy: 0.1870
WA Model - PGD accuracy: 0.1210
Best model: wa_model (PGD acc: 0.1210, Val acc: 0.6035)

============ Epoch 63 ============
Training time: 143.56s
Training loss: 3.9873
Training accuracy: 0.5948
Current GPU memory: 6.57 GB
Validation time: 12.73
Model - Validation accuracy: 0.5205
Model - FGSM accuracy: 0.1100
Model - PGD accuracy: 0.0610
WA Model - Validation accuracy: 0.6060
WA Model - FGSM accuracy: 0.1855
WA Model - PGD accuracy: 0.1235
Best model: wa_model (PGD acc: 0.1235, Val acc: 0.6060)

============ Epoch 64 ============
Training time: 143.50s
Training loss: 3.9810
Training accuracy: 0.5994
Current GPU memory: 6.57 GB
Validation time: 12.81
Model - Validation accuracy: 0.5295
Model - FGSM accuracy: 0.1215
Model - PGD accuracy: 0.0860
WA Model - Validation accuracy: 0.6075
WA Model - FGSM accuracy: 0.1870
WA Model - PGD accuracy: 0.1255
Best model: wa_model (PGD acc: 0.1255, Val acc: 0.6075)

============ Epoch 65 ============
Training time: 143.52s
Training loss: 3.9744
Training accuracy: 0.6021
Current GPU memory: 6.57 GB
Validation time: 12.78
Model - Validation accuracy: 0.5050
Model - FGSM accuracy: 0.1125
Model - PGD accuracy: 0.0620
WA Model - Validation accuracy: 0.6110
WA Model - FGSM accuracy: 0.1880
WA Model - PGD accuracy: 0.1270
Best model: wa_model (PGD acc: 0.1270, Val acc: 0.6110)

============ Epoch 66 ============
Training time: 143.70s
Training loss: 3.9673
Training accuracy: 0.6095
Current GPU memory: 6.57 GB
Validation time: 12.85
Model - Validation accuracy: 0.5040
Model - FGSM accuracy: 0.1175
Model - PGD accuracy: 0.0770
WA Model - Validation accuracy: 0.6115
WA Model - FGSM accuracy: 0.1895
WA Model - PGD accuracy: 0.1235
Best model: wa_model (PGD acc: 0.1235, Val acc: 0.6115)

============ Epoch 67 ============
Training time: 143.77s
Training loss: 3.9607
Training accuracy: 0.6107
Current GPU memory: 6.57 GB
Validation time: 12.95
Model - Validation accuracy: 0.5025
Model - FGSM accuracy: 0.1230
Model - PGD accuracy: 0.0685
WA Model - Validation accuracy: 0.6150
WA Model - FGSM accuracy: 0.1885
WA Model - PGD accuracy: 0.1275
Best model: wa_model (PGD acc: 0.1275, Val acc: 0.6150)

============ Epoch 68 ============
Training time: 143.99s
Training loss: 3.9535
Training accuracy: 0.6173
Current GPU memory: 6.57 GB
Validation time: 12.96
Model - Validation accuracy: 0.5065
Model - FGSM accuracy: 0.1235
Model - PGD accuracy: 0.0815
WA Model - Validation accuracy: 0.6165
WA Model - FGSM accuracy: 0.1920
WA Model - PGD accuracy: 0.1285
Best model: wa_model (PGD acc: 0.1285, Val acc: 0.6165)

============ Epoch 69 ============
Training time: 143.90s
Training loss: 3.9452
Training accuracy: 0.6238
Current GPU memory: 6.57 GB
Validation time: 12.82
Model - Validation accuracy: 0.5225
Model - FGSM accuracy: 0.1085
Model - PGD accuracy: 0.0630
WA Model - Validation accuracy: 0.6150
WA Model - FGSM accuracy: 0.1945
WA Model - PGD accuracy: 0.1290
Best model: wa_model (PGD acc: 0.1290, Val acc: 0.6150)

============ Epoch 70 ============
Training time: 143.80s
Training loss: 3.9378
Training accuracy: 0.6273
Current GPU memory: 6.57 GB
Validation time: 12.82
Model - Validation accuracy: 0.5425
Model - FGSM accuracy: 0.1340
Model - PGD accuracy: 0.0850
WA Model - Validation accuracy: 0.6115
WA Model - FGSM accuracy: 0.1920
WA Model - PGD accuracy: 0.1295
Best model: wa_model (PGD acc: 0.1295, Val acc: 0.6115)

============ Epoch 71 ============
Training time: 143.39s
Training loss: 3.9277
Training accuracy: 0.6335
Current GPU memory: 6.57 GB
Validation time: 12.74
Model - Validation accuracy: 0.5070
Model - FGSM accuracy: 0.1160
Model - PGD accuracy: 0.0685
WA Model - Validation accuracy: 0.6130
WA Model - FGSM accuracy: 0.1895
WA Model - PGD accuracy: 0.1315
Best model: wa_model (PGD acc: 0.1315, Val acc: 0.6130)

============ Epoch 72 ============
Training time: 143.34s
Training loss: 3.9173
Training accuracy: 0.6404
Current GPU memory: 6.57 GB
Validation time: 12.79
Model - Validation accuracy: 0.5315
Model - FGSM accuracy: 0.1260
Model - PGD accuracy: 0.0800
WA Model - Validation accuracy: 0.6115
WA Model - FGSM accuracy: 0.1910
WA Model - PGD accuracy: 0.1335
Best model: wa_model (PGD acc: 0.1335, Val acc: 0.6115)

============ Epoch 73 ============
Training time: 143.67s
Training loss: 3.9085
Training accuracy: 0.6470
Current GPU memory: 6.57 GB
Validation time: 12.81
Model - Validation accuracy: 0.5505
Model - FGSM accuracy: 0.1340
Model - PGD accuracy: 0.0820
WA Model - Validation accuracy: 0.6140
WA Model - FGSM accuracy: 0.1935
WA Model - PGD accuracy: 0.1370
Best model: wa_model (PGD acc: 0.1370, Val acc: 0.6140)

============ Epoch 74 ============
Training time: 144.09s
Training loss: 3.8970
Training accuracy: 0.6541
Current GPU memory: 6.57 GB
Validation time: 12.92
Model - Validation accuracy: 0.5430
Model - FGSM accuracy: 0.1385
Model - PGD accuracy: 0.0890
WA Model - Validation accuracy: 0.6150
WA Model - FGSM accuracy: 0.1990
WA Model - PGD accuracy: 0.1360
Best model: wa_model (PGD acc: 0.1360, Val acc: 0.6150)

============ Epoch 75 ============
Training time: 143.77s
Training loss: 3.8862
Training accuracy: 0.6616
Current GPU memory: 6.57 GB
Validation time: 12.80
Model - Validation accuracy: 0.5500
Model - FGSM accuracy: 0.1350
Model - PGD accuracy: 0.0820
WA Model - Validation accuracy: 0.6140
WA Model - FGSM accuracy: 0.1975
WA Model - PGD accuracy: 0.1340
Best model: wa_model (PGD acc: 0.1340, Val acc: 0.6140)

============ Epoch 76 ============
Training time: 143.56s
Training loss: 3.8736
Training accuracy: 0.6708
Current GPU memory: 6.57 GB
Validation time: 12.77
Model - Validation accuracy: 0.5470
Model - FGSM accuracy: 0.1490
Model - PGD accuracy: 0.0945
WA Model - Validation accuracy: 0.6120
WA Model - FGSM accuracy: 0.1990
WA Model - PGD accuracy: 0.1375
Best model: wa_model (PGD acc: 0.1375, Val acc: 0.6120)

============ Epoch 77 ============
Training time: 143.50s
Training loss: 3.8612
Training accuracy: 0.6801
Current GPU memory: 6.57 GB
Validation time: 12.76
Model - Validation accuracy: 0.5435
Model - FGSM accuracy: 0.1420
Model - PGD accuracy: 0.0940
WA Model - Validation accuracy: 0.6140
WA Model - FGSM accuracy: 0.1990
WA Model - PGD accuracy: 0.1410
Best model: wa_model (PGD acc: 0.1410, Val acc: 0.6140)

============ Epoch 78 ============
Training time: 143.69s
Training loss: 3.8463
Training accuracy: 0.6924
Current GPU memory: 6.57 GB
Validation time: 12.84
Model - Validation accuracy: 0.5660
Model - FGSM accuracy: 0.1485
Model - PGD accuracy: 0.0990
WA Model - Validation accuracy: 0.6085
WA Model - FGSM accuracy: 0.2005
WA Model - PGD accuracy: 0.1395
Best model: wa_model (PGD acc: 0.1395, Val acc: 0.6085)

============ Epoch 79 ============
Training time: 143.73s
Training loss: 3.8326
Training accuracy: 0.7006
Current GPU memory: 6.57 GB
Validation time: 12.81
Model - Validation accuracy: 0.5315
Model - FGSM accuracy: 0.1440
Model - PGD accuracy: 0.0950
WA Model - Validation accuracy: 0.6140
WA Model - FGSM accuracy: 0.2015
WA Model - PGD accuracy: 0.1390
Best model: wa_model (PGD acc: 0.1390, Val acc: 0.6140)

============ Epoch 80 ============
Training time: 143.74s
Training loss: 3.8141
Training accuracy: 0.7148
Current GPU memory: 6.57 GB
Validation time: 12.82
Model - Validation accuracy: 0.5610
Model - FGSM accuracy: 0.1405
Model - PGD accuracy: 0.0890
WA Model - Validation accuracy: 0.6160
WA Model - FGSM accuracy: 0.2005
WA Model - PGD accuracy: 0.1370
Best model: wa_model (PGD acc: 0.1370, Val acc: 0.6160)

============ Epoch 81 ============
Training time: 143.64s
Training loss: 3.7963
Training accuracy: 0.7288
Current GPU memory: 6.57 GB
Validation time: 12.84
Model - Validation accuracy: 0.5610
Model - FGSM accuracy: 0.1585
Model - PGD accuracy: 0.1065
WA Model - Validation accuracy: 0.6130
WA Model - FGSM accuracy: 0.2050
WA Model - PGD accuracy: 0.1400
Best model: wa_model (PGD acc: 0.1400, Val acc: 0.6130)

============ Epoch 82 ============
Training time: 143.54s
Training loss: 3.7772
Training accuracy: 0.7405
Current GPU memory: 6.57 GB
Validation time: 12.76
Model - Validation accuracy: 0.5665
Model - FGSM accuracy: 0.1695
Model - PGD accuracy: 0.1105
WA Model - Validation accuracy: 0.6160
WA Model - FGSM accuracy: 0.2070
WA Model - PGD accuracy: 0.1425
Best model: wa_model (PGD acc: 0.1425, Val acc: 0.6160)

============ Epoch 83 ============
Training time: 143.62s
Training loss: 3.7595
Training accuracy: 0.7555
Current GPU memory: 6.57 GB
Validation time: 12.79
Model - Validation accuracy: 0.5745
Model - FGSM accuracy: 0.1620
Model - PGD accuracy: 0.1095
WA Model - Validation accuracy: 0.6140
WA Model - FGSM accuracy: 0.2035
WA Model - PGD accuracy: 0.1465
Best model: wa_model (PGD acc: 0.1465, Val acc: 0.6140)

============ Epoch 84 ============
Training time: 143.75s
Training loss: 3.7380
Training accuracy: 0.7749
Current GPU memory: 6.57 GB
Validation time: 12.82
Model - Validation accuracy: 0.5700
Model - FGSM accuracy: 0.1685
Model - PGD accuracy: 0.1140
WA Model - Validation accuracy: 0.6155
WA Model - FGSM accuracy: 0.2050
WA Model - PGD accuracy: 0.1460
Best model: wa_model (PGD acc: 0.1460, Val acc: 0.6155)

============ Epoch 85 ============
Training time: 143.69s
Training loss: 3.7161
Training accuracy: 0.7900
Current GPU memory: 6.57 GB
Validation time: 12.78
Model - Validation accuracy: 0.5730
Model - FGSM accuracy: 0.1780
Model - PGD accuracy: 0.1150
WA Model - Validation accuracy: 0.6115
WA Model - FGSM accuracy: 0.2050
WA Model - PGD accuracy: 0.1475
Best model: wa_model (PGD acc: 0.1475, Val acc: 0.6115)

============ Epoch 86 ============
Training time: 143.59s
Training loss: 3.9350
Training accuracy: 0.7761
Current GPU memory: 6.57 GB
Validation time: 12.81
Model - Validation accuracy: 0.5595
Model - FGSM accuracy: 0.2040
Model - PGD accuracy: 0.1495
WA Model - Validation accuracy: 0.6095
WA Model - FGSM accuracy: 0.2150
WA Model - PGD accuracy: 0.1565
Best model: wa_model (PGD acc: 0.1565, Val acc: 0.6095)

============ Epoch 87 ============
Training time: 143.63s
Training loss: 3.8976
Training accuracy: 0.7971
Current GPU memory: 6.57 GB
Validation time: 12.76
Model - Validation accuracy: 0.5675
Model - FGSM accuracy: 0.2095
Model - PGD accuracy: 0.1520
WA Model - Validation accuracy: 0.6045
WA Model - FGSM accuracy: 0.2195
WA Model - PGD accuracy: 0.1645
Best model: wa_model (PGD acc: 0.1645, Val acc: 0.6045)

============ Epoch 88 ============
Training time: 143.60s
Training loss: 3.8756
Training accuracy: 0.8131
Current GPU memory: 6.57 GB
Validation time: 12.82
Model - Validation accuracy: 0.5630
Model - FGSM accuracy: 0.2115
Model - PGD accuracy: 0.1630
WA Model - Validation accuracy: 0.5920
WA Model - FGSM accuracy: 0.2210
WA Model - PGD accuracy: 0.1685
Best model: wa_model (PGD acc: 0.1685, Val acc: 0.5920)

============ Epoch 89 ============
Training time: 143.62s
Training loss: 3.8534
Training accuracy: 0.8293
Current GPU memory: 6.57 GB
Validation time: 12.80
Model - Validation accuracy: 0.5625
Model - FGSM accuracy: 0.2050
Model - PGD accuracy: 0.1600
WA Model - Validation accuracy: 0.5875
WA Model - FGSM accuracy: 0.2260
WA Model - PGD accuracy: 0.1720
Best model: wa_model (PGD acc: 0.1720, Val acc: 0.5875)

============ Epoch 90 ============
Training time: 143.52s
Training loss: 3.8336
Training accuracy: 0.8451
Current GPU memory: 6.57 GB
Validation time: 12.75
Model - Validation accuracy: 0.5690
Model - FGSM accuracy: 0.2190
Model - PGD accuracy: 0.1695
WA Model - Validation accuracy: 0.5855
WA Model - FGSM accuracy: 0.2305
WA Model - PGD accuracy: 0.1770
Best model: wa_model (PGD acc: 0.1770, Val acc: 0.5855)

============ Epoch 91 ============
Training time: 143.74s
Training loss: 3.8124
Training accuracy: 0.8599
Current GPU memory: 6.57 GB
Validation time: 12.83
Model - Validation accuracy: 0.5810
Model - FGSM accuracy: 0.2290
Model - PGD accuracy: 0.1795
WA Model - Validation accuracy: 0.5790
WA Model - FGSM accuracy: 0.2295
WA Model - PGD accuracy: 0.1830
Best model: wa_model (PGD acc: 0.1830, Val acc: 0.5790)

============ Epoch 92 ============
Training time: 143.69s
Training loss: 3.7920
Training accuracy: 0.8744
Current GPU memory: 6.57 GB
Validation time: 12.80
Model - Validation accuracy: 0.5675
Model - FGSM accuracy: 0.2260
Model - PGD accuracy: 0.1755
WA Model - Validation accuracy: 0.5795
WA Model - FGSM accuracy: 0.2335
WA Model - PGD accuracy: 0.1875
Best model: wa_model (PGD acc: 0.1875, Val acc: 0.5795)

============ Epoch 93 ============
Training time: 143.67s
Training loss: 3.7733
Training accuracy: 0.8891
Current GPU memory: 6.57 GB
Validation time: 12.79
Model - Validation accuracy: 0.5760
Model - FGSM accuracy: 0.2355
Model - PGD accuracy: 0.1805
WA Model - Validation accuracy: 0.5765
WA Model - FGSM accuracy: 0.2360
WA Model - PGD accuracy: 0.1910
Best model: wa_model (PGD acc: 0.1910, Val acc: 0.5765)

============ Epoch 94 ============
Training time: 143.86s
Training loss: 3.7572
Training accuracy: 0.8998
Current GPU memory: 6.57 GB
Validation time: 12.91
Model - Validation accuracy: 0.5785
Model - FGSM accuracy: 0.2340
Model - PGD accuracy: 0.1905
WA Model - Validation accuracy: 0.5755
WA Model - FGSM accuracy: 0.2385
WA Model - PGD accuracy: 0.1925
Best model: wa_model (PGD acc: 0.1925, Val acc: 0.5755)

============ Epoch 95 ============
Training time: 143.69s
Training loss: 3.7429
Training accuracy: 0.9094
Current GPU memory: 6.57 GB
Validation time: 12.82
Model - Validation accuracy: 0.5725
Model - FGSM accuracy: 0.2380
Model - PGD accuracy: 0.1925
WA Model - Validation accuracy: 0.5750
WA Model - FGSM accuracy: 0.2375
WA Model - PGD accuracy: 0.1960
Best model: wa_model (PGD acc: 0.1960, Val acc: 0.5750)

============ Epoch 96 ============
Training time: 143.70s
Training loss: 3.7313
Training accuracy: 0.9155
Current GPU memory: 6.57 GB
Validation time: 12.78
Model - Validation accuracy: 0.5765
Model - FGSM accuracy: 0.2340
Model - PGD accuracy: 0.1930
WA Model - Validation accuracy: 0.5760
WA Model - FGSM accuracy: 0.2385
WA Model - PGD accuracy: 0.1970
Best model: wa_model (PGD acc: 0.1970, Val acc: 0.5760)

============ Epoch 97 ============
Training time: 143.83s
Training loss: 3.7243
Training accuracy: 0.9198
Current GPU memory: 6.57 GB
Validation time: 12.86
Model - Validation accuracy: 0.5740
Model - FGSM accuracy: 0.2355
Model - PGD accuracy: 0.1900
WA Model - Validation accuracy: 0.5745
WA Model - FGSM accuracy: 0.2405
WA Model - PGD accuracy: 0.1955
Best model: wa_model (PGD acc: 0.1955, Val acc: 0.5745)

============ Epoch 98 ============
Training time: 143.85s
Training loss: 3.7196
Training accuracy: 0.9223
Current GPU memory: 6.57 GB
Validation time: 12.82
Model - Validation accuracy: 0.5775
Model - FGSM accuracy: 0.2380
Model - PGD accuracy: 0.1940
WA Model - Validation accuracy: 0.5760
WA Model - FGSM accuracy: 0.2395
WA Model - PGD accuracy: 0.1970
Best model: wa_model (PGD acc: 0.1970, Val acc: 0.5760)

============ Epoch 99 ============
Training time: 143.78s
Training loss: 3.7184
Training accuracy: 0.9231
Current GPU memory: 6.57 GB
Validation time: 12.86
Model - Validation accuracy: 0.5780
Model - FGSM accuracy: 0.2360
Model - PGD accuracy: 0.1925
WA Model - Validation accuracy: 0.5765
WA Model - FGSM accuracy: 0.2395
WA Model - PGD accuracy: 0.1945
Best model: wa_model (PGD acc: 0.1945, Val acc: 0.5765)

train_acc_list: 
[0.08127551020408164, 0.1820408163265306, 0.24481632653061225, 0.2873265306122449, 0.3218469387755102, 0.34625510204081633, 0.3690612244897959, 0.3868061224489796, 0.4063265306122449, 0.4246530612244898, 0.43862244897959185, 0.45246938775510204, 0.4638979591836735, 0.4739387755102041, 0.47861224489795917, 0.4847448979591837, 0.4879591836734694, 0.49187755102040814, 0.49476530612244896, 0.49964285714285717, 0.5028571428571429, 0.5045102040816326, 0.5059795918367347, 0.5068571428571429, 0.5108775510204082, 0.5122448979591837, 0.5166224489795919, 0.5175510204081633, 0.5197551020408163, 0.5210204081632653, 0.525, 0.5258673469387755, 0.529030612244898, 0.5304489795918368, 0.532030612244898, 0.5341326530612245, 0.5353979591836735, 0.5368673469387755, 0.5373877551020408, 0.5391734693877551, 0.5428061224489796, 0.5442653061224489, 0.5443367346938776, 0.5463775510204082, 0.5464897959183673, 0.5493571428571429, 0.5515102040816326, 0.5538265306122448, 0.5551632653061225, 0.5557857142857143, 0.5603979591836735, 0.5621326530612245, 0.5660816326530612, 0.5654183673469387, 0.5692448979591836, 0.5721326530612245, 0.5723367346938776, 0.5771734693877552, 0.5793265306122449, 0.582173469387755, 0.5846122448979592, 0.589, 0.5948673469387755, 0.5947551020408163, 0.5993775510204081, 0.6020816326530612, 0.6095, 0.6106836734693878, 0.6173265306122449, 0.6237959183673469, 0.6272551020408164, 0.6335102040816326, 0.6404387755102041, 0.647030612244898, 0.6541020408163265, 0.6616224489795919, 0.6707857142857143, 0.6801020408163265, 0.6923673469387756, 0.7006122448979591, 0.7148163265306122, 0.7288367346938776, 0.7404897959183674, 0.7555408163265306, 0.7748775510204081, 0.7900408163265306, 0.7761020408163265, 0.7970510204081632, 0.8131122448979592, 0.829295918367347, 0.8450918367346939, 0.8598775510204082, 0.8743775510204082, 0.8890816326530612, 0.8998469387755103, 0.9093775510204082, 0.9154591836734693, 0.9197857142857143, 0.9223061224489796, 0.9230510204081632]

model_val_acc_list: 
[0.1495, 0.2155, 0.2625, 0.297, 0.3375, 0.3435, 0.366, 0.3915, 0.3935, 0.399, 0.409, 0.3895, 0.4245, 0.4295, 0.429, 0.424, 0.432, 0.4295, 0.4595, 0.416, 0.4145, 0.425, 0.447, 0.4585, 0.465, 0.434, 0.447, 0.4455, 0.4525, 0.4635, 0.4645, 0.462, 0.46, 0.475, 0.4695, 0.485, 0.442, 0.429, 0.4765, 0.4545, 0.4725, 0.47, 0.463, 0.4795, 0.4735, 0.4875, 0.47, 0.475, 0.492, 0.4615, 0.494, 0.4835, 0.4895, 0.487, 0.5025, 0.483, 0.4865, 0.497, 0.502, 0.473, 0.4845, 0.459, 0.5075, 0.5205, 0.5295, 0.505, 0.504, 0.5025, 0.5065, 0.5225, 0.5425, 0.507, 0.5315, 0.5505, 0.543, 0.55, 0.547, 0.5435, 0.566, 0.5315, 0.561, 0.561, 0.5665, 0.5745, 0.57, 0.573, 0.5595, 0.5675, 0.563, 0.5625, 0.569, 0.581, 0.5675, 0.576, 0.5785, 0.5725, 0.5765, 0.574, 0.5775, 0.578]

model_pgd_acc_list: 
[0.0135, 0.0205, 0.0265, 0.03, 0.028, 0.0265, 0.032, 0.032, 0.0335, 0.0435, 0.048, 0.037, 0.042, 0.0465, 0.0425, 0.052, 0.04, 0.054, 0.0565, 0.046, 0.0455, 0.0395, 0.053, 0.0475, 0.051, 0.0345, 0.046, 0.0395, 0.05, 0.0505, 0.0535, 0.0555, 0.061, 0.0635, 0.064, 0.0595, 0.0455, 0.0545, 0.054, 0.049, 0.0605, 0.0625, 0.059, 0.057, 0.0495, 0.0615, 0.0605, 0.0575, 0.062, 0.059, 0.0595, 0.0635, 0.073, 0.0645, 0.0625, 0.0595, 0.059, 0.0615, 0.072, 0.07, 0.06, 0.055, 0.067, 0.061, 0.086, 0.062, 0.077, 0.0685, 0.0815, 0.063, 0.085, 0.0685, 0.08, 0.082, 0.089, 0.082, 0.0945, 0.094, 0.099, 0.095, 0.089, 0.1065, 0.1105, 0.1095, 0.114, 0.115, 0.1495, 0.152, 0.163, 0.16, 0.1695, 0.1795, 0.1755, 0.1805, 0.1905, 0.1925, 0.193, 0.19, 0.194, 0.1925]

model_fgsm_acc_list: 
[0.02, 0.033, 0.0375, 0.0405, 0.05, 0.0475, 0.054, 0.056, 0.0575, 0.071, 0.071, 0.0645, 0.078, 0.082, 0.075, 0.083, 0.071, 0.0865, 0.0815, 0.0765, 0.0735, 0.077, 0.087, 0.0825, 0.09, 0.073, 0.0745, 0.077, 0.081, 0.0825, 0.0845, 0.0845, 0.093, 0.102, 0.1045, 0.0995, 0.0775, 0.0845, 0.095, 0.0895, 0.098, 0.096, 0.1015, 0.098, 0.0975, 0.108, 0.0975, 0.0945, 0.099, 0.095, 0.1025, 0.1105, 0.107, 0.111, 0.104, 0.0965, 0.1005, 0.108, 0.1165, 0.114, 0.0955, 0.0965, 0.1105, 0.11, 0.1215, 0.1125, 0.1175, 0.123, 0.1235, 0.1085, 0.134, 0.116, 0.126, 0.134, 0.1385, 0.135, 0.149, 0.142, 0.1485, 0.144, 0.1405, 0.1585, 0.1695, 0.162, 0.1685, 0.178, 0.204, 0.2095, 0.2115, 0.205, 0.219, 0.229, 0.226, 0.2355, 0.234, 0.238, 0.234, 0.2355, 0.238, 0.236]

wa_val_acc_list: 
[0.006, 0.0065, 0.0075, 0.0095, 0.0085, 0.0165, 0.044, 0.0915, 0.1745, 0.2605, 0.323, 0.3485, 0.3465, 0.32, 0.277, 0.2335, 0.209, 0.2205, 0.2415, 0.2945, 0.3545, 0.4065, 0.4515, 0.486, 0.511, 0.525, 0.5405, 0.5505, 0.5605, 0.5605, 0.563, 0.5615, 0.5675, 0.574, 0.576, 0.582, 0.584, 0.578, 0.581, 0.585, 0.5895, 0.588, 0.59, 0.5925, 0.598, 0.5945, 0.596, 0.597, 0.599, 0.6005, 0.597, 0.6005, 0.6035, 0.5995, 0.604, 0.6055, 0.604, 0.6, 0.602, 0.6095, 0.6045, 0.605, 0.6035, 0.606, 0.6075, 0.611, 0.6115, 0.615, 0.6165, 0.615, 0.6115, 0.613, 0.6115, 0.614, 0.615, 0.614, 0.612, 0.614, 0.6085, 0.614, 0.616, 0.613, 0.616, 0.614, 0.6155, 0.6115, 0.6095, 0.6045, 0.592, 0.5875, 0.5855, 0.579, 0.5795, 0.5765, 0.5755, 0.575, 0.576, 0.5745, 0.576, 0.5765]

wa_pgd_acc_list: 
[0.0, 0.004, 0.006, 0.005, 0.007, 0.0075, 0.0105, 0.018, 0.0245, 0.035, 0.0395, 0.0435, 0.044, 0.0375, 0.036, 0.0325, 0.0325, 0.035, 0.0385, 0.0445, 0.057, 0.071, 0.0785, 0.088, 0.0935, 0.094, 0.0985, 0.0985, 0.0995, 0.0995, 0.105, 0.1035, 0.105, 0.1075, 0.1085, 0.1075, 0.1075, 0.1085, 0.109, 0.1105, 0.1095, 0.112, 0.11, 0.1125, 0.112, 0.1115, 0.1125, 0.111, 0.113, 0.1145, 0.11, 0.1105, 0.113, 0.111, 0.112, 0.1145, 0.115, 0.115, 0.12, 0.121, 0.122, 0.122, 0.121, 0.1235, 0.1255, 0.127, 0.1235, 0.1275, 0.1285, 0.129, 0.1295, 0.1315, 0.1335, 0.137, 0.136, 0.134, 0.1375, 0.141, 0.1395, 0.139, 0.137, 0.14, 0.1425, 0.1465, 0.146, 0.1475, 0.1565, 0.1645, 0.1685, 0.172, 0.177, 0.183, 0.1875, 0.191, 0.1925, 0.196, 0.197, 0.1955, 0.197, 0.1945]

wa_fgsm_acc_list: 
[0.0, 0.005, 0.006, 0.006, 0.007, 0.0075, 0.0105, 0.0235, 0.032, 0.0465, 0.061, 0.064, 0.0635, 0.05, 0.045, 0.0435, 0.0395, 0.0405, 0.0455, 0.057, 0.078, 0.0935, 0.1085, 0.124, 0.1345, 0.1405, 0.144, 0.1505, 0.1525, 0.1575, 0.1615, 0.159, 0.16, 0.1635, 0.163, 0.1635, 0.164, 0.162, 0.161, 0.1605, 0.1615, 0.162, 0.1635, 0.169, 0.1665, 0.167, 0.166, 0.171, 0.1705, 0.171, 0.1725, 0.1705, 0.176, 0.1745, 0.1765, 0.1775, 0.176, 0.1775, 0.1785, 0.178, 0.183, 0.1855, 0.187, 0.1855, 0.187, 0.188, 0.1895, 0.1885, 0.192, 0.1945, 0.192, 0.1895, 0.191, 0.1935, 0.199, 0.1975, 0.199, 0.199, 0.2005, 0.2015, 0.2005, 0.205, 0.207, 0.2035, 0.205, 0.205, 0.215, 0.2195, 0.221, 0.226, 0.2305, 0.2295, 0.2335, 0.236, 0.2385, 0.2375, 0.2385, 0.2405, 0.2395, 0.2395]

total_training_time: 
14373.021694898605

total_val_time: 
1282.6428225040436

max_gpu_memory: 6.57 GB

==================================================
Starting final evaluation on test set...
==================================================
PGD test results:
  clean_acc: 0.5769
  pgd_10_acc: 0.1781
  pgd_20_acc: 0.1700
  pgd_50_acc: 0.1681
AutoAttack results:
  autoattack_acc: 0.1138
CR-Attack results:
  cr_attack_acc: 0.1136
