Method: ssat
Seed: 1
Scheduler: OneCycleLR
Label smoothing: 0.4
Weight average: True, tau: 0.9995
c: 3
alpha: 0.0392156862745098
inf_batch: 1024


============ Epoch 0 ============
Training time: 84.59s
Training loss: 5.0259
Training accuracy: 0.0297
Current GPU memory: 2.48 GB
Validation time: 12.87s
Model - Validation accuracy: 0.1025
Model - FGSM accuracy: 0.0220
Model - PGD accuracy: 0.0170
WA Model - Validation accuracy: 0.0035
WA Model - FGSM accuracy: 0.0035
WA Model - PGD accuracy: 0.0030
Best model: model (PGD acc: 0.0170, Val acc: 0.1025)

============ Epoch 1 ============
Training time: 87.35s
Training loss: 4.7842
Training accuracy: 0.0629
Current GPU memory: 4.58 GB
Validation time: 12.99s
Model - Validation accuracy: 0.1650
Model - FGSM accuracy: 0.0280
Model - PGD accuracy: 0.0195
WA Model - Validation accuracy: 0.0050
WA Model - FGSM accuracy: 0.0020
WA Model - PGD accuracy: 0.0020
Best model: model (PGD acc: 0.0195, Val acc: 0.1650)

============ Epoch 2 ============
Training time: 88.67s
Training loss: 4.6708
Training accuracy: 0.0822
Current GPU memory: 4.58 GB
Validation time: 12.91s
Model - Validation accuracy: 0.2470
Model - FGSM accuracy: 0.0350
Model - PGD accuracy: 0.0235
WA Model - Validation accuracy: 0.0035
WA Model - FGSM accuracy: 0.0025
WA Model - PGD accuracy: 0.0025
Best model: model (PGD acc: 0.0235, Val acc: 0.2470)

============ Epoch 3 ============
Training time: 88.91s
Training loss: 4.5990
Training accuracy: 0.1007
Current GPU memory: 4.58 GB
Validation time: 12.95s
Model - Validation accuracy: 0.2550
Model - FGSM accuracy: 0.0490
Model - PGD accuracy: 0.0325
WA Model - Validation accuracy: 0.0065
WA Model - FGSM accuracy: 0.0055
WA Model - PGD accuracy: 0.0055
Best model: model (PGD acc: 0.0325, Val acc: 0.2550)

============ Epoch 4 ============
Training time: 89.49s
Training loss: 4.5443
Training accuracy: 0.1152
Current GPU memory: 4.58 GB
Validation time: 12.89s
Model - Validation accuracy: 0.2935
Model - FGSM accuracy: 0.0525
Model - PGD accuracy: 0.0310
WA Model - Validation accuracy: 0.0095
WA Model - FGSM accuracy: 0.0065
WA Model - PGD accuracy: 0.0065
Best model: model (PGD acc: 0.0310, Val acc: 0.2935)

============ Epoch 5 ============
Training time: 90.40s
Training loss: 4.5009
Training accuracy: 0.1273
Current GPU memory: 4.58 GB
Validation time: 12.96s
Model - Validation accuracy: 0.3230
Model - FGSM accuracy: 0.0540
Model - PGD accuracy: 0.0415
WA Model - Validation accuracy: 0.0215
WA Model - FGSM accuracy: 0.0090
WA Model - PGD accuracy: 0.0090
Best model: model (PGD acc: 0.0415, Val acc: 0.3230)

============ Epoch 6 ============
Training time: 90.73s
Training loss: 4.4625
Training accuracy: 0.1400
Current GPU memory: 4.58 GB
Validation time: 12.95s
Model - Validation accuracy: 0.2790
Model - FGSM accuracy: 0.0510
Model - PGD accuracy: 0.0400
WA Model - Validation accuracy: 0.0480
WA Model - FGSM accuracy: 0.0160
WA Model - PGD accuracy: 0.0145
Best model: model (PGD acc: 0.0400, Val acc: 0.2790)

============ Epoch 7 ============
Training time: 90.93s
Training loss: 4.4282
Training accuracy: 0.1516
Current GPU memory: 4.58 GB
Validation time: 12.93s
Model - Validation accuracy: 0.3550
Model - FGSM accuracy: 0.0635
Model - PGD accuracy: 0.0470
WA Model - Validation accuracy: 0.0960
WA Model - FGSM accuracy: 0.0295
WA Model - PGD accuracy: 0.0230
Best model: model (PGD acc: 0.0470, Val acc: 0.3550)

============ Epoch 8 ============
Training time: 91.24s
Training loss: 4.3963
Training accuracy: 0.1624
Current GPU memory: 4.58 GB
Validation time: 12.96s
Model - Validation accuracy: 0.3495
Model - FGSM accuracy: 0.0745
Model - PGD accuracy: 0.0540
WA Model - Validation accuracy: 0.1770
WA Model - FGSM accuracy: 0.0435
WA Model - PGD accuracy: 0.0365
Best model: model (PGD acc: 0.0540, Val acc: 0.3495)

============ Epoch 9 ============
Training time: 91.89s
Training loss: 4.3667
Training accuracy: 0.1699
Current GPU memory: 4.58 GB
Validation time: 12.92s
Model - Validation accuracy: 0.3675
Model - FGSM accuracy: 0.0860
Model - PGD accuracy: 0.0600
WA Model - Validation accuracy: 0.2635
WA Model - FGSM accuracy: 0.0625
WA Model - PGD accuracy: 0.0520
Best model: model (PGD acc: 0.0600, Val acc: 0.3675)

============ Epoch 10 ============
Training time: 91.91s
Training loss: 4.3368
Training accuracy: 0.1796
Current GPU memory: 4.58 GB
Validation time: 12.94s
Model - Validation accuracy: 0.3815
Model - FGSM accuracy: 0.0895
Model - PGD accuracy: 0.0660
WA Model - Validation accuracy: 0.3255
WA Model - FGSM accuracy: 0.0810
WA Model - PGD accuracy: 0.0685
Best model: wa_model (PGD acc: 0.0685, Val acc: 0.3255)

============ Epoch 11 ============
Training time: 92.14s
Training loss: 4.3127
Training accuracy: 0.1881
Current GPU memory: 4.58 GB
Validation time: 12.94s
Model - Validation accuracy: 0.4080
Model - FGSM accuracy: 0.1000
Model - PGD accuracy: 0.0650
WA Model - Validation accuracy: 0.3565
WA Model - FGSM accuracy: 0.0880
WA Model - PGD accuracy: 0.0755
Best model: wa_model (PGD acc: 0.0755, Val acc: 0.3565)

============ Epoch 12 ============
Training time: 92.70s
Training loss: 4.2932
Training accuracy: 0.1956
Current GPU memory: 4.58 GB
Validation time: 12.88s
Model - Validation accuracy: 0.4070
Model - FGSM accuracy: 0.0865
Model - PGD accuracy: 0.0680
WA Model - Validation accuracy: 0.3585
WA Model - FGSM accuracy: 0.0895
WA Model - PGD accuracy: 0.0745
Best model: wa_model (PGD acc: 0.0745, Val acc: 0.3585)

============ Epoch 13 ============
Training time: 92.61s
Training loss: 4.2767
Training accuracy: 0.2013
Current GPU memory: 4.58 GB
Validation time: 12.85s
Model - Validation accuracy: 0.4220
Model - FGSM accuracy: 0.0980
Model - PGD accuracy: 0.0685
WA Model - Validation accuracy: 0.3370
WA Model - FGSM accuracy: 0.0890
WA Model - PGD accuracy: 0.0720
Best model: wa_model (PGD acc: 0.0720, Val acc: 0.3370)

============ Epoch 14 ============
Training time: 92.81s
Training loss: 4.2647
Training accuracy: 0.2075
Current GPU memory: 4.58 GB
Validation time: 12.87s
Model - Validation accuracy: 0.3805
Model - FGSM accuracy: 0.0805
Model - PGD accuracy: 0.0580
WA Model - Validation accuracy: 0.3095
WA Model - FGSM accuracy: 0.0775
WA Model - PGD accuracy: 0.0610
Best model: wa_model (PGD acc: 0.0610, Val acc: 0.3095)

============ Epoch 15 ============
Training time: 93.01s
Training loss: 4.2531
Training accuracy: 0.2133
Current GPU memory: 4.58 GB
Validation time: 12.91s
Model - Validation accuracy: 0.4095
Model - FGSM accuracy: 0.0990
Model - PGD accuracy: 0.0705
WA Model - Validation accuracy: 0.2880
WA Model - FGSM accuracy: 0.0735
WA Model - PGD accuracy: 0.0605
Best model: model (PGD acc: 0.0705, Val acc: 0.4095)

============ Epoch 16 ============
Training time: 93.05s
Training loss: 4.2464
Training accuracy: 0.2180
Current GPU memory: 4.58 GB
Validation time: 12.89s
Model - Validation accuracy: 0.4175
Model - FGSM accuracy: 0.1065
Model - PGD accuracy: 0.0685
WA Model - Validation accuracy: 0.2780
WA Model - FGSM accuracy: 0.0695
WA Model - PGD accuracy: 0.0575
Best model: model (PGD acc: 0.0685, Val acc: 0.4175)

============ Epoch 17 ============
Training time: 92.84s
Training loss: 4.2382
Training accuracy: 0.2193
Current GPU memory: 4.58 GB
Validation time: 12.90s
Model - Validation accuracy: 0.3950
Model - FGSM accuracy: 0.0795
Model - PGD accuracy: 0.0520
WA Model - Validation accuracy: 0.2965
WA Model - FGSM accuracy: 0.0745
WA Model - PGD accuracy: 0.0610
Best model: wa_model (PGD acc: 0.0610, Val acc: 0.2965)

============ Epoch 18 ============
Training time: 93.66s
Training loss: 4.2310
Training accuracy: 0.2242
Current GPU memory: 4.58 GB
Validation time: 12.91s
Model - Validation accuracy: 0.4150
Model - FGSM accuracy: 0.0950
Model - PGD accuracy: 0.0600
WA Model - Validation accuracy: 0.3300
WA Model - FGSM accuracy: 0.0870
WA Model - PGD accuracy: 0.0700
Best model: wa_model (PGD acc: 0.0700, Val acc: 0.3300)

============ Epoch 19 ============
Training time: 93.44s
Training loss: 4.2254
Training accuracy: 0.2271
Current GPU memory: 4.58 GB
Validation time: 12.91s
Model - Validation accuracy: 0.4230
Model - FGSM accuracy: 0.1055
Model - PGD accuracy: 0.0740
WA Model - Validation accuracy: 0.3715
WA Model - FGSM accuracy: 0.1025
WA Model - PGD accuracy: 0.0815
Best model: wa_model (PGD acc: 0.0815, Val acc: 0.3715)

============ Epoch 20 ============
Training time: 93.53s
Training loss: 4.2184
Training accuracy: 0.2299
Current GPU memory: 4.58 GB
Validation time: 12.93s
Model - Validation accuracy: 0.4160
Model - FGSM accuracy: 0.0995
Model - PGD accuracy: 0.0665
WA Model - Validation accuracy: 0.4160
WA Model - FGSM accuracy: 0.1125
WA Model - PGD accuracy: 0.0975
Best model: wa_model (PGD acc: 0.0975, Val acc: 0.4160)

============ Epoch 21 ============
Training time: 93.81s
Training loss: 4.2131
Training accuracy: 0.2341
Current GPU memory: 4.58 GB
Validation time: 12.96s
Model - Validation accuracy: 0.3900
Model - FGSM accuracy: 0.0915
Model - PGD accuracy: 0.0645
WA Model - Validation accuracy: 0.4475
WA Model - FGSM accuracy: 0.1325
WA Model - PGD accuracy: 0.1020
Best model: wa_model (PGD acc: 0.1020, Val acc: 0.4475)

============ Epoch 22 ============
Training time: 93.29s
Training loss: 4.2077
Training accuracy: 0.2344
Current GPU memory: 4.58 GB
Validation time: 12.95s
Model - Validation accuracy: 0.4330
Model - FGSM accuracy: 0.1080
Model - PGD accuracy: 0.0760
WA Model - Validation accuracy: 0.4745
WA Model - FGSM accuracy: 0.1460
WA Model - PGD accuracy: 0.1125
Best model: wa_model (PGD acc: 0.1125, Val acc: 0.4745)

============ Epoch 23 ============
Training time: 93.39s
Training loss: 4.2024
Training accuracy: 0.2379
Current GPU memory: 4.58 GB
Validation time: 12.86s
Model - Validation accuracy: 0.4035
Model - FGSM accuracy: 0.1040
Model - PGD accuracy: 0.0730
WA Model - Validation accuracy: 0.4960
WA Model - FGSM accuracy: 0.1545
WA Model - PGD accuracy: 0.1245
Best model: wa_model (PGD acc: 0.1245, Val acc: 0.4960)

============ Epoch 24 ============
Training time: 93.73s
Training loss: 4.1981
Training accuracy: 0.2391
Current GPU memory: 4.58 GB
Validation time: 12.94s
Model - Validation accuracy: 0.4375
Model - FGSM accuracy: 0.1075
Model - PGD accuracy: 0.0795
WA Model - Validation accuracy: 0.5095
WA Model - FGSM accuracy: 0.1715
WA Model - PGD accuracy: 0.1340
Best model: wa_model (PGD acc: 0.1340, Val acc: 0.5095)

============ Epoch 25 ============
Training time: 93.45s
Training loss: 4.1954
Training accuracy: 0.2421
Current GPU memory: 4.58 GB
Validation time: 12.89s
Model - Validation accuracy: 0.4230
Model - FGSM accuracy: 0.1115
Model - PGD accuracy: 0.0690
WA Model - Validation accuracy: 0.5190
WA Model - FGSM accuracy: 0.1820
WA Model - PGD accuracy: 0.1395
Best model: wa_model (PGD acc: 0.1395, Val acc: 0.5190)

============ Epoch 26 ============
Training time: 93.89s
Training loss: 4.1921
Training accuracy: 0.2416
Current GPU memory: 4.58 GB
Validation time: 12.81s
Model - Validation accuracy: 0.4230
Model - FGSM accuracy: 0.1070
Model - PGD accuracy: 0.0785
WA Model - Validation accuracy: 0.5260
WA Model - FGSM accuracy: 0.1865
WA Model - PGD accuracy: 0.1390
Best model: wa_model (PGD acc: 0.1390, Val acc: 0.5260)

============ Epoch 27 ============
Training time: 93.57s
Training loss: 4.1860
Training accuracy: 0.2449
Current GPU memory: 4.58 GB
Validation time: 12.92s
Model - Validation accuracy: 0.3835
Model - FGSM accuracy: 0.0780
Model - PGD accuracy: 0.0495
WA Model - Validation accuracy: 0.5340
WA Model - FGSM accuracy: 0.1900
WA Model - PGD accuracy: 0.1450
Best model: wa_model (PGD acc: 0.1450, Val acc: 0.5340)

============ Epoch 28 ============
Training time: 93.62s
Training loss: 4.1851
Training accuracy: 0.2448
Current GPU memory: 4.58 GB
Validation time: 12.98s
Model - Validation accuracy: 0.4460
Model - FGSM accuracy: 0.1130
Model - PGD accuracy: 0.0745
WA Model - Validation accuracy: 0.5400
WA Model - FGSM accuracy: 0.1900
WA Model - PGD accuracy: 0.1430
Best model: wa_model (PGD acc: 0.1430, Val acc: 0.5400)

============ Epoch 29 ============
Training time: 94.03s
Training loss: 4.1820
Training accuracy: 0.2468
Current GPU memory: 4.58 GB
Validation time: 12.95s
Model - Validation accuracy: 0.4015
Model - FGSM accuracy: 0.1035
Model - PGD accuracy: 0.0665
WA Model - Validation accuracy: 0.5400
WA Model - FGSM accuracy: 0.1925
WA Model - PGD accuracy: 0.1430
Best model: wa_model (PGD acc: 0.1430, Val acc: 0.5400)

============ Epoch 30 ============
Training time: 93.20s
Training loss: 4.1746
Training accuracy: 0.2506
Current GPU memory: 4.58 GB
Validation time: 12.82s
Model - Validation accuracy: 0.4535
Model - FGSM accuracy: 0.1175
Model - PGD accuracy: 0.0855
WA Model - Validation accuracy: 0.5415
WA Model - FGSM accuracy: 0.1925
WA Model - PGD accuracy: 0.1445
Best model: wa_model (PGD acc: 0.1445, Val acc: 0.5415)

============ Epoch 31 ============
Training time: 93.41s
Training loss: 4.1715
Training accuracy: 0.2514
Current GPU memory: 4.58 GB
Validation time: 12.89s
Model - Validation accuracy: 0.4230
Model - FGSM accuracy: 0.1070
Model - PGD accuracy: 0.0745
WA Model - Validation accuracy: 0.5415
WA Model - FGSM accuracy: 0.1930
WA Model - PGD accuracy: 0.1470
Best model: wa_model (PGD acc: 0.1470, Val acc: 0.5415)

============ Epoch 32 ============
Training time: 93.74s
Training loss: 4.1687
Training accuracy: 0.2533
Current GPU memory: 4.58 GB
Validation time: 12.91s
Model - Validation accuracy: 0.4555
Model - FGSM accuracy: 0.1065
Model - PGD accuracy: 0.0810
WA Model - Validation accuracy: 0.5510
WA Model - FGSM accuracy: 0.2000
WA Model - PGD accuracy: 0.1485
Best model: wa_model (PGD acc: 0.1485, Val acc: 0.5510)

============ Epoch 33 ============
Training time: 93.77s
Training loss: 4.1647
Training accuracy: 0.2538
Current GPU memory: 4.58 GB
Validation time: 12.97s
Model - Validation accuracy: 0.4600
Model - FGSM accuracy: 0.1140
Model - PGD accuracy: 0.0740
WA Model - Validation accuracy: 0.5465
WA Model - FGSM accuracy: 0.1990
WA Model - PGD accuracy: 0.1495
Best model: wa_model (PGD acc: 0.1495, Val acc: 0.5465)

============ Epoch 34 ============
Training time: 93.92s
Training loss: 4.1623
Training accuracy: 0.2549
Current GPU memory: 4.58 GB
Validation time: 12.94s
Model - Validation accuracy: 0.4405
Model - FGSM accuracy: 0.1115
Model - PGD accuracy: 0.0790
WA Model - Validation accuracy: 0.5505
WA Model - FGSM accuracy: 0.2010
WA Model - PGD accuracy: 0.1480
Best model: wa_model (PGD acc: 0.1480, Val acc: 0.5505)

============ Epoch 35 ============
Training time: 94.42s
Training loss: 4.1566
Training accuracy: 0.2594
Current GPU memory: 4.58 GB
Validation time: 12.95s
Model - Validation accuracy: 0.4250
Model - FGSM accuracy: 0.1160
Model - PGD accuracy: 0.0800
WA Model - Validation accuracy: 0.5510
WA Model - FGSM accuracy: 0.2035
WA Model - PGD accuracy: 0.1450
Best model: wa_model (PGD acc: 0.1450, Val acc: 0.5510)

============ Epoch 36 ============
Training time: 94.74s
Training loss: 4.1549
Training accuracy: 0.2566
Current GPU memory: 4.58 GB
Validation time: 12.95s
Model - Validation accuracy: 0.4285
Model - FGSM accuracy: 0.1000
Model - PGD accuracy: 0.0645
WA Model - Validation accuracy: 0.5535
WA Model - FGSM accuracy: 0.2010
WA Model - PGD accuracy: 0.1490
Best model: wa_model (PGD acc: 0.1490, Val acc: 0.5535)

============ Epoch 37 ============
Training time: 94.44s
Training loss: 4.1512
Training accuracy: 0.2578
Current GPU memory: 4.58 GB
Validation time: 12.90s
Model - Validation accuracy: 0.4170
Model - FGSM accuracy: 0.1200
Model - PGD accuracy: 0.0765
WA Model - Validation accuracy: 0.5595
WA Model - FGSM accuracy: 0.2025
WA Model - PGD accuracy: 0.1500
Best model: wa_model (PGD acc: 0.1500, Val acc: 0.5595)

============ Epoch 38 ============
Training time: 94.58s
Training loss: 4.1503
Training accuracy: 0.2573
Current GPU memory: 4.58 GB
Validation time: 12.92s
Model - Validation accuracy: 0.4370
Model - FGSM accuracy: 0.1175
Model - PGD accuracy: 0.0785
WA Model - Validation accuracy: 0.5600
WA Model - FGSM accuracy: 0.2050
WA Model - PGD accuracy: 0.1505
Best model: wa_model (PGD acc: 0.1505, Val acc: 0.5600)

============ Epoch 39 ============
Training time: 94.60s
Training loss: 4.1486
Training accuracy: 0.2587
Current GPU memory: 4.58 GB
Validation time: 12.90s
Model - Validation accuracy: 0.4655
Model - FGSM accuracy: 0.1190
Model - PGD accuracy: 0.0770
WA Model - Validation accuracy: 0.5615
WA Model - FGSM accuracy: 0.2005
WA Model - PGD accuracy: 0.1525
Best model: wa_model (PGD acc: 0.1525, Val acc: 0.5615)

============ Epoch 40 ============
Training time: 94.81s
Training loss: 4.1437
Training accuracy: 0.2632
Current GPU memory: 4.58 GB
Validation time: 12.96s
Model - Validation accuracy: 0.4660
Model - FGSM accuracy: 0.1160
Model - PGD accuracy: 0.0725
WA Model - Validation accuracy: 0.5625
WA Model - FGSM accuracy: 0.2060
WA Model - PGD accuracy: 0.1515
Best model: wa_model (PGD acc: 0.1515, Val acc: 0.5625)

============ Epoch 41 ============
Training time: 94.97s
Training loss: 4.1428
Training accuracy: 0.2605
Current GPU memory: 4.58 GB
Validation time: 12.94s
Model - Validation accuracy: 0.4605
Model - FGSM accuracy: 0.1140
Model - PGD accuracy: 0.0770
WA Model - Validation accuracy: 0.5580
WA Model - FGSM accuracy: 0.2055
WA Model - PGD accuracy: 0.1540
Best model: wa_model (PGD acc: 0.1540, Val acc: 0.5580)

============ Epoch 42 ============
Training time: 95.10s
Training loss: 4.1386
Training accuracy: 0.2627
Current GPU memory: 4.58 GB
Validation time: 12.94s
Model - Validation accuracy: 0.4600
Model - FGSM accuracy: 0.1165
Model - PGD accuracy: 0.0740
WA Model - Validation accuracy: 0.5620
WA Model - FGSM accuracy: 0.2105
WA Model - PGD accuracy: 0.1545
Best model: wa_model (PGD acc: 0.1545, Val acc: 0.5620)

============ Epoch 43 ============
Training time: 94.88s
Training loss: 4.1365
Training accuracy: 0.2666
Current GPU memory: 4.58 GB
Validation time: 12.92s
Model - Validation accuracy: 0.4565
Model - FGSM accuracy: 0.1255
Model - PGD accuracy: 0.0955
WA Model - Validation accuracy: 0.5620
WA Model - FGSM accuracy: 0.2105
WA Model - PGD accuracy: 0.1560
Best model: wa_model (PGD acc: 0.1560, Val acc: 0.5620)

============ Epoch 44 ============
Training time: 95.13s
Training loss: 4.1351
Training accuracy: 0.2653
Current GPU memory: 4.58 GB
Validation time: 12.97s
Model - Validation accuracy: 0.4475
Model - FGSM accuracy: 0.1240
Model - PGD accuracy: 0.0880
WA Model - Validation accuracy: 0.5695
WA Model - FGSM accuracy: 0.2090
WA Model - PGD accuracy: 0.1560
Best model: wa_model (PGD acc: 0.1560, Val acc: 0.5695)

============ Epoch 45 ============
Training time: 95.23s
Training loss: 4.1299
Training accuracy: 0.2654
Current GPU memory: 4.58 GB
Validation time: 13.00s
Model - Validation accuracy: 0.4595
Model - FGSM accuracy: 0.1155
Model - PGD accuracy: 0.0835
WA Model - Validation accuracy: 0.5670
WA Model - FGSM accuracy: 0.2085
WA Model - PGD accuracy: 0.1555
Best model: wa_model (PGD acc: 0.1555, Val acc: 0.5670)

============ Epoch 46 ============
Training time: 95.28s
Training loss: 4.1280
Training accuracy: 0.2681
Current GPU memory: 4.58 GB
Validation time: 12.98s
Model - Validation accuracy: 0.4690
Model - FGSM accuracy: 0.1195
Model - PGD accuracy: 0.0820
WA Model - Validation accuracy: 0.5725
WA Model - FGSM accuracy: 0.2085
WA Model - PGD accuracy: 0.1595
Best model: wa_model (PGD acc: 0.1595, Val acc: 0.5725)

============ Epoch 47 ============
Training time: 95.39s
Training loss: 4.1265
Training accuracy: 0.2668
Current GPU memory: 4.58 GB
Validation time: 12.97s
Model - Validation accuracy: 0.4320
Model - FGSM accuracy: 0.1080
Model - PGD accuracy: 0.0740
WA Model - Validation accuracy: 0.5765
WA Model - FGSM accuracy: 0.2060
WA Model - PGD accuracy: 0.1595
Best model: wa_model (PGD acc: 0.1595, Val acc: 0.5765)

============ Epoch 48 ============
Training time: 95.16s
Training loss: 4.1241
Training accuracy: 0.2675
Current GPU memory: 4.58 GB
Validation time: 12.90s
Model - Validation accuracy: 0.4415
Model - FGSM accuracy: 0.1085
Model - PGD accuracy: 0.0780
WA Model - Validation accuracy: 0.5745
WA Model - FGSM accuracy: 0.2080
WA Model - PGD accuracy: 0.1595
Best model: wa_model (PGD acc: 0.1595, Val acc: 0.5745)

============ Epoch 49 ============
Training time: 95.24s
Training loss: 4.1208
Training accuracy: 0.2716
Current GPU memory: 4.58 GB
Validation time: 12.88s
Model - Validation accuracy: 0.4545
Model - FGSM accuracy: 0.1150
Model - PGD accuracy: 0.0790
WA Model - Validation accuracy: 0.5730
WA Model - FGSM accuracy: 0.2110
WA Model - PGD accuracy: 0.1630
Best model: wa_model (PGD acc: 0.1630, Val acc: 0.5730)

============ Epoch 50 ============
Training time: 95.24s
Training loss: 4.1156
Training accuracy: 0.2719
Current GPU memory: 4.58 GB
Validation time: 12.94s
Model - Validation accuracy: 0.4690
Model - FGSM accuracy: 0.1425
Model - PGD accuracy: 0.0980
WA Model - Validation accuracy: 0.5715
WA Model - FGSM accuracy: 0.2140
WA Model - PGD accuracy: 0.1600
Best model: wa_model (PGD acc: 0.1600, Val acc: 0.5715)

============ Epoch 51 ============
Training time: 95.25s
Training loss: 4.1123
Training accuracy: 0.2728
Current GPU memory: 4.58 GB
Validation time: 12.92s
Model - Validation accuracy: 0.4385
Model - FGSM accuracy: 0.1190
Model - PGD accuracy: 0.0815
WA Model - Validation accuracy: 0.5760
WA Model - FGSM accuracy: 0.2170
WA Model - PGD accuracy: 0.1660
Best model: wa_model (PGD acc: 0.1660, Val acc: 0.5760)

============ Epoch 52 ============
Training time: 95.61s
Training loss: 4.1121
Training accuracy: 0.2731
Current GPU memory: 4.58 GB
Validation time: 12.95s
Model - Validation accuracy: 0.4200
Model - FGSM accuracy: 0.1075
Model - PGD accuracy: 0.0765
WA Model - Validation accuracy: 0.5760
WA Model - FGSM accuracy: 0.2135
WA Model - PGD accuracy: 0.1655
Best model: wa_model (PGD acc: 0.1655, Val acc: 0.5760)

============ Epoch 53 ============
Training time: 95.62s
Training loss: 4.1056
Training accuracy: 0.2755
Current GPU memory: 4.58 GB
Validation time: 12.99s
Model - Validation accuracy: 0.4635
Model - FGSM accuracy: 0.1285
Model - PGD accuracy: 0.0955
WA Model - Validation accuracy: 0.5790
WA Model - FGSM accuracy: 0.2135
WA Model - PGD accuracy: 0.1660
Best model: wa_model (PGD acc: 0.1660, Val acc: 0.5790)

============ Epoch 54 ============
Training time: 96.10s
Training loss: 4.1028
Training accuracy: 0.2777
Current GPU memory: 4.58 GB
Validation time: 12.99s
Model - Validation accuracy: 0.4890
Model - FGSM accuracy: 0.1390
Model - PGD accuracy: 0.1015
WA Model - Validation accuracy: 0.5785
WA Model - FGSM accuracy: 0.2170
WA Model - PGD accuracy: 0.1665
Best model: wa_model (PGD acc: 0.1665, Val acc: 0.5785)

============ Epoch 55 ============
Training time: 96.42s
Training loss: 4.0990
Training accuracy: 0.2788
Current GPU memory: 4.58 GB
Validation time: 12.97s
Model - Validation accuracy: 0.4730
Model - FGSM accuracy: 0.1270
Model - PGD accuracy: 0.0860
WA Model - Validation accuracy: 0.5815
WA Model - FGSM accuracy: 0.2165
WA Model - PGD accuracy: 0.1705
Best model: wa_model (PGD acc: 0.1705, Val acc: 0.5815)

============ Epoch 56 ============
Training time: 95.54s
Training loss: 4.0945
Training accuracy: 0.2787
Current GPU memory: 4.58 GB
Validation time: 13.02s
Model - Validation accuracy: 0.4685
Model - FGSM accuracy: 0.1255
Model - PGD accuracy: 0.0855
WA Model - Validation accuracy: 0.5785
WA Model - FGSM accuracy: 0.2170
WA Model - PGD accuracy: 0.1720
Best model: wa_model (PGD acc: 0.1720, Val acc: 0.5785)

============ Epoch 57 ============
Training time: 95.45s
Training loss: 4.0909
Training accuracy: 0.2819
Current GPU memory: 4.58 GB
Validation time: 13.05s
Model - Validation accuracy: 0.4740
Model - FGSM accuracy: 0.1125
Model - PGD accuracy: 0.0755
WA Model - Validation accuracy: 0.5835
WA Model - FGSM accuracy: 0.2180
WA Model - PGD accuracy: 0.1640
Best model: wa_model (PGD acc: 0.1640, Val acc: 0.5835)

============ Epoch 58 ============
Training time: 95.72s
Training loss: 4.0885
Training accuracy: 0.2808
Current GPU memory: 4.58 GB
Validation time: 12.93s
Model - Validation accuracy: 0.4705
Model - FGSM accuracy: 0.1225
Model - PGD accuracy: 0.0870
WA Model - Validation accuracy: 0.5835
WA Model - FGSM accuracy: 0.2170
WA Model - PGD accuracy: 0.1655
Best model: wa_model (PGD acc: 0.1655, Val acc: 0.5835)

============ Epoch 59 ============
Training time: 95.68s
Training loss: 4.0840
Training accuracy: 0.2825
Current GPU memory: 4.58 GB
Validation time: 12.96s
Model - Validation accuracy: 0.4775
Model - FGSM accuracy: 0.1405
Model - PGD accuracy: 0.0980
WA Model - Validation accuracy: 0.5860
WA Model - FGSM accuracy: 0.2190
WA Model - PGD accuracy: 0.1635
Best model: wa_model (PGD acc: 0.1635, Val acc: 0.5860)

============ Epoch 60 ============
Training time: 95.18s
Training loss: 4.0800
Training accuracy: 0.2848
Current GPU memory: 4.58 GB
Validation time: 12.89s
Model - Validation accuracy: 0.4840
Model - FGSM accuracy: 0.1270
Model - PGD accuracy: 0.0875
WA Model - Validation accuracy: 0.5830
WA Model - FGSM accuracy: 0.2180
WA Model - PGD accuracy: 0.1665
Best model: wa_model (PGD acc: 0.1665, Val acc: 0.5830)

============ Epoch 61 ============
Training time: 95.20s
Training loss: 4.0742
Training accuracy: 0.2849
Current GPU memory: 4.58 GB
Validation time: 12.92s
Model - Validation accuracy: 0.4685
Model - FGSM accuracy: 0.1205
Model - PGD accuracy: 0.0880
WA Model - Validation accuracy: 0.5845
WA Model - FGSM accuracy: 0.2180
WA Model - PGD accuracy: 0.1665
Best model: wa_model (PGD acc: 0.1665, Val acc: 0.5845)

============ Epoch 62 ============
Training time: 96.04s
Training loss: 4.0704
Training accuracy: 0.2878
Current GPU memory: 4.58 GB
Validation time: 12.97s
Model - Validation accuracy: 0.4850
Model - FGSM accuracy: 0.1340
Model - PGD accuracy: 0.0860
WA Model - Validation accuracy: 0.5860
WA Model - FGSM accuracy: 0.2195
WA Model - PGD accuracy: 0.1665
Best model: wa_model (PGD acc: 0.1665, Val acc: 0.5860)

============ Epoch 63 ============
Training time: 96.35s
Training loss: 4.0656
Training accuracy: 0.2924
Current GPU memory: 4.58 GB
Validation time: 12.97s
Model - Validation accuracy: 0.4805
Model - FGSM accuracy: 0.1320
Model - PGD accuracy: 0.0870
WA Model - Validation accuracy: 0.5900
WA Model - FGSM accuracy: 0.2185
WA Model - PGD accuracy: 0.1660
Best model: wa_model (PGD acc: 0.1660, Val acc: 0.5900)

============ Epoch 64 ============
Training time: 96.46s
Training loss: 4.0591
Training accuracy: 0.2926
Current GPU memory: 4.58 GB
Validation time: 12.99s
Model - Validation accuracy: 0.4940
Model - FGSM accuracy: 0.1345
Model - PGD accuracy: 0.0900
WA Model - Validation accuracy: 0.5860
WA Model - FGSM accuracy: 0.2175
WA Model - PGD accuracy: 0.1655
Best model: wa_model (PGD acc: 0.1655, Val acc: 0.5860)

============ Epoch 65 ============
Training time: 95.64s
Training loss: 4.0538
Training accuracy: 0.2963
Current GPU memory: 4.58 GB
Validation time: 12.90s
Model - Validation accuracy: 0.4845
Model - FGSM accuracy: 0.1340
Model - PGD accuracy: 0.0945
WA Model - Validation accuracy: 0.5855
WA Model - FGSM accuracy: 0.2170
WA Model - PGD accuracy: 0.1675
Best model: wa_model (PGD acc: 0.1675, Val acc: 0.5855)

============ Epoch 66 ============
Training time: 96.24s
Training loss: 4.0479
Training accuracy: 0.2957
Current GPU memory: 4.58 GB
Validation time: 12.93s
Model - Validation accuracy: 0.4760
Model - FGSM accuracy: 0.1330
Model - PGD accuracy: 0.0990
WA Model - Validation accuracy: 0.5825
WA Model - FGSM accuracy: 0.2225
WA Model - PGD accuracy: 0.1670
Best model: wa_model (PGD acc: 0.1670, Val acc: 0.5825)

============ Epoch 67 ============
Training time: 96.28s
Training loss: 4.0423
Training accuracy: 0.2995
Current GPU memory: 4.58 GB
Validation time: 12.90s
Model - Validation accuracy: 0.4975
Model - FGSM accuracy: 0.1375
Model - PGD accuracy: 0.1005
WA Model - Validation accuracy: 0.5845
WA Model - FGSM accuracy: 0.2220
WA Model - PGD accuracy: 0.1705
Best model: wa_model (PGD acc: 0.1705, Val acc: 0.5845)

============ Epoch 68 ============
Training time: 96.49s
Training loss: 4.0352
Training accuracy: 0.3036
Current GPU memory: 4.58 GB
Validation time: 12.96s
Model - Validation accuracy: 0.5000
Model - FGSM accuracy: 0.1420
Model - PGD accuracy: 0.0995
WA Model - Validation accuracy: 0.5885
WA Model - FGSM accuracy: 0.2240
WA Model - PGD accuracy: 0.1690
Best model: wa_model (PGD acc: 0.1690, Val acc: 0.5885)

============ Epoch 69 ============
Training time: 96.14s
Training loss: 4.0286
Training accuracy: 0.3041
Current GPU memory: 4.58 GB
Validation time: 12.87s
Model - Validation accuracy: 0.5005
Model - FGSM accuracy: 0.1405
Model - PGD accuracy: 0.0990
WA Model - Validation accuracy: 0.5930
WA Model - FGSM accuracy: 0.2235
WA Model - PGD accuracy: 0.1705
Best model: wa_model (PGD acc: 0.1705, Val acc: 0.5930)

============ Epoch 70 ============
Training time: 96.12s
Training loss: 4.0187
Training accuracy: 0.3074
Current GPU memory: 4.58 GB
Validation time: 12.93s
Model - Validation accuracy: 0.4895
Model - FGSM accuracy: 0.1445
Model - PGD accuracy: 0.1040
WA Model - Validation accuracy: 0.5930
WA Model - FGSM accuracy: 0.2250
WA Model - PGD accuracy: 0.1690
Best model: wa_model (PGD acc: 0.1690, Val acc: 0.5930)

============ Epoch 71 ============
Training time: 96.46s
Training loss: 4.0123
Training accuracy: 0.3121
Current GPU memory: 4.58 GB
Validation time: 12.90s
Model - Validation accuracy: 0.4990
Model - FGSM accuracy: 0.1450
Model - PGD accuracy: 0.1065
WA Model - Validation accuracy: 0.5955
WA Model - FGSM accuracy: 0.2250
WA Model - PGD accuracy: 0.1715
Best model: wa_model (PGD acc: 0.1715, Val acc: 0.5955)

============ Epoch 72 ============
Training time: 96.16s
Training loss: 4.0028
Training accuracy: 0.3141
Current GPU memory: 4.58 GB
Validation time: 12.94s
Model - Validation accuracy: 0.4970
Model - FGSM accuracy: 0.1575
Model - PGD accuracy: 0.1205
WA Model - Validation accuracy: 0.5960
WA Model - FGSM accuracy: 0.2285
WA Model - PGD accuracy: 0.1750
Best model: wa_model (PGD acc: 0.1750, Val acc: 0.5960)

============ Epoch 73 ============
Training time: 96.66s
Training loss: 3.9924
Training accuracy: 0.3229
Current GPU memory: 4.58 GB
Validation time: 12.85s
Model - Validation accuracy: 0.5065
Model - FGSM accuracy: 0.1500
Model - PGD accuracy: 0.1040
WA Model - Validation accuracy: 0.5960
WA Model - FGSM accuracy: 0.2285
WA Model - PGD accuracy: 0.1760
Best model: wa_model (PGD acc: 0.1760, Val acc: 0.5960)

============ Epoch 74 ============
Training time: 96.50s
Training loss: 3.9849
Training accuracy: 0.3230
Current GPU memory: 4.58 GB
Validation time: 12.94s
Model - Validation accuracy: 0.5180
Model - FGSM accuracy: 0.1505
Model - PGD accuracy: 0.1130
WA Model - Validation accuracy: 0.5985
WA Model - FGSM accuracy: 0.2340
WA Model - PGD accuracy: 0.1775
Best model: wa_model (PGD acc: 0.1775, Val acc: 0.5985)

============ Epoch 75 ============
Training time: 96.95s
Training loss: 3.9727
Training accuracy: 0.3291
Current GPU memory: 4.58 GB
Validation time: 12.95s
Model - Validation accuracy: 0.5200
Model - FGSM accuracy: 0.1515
Model - PGD accuracy: 0.1090
WA Model - Validation accuracy: 0.6000
WA Model - FGSM accuracy: 0.2320
WA Model - PGD accuracy: 0.1785
Best model: wa_model (PGD acc: 0.1785, Val acc: 0.6000)

============ Epoch 76 ============
Training time: 97.18s
Training loss: 3.9653
Training accuracy: 0.3344
Current GPU memory: 4.58 GB
Validation time: 12.96s
Model - Validation accuracy: 0.5310
Model - FGSM accuracy: 0.1545
Model - PGD accuracy: 0.1195
WA Model - Validation accuracy: 0.6000
WA Model - FGSM accuracy: 0.2320
WA Model - PGD accuracy: 0.1785
Best model: wa_model (PGD acc: 0.1785, Val acc: 0.6000)

============ Epoch 77 ============
Training time: 96.79s
Training loss: 3.9515
Training accuracy: 0.3378
Current GPU memory: 4.58 GB
Validation time: 12.93s
Model - Validation accuracy: 0.5110
Model - FGSM accuracy: 0.1570
Model - PGD accuracy: 0.1105
WA Model - Validation accuracy: 0.6015
WA Model - FGSM accuracy: 0.2320
WA Model - PGD accuracy: 0.1795
Best model: wa_model (PGD acc: 0.1795, Val acc: 0.6015)

============ Epoch 78 ============
Training time: 97.05s
Training loss: 3.9385
Training accuracy: 0.3451
Current GPU memory: 4.58 GB
Validation time: 12.95s
Model - Validation accuracy: 0.5255
Model - FGSM accuracy: 0.1705
Model - PGD accuracy: 0.1185
WA Model - Validation accuracy: 0.6055
WA Model - FGSM accuracy: 0.2290
WA Model - PGD accuracy: 0.1820
Best model: wa_model (PGD acc: 0.1820, Val acc: 0.6055)

============ Epoch 79 ============
Training time: 97.52s
Training loss: 3.9248
Training accuracy: 0.3527
Current GPU memory: 4.58 GB
Validation time: 12.97s
Model - Validation accuracy: 0.5260
Model - FGSM accuracy: 0.1695
Model - PGD accuracy: 0.1215
WA Model - Validation accuracy: 0.6005
WA Model - FGSM accuracy: 0.2340
WA Model - PGD accuracy: 0.1825
Best model: wa_model (PGD acc: 0.1825, Val acc: 0.6005)

============ Epoch 80 ============
Training time: 97.82s
Training loss: 3.9119
Training accuracy: 0.3584
Current GPU memory: 4.58 GB
Validation time: 12.95s
Model - Validation accuracy: 0.5325
Model - FGSM accuracy: 0.1690
Model - PGD accuracy: 0.1235
WA Model - Validation accuracy: 0.6000
WA Model - FGSM accuracy: 0.2335
WA Model - PGD accuracy: 0.1845
Best model: wa_model (PGD acc: 0.1845, Val acc: 0.6000)

============ Epoch 81 ============
Training time: 97.86s
Training loss: 3.8953
Training accuracy: 0.3649
Current GPU memory: 4.58 GB
Validation time: 12.88s
Model - Validation accuracy: 0.5285
Model - FGSM accuracy: 0.1670
Model - PGD accuracy: 0.1220
WA Model - Validation accuracy: 0.6045
WA Model - FGSM accuracy: 0.2345
WA Model - PGD accuracy: 0.1815
Best model: wa_model (PGD acc: 0.1815, Val acc: 0.6045)

============ Epoch 82 ============
Training time: 98.01s
Training loss: 3.8807
Training accuracy: 0.3754
Current GPU memory: 4.58 GB
Validation time: 12.89s
Model - Validation accuracy: 0.5430
Model - FGSM accuracy: 0.1730
Model - PGD accuracy: 0.1270
WA Model - Validation accuracy: 0.6020
WA Model - FGSM accuracy: 0.2385
WA Model - PGD accuracy: 0.1815
Best model: wa_model (PGD acc: 0.1815, Val acc: 0.6020)

============ Epoch 83 ============
Training time: 97.94s
Training loss: 3.8636
Training accuracy: 0.3821
Current GPU memory: 4.58 GB
Validation time: 12.84s
Model - Validation accuracy: 0.5360
Model - FGSM accuracy: 0.1765
Model - PGD accuracy: 0.1300
WA Model - Validation accuracy: 0.6055
WA Model - FGSM accuracy: 0.2370
WA Model - PGD accuracy: 0.1840
Best model: wa_model (PGD acc: 0.1840, Val acc: 0.6055)

============ Epoch 84 ============
Training time: 98.22s
Training loss: 3.8433
Training accuracy: 0.3967
Current GPU memory: 4.58 GB
Validation time: 12.91s
Model - Validation accuracy: 0.5335
Model - FGSM accuracy: 0.1660
Model - PGD accuracy: 0.1245
WA Model - Validation accuracy: 0.6045
WA Model - FGSM accuracy: 0.2360
WA Model - PGD accuracy: 0.1835
Best model: wa_model (PGD acc: 0.1835, Val acc: 0.6045)

============ Epoch 85 ============
Training time: 98.71s
Training loss: 3.8235
Training accuracy: 0.4089
Current GPU memory: 4.58 GB
Validation time: 12.89s
Model - Validation accuracy: 0.5395
Model - FGSM accuracy: 0.1870
Model - PGD accuracy: 0.1445
WA Model - Validation accuracy: 0.6035
WA Model - FGSM accuracy: 0.2375
WA Model - PGD accuracy: 0.1845
Best model: wa_model (PGD acc: 0.1845, Val acc: 0.6035)

============ Epoch 86 ============
Training time: 98.61s
Training loss: 3.8041
Training accuracy: 0.4229
Current GPU memory: 4.58 GB
Validation time: 12.91s
Model - Validation accuracy: 0.5565
Model - FGSM accuracy: 0.1900
Model - PGD accuracy: 0.1475
WA Model - Validation accuracy: 0.6000
WA Model - FGSM accuracy: 0.2345
WA Model - PGD accuracy: 0.1845
Best model: wa_model (PGD acc: 0.1845, Val acc: 0.6000)

============ Epoch 87 ============
Training time: 99.21s
Training loss: 3.7806
Training accuracy: 0.4376
Current GPU memory: 4.58 GB
Validation time: 12.92s
Model - Validation accuracy: 0.5660
Model - FGSM accuracy: 0.2005
Model - PGD accuracy: 0.1500
WA Model - Validation accuracy: 0.5995
WA Model - FGSM accuracy: 0.2370
WA Model - PGD accuracy: 0.1800
Best model: wa_model (PGD acc: 0.1800, Val acc: 0.5995)

============ Epoch 88 ============
Training time: 99.87s
Training loss: 3.7580
Training accuracy: 0.4551
Current GPU memory: 4.58 GB
Validation time: 12.89s
Model - Validation accuracy: 0.5565
Model - FGSM accuracy: 0.1965
Model - PGD accuracy: 0.1460
WA Model - Validation accuracy: 0.5975
WA Model - FGSM accuracy: 0.2360
WA Model - PGD accuracy: 0.1795
Best model: wa_model (PGD acc: 0.1795, Val acc: 0.5975)

============ Epoch 89 ============
Training time: 99.76s
Training loss: 3.7330
Training accuracy: 0.4741
Current GPU memory: 4.58 GB
Validation time: 12.86s
Model - Validation accuracy: 0.5525
Model - FGSM accuracy: 0.2020
Model - PGD accuracy: 0.1470
WA Model - Validation accuracy: 0.5955
WA Model - FGSM accuracy: 0.2355
WA Model - PGD accuracy: 0.1755
Best model: wa_model (PGD acc: 0.1755, Val acc: 0.5955)

============ Epoch 90 ============
Training time: 100.29s
Training loss: 3.7074
Training accuracy: 0.4949
Current GPU memory: 4.58 GB
Validation time: 12.91s
Model - Validation accuracy: 0.5650
Model - FGSM accuracy: 0.2000
Model - PGD accuracy: 0.1565
WA Model - Validation accuracy: 0.5960
WA Model - FGSM accuracy: 0.2360
WA Model - PGD accuracy: 0.1770
Best model: wa_model (PGD acc: 0.1770, Val acc: 0.5960)

============ Epoch 91 ============
Training time: 100.65s
Training loss: 3.6802
Training accuracy: 0.5209
Current GPU memory: 4.58 GB
Validation time: 12.85s
Model - Validation accuracy: 0.5585
Model - FGSM accuracy: 0.2055
Model - PGD accuracy: 0.1630
WA Model - Validation accuracy: 0.5960
WA Model - FGSM accuracy: 0.2345
WA Model - PGD accuracy: 0.1770
Best model: wa_model (PGD acc: 0.1770, Val acc: 0.5960)

============ Epoch 92 ============
Training time: 100.99s
Training loss: 3.6532
Training accuracy: 0.5432
Current GPU memory: 4.58 GB
Validation time: 12.93s
Model - Validation accuracy: 0.5635
Model - FGSM accuracy: 0.2055
Model - PGD accuracy: 0.1605
WA Model - Validation accuracy: 0.5880
WA Model - FGSM accuracy: 0.2310
WA Model - PGD accuracy: 0.1815
Best model: wa_model (PGD acc: 0.1815, Val acc: 0.5880)

============ Epoch 93 ============
Training time: 101.11s
Training loss: 3.6255
Training accuracy: 0.5687
Current GPU memory: 4.58 GB
Validation time: 12.90s
Model - Validation accuracy: 0.5695
Model - FGSM accuracy: 0.2085
Model - PGD accuracy: 0.1540
WA Model - Validation accuracy: 0.5865
WA Model - FGSM accuracy: 0.2295
WA Model - PGD accuracy: 0.1785
Best model: wa_model (PGD acc: 0.1785, Val acc: 0.5865)

============ Epoch 94 ============
Training time: 101.55s
Training loss: 3.6004
Training accuracy: 0.5929
Current GPU memory: 4.58 GB
Validation time: 12.96s
Model - Validation accuracy: 0.5750
Model - FGSM accuracy: 0.2090
Model - PGD accuracy: 0.1625
WA Model - Validation accuracy: 0.5860
WA Model - FGSM accuracy: 0.2290
WA Model - PGD accuracy: 0.1730
Best model: wa_model (PGD acc: 0.1730, Val acc: 0.5860)

============ Epoch 95 ============
Training time: 101.59s
Training loss: 3.5779
Training accuracy: 0.6162
Current GPU memory: 4.58 GB
Validation time: 12.87s
Model - Validation accuracy: 0.5745
Model - FGSM accuracy: 0.2175
Model - PGD accuracy: 0.1640
WA Model - Validation accuracy: 0.5855
WA Model - FGSM accuracy: 0.2260
WA Model - PGD accuracy: 0.1730
Best model: wa_model (PGD acc: 0.1730, Val acc: 0.5855)

============ Epoch 96 ============
Training time: 101.57s
Training loss: 3.5574
Training accuracy: 0.6334
Current GPU memory: 4.58 GB
Validation time: 13.01s
Model - Validation accuracy: 0.5795
Model - FGSM accuracy: 0.2115
Model - PGD accuracy: 0.1635
WA Model - Validation accuracy: 0.5845
WA Model - FGSM accuracy: 0.2255
WA Model - PGD accuracy: 0.1725
Best model: wa_model (PGD acc: 0.1725, Val acc: 0.5845)

============ Epoch 97 ============
Training time: 101.68s
Training loss: 3.5423
Training accuracy: 0.6481
Current GPU memory: 4.58 GB
Validation time: 12.88s
Model - Validation accuracy: 0.5830
Model - FGSM accuracy: 0.2175
Model - PGD accuracy: 0.1660
WA Model - Validation accuracy: 0.5845
WA Model - FGSM accuracy: 0.2230
WA Model - PGD accuracy: 0.1720
Best model: wa_model (PGD acc: 0.1720, Val acc: 0.5845)

============ Epoch 98 ============
Training time: 102.05s
Training loss: 3.5331
Training accuracy: 0.6561
Current GPU memory: 4.58 GB
Validation time: 12.92s
Model - Validation accuracy: 0.5785
Model - FGSM accuracy: 0.2150
Model - PGD accuracy: 0.1670
WA Model - Validation accuracy: 0.5835
WA Model - FGSM accuracy: 0.2195
WA Model - PGD accuracy: 0.1725
Best model: wa_model (PGD acc: 0.1725, Val acc: 0.5835)

============ Epoch 99 ============
Training time: 102.17s
Training loss: 3.5311
Training accuracy: 0.6589
Current GPU memory: 4.58 GB
Validation time: 12.87s
Model - Validation accuracy: 0.5805
Model - FGSM accuracy: 0.2150
Model - PGD accuracy: 0.1675
WA Model - Validation accuracy: 0.5820
WA Model - FGSM accuracy: 0.2195
WA Model - PGD accuracy: 0.1710
Best model: wa_model (PGD acc: 0.1710, Val acc: 0.5820)

train_acc_list: 
[0.029663265306122448, 0.0628673469387755, 0.08222448979591837, 0.10071428571428571, 0.11516326530612245, 0.12729591836734694, 0.14003061224489796, 0.1516122448979592, 0.16243877551020408, 0.16989795918367348, 0.17964285714285713, 0.18805102040816327, 0.19558163265306122, 0.20134693877551021, 0.20753061224489797, 0.2133265306122449, 0.2180408163265306, 0.21932653061224489, 0.22424489795918368, 0.22711224489795917, 0.22988775510204082, 0.23411224489795918, 0.2343673469387755, 0.23787755102040817, 0.2391326530612245, 0.24205102040816326, 0.24158163265306123, 0.24493877551020407, 0.2448469387755102, 0.2468469387755102, 0.2505612244897959, 0.25137755102040815, 0.25331632653061226, 0.2537755102040816, 0.25490816326530613, 0.25943877551020406, 0.25662244897959186, 0.2578367346938776, 0.25726530612244897, 0.2587244897959184, 0.2631530612244898, 0.2605204081632653, 0.2627040816326531, 0.2665918367346939, 0.2652551020408163, 0.2653979591836735, 0.2680612244897959, 0.266765306122449, 0.2674795918367347, 0.27155102040816326, 0.27191836734693875, 0.27283673469387754, 0.2730918367346939, 0.2754795918367347, 0.27768367346938777, 0.2787857142857143, 0.27868367346938777, 0.2819081632653061, 0.28083673469387754, 0.2824795918367347, 0.284765306122449, 0.2849285714285714, 0.2877959183673469, 0.2924081632653061, 0.29256122448979593, 0.2962959183673469, 0.2956938775510204, 0.29948979591836733, 0.30356122448979594, 0.3040510204081633, 0.3073673469387755, 0.3120918367346939, 0.3141326530612245, 0.32292857142857145, 0.3229591836734694, 0.3291122448979592, 0.33440816326530615, 0.3378265306122449, 0.3450918367346939, 0.3526836734693878, 0.35841836734693877, 0.36487755102040814, 0.37544897959183676, 0.3820816326530612, 0.39671428571428574, 0.4089387755102041, 0.42294897959183675, 0.4375612244897959, 0.45513265306122447, 0.47408163265306125, 0.4949387755102041, 0.5209183673469387, 0.5432448979591836, 0.5686632653061224, 0.5928775510204082, 0.6161938775510204, 0.6334285714285715, 0.6481224489795918, 0.6561326530612245, 0.6589489795918367]

model_val_acc_list: 
[0.1025, 0.165, 0.247, 0.255, 0.2935, 0.323, 0.279, 0.355, 0.3495, 0.3675, 0.3815, 0.408, 0.407, 0.422, 0.3805, 0.4095, 0.4175, 0.395, 0.415, 0.423, 0.416, 0.39, 0.433, 0.4035, 0.4375, 0.423, 0.423, 0.3835, 0.446, 0.4015, 0.4535, 0.423, 0.4555, 0.46, 0.4405, 0.425, 0.4285, 0.417, 0.437, 0.4655, 0.466, 0.4605, 0.46, 0.4565, 0.4475, 0.4595, 0.469, 0.432, 0.4415, 0.4545, 0.469, 0.4385, 0.42, 0.4635, 0.489, 0.473, 0.4685, 0.474, 0.4705, 0.4775, 0.484, 0.4685, 0.485, 0.4805, 0.494, 0.4845, 0.476, 0.4975, 0.5, 0.5005, 0.4895, 0.499, 0.497, 0.5065, 0.518, 0.52, 0.531, 0.511, 0.5255, 0.526, 0.5325, 0.5285, 0.543, 0.536, 0.5335, 0.5395, 0.5565, 0.566, 0.5565, 0.5525, 0.565, 0.5585, 0.5635, 0.5695, 0.575, 0.5745, 0.5795, 0.583, 0.5785, 0.5805]

model_pgd_acc_list: 
[0.017, 0.0195, 0.0235, 0.0325, 0.031, 0.0415, 0.04, 0.047, 0.054, 0.06, 0.066, 0.065, 0.068, 0.0685, 0.058, 0.0705, 0.0685, 0.052, 0.06, 0.074, 0.0665, 0.0645, 0.076, 0.073, 0.0795, 0.069, 0.0785, 0.0495, 0.0745, 0.0665, 0.0855, 0.0745, 0.081, 0.074, 0.079, 0.08, 0.0645, 0.0765, 0.0785, 0.077, 0.0725, 0.077, 0.074, 0.0955, 0.088, 0.0835, 0.082, 0.074, 0.078, 0.079, 0.098, 0.0815, 0.0765, 0.0955, 0.1015, 0.086, 0.0855, 0.0755, 0.087, 0.098, 0.0875, 0.088, 0.086, 0.087, 0.09, 0.0945, 0.099, 0.1005, 0.0995, 0.099, 0.104, 0.1065, 0.1205, 0.104, 0.113, 0.109, 0.1195, 0.1105, 0.1185, 0.1215, 0.1235, 0.122, 0.127, 0.13, 0.1245, 0.1445, 0.1475, 0.15, 0.146, 0.147, 0.1565, 0.163, 0.1605, 0.154, 0.1625, 0.164, 0.1635, 0.166, 0.167, 0.1675]

model_fgsm_acc_list: 
[0.022, 0.028, 0.035, 0.049, 0.0525, 0.054, 0.051, 0.0635, 0.0745, 0.086, 0.0895, 0.1, 0.0865, 0.098, 0.0805, 0.099, 0.1065, 0.0795, 0.095, 0.1055, 0.0995, 0.0915, 0.108, 0.104, 0.1075, 0.1115, 0.107, 0.078, 0.113, 0.1035, 0.1175, 0.107, 0.1065, 0.114, 0.1115, 0.116, 0.1, 0.12, 0.1175, 0.119, 0.116, 0.114, 0.1165, 0.1255, 0.124, 0.1155, 0.1195, 0.108, 0.1085, 0.115, 0.1425, 0.119, 0.1075, 0.1285, 0.139, 0.127, 0.1255, 0.1125, 0.1225, 0.1405, 0.127, 0.1205, 0.134, 0.132, 0.1345, 0.134, 0.133, 0.1375, 0.142, 0.1405, 0.1445, 0.145, 0.1575, 0.15, 0.1505, 0.1515, 0.1545, 0.157, 0.1705, 0.1695, 0.169, 0.167, 0.173, 0.1765, 0.166, 0.187, 0.19, 0.2005, 0.1965, 0.202, 0.2, 0.2055, 0.2055, 0.2085, 0.209, 0.2175, 0.2115, 0.2175, 0.215, 0.215]

wa_val_acc_list: 
[0.0035, 0.005, 0.0035, 0.0065, 0.0095, 0.0215, 0.048, 0.096, 0.177, 0.2635, 0.3255, 0.3565, 0.3585, 0.337, 0.3095, 0.288, 0.278, 0.2965, 0.33, 0.3715, 0.416, 0.4475, 0.4745, 0.496, 0.5095, 0.519, 0.526, 0.534, 0.54, 0.54, 0.5415, 0.5415, 0.551, 0.5465, 0.5505, 0.551, 0.5535, 0.5595, 0.56, 0.5615, 0.5625, 0.558, 0.562, 0.562, 0.5695, 0.567, 0.5725, 0.5765, 0.5745, 0.573, 0.5715, 0.576, 0.576, 0.579, 0.5785, 0.5815, 0.5785, 0.5835, 0.5835, 0.586, 0.583, 0.5845, 0.586, 0.59, 0.586, 0.5855, 0.5825, 0.5845, 0.5885, 0.593, 0.593, 0.5955, 0.596, 0.596, 0.5985, 0.6, 0.6, 0.6015, 0.6055, 0.6005, 0.6, 0.6045, 0.602, 0.6055, 0.6045, 0.6035, 0.6, 0.5995, 0.5975, 0.5955, 0.596, 0.596, 0.588, 0.5865, 0.586, 0.5855, 0.5845, 0.5845, 0.5835, 0.582]

wa_pgd_acc_list: 
[0.003, 0.002, 0.0025, 0.0055, 0.0065, 0.009, 0.0145, 0.023, 0.0365, 0.052, 0.0685, 0.0755, 0.0745, 0.072, 0.061, 0.0605, 0.0575, 0.061, 0.07, 0.0815, 0.0975, 0.102, 0.1125, 0.1245, 0.134, 0.1395, 0.139, 0.145, 0.143, 0.143, 0.1445, 0.147, 0.1485, 0.1495, 0.148, 0.145, 0.149, 0.15, 0.1505, 0.1525, 0.1515, 0.154, 0.1545, 0.156, 0.156, 0.1555, 0.1595, 0.1595, 0.1595, 0.163, 0.16, 0.166, 0.1655, 0.166, 0.1665, 0.1705, 0.172, 0.164, 0.1655, 0.1635, 0.1665, 0.1665, 0.1665, 0.166, 0.1655, 0.1675, 0.167, 0.1705, 0.169, 0.1705, 0.169, 0.1715, 0.175, 0.176, 0.1775, 0.1785, 0.1785, 0.1795, 0.182, 0.1825, 0.1845, 0.1815, 0.1815, 0.184, 0.1835, 0.1845, 0.1845, 0.18, 0.1795, 0.1755, 0.177, 0.177, 0.1815, 0.1785, 0.173, 0.173, 0.1725, 0.172, 0.1725, 0.171]

wa_fgsm_acc_list: 
[0.0035, 0.002, 0.0025, 0.0055, 0.0065, 0.009, 0.016, 0.0295, 0.0435, 0.0625, 0.081, 0.088, 0.0895, 0.089, 0.0775, 0.0735, 0.0695, 0.0745, 0.087, 0.1025, 0.1125, 0.1325, 0.146, 0.1545, 0.1715, 0.182, 0.1865, 0.19, 0.19, 0.1925, 0.1925, 0.193, 0.2, 0.199, 0.201, 0.2035, 0.201, 0.2025, 0.205, 0.2005, 0.206, 0.2055, 0.2105, 0.2105, 0.209, 0.2085, 0.2085, 0.206, 0.208, 0.211, 0.214, 0.217, 0.2135, 0.2135, 0.217, 0.2165, 0.217, 0.218, 0.217, 0.219, 0.218, 0.218, 0.2195, 0.2185, 0.2175, 0.217, 0.2225, 0.222, 0.224, 0.2235, 0.225, 0.225, 0.2285, 0.2285, 0.234, 0.232, 0.232, 0.232, 0.229, 0.234, 0.2335, 0.2345, 0.2385, 0.237, 0.236, 0.2375, 0.2345, 0.237, 0.236, 0.2355, 0.236, 0.2345, 0.231, 0.2295, 0.229, 0.226, 0.2255, 0.223, 0.2195, 0.2195]

total_training_time: 
9534.372435331345

total_val_time: 
1292.5555429458618

max_gpu_memory: 4.58 GB

==================================================
Starting final evaluation on test set...
==================================================
PGD test results:
  clean_acc: 0.5989
  pgd_10_acc: 0.1863
  pgd_20_acc: 0.1783
  pgd_50_acc: 0.1753
AutoAttack results:
  autoattack_acc: 0.1208
CR-Attack results:
  cr_attack_acc: 0.1208
