Method: ssat
Seed: 2
Scheduler: OneCycleLR
Label smoothing: 0.4
Weight average: True, tau: 0.9995
c: 3
alpha: 0.0392156862745098
inf_batch: 1024


============ Epoch 0 ============
Training time: 83.80s
Training loss: 5.0234
Training accuracy: 0.0290
Current GPU memory: 2.48 GB
Validation time: 12.81s
Model - Validation accuracy: 0.1355
Model - FGSM accuracy: 0.0225
Model - PGD accuracy: 0.0170
WA Model - Validation accuracy: 0.0050
WA Model - FGSM accuracy: 0.0000
WA Model - PGD accuracy: 0.0000
Best model: model (PGD acc: 0.0170, Val acc: 0.1355)

============ Epoch 1 ============
Training time: 86.17s
Training loss: 4.7820
Training accuracy: 0.0619
Current GPU memory: 4.58 GB
Validation time: 12.90s
Model - Validation accuracy: 0.1960
Model - FGSM accuracy: 0.0410
Model - PGD accuracy: 0.0290
WA Model - Validation accuracy: 0.0060
WA Model - FGSM accuracy: 0.0050
WA Model - PGD accuracy: 0.0045
Best model: model (PGD acc: 0.0290, Val acc: 0.1960)

============ Epoch 2 ============
Training time: 87.51s
Training loss: 4.6675
Training accuracy: 0.0819
Current GPU memory: 4.58 GB
Validation time: 12.79s
Model - Validation accuracy: 0.2460
Model - FGSM accuracy: 0.0580
Model - PGD accuracy: 0.0420
WA Model - Validation accuracy: 0.0065
WA Model - FGSM accuracy: 0.0060
WA Model - PGD accuracy: 0.0060
Best model: model (PGD acc: 0.0420, Val acc: 0.2460)

============ Epoch 3 ============
Training time: 88.37s
Training loss: 4.5976
Training accuracy: 0.0981
Current GPU memory: 4.58 GB
Validation time: 12.83s
Model - Validation accuracy: 0.2755
Model - FGSM accuracy: 0.0625
Model - PGD accuracy: 0.0495
WA Model - Validation accuracy: 0.0085
WA Model - FGSM accuracy: 0.0055
WA Model - PGD accuracy: 0.0055
Best model: model (PGD acc: 0.0495, Val acc: 0.2755)

============ Epoch 4 ============
Training time: 89.11s
Training loss: 4.5437
Training accuracy: 0.1136
Current GPU memory: 4.58 GB
Validation time: 12.88s
Model - Validation accuracy: 0.3010
Model - FGSM accuracy: 0.0680
Model - PGD accuracy: 0.0480
WA Model - Validation accuracy: 0.0090
WA Model - FGSM accuracy: 0.0075
WA Model - PGD accuracy: 0.0075
Best model: model (PGD acc: 0.0480, Val acc: 0.3010)

============ Epoch 5 ============
Training time: 89.82s
Training loss: 4.5007
Training accuracy: 0.1271
Current GPU memory: 4.58 GB
Validation time: 12.91s
Model - Validation accuracy: 0.3475
Model - FGSM accuracy: 0.0850
Model - PGD accuracy: 0.0620
WA Model - Validation accuracy: 0.0170
WA Model - FGSM accuracy: 0.0115
WA Model - PGD accuracy: 0.0100
Best model: model (PGD acc: 0.0620, Val acc: 0.3475)

============ Epoch 6 ============
Training time: 90.50s
Training loss: 4.4615
Training accuracy: 0.1388
Current GPU memory: 4.58 GB
Validation time: 12.89s
Model - Validation accuracy: 0.3250
Model - FGSM accuracy: 0.0750
Model - PGD accuracy: 0.0555
WA Model - Validation accuracy: 0.0465
WA Model - FGSM accuracy: 0.0175
WA Model - PGD accuracy: 0.0170
Best model: model (PGD acc: 0.0555, Val acc: 0.3250)

============ Epoch 7 ============
Training time: 90.51s
Training loss: 4.4285
Training accuracy: 0.1493
Current GPU memory: 4.58 GB
Validation time: 12.92s
Model - Validation accuracy: 0.3520
Model - FGSM accuracy: 0.0850
Model - PGD accuracy: 0.0630
WA Model - Validation accuracy: 0.1025
WA Model - FGSM accuracy: 0.0315
WA Model - PGD accuracy: 0.0275
Best model: model (PGD acc: 0.0630, Val acc: 0.3520)

============ Epoch 8 ============
Training time: 90.68s
Training loss: 4.3946
Training accuracy: 0.1624
Current GPU memory: 4.58 GB
Validation time: 12.84s
Model - Validation accuracy: 0.3735
Model - FGSM accuracy: 0.0810
Model - PGD accuracy: 0.0555
WA Model - Validation accuracy: 0.1990
WA Model - FGSM accuracy: 0.0505
WA Model - PGD accuracy: 0.0440
Best model: model (PGD acc: 0.0555, Val acc: 0.3735)

============ Epoch 9 ============
Training time: 91.15s
Training loss: 4.3655
Training accuracy: 0.1720
Current GPU memory: 4.58 GB
Validation time: 12.86s
Model - Validation accuracy: 0.3900
Model - FGSM accuracy: 0.0860
Model - PGD accuracy: 0.0630
WA Model - Validation accuracy: 0.2805
WA Model - FGSM accuracy: 0.0800
WA Model - PGD accuracy: 0.0660
Best model: wa_model (PGD acc: 0.0660, Val acc: 0.2805)

============ Epoch 10 ============
Training time: 91.52s
Training loss: 4.3374
Training accuracy: 0.1814
Current GPU memory: 4.58 GB
Validation time: 12.82s
Model - Validation accuracy: 0.4135
Model - FGSM accuracy: 0.1010
Model - PGD accuracy: 0.0715
WA Model - Validation accuracy: 0.3535
WA Model - FGSM accuracy: 0.0975
WA Model - PGD accuracy: 0.0800
Best model: wa_model (PGD acc: 0.0800, Val acc: 0.3535)

============ Epoch 11 ============
Training time: 91.58s
Training loss: 4.3126
Training accuracy: 0.1882
Current GPU memory: 4.58 GB
Validation time: 12.80s
Model - Validation accuracy: 0.3920
Model - FGSM accuracy: 0.0975
Model - PGD accuracy: 0.0695
WA Model - Validation accuracy: 0.3785
WA Model - FGSM accuracy: 0.1060
WA Model - PGD accuracy: 0.0870
Best model: wa_model (PGD acc: 0.0870, Val acc: 0.3785)

============ Epoch 12 ============
Training time: 91.67s
Training loss: 4.2941
Training accuracy: 0.1962
Current GPU memory: 4.58 GB
Validation time: 12.83s
Model - Validation accuracy: 0.4280
Model - FGSM accuracy: 0.1185
Model - PGD accuracy: 0.0960
WA Model - Validation accuracy: 0.3770
WA Model - FGSM accuracy: 0.1130
WA Model - PGD accuracy: 0.0915
Best model: model (PGD acc: 0.0960, Val acc: 0.4280)

============ Epoch 13 ============
Training time: 91.83s
Training loss: 4.2768
Training accuracy: 0.2009
Current GPU memory: 4.58 GB
Validation time: 12.79s
Model - Validation accuracy: 0.4245
Model - FGSM accuracy: 0.1030
Model - PGD accuracy: 0.0750
WA Model - Validation accuracy: 0.3645
WA Model - FGSM accuracy: 0.1070
WA Model - PGD accuracy: 0.0885
Best model: wa_model (PGD acc: 0.0885, Val acc: 0.3645)

============ Epoch 14 ============
Training time: 91.82s
Training loss: 4.2662
Training accuracy: 0.2069
Current GPU memory: 4.58 GB
Validation time: 12.83s
Model - Validation accuracy: 0.4370
Model - FGSM accuracy: 0.1065
Model - PGD accuracy: 0.0735
WA Model - Validation accuracy: 0.3345
WA Model - FGSM accuracy: 0.0970
WA Model - PGD accuracy: 0.0830
Best model: wa_model (PGD acc: 0.0830, Val acc: 0.3345)

============ Epoch 15 ============
Training time: 91.99s
Training loss: 4.2560
Training accuracy: 0.2138
Current GPU memory: 4.58 GB
Validation time: 12.85s
Model - Validation accuracy: 0.4185
Model - FGSM accuracy: 0.1055
Model - PGD accuracy: 0.0825
WA Model - Validation accuracy: 0.3005
WA Model - FGSM accuracy: 0.0890
WA Model - PGD accuracy: 0.0770
Best model: model (PGD acc: 0.0825, Val acc: 0.4185)

============ Epoch 16 ============
Training time: 92.32s
Training loss: 4.2466
Training accuracy: 0.2167
Current GPU memory: 4.58 GB
Validation time: 12.81s
Model - Validation accuracy: 0.4110
Model - FGSM accuracy: 0.1010
Model - PGD accuracy: 0.0740
WA Model - Validation accuracy: 0.2920
WA Model - FGSM accuracy: 0.0870
WA Model - PGD accuracy: 0.0720
Best model: model (PGD acc: 0.0740, Val acc: 0.4110)

============ Epoch 17 ============
Training time: 92.63s
Training loss: 4.2392
Training accuracy: 0.2210
Current GPU memory: 4.58 GB
Validation time: 12.87s
Model - Validation accuracy: 0.4265
Model - FGSM accuracy: 0.1225
Model - PGD accuracy: 0.0910
WA Model - Validation accuracy: 0.3125
WA Model - FGSM accuracy: 0.0925
WA Model - PGD accuracy: 0.0800
Best model: model (PGD acc: 0.0910, Val acc: 0.4265)

============ Epoch 18 ============
Training time: 92.49s
Training loss: 4.2338
Training accuracy: 0.2245
Current GPU memory: 4.58 GB
Validation time: 12.75s
Model - Validation accuracy: 0.4405
Model - FGSM accuracy: 0.1145
Model - PGD accuracy: 0.0845
WA Model - Validation accuracy: 0.3450
WA Model - FGSM accuracy: 0.1010
WA Model - PGD accuracy: 0.0900
Best model: wa_model (PGD acc: 0.0900, Val acc: 0.3450)

============ Epoch 19 ============
Training time: 92.59s
Training loss: 4.2260
Training accuracy: 0.2284
Current GPU memory: 4.58 GB
Validation time: 12.80s
Model - Validation accuracy: 0.4100
Model - FGSM accuracy: 0.1110
Model - PGD accuracy: 0.0835
WA Model - Validation accuracy: 0.3890
WA Model - FGSM accuracy: 0.1155
WA Model - PGD accuracy: 0.1035
Best model: wa_model (PGD acc: 0.1035, Val acc: 0.3890)

============ Epoch 20 ============
Training time: 92.59s
Training loss: 4.2197
Training accuracy: 0.2306
Current GPU memory: 4.58 GB
Validation time: 12.86s
Model - Validation accuracy: 0.4140
Model - FGSM accuracy: 0.0945
Model - PGD accuracy: 0.0700
WA Model - Validation accuracy: 0.4225
WA Model - FGSM accuracy: 0.1320
WA Model - PGD accuracy: 0.1120
Best model: wa_model (PGD acc: 0.1120, Val acc: 0.4225)

============ Epoch 21 ============
Training time: 92.74s
Training loss: 4.2142
Training accuracy: 0.2312
Current GPU memory: 4.58 GB
Validation time: 12.76s
Model - Validation accuracy: 0.4320
Model - FGSM accuracy: 0.1045
Model - PGD accuracy: 0.0720
WA Model - Validation accuracy: 0.4595
WA Model - FGSM accuracy: 0.1465
WA Model - PGD accuracy: 0.1210
Best model: wa_model (PGD acc: 0.1210, Val acc: 0.4595)

============ Epoch 22 ============
Training time: 92.63s
Training loss: 4.2095
Training accuracy: 0.2343
Current GPU memory: 4.58 GB
Validation time: 12.87s
Model - Validation accuracy: 0.4325
Model - FGSM accuracy: 0.1240
Model - PGD accuracy: 0.0925
WA Model - Validation accuracy: 0.4845
WA Model - FGSM accuracy: 0.1615
WA Model - PGD accuracy: 0.1325
Best model: wa_model (PGD acc: 0.1325, Val acc: 0.4845)

============ Epoch 23 ============
Training time: 92.90s
Training loss: 4.2054
Training accuracy: 0.2361
Current GPU memory: 4.58 GB
Validation time: 12.82s
Model - Validation accuracy: 0.4385
Model - FGSM accuracy: 0.1075
Model - PGD accuracy: 0.0735
WA Model - Validation accuracy: 0.5020
WA Model - FGSM accuracy: 0.1705
WA Model - PGD accuracy: 0.1390
Best model: wa_model (PGD acc: 0.1390, Val acc: 0.5020)

============ Epoch 24 ============
Training time: 93.06s
Training loss: 4.2006
Training accuracy: 0.2394
Current GPU memory: 4.58 GB
Validation time: 12.87s
Model - Validation accuracy: 0.4440
Model - FGSM accuracy: 0.1075
Model - PGD accuracy: 0.0720
WA Model - Validation accuracy: 0.5185
WA Model - FGSM accuracy: 0.1785
WA Model - PGD accuracy: 0.1480
Best model: wa_model (PGD acc: 0.1480, Val acc: 0.5185)

============ Epoch 25 ============
Training time: 92.90s
Training loss: 4.1967
Training accuracy: 0.2391
Current GPU memory: 4.58 GB
Validation time: 12.79s
Model - Validation accuracy: 0.3985
Model - FGSM accuracy: 0.0920
Model - PGD accuracy: 0.0635
WA Model - Validation accuracy: 0.5275
WA Model - FGSM accuracy: 0.1770
WA Model - PGD accuracy: 0.1475
Best model: wa_model (PGD acc: 0.1475, Val acc: 0.5275)

============ Epoch 26 ============
Training time: 92.86s
Training loss: 4.1932
Training accuracy: 0.2435
Current GPU memory: 4.58 GB
Validation time: 12.76s
Model - Validation accuracy: 0.4435
Model - FGSM accuracy: 0.1230
Model - PGD accuracy: 0.0850
WA Model - Validation accuracy: 0.5390
WA Model - FGSM accuracy: 0.1840
WA Model - PGD accuracy: 0.1505
Best model: wa_model (PGD acc: 0.1505, Val acc: 0.5390)

============ Epoch 27 ============
Training time: 92.96s
Training loss: 4.1896
Training accuracy: 0.2443
Current GPU memory: 4.58 GB
Validation time: 12.87s
Model - Validation accuracy: 0.4305
Model - FGSM accuracy: 0.1125
Model - PGD accuracy: 0.0785
WA Model - Validation accuracy: 0.5455
WA Model - FGSM accuracy: 0.1890
WA Model - PGD accuracy: 0.1505
Best model: wa_model (PGD acc: 0.1505, Val acc: 0.5455)

============ Epoch 28 ============
Training time: 93.05s
Training loss: 4.1858
Training accuracy: 0.2449
Current GPU memory: 4.58 GB
Validation time: 12.78s
Model - Validation accuracy: 0.4540
Model - FGSM accuracy: 0.1300
Model - PGD accuracy: 0.0870
WA Model - Validation accuracy: 0.5505
WA Model - FGSM accuracy: 0.1900
WA Model - PGD accuracy: 0.1525
Best model: wa_model (PGD acc: 0.1525, Val acc: 0.5505)

============ Epoch 29 ============
Training time: 93.02s
Training loss: 4.1808
Training accuracy: 0.2474
Current GPU memory: 4.58 GB
Validation time: 12.85s
Model - Validation accuracy: 0.4530
Model - FGSM accuracy: 0.1265
Model - PGD accuracy: 0.0920
WA Model - Validation accuracy: 0.5555
WA Model - FGSM accuracy: 0.1950
WA Model - PGD accuracy: 0.1540
Best model: wa_model (PGD acc: 0.1540, Val acc: 0.5555)

============ Epoch 30 ============
Training time: 93.07s
Training loss: 4.1762
Training accuracy: 0.2484
Current GPU memory: 4.58 GB
Validation time: 12.80s
Model - Validation accuracy: 0.4470
Model - FGSM accuracy: 0.1145
Model - PGD accuracy: 0.0810
WA Model - Validation accuracy: 0.5625
WA Model - FGSM accuracy: 0.2035
WA Model - PGD accuracy: 0.1545
Best model: wa_model (PGD acc: 0.1545, Val acc: 0.5625)

============ Epoch 31 ============
Training time: 93.02s
Training loss: 4.1724
Training accuracy: 0.2517
Current GPU memory: 4.58 GB
Validation time: 12.74s
Model - Validation accuracy: 0.4525
Model - FGSM accuracy: 0.1240
Model - PGD accuracy: 0.0890
WA Model - Validation accuracy: 0.5615
WA Model - FGSM accuracy: 0.2070
WA Model - PGD accuracy: 0.1575
Best model: wa_model (PGD acc: 0.1575, Val acc: 0.5615)

============ Epoch 32 ============
Training time: 92.90s
Training loss: 4.1716
Training accuracy: 0.2525
Current GPU memory: 4.58 GB
Validation time: 12.79s
Model - Validation accuracy: 0.4065
Model - FGSM accuracy: 0.1090
Model - PGD accuracy: 0.0835
WA Model - Validation accuracy: 0.5655
WA Model - FGSM accuracy: 0.2055
WA Model - PGD accuracy: 0.1615
Best model: wa_model (PGD acc: 0.1615, Val acc: 0.5655)

============ Epoch 33 ============
Training time: 92.98s
Training loss: 4.1657
Training accuracy: 0.2531
Current GPU memory: 4.58 GB
Validation time: 12.78s
Model - Validation accuracy: 0.4495
Model - FGSM accuracy: 0.1220
Model - PGD accuracy: 0.0970
WA Model - Validation accuracy: 0.5645
WA Model - FGSM accuracy: 0.2115
WA Model - PGD accuracy: 0.1625
Best model: wa_model (PGD acc: 0.1625, Val acc: 0.5645)

============ Epoch 34 ============
Training time: 92.98s
Training loss: 4.1631
Training accuracy: 0.2552
Current GPU memory: 4.58 GB
Validation time: 12.79s
Model - Validation accuracy: 0.4530
Model - FGSM accuracy: 0.1420
Model - PGD accuracy: 0.1105
WA Model - Validation accuracy: 0.5695
WA Model - FGSM accuracy: 0.2135
WA Model - PGD accuracy: 0.1610
Best model: wa_model (PGD acc: 0.1610, Val acc: 0.5695)

============ Epoch 35 ============
Training time: 93.15s
Training loss: 4.1600
Training accuracy: 0.2547
Current GPU memory: 4.58 GB
Validation time: 12.77s
Model - Validation accuracy: 0.4280
Model - FGSM accuracy: 0.1075
Model - PGD accuracy: 0.0830
WA Model - Validation accuracy: 0.5750
WA Model - FGSM accuracy: 0.2140
WA Model - PGD accuracy: 0.1635
Best model: wa_model (PGD acc: 0.1635, Val acc: 0.5750)

============ Epoch 36 ============
Training time: 93.32s
Training loss: 4.1568
Training accuracy: 0.2567
Current GPU memory: 4.58 GB
Validation time: 12.81s
Model - Validation accuracy: 0.4420
Model - FGSM accuracy: 0.1095
Model - PGD accuracy: 0.0805
WA Model - Validation accuracy: 0.5750
WA Model - FGSM accuracy: 0.2140
WA Model - PGD accuracy: 0.1655
Best model: wa_model (PGD acc: 0.1655, Val acc: 0.5750)

============ Epoch 37 ============
Training time: 93.27s
Training loss: 4.1536
Training accuracy: 0.2583
Current GPU memory: 4.58 GB
Validation time: 12.83s
Model - Validation accuracy: 0.4510
Model - FGSM accuracy: 0.1105
Model - PGD accuracy: 0.0810
WA Model - Validation accuracy: 0.5725
WA Model - FGSM accuracy: 0.2150
WA Model - PGD accuracy: 0.1630
Best model: wa_model (PGD acc: 0.1630, Val acc: 0.5725)

============ Epoch 38 ============
Training time: 93.18s
Training loss: 4.1529
Training accuracy: 0.2575
Current GPU memory: 4.58 GB
Validation time: 12.81s
Model - Validation accuracy: 0.4530
Model - FGSM accuracy: 0.1235
Model - PGD accuracy: 0.0905
WA Model - Validation accuracy: 0.5735
WA Model - FGSM accuracy: 0.2145
WA Model - PGD accuracy: 0.1645
Best model: wa_model (PGD acc: 0.1645, Val acc: 0.5735)

============ Epoch 39 ============
Training time: 93.20s
Training loss: 4.1484
Training accuracy: 0.2609
Current GPU memory: 4.58 GB
Validation time: 12.82s
Model - Validation accuracy: 0.4360
Model - FGSM accuracy: 0.1190
Model - PGD accuracy: 0.0910
WA Model - Validation accuracy: 0.5740
WA Model - FGSM accuracy: 0.2175
WA Model - PGD accuracy: 0.1645
Best model: wa_model (PGD acc: 0.1645, Val acc: 0.5740)

============ Epoch 40 ============
Training time: 93.32s
Training loss: 4.1451
Training accuracy: 0.2619
Current GPU memory: 4.58 GB
Validation time: 12.75s
Model - Validation accuracy: 0.4460
Model - FGSM accuracy: 0.1360
Model - PGD accuracy: 0.0995
WA Model - Validation accuracy: 0.5780
WA Model - FGSM accuracy: 0.2170
WA Model - PGD accuracy: 0.1675
Best model: wa_model (PGD acc: 0.1675, Val acc: 0.5780)

============ Epoch 41 ============
Training time: 93.15s
Training loss: 4.1418
Training accuracy: 0.2627
Current GPU memory: 4.58 GB
Validation time: 12.79s
Model - Validation accuracy: 0.4525
Model - FGSM accuracy: 0.1230
Model - PGD accuracy: 0.0905
WA Model - Validation accuracy: 0.5770
WA Model - FGSM accuracy: 0.2180
WA Model - PGD accuracy: 0.1675
Best model: wa_model (PGD acc: 0.1675, Val acc: 0.5770)

============ Epoch 42 ============
Training time: 93.27s
Training loss: 4.1396
Training accuracy: 0.2638
Current GPU memory: 4.58 GB
Validation time: 12.75s
Model - Validation accuracy: 0.4650
Model - FGSM accuracy: 0.1365
Model - PGD accuracy: 0.1040
WA Model - Validation accuracy: 0.5765
WA Model - FGSM accuracy: 0.2170
WA Model - PGD accuracy: 0.1695
Best model: wa_model (PGD acc: 0.1695, Val acc: 0.5765)

============ Epoch 43 ============
Training time: 93.26s
Training loss: 4.1359
Training accuracy: 0.2667
Current GPU memory: 4.58 GB
Validation time: 12.80s
Model - Validation accuracy: 0.4840
Model - FGSM accuracy: 0.1385
Model - PGD accuracy: 0.1020
WA Model - Validation accuracy: 0.5815
WA Model - FGSM accuracy: 0.2140
WA Model - PGD accuracy: 0.1685
Best model: wa_model (PGD acc: 0.1685, Val acc: 0.5815)

============ Epoch 44 ============
Training time: 93.47s
Training loss: 4.1334
Training accuracy: 0.2661
Current GPU memory: 4.58 GB
Validation time: 12.78s
Model - Validation accuracy: 0.4400
Model - FGSM accuracy: 0.1115
Model - PGD accuracy: 0.0810
WA Model - Validation accuracy: 0.5825
WA Model - FGSM accuracy: 0.2185
WA Model - PGD accuracy: 0.1720
Best model: wa_model (PGD acc: 0.1720, Val acc: 0.5825)

============ Epoch 45 ============
Training time: 93.46s
Training loss: 4.1305
Training accuracy: 0.2667
Current GPU memory: 4.58 GB
Validation time: 12.78s
Model - Validation accuracy: 0.4700
Model - FGSM accuracy: 0.1245
Model - PGD accuracy: 0.0925
WA Model - Validation accuracy: 0.5830
WA Model - FGSM accuracy: 0.2150
WA Model - PGD accuracy: 0.1735
Best model: wa_model (PGD acc: 0.1735, Val acc: 0.5830)

============ Epoch 46 ============
Training time: 93.47s
Training loss: 4.1287
Training accuracy: 0.2658
Current GPU memory: 4.58 GB
Validation time: 12.79s
Model - Validation accuracy: 0.4775
Model - FGSM accuracy: 0.1385
Model - PGD accuracy: 0.1000
WA Model - Validation accuracy: 0.5840
WA Model - FGSM accuracy: 0.2150
WA Model - PGD accuracy: 0.1735
Best model: wa_model (PGD acc: 0.1735, Val acc: 0.5840)

============ Epoch 47 ============
Training time: 93.54s
Training loss: 4.1261
Training accuracy: 0.2692
Current GPU memory: 4.58 GB
Validation time: 12.77s
Model - Validation accuracy: 0.4700
Model - FGSM accuracy: 0.1275
Model - PGD accuracy: 0.0875
WA Model - Validation accuracy: 0.5825
WA Model - FGSM accuracy: 0.2205
WA Model - PGD accuracy: 0.1730
Best model: wa_model (PGD acc: 0.1730, Val acc: 0.5825)

============ Epoch 48 ============
Training time: 93.35s
Training loss: 4.1226
Training accuracy: 0.2697
Current GPU memory: 4.58 GB
Validation time: 12.75s
Model - Validation accuracy: 0.4620
Model - FGSM accuracy: 0.1260
Model - PGD accuracy: 0.0900
WA Model - Validation accuracy: 0.5815
WA Model - FGSM accuracy: 0.2190
WA Model - PGD accuracy: 0.1730
Best model: wa_model (PGD acc: 0.1730, Val acc: 0.5815)

============ Epoch 49 ============
Training time: 93.37s
Training loss: 4.1189
Training accuracy: 0.2701
Current GPU memory: 4.58 GB
Validation time: 12.79s
Model - Validation accuracy: 0.4765
Model - FGSM accuracy: 0.1330
Model - PGD accuracy: 0.0950
WA Model - Validation accuracy: 0.5800
WA Model - FGSM accuracy: 0.2270
WA Model - PGD accuracy: 0.1730
Best model: wa_model (PGD acc: 0.1730, Val acc: 0.5800)

============ Epoch 50 ============
Training time: 93.36s
Training loss: 4.1137
Training accuracy: 0.2719
Current GPU memory: 4.58 GB
Validation time: 12.71s
Model - Validation accuracy: 0.4740
Model - FGSM accuracy: 0.1360
Model - PGD accuracy: 0.1055
WA Model - Validation accuracy: 0.5795
WA Model - FGSM accuracy: 0.2220
WA Model - PGD accuracy: 0.1745
Best model: wa_model (PGD acc: 0.1745, Val acc: 0.5795)

============ Epoch 51 ============
Training time: 93.43s
Training loss: 4.1144
Training accuracy: 0.2736
Current GPU memory: 4.58 GB
Validation time: 12.81s
Model - Validation accuracy: 0.4750
Model - FGSM accuracy: 0.1380
Model - PGD accuracy: 0.0950
WA Model - Validation accuracy: 0.5835
WA Model - FGSM accuracy: 0.2245
WA Model - PGD accuracy: 0.1735
Best model: wa_model (PGD acc: 0.1735, Val acc: 0.5835)

============ Epoch 52 ============
Training time: 93.48s
Training loss: 4.1104
Training accuracy: 0.2753
Current GPU memory: 4.58 GB
Validation time: 12.78s
Model - Validation accuracy: 0.4740
Model - FGSM accuracy: 0.1440
Model - PGD accuracy: 0.1075
WA Model - Validation accuracy: 0.5845
WA Model - FGSM accuracy: 0.2280
WA Model - PGD accuracy: 0.1780
Best model: wa_model (PGD acc: 0.1780, Val acc: 0.5845)

============ Epoch 53 ============
Training time: 93.57s
Training loss: 4.1065
Training accuracy: 0.2756
Current GPU memory: 4.58 GB
Validation time: 12.77s
Model - Validation accuracy: 0.4800
Model - FGSM accuracy: 0.1460
Model - PGD accuracy: 0.1065
WA Model - Validation accuracy: 0.5830
WA Model - FGSM accuracy: 0.2275
WA Model - PGD accuracy: 0.1755
Best model: wa_model (PGD acc: 0.1755, Val acc: 0.5830)

============ Epoch 54 ============
Training time: 93.66s
Training loss: 4.1030
Training accuracy: 0.2771
Current GPU memory: 4.58 GB
Validation time: 12.84s
Model - Validation accuracy: 0.4800
Model - FGSM accuracy: 0.1335
Model - PGD accuracy: 0.1000
WA Model - Validation accuracy: 0.5845
WA Model - FGSM accuracy: 0.2240
WA Model - PGD accuracy: 0.1755
Best model: wa_model (PGD acc: 0.1755, Val acc: 0.5845)

============ Epoch 55 ============
Training time: 93.50s
Training loss: 4.1004
Training accuracy: 0.2781
Current GPU memory: 4.58 GB
Validation time: 12.76s
Model - Validation accuracy: 0.4710
Model - FGSM accuracy: 0.1360
Model - PGD accuracy: 0.0915
WA Model - Validation accuracy: 0.5865
WA Model - FGSM accuracy: 0.2245
WA Model - PGD accuracy: 0.1735
Best model: wa_model (PGD acc: 0.1735, Val acc: 0.5865)

============ Epoch 56 ============
Training time: 93.66s
Training loss: 4.0959
Training accuracy: 0.2810
Current GPU memory: 4.58 GB
Validation time: 12.78s
Model - Validation accuracy: 0.4455
Model - FGSM accuracy: 0.1300
Model - PGD accuracy: 0.0930
WA Model - Validation accuracy: 0.5865
WA Model - FGSM accuracy: 0.2295
WA Model - PGD accuracy: 0.1775
Best model: wa_model (PGD acc: 0.1775, Val acc: 0.5865)

============ Epoch 57 ============
Training time: 93.67s
Training loss: 4.0928
Training accuracy: 0.2810
Current GPU memory: 4.58 GB
Validation time: 12.80s
Model - Validation accuracy: 0.4875
Model - FGSM accuracy: 0.1475
Model - PGD accuracy: 0.0950
WA Model - Validation accuracy: 0.5880
WA Model - FGSM accuracy: 0.2280
WA Model - PGD accuracy: 0.1800
Best model: wa_model (PGD acc: 0.1800, Val acc: 0.5880)

============ Epoch 58 ============
Training time: 93.75s
Training loss: 4.0885
Training accuracy: 0.2815
Current GPU memory: 4.58 GB
Validation time: 12.71s
Model - Validation accuracy: 0.4960
Model - FGSM accuracy: 0.1670
Model - PGD accuracy: 0.1205
WA Model - Validation accuracy: 0.5935
WA Model - FGSM accuracy: 0.2315
WA Model - PGD accuracy: 0.1800
Best model: wa_model (PGD acc: 0.1800, Val acc: 0.5935)

============ Epoch 59 ============
Training time: 93.80s
Training loss: 4.0830
Training accuracy: 0.2850
Current GPU memory: 4.58 GB
Validation time: 12.83s
Model - Validation accuracy: 0.4785
Model - FGSM accuracy: 0.1410
Model - PGD accuracy: 0.1065
WA Model - Validation accuracy: 0.5955
WA Model - FGSM accuracy: 0.2300
WA Model - PGD accuracy: 0.1805
Best model: wa_model (PGD acc: 0.1805, Val acc: 0.5955)

============ Epoch 60 ============
Training time: 93.78s
Training loss: 4.0785
Training accuracy: 0.2858
Current GPU memory: 4.58 GB
Validation time: 12.77s
Model - Validation accuracy: 0.4620
Model - FGSM accuracy: 0.1305
Model - PGD accuracy: 0.0970
WA Model - Validation accuracy: 0.5955
WA Model - FGSM accuracy: 0.2315
WA Model - PGD accuracy: 0.1810
Best model: wa_model (PGD acc: 0.1810, Val acc: 0.5955)

============ Epoch 61 ============
Training time: 93.96s
Training loss: 4.0768
Training accuracy: 0.2849
Current GPU memory: 4.58 GB
Validation time: 12.79s
Model - Validation accuracy: 0.4810
Model - FGSM accuracy: 0.1530
Model - PGD accuracy: 0.1110
WA Model - Validation accuracy: 0.5980
WA Model - FGSM accuracy: 0.2325
WA Model - PGD accuracy: 0.1820
Best model: wa_model (PGD acc: 0.1820, Val acc: 0.5980)

============ Epoch 62 ============
Training time: 94.28s
Training loss: 4.0707
Training accuracy: 0.2894
Current GPU memory: 4.58 GB
Validation time: 12.85s
Model - Validation accuracy: 0.4910
Model - FGSM accuracy: 0.1455
Model - PGD accuracy: 0.1125
WA Model - Validation accuracy: 0.5975
WA Model - FGSM accuracy: 0.2325
WA Model - PGD accuracy: 0.1820
Best model: wa_model (PGD acc: 0.1820, Val acc: 0.5975)

============ Epoch 63 ============
Training time: 94.20s
Training loss: 4.0651
Training accuracy: 0.2901
Current GPU memory: 4.58 GB
Validation time: 12.74s
Model - Validation accuracy: 0.4655
Model - FGSM accuracy: 0.1230
Model - PGD accuracy: 0.0885
WA Model - Validation accuracy: 0.5995
WA Model - FGSM accuracy: 0.2355
WA Model - PGD accuracy: 0.1835
Best model: wa_model (PGD acc: 0.1835, Val acc: 0.5995)

============ Epoch 64 ============
Training time: 94.27s
Training loss: 4.0583
Training accuracy: 0.2933
Current GPU memory: 4.58 GB
Validation time: 12.77s
Model - Validation accuracy: 0.4950
Model - FGSM accuracy: 0.1585
Model - PGD accuracy: 0.1100
WA Model - Validation accuracy: 0.6010
WA Model - FGSM accuracy: 0.2385
WA Model - PGD accuracy: 0.1890
Best model: wa_model (PGD acc: 0.1890, Val acc: 0.6010)

============ Epoch 65 ============
Training time: 94.21s
Training loss: 4.0546
Training accuracy: 0.2932
Current GPU memory: 4.58 GB
Validation time: 12.81s
Model - Validation accuracy: 0.5180
Model - FGSM accuracy: 0.1510
Model - PGD accuracy: 0.1130
WA Model - Validation accuracy: 0.6005
WA Model - FGSM accuracy: 0.2395
WA Model - PGD accuracy: 0.1915
Best model: wa_model (PGD acc: 0.1915, Val acc: 0.6005)

============ Epoch 66 ============
Training time: 94.25s
Training loss: 4.0469
Training accuracy: 0.2998
Current GPU memory: 4.58 GB
Validation time: 12.79s
Model - Validation accuracy: 0.4800
Model - FGSM accuracy: 0.1370
Model - PGD accuracy: 0.0990
WA Model - Validation accuracy: 0.6020
WA Model - FGSM accuracy: 0.2400
WA Model - PGD accuracy: 0.1900
Best model: wa_model (PGD acc: 0.1900, Val acc: 0.6020)

============ Epoch 67 ============
Training time: 94.30s
Training loss: 4.0412
Training accuracy: 0.2995
Current GPU memory: 4.58 GB
Validation time: 12.75s
Model - Validation accuracy: 0.5200
Model - FGSM accuracy: 0.1620
Model - PGD accuracy: 0.1205
WA Model - Validation accuracy: 0.5995
WA Model - FGSM accuracy: 0.2410
WA Model - PGD accuracy: 0.1905
Best model: wa_model (PGD acc: 0.1905, Val acc: 0.5995)

============ Epoch 68 ============
Training time: 94.39s
Training loss: 4.0339
Training accuracy: 0.3021
Current GPU memory: 4.58 GB
Validation time: 12.78s
Model - Validation accuracy: 0.5110
Model - FGSM accuracy: 0.1650
Model - PGD accuracy: 0.1185
WA Model - Validation accuracy: 0.6050
WA Model - FGSM accuracy: 0.2415
WA Model - PGD accuracy: 0.1910
Best model: wa_model (PGD acc: 0.1910, Val acc: 0.6050)

============ Epoch 69 ============
Training time: 94.59s
Training loss: 4.0256
Training accuracy: 0.3048
Current GPU memory: 4.58 GB
Validation time: 12.73s
Model - Validation accuracy: 0.5220
Model - FGSM accuracy: 0.1620
Model - PGD accuracy: 0.1225
WA Model - Validation accuracy: 0.6045
WA Model - FGSM accuracy: 0.2410
WA Model - PGD accuracy: 0.1900
Best model: wa_model (PGD acc: 0.1900, Val acc: 0.6045)

============ Epoch 70 ============
Training time: 94.64s
Training loss: 4.0177
Training accuracy: 0.3094
Current GPU memory: 4.58 GB
Validation time: 12.73s
Model - Validation accuracy: 0.5360
Model - FGSM accuracy: 0.1605
Model - PGD accuracy: 0.1150
WA Model - Validation accuracy: 0.6050
WA Model - FGSM accuracy: 0.2430
WA Model - PGD accuracy: 0.1895
Best model: wa_model (PGD acc: 0.1895, Val acc: 0.6050)

============ Epoch 71 ============
Training time: 94.82s
Training loss: 4.0117
Training accuracy: 0.3130
Current GPU memory: 4.58 GB
Validation time: 12.86s
Model - Validation accuracy: 0.5275
Model - FGSM accuracy: 0.1630
Model - PGD accuracy: 0.1155
WA Model - Validation accuracy: 0.6070
WA Model - FGSM accuracy: 0.2430
WA Model - PGD accuracy: 0.1900
Best model: wa_model (PGD acc: 0.1900, Val acc: 0.6070)

============ Epoch 72 ============
Training time: 95.14s
Training loss: 4.0032
Training accuracy: 0.3153
Current GPU memory: 4.58 GB
Validation time: 12.94s
Model - Validation accuracy: 0.5215
Model - FGSM accuracy: 0.1620
Model - PGD accuracy: 0.1280
WA Model - Validation accuracy: 0.6040
WA Model - FGSM accuracy: 0.2445
WA Model - PGD accuracy: 0.1945
Best model: wa_model (PGD acc: 0.1945, Val acc: 0.6040)

============ Epoch 73 ============
Training time: 95.26s
Training loss: 3.9943
Training accuracy: 0.3192
Current GPU memory: 4.58 GB
Validation time: 12.78s
Model - Validation accuracy: 0.5255
Model - FGSM accuracy: 0.1715
Model - PGD accuracy: 0.1145
WA Model - Validation accuracy: 0.6080
WA Model - FGSM accuracy: 0.2460
WA Model - PGD accuracy: 0.1940
Best model: wa_model (PGD acc: 0.1940, Val acc: 0.6080)

============ Epoch 74 ============
Training time: 95.38s
Training loss: 3.9850
Training accuracy: 0.3232
Current GPU memory: 4.58 GB
Validation time: 12.81s
Model - Validation accuracy: 0.5125
Model - FGSM accuracy: 0.1610
Model - PGD accuracy: 0.1145
WA Model - Validation accuracy: 0.6115
WA Model - FGSM accuracy: 0.2500
WA Model - PGD accuracy: 0.1955
Best model: wa_model (PGD acc: 0.1955, Val acc: 0.6115)

============ Epoch 75 ============
Training time: 95.44s
Training loss: 3.9760
Training accuracy: 0.3264
Current GPU memory: 4.58 GB
Validation time: 12.71s
Model - Validation accuracy: 0.5310
Model - FGSM accuracy: 0.1800
Model - PGD accuracy: 0.1345
WA Model - Validation accuracy: 0.6095
WA Model - FGSM accuracy: 0.2475
WA Model - PGD accuracy: 0.1915
Best model: wa_model (PGD acc: 0.1915, Val acc: 0.6095)

============ Epoch 76 ============
Training time: 95.81s
Training loss: 3.9611
Training accuracy: 0.3327
Current GPU memory: 4.58 GB
Validation time: 12.84s
Model - Validation accuracy: 0.5335
Model - FGSM accuracy: 0.1775
Model - PGD accuracy: 0.1270
WA Model - Validation accuracy: 0.6075
WA Model - FGSM accuracy: 0.2480
WA Model - PGD accuracy: 0.1930
Best model: wa_model (PGD acc: 0.1930, Val acc: 0.6075)

============ Epoch 77 ============
Training time: 95.90s
Training loss: 3.9522
Training accuracy: 0.3370
Current GPU memory: 4.58 GB
Validation time: 12.81s
Model - Validation accuracy: 0.5295
Model - FGSM accuracy: 0.1865
Model - PGD accuracy: 0.1445
WA Model - Validation accuracy: 0.6115
WA Model - FGSM accuracy: 0.2505
WA Model - PGD accuracy: 0.1955
Best model: wa_model (PGD acc: 0.1955, Val acc: 0.6115)

============ Epoch 78 ============
Training time: 96.09s
Training loss: 3.9388
Training accuracy: 0.3449
Current GPU memory: 4.58 GB
Validation time: 12.76s
Model - Validation accuracy: 0.5515
Model - FGSM accuracy: 0.1835
Model - PGD accuracy: 0.1410
WA Model - Validation accuracy: 0.6085
WA Model - FGSM accuracy: 0.2500
WA Model - PGD accuracy: 0.1930
Best model: wa_model (PGD acc: 0.1930, Val acc: 0.6085)

============ Epoch 79 ============
Training time: 96.19s
Training loss: 3.9259
Training accuracy: 0.3516
Current GPU memory: 4.58 GB
Validation time: 12.77s
Model - Validation accuracy: 0.5395
Model - FGSM accuracy: 0.1745
Model - PGD accuracy: 0.1275
WA Model - Validation accuracy: 0.6055
WA Model - FGSM accuracy: 0.2505
WA Model - PGD accuracy: 0.1985
Best model: wa_model (PGD acc: 0.1985, Val acc: 0.6055)

============ Epoch 80 ============
Training time: 96.35s
Training loss: 3.9096
Training accuracy: 0.3599
Current GPU memory: 4.58 GB
Validation time: 12.77s
Model - Validation accuracy: 0.5350
Model - FGSM accuracy: 0.1815
Model - PGD accuracy: 0.1365
WA Model - Validation accuracy: 0.6045
WA Model - FGSM accuracy: 0.2520
WA Model - PGD accuracy: 0.1960
Best model: wa_model (PGD acc: 0.1960, Val acc: 0.6045)

============ Epoch 81 ============
Training time: 96.57s
Training loss: 3.8939
Training accuracy: 0.3686
Current GPU memory: 4.58 GB
Validation time: 12.75s
Model - Validation accuracy: 0.5470
Model - FGSM accuracy: 0.2005
Model - PGD accuracy: 0.1445
WA Model - Validation accuracy: 0.6040
WA Model - FGSM accuracy: 0.2510
WA Model - PGD accuracy: 0.1980
Best model: wa_model (PGD acc: 0.1980, Val acc: 0.6040)

============ Epoch 82 ============
Training time: 96.81s
Training loss: 3.8780
Training accuracy: 0.3773
Current GPU memory: 4.58 GB
Validation time: 12.79s
Model - Validation accuracy: 0.5545
Model - FGSM accuracy: 0.2030
Model - PGD accuracy: 0.1525
WA Model - Validation accuracy: 0.6055
WA Model - FGSM accuracy: 0.2560
WA Model - PGD accuracy: 0.1975
Best model: wa_model (PGD acc: 0.1975, Val acc: 0.6055)

============ Epoch 83 ============
Training time: 97.02s
Training loss: 3.8614
Training accuracy: 0.3870
Current GPU memory: 4.58 GB
Validation time: 12.82s
Model - Validation accuracy: 0.5600
Model - FGSM accuracy: 0.2055
Model - PGD accuracy: 0.1525
WA Model - Validation accuracy: 0.6070
WA Model - FGSM accuracy: 0.2520
WA Model - PGD accuracy: 0.1940
Best model: wa_model (PGD acc: 0.1940, Val acc: 0.6070)

============ Epoch 84 ============
Training time: 97.36s
Training loss: 3.8438
Training accuracy: 0.3972
Current GPU memory: 4.58 GB
Validation time: 12.80s
Model - Validation accuracy: 0.5535
Model - FGSM accuracy: 0.2030
Model - PGD accuracy: 0.1495
WA Model - Validation accuracy: 0.6035
WA Model - FGSM accuracy: 0.2495
WA Model - PGD accuracy: 0.1970
Best model: wa_model (PGD acc: 0.1970, Val acc: 0.6035)

============ Epoch 85 ============
Training time: 97.63s
Training loss: 3.8238
Training accuracy: 0.4081
Current GPU memory: 4.58 GB
Validation time: 12.81s
Model - Validation accuracy: 0.5720
Model - FGSM accuracy: 0.2000
Model - PGD accuracy: 0.1575
WA Model - Validation accuracy: 0.6060
WA Model - FGSM accuracy: 0.2490
WA Model - PGD accuracy: 0.1980
Best model: wa_model (PGD acc: 0.1980, Val acc: 0.6060)

============ Epoch 86 ============
Training time: 97.96s
Training loss: 3.8035
Training accuracy: 0.4222
Current GPU memory: 4.58 GB
Validation time: 13.14s
Model - Validation accuracy: 0.5775
Model - FGSM accuracy: 0.2075
Model - PGD accuracy: 0.1585
WA Model - Validation accuracy: 0.6110
WA Model - FGSM accuracy: 0.2440
WA Model - PGD accuracy: 0.1955
Best model: wa_model (PGD acc: 0.1955, Val acc: 0.6110)

============ Epoch 87 ============
Training time: 98.17s
Training loss: 3.7807
Training accuracy: 0.4385
Current GPU memory: 4.58 GB
Validation time: 12.78s
Model - Validation accuracy: 0.5680
Model - FGSM accuracy: 0.2045
Model - PGD accuracy: 0.1640
WA Model - Validation accuracy: 0.6095
WA Model - FGSM accuracy: 0.2515
WA Model - PGD accuracy: 0.1970
Best model: wa_model (PGD acc: 0.1970, Val acc: 0.6095)

============ Epoch 88 ============
Training time: 98.37s
Training loss: 3.7574
Training accuracy: 0.4555
Current GPU memory: 4.58 GB
Validation time: 12.76s
Model - Validation accuracy: 0.5680
Model - FGSM accuracy: 0.2200
Model - PGD accuracy: 0.1650
WA Model - Validation accuracy: 0.6120
WA Model - FGSM accuracy: 0.2500
WA Model - PGD accuracy: 0.1975
Best model: wa_model (PGD acc: 0.1975, Val acc: 0.6120)

============ Epoch 89 ============
Training time: 98.81s
Training loss: 3.7318
Training accuracy: 0.4760
Current GPU memory: 4.58 GB
Validation time: 12.80s
Model - Validation accuracy: 0.5850
Model - FGSM accuracy: 0.2275
Model - PGD accuracy: 0.1700
WA Model - Validation accuracy: 0.6110
WA Model - FGSM accuracy: 0.2510
WA Model - PGD accuracy: 0.1975
Best model: wa_model (PGD acc: 0.1975, Val acc: 0.6110)

============ Epoch 90 ============
Training time: 99.26s
Training loss: 3.7063
Training accuracy: 0.4935
Current GPU memory: 4.58 GB
Validation time: 12.78s
Model - Validation accuracy: 0.5645
Model - FGSM accuracy: 0.2145
Model - PGD accuracy: 0.1710
WA Model - Validation accuracy: 0.6120
WA Model - FGSM accuracy: 0.2505
WA Model - PGD accuracy: 0.1960
Best model: wa_model (PGD acc: 0.1960, Val acc: 0.6120)

============ Epoch 91 ============
Training time: 99.74s
Training loss: 3.6801
Training accuracy: 0.5187
Current GPU memory: 4.58 GB
Validation time: 12.87s
Model - Validation accuracy: 0.5825
Model - FGSM accuracy: 0.2240
Model - PGD accuracy: 0.1725
WA Model - Validation accuracy: 0.6085
WA Model - FGSM accuracy: 0.2465
WA Model - PGD accuracy: 0.1955
Best model: wa_model (PGD acc: 0.1955, Val acc: 0.6085)

============ Epoch 92 ============
Training time: 100.42s
Training loss: 3.6542
Training accuracy: 0.5427
Current GPU memory: 4.58 GB
Validation time: 12.83s
Model - Validation accuracy: 0.5780
Model - FGSM accuracy: 0.2300
Model - PGD accuracy: 0.1800
WA Model - Validation accuracy: 0.6030
WA Model - FGSM accuracy: 0.2490
WA Model - PGD accuracy: 0.1920
Best model: wa_model (PGD acc: 0.1920, Val acc: 0.6030)

============ Epoch 93 ============
Training time: 100.32s
Training loss: 3.6254
Training accuracy: 0.5687
Current GPU memory: 4.58 GB
Validation time: 12.75s
Model - Validation accuracy: 0.5745
Model - FGSM accuracy: 0.2335
Model - PGD accuracy: 0.1810
WA Model - Validation accuracy: 0.6010
WA Model - FGSM accuracy: 0.2460
WA Model - PGD accuracy: 0.1910
Best model: wa_model (PGD acc: 0.1910, Val acc: 0.6010)

============ Epoch 94 ============
Training time: 100.57s
Training loss: 3.5994
Training accuracy: 0.5924
Current GPU memory: 4.58 GB
Validation time: 12.81s
Model - Validation accuracy: 0.5795
Model - FGSM accuracy: 0.2350
Model - PGD accuracy: 0.1790
WA Model - Validation accuracy: 0.6000
WA Model - FGSM accuracy: 0.2455
WA Model - PGD accuracy: 0.1900
Best model: wa_model (PGD acc: 0.1900, Val acc: 0.6000)

============ Epoch 95 ============
Training time: 100.72s
Training loss: 3.5754
Training accuracy: 0.6147
Current GPU memory: 4.58 GB
Validation time: 12.75s
Model - Validation accuracy: 0.5900
Model - FGSM accuracy: 0.2350
Model - PGD accuracy: 0.1865
WA Model - Validation accuracy: 0.5965
WA Model - FGSM accuracy: 0.2415
WA Model - PGD accuracy: 0.1915
Best model: wa_model (PGD acc: 0.1915, Val acc: 0.5965)

============ Epoch 96 ============
Training time: 100.94s
Training loss: 3.5565
Training accuracy: 0.6345
Current GPU memory: 4.58 GB
Validation time: 12.73s
Model - Validation accuracy: 0.5805
Model - FGSM accuracy: 0.2320
Model - PGD accuracy: 0.1830
WA Model - Validation accuracy: 0.5915
WA Model - FGSM accuracy: 0.2410
WA Model - PGD accuracy: 0.1900
Best model: wa_model (PGD acc: 0.1900, Val acc: 0.5915)

============ Epoch 97 ============
Training time: 101.10s
Training loss: 3.5418
Training accuracy: 0.6466
Current GPU memory: 4.58 GB
Validation time: 12.78s
Model - Validation accuracy: 0.5870
Model - FGSM accuracy: 0.2345
Model - PGD accuracy: 0.1890
WA Model - Validation accuracy: 0.5895
WA Model - FGSM accuracy: 0.2390
WA Model - PGD accuracy: 0.1905
Best model: wa_model (PGD acc: 0.1905, Val acc: 0.5895)

============ Epoch 98 ============
Training time: 101.05s
Training loss: 3.5342
Training accuracy: 0.6539
Current GPU memory: 4.58 GB
Validation time: 12.76s
Model - Validation accuracy: 0.5870
Model - FGSM accuracy: 0.2340
Model - PGD accuracy: 0.1925
WA Model - Validation accuracy: 0.5890
WA Model - FGSM accuracy: 0.2375
WA Model - PGD accuracy: 0.1910
Best model: model (PGD acc: 0.1925, Val acc: 0.5870)

============ Epoch 99 ============
Training time: 101.12s
Training loss: 3.5304
Training accuracy: 0.6563
Current GPU memory: 4.58 GB
Validation time: 12.80s
Model - Validation accuracy: 0.5905
Model - FGSM accuracy: 0.2355
Model - PGD accuracy: 0.1890
WA Model - Validation accuracy: 0.5890
WA Model - FGSM accuracy: 0.2360
WA Model - PGD accuracy: 0.1910
Best model: wa_model (PGD acc: 0.1910, Val acc: 0.5890)

train_acc_list: 
[0.029040816326530612, 0.06190816326530612, 0.08193877551020408, 0.09814285714285714, 0.11361224489795918, 0.12708163265306122, 0.13876530612244897, 0.14925510204081632, 0.16244897959183674, 0.172, 0.18139795918367346, 0.18824489795918367, 0.19620408163265307, 0.20089795918367348, 0.20691836734693878, 0.21381632653061225, 0.21672448979591838, 0.221, 0.22451020408163266, 0.22838775510204082, 0.23059183673469388, 0.23122448979591836, 0.23429591836734695, 0.2360612244897959, 0.23942857142857144, 0.23908163265306123, 0.24351020408163265, 0.2443265306122449, 0.24489795918367346, 0.24735714285714286, 0.24841836734693878, 0.2517244897959184, 0.25245918367346937, 0.2531326530612245, 0.2552142857142857, 0.2546938775510204, 0.2567244897959184, 0.2583469387755102, 0.25746938775510203, 0.2608979591836735, 0.2618979591836735, 0.2626734693877551, 0.26377551020408163, 0.26671428571428574, 0.26613265306122447, 0.26674489795918366, 0.265765306122449, 0.26921428571428574, 0.269734693877551, 0.27008163265306123, 0.2718673469387755, 0.27361224489795916, 0.2753469387755102, 0.27561224489795916, 0.2771326530612245, 0.27811224489795916, 0.2810408163265306, 0.28098979591836737, 0.28151020408163263, 0.2850204081632653, 0.28581632653061223, 0.28494897959183674, 0.2893877551020408, 0.2900714285714286, 0.29328571428571426, 0.293234693877551, 0.29978571428571427, 0.29948979591836733, 0.30212244897959184, 0.30481632653061225, 0.3094081632653061, 0.313, 0.3152857142857143, 0.31920408163265307, 0.3231530612244898, 0.32637755102040816, 0.3326734693877551, 0.33696938775510205, 0.34485714285714286, 0.35164285714285715, 0.35994897959183675, 0.3686020408163265, 0.37729591836734694, 0.38698979591836735, 0.39721428571428574, 0.4081326530612245, 0.4222448979591837, 0.438530612244898, 0.4555, 0.4759897959183673, 0.49348979591836734, 0.5187244897959183, 0.5427142857142857, 0.5687448979591837, 0.5924285714285714, 0.6146938775510205, 0.6345306122448979, 0.6465510204081633, 0.6538673469387755, 0.6563163265306122]

model_val_acc_list: 
[0.1355, 0.196, 0.246, 0.2755, 0.301, 0.3475, 0.325, 0.352, 0.3735, 0.39, 0.4135, 0.392, 0.428, 0.4245, 0.437, 0.4185, 0.411, 0.4265, 0.4405, 0.41, 0.414, 0.432, 0.4325, 0.4385, 0.444, 0.3985, 0.4435, 0.4305, 0.454, 0.453, 0.447, 0.4525, 0.4065, 0.4495, 0.453, 0.428, 0.442, 0.451, 0.453, 0.436, 0.446, 0.4525, 0.465, 0.484, 0.44, 0.47, 0.4775, 0.47, 0.462, 0.4765, 0.474, 0.475, 0.474, 0.48, 0.48, 0.471, 0.4455, 0.4875, 0.496, 0.4785, 0.462, 0.481, 0.491, 0.4655, 0.495, 0.518, 0.48, 0.52, 0.511, 0.522, 0.536, 0.5275, 0.5215, 0.5255, 0.5125, 0.531, 0.5335, 0.5295, 0.5515, 0.5395, 0.535, 0.547, 0.5545, 0.56, 0.5535, 0.572, 0.5775, 0.568, 0.568, 0.585, 0.5645, 0.5825, 0.578, 0.5745, 0.5795, 0.59, 0.5805, 0.587, 0.587, 0.5905]

model_pgd_acc_list: 
[0.017, 0.029, 0.042, 0.0495, 0.048, 0.062, 0.0555, 0.063, 0.0555, 0.063, 0.0715, 0.0695, 0.096, 0.075, 0.0735, 0.0825, 0.074, 0.091, 0.0845, 0.0835, 0.07, 0.072, 0.0925, 0.0735, 0.072, 0.0635, 0.085, 0.0785, 0.087, 0.092, 0.081, 0.089, 0.0835, 0.097, 0.1105, 0.083, 0.0805, 0.081, 0.0905, 0.091, 0.0995, 0.0905, 0.104, 0.102, 0.081, 0.0925, 0.1, 0.0875, 0.09, 0.095, 0.1055, 0.095, 0.1075, 0.1065, 0.1, 0.0915, 0.093, 0.095, 0.1205, 0.1065, 0.097, 0.111, 0.1125, 0.0885, 0.11, 0.113, 0.099, 0.1205, 0.1185, 0.1225, 0.115, 0.1155, 0.128, 0.1145, 0.1145, 0.1345, 0.127, 0.1445, 0.141, 0.1275, 0.1365, 0.1445, 0.1525, 0.1525, 0.1495, 0.1575, 0.1585, 0.164, 0.165, 0.17, 0.171, 0.1725, 0.18, 0.181, 0.179, 0.1865, 0.183, 0.189, 0.1925, 0.189]

model_fgsm_acc_list: 
[0.0225, 0.041, 0.058, 0.0625, 0.068, 0.085, 0.075, 0.085, 0.081, 0.086, 0.101, 0.0975, 0.1185, 0.103, 0.1065, 0.1055, 0.101, 0.1225, 0.1145, 0.111, 0.0945, 0.1045, 0.124, 0.1075, 0.1075, 0.092, 0.123, 0.1125, 0.13, 0.1265, 0.1145, 0.124, 0.109, 0.122, 0.142, 0.1075, 0.1095, 0.1105, 0.1235, 0.119, 0.136, 0.123, 0.1365, 0.1385, 0.1115, 0.1245, 0.1385, 0.1275, 0.126, 0.133, 0.136, 0.138, 0.144, 0.146, 0.1335, 0.136, 0.13, 0.1475, 0.167, 0.141, 0.1305, 0.153, 0.1455, 0.123, 0.1585, 0.151, 0.137, 0.162, 0.165, 0.162, 0.1605, 0.163, 0.162, 0.1715, 0.161, 0.18, 0.1775, 0.1865, 0.1835, 0.1745, 0.1815, 0.2005, 0.203, 0.2055, 0.203, 0.2, 0.2075, 0.2045, 0.22, 0.2275, 0.2145, 0.224, 0.23, 0.2335, 0.235, 0.235, 0.232, 0.2345, 0.234, 0.2355]

wa_val_acc_list: 
[0.005, 0.006, 0.0065, 0.0085, 0.009, 0.017, 0.0465, 0.1025, 0.199, 0.2805, 0.3535, 0.3785, 0.377, 0.3645, 0.3345, 0.3005, 0.292, 0.3125, 0.345, 0.389, 0.4225, 0.4595, 0.4845, 0.502, 0.5185, 0.5275, 0.539, 0.5455, 0.5505, 0.5555, 0.5625, 0.5615, 0.5655, 0.5645, 0.5695, 0.575, 0.575, 0.5725, 0.5735, 0.574, 0.578, 0.577, 0.5765, 0.5815, 0.5825, 0.583, 0.584, 0.5825, 0.5815, 0.58, 0.5795, 0.5835, 0.5845, 0.583, 0.5845, 0.5865, 0.5865, 0.588, 0.5935, 0.5955, 0.5955, 0.598, 0.5975, 0.5995, 0.601, 0.6005, 0.602, 0.5995, 0.605, 0.6045, 0.605, 0.607, 0.604, 0.608, 0.6115, 0.6095, 0.6075, 0.6115, 0.6085, 0.6055, 0.6045, 0.604, 0.6055, 0.607, 0.6035, 0.606, 0.611, 0.6095, 0.612, 0.611, 0.612, 0.6085, 0.603, 0.601, 0.6, 0.5965, 0.5915, 0.5895, 0.589, 0.589]

wa_pgd_acc_list: 
[0.0, 0.0045, 0.006, 0.0055, 0.0075, 0.01, 0.017, 0.0275, 0.044, 0.066, 0.08, 0.087, 0.0915, 0.0885, 0.083, 0.077, 0.072, 0.08, 0.09, 0.1035, 0.112, 0.121, 0.1325, 0.139, 0.148, 0.1475, 0.1505, 0.1505, 0.1525, 0.154, 0.1545, 0.1575, 0.1615, 0.1625, 0.161, 0.1635, 0.1655, 0.163, 0.1645, 0.1645, 0.1675, 0.1675, 0.1695, 0.1685, 0.172, 0.1735, 0.1735, 0.173, 0.173, 0.173, 0.1745, 0.1735, 0.178, 0.1755, 0.1755, 0.1735, 0.1775, 0.18, 0.18, 0.1805, 0.181, 0.182, 0.182, 0.1835, 0.189, 0.1915, 0.19, 0.1905, 0.191, 0.19, 0.1895, 0.19, 0.1945, 0.194, 0.1955, 0.1915, 0.193, 0.1955, 0.193, 0.1985, 0.196, 0.198, 0.1975, 0.194, 0.197, 0.198, 0.1955, 0.197, 0.1975, 0.1975, 0.196, 0.1955, 0.192, 0.191, 0.19, 0.1915, 0.19, 0.1905, 0.191, 0.191]

wa_fgsm_acc_list: 
[0.0, 0.005, 0.006, 0.0055, 0.0075, 0.0115, 0.0175, 0.0315, 0.0505, 0.08, 0.0975, 0.106, 0.113, 0.107, 0.097, 0.089, 0.087, 0.0925, 0.101, 0.1155, 0.132, 0.1465, 0.1615, 0.1705, 0.1785, 0.177, 0.184, 0.189, 0.19, 0.195, 0.2035, 0.207, 0.2055, 0.2115, 0.2135, 0.214, 0.214, 0.215, 0.2145, 0.2175, 0.217, 0.218, 0.217, 0.214, 0.2185, 0.215, 0.215, 0.2205, 0.219, 0.227, 0.222, 0.2245, 0.228, 0.2275, 0.224, 0.2245, 0.2295, 0.228, 0.2315, 0.23, 0.2315, 0.2325, 0.2325, 0.2355, 0.2385, 0.2395, 0.24, 0.241, 0.2415, 0.241, 0.243, 0.243, 0.2445, 0.246, 0.25, 0.2475, 0.248, 0.2505, 0.25, 0.2505, 0.252, 0.251, 0.256, 0.252, 0.2495, 0.249, 0.244, 0.2515, 0.25, 0.251, 0.2505, 0.2465, 0.249, 0.246, 0.2455, 0.2415, 0.241, 0.239, 0.2375, 0.236]

total_training_time: 
9414.568595409393

total_val_time: 
1280.4217464923859

max_gpu_memory: 4.58 GB

==================================================
Starting final evaluation on test set...
==================================================
PGD test results:
  clean_acc: 0.6044
  pgd_10_acc: 0.1871
  pgd_20_acc: 0.1765
  pgd_50_acc: 0.1747
AutoAttack results:
  autoattack_acc: 0.1189
CR-Attack results:
  cr_attack_acc: 0.1191
