scheduler: OneCycleLR
label smoothing: 0.4
weight average: True, tau: 0.9995
uap num: 200


============ Epoch 0 ============
Training time: 124.67s
Training loss: 5.2648
Training accuracy: 0.0201
Current GPU memory: 4.57 GB
Validation time: 12.82
Model - Validation accuracy: 0.0295
Model - FGSM accuracy: 0.0175
Model - PGD accuracy: 0.0180
WA Model - Validation accuracy: 0.0030
WA Model - FGSM accuracy: 0.0030
WA Model - PGD accuracy: 0.0030
Best model: model (PGD acc: 0.0180, Val acc: 0.0295)

============ Epoch 1 ============
Training time: 127.49s
Training loss: 5.1815
Training accuracy: 0.0405
Current GPU memory: 4.60 GB
Validation time: 12.86
Model - Validation accuracy: 0.0740
Model - FGSM accuracy: 0.0430
Model - PGD accuracy: 0.0420
WA Model - Validation accuracy: 0.0040
WA Model - FGSM accuracy: 0.0040
WA Model - PGD accuracy: 0.0040
Best model: model (PGD acc: 0.0420, Val acc: 0.0740)

============ Epoch 2 ============
Training time: 128.62s
Training loss: 5.1268
Training accuracy: 0.0584
Current GPU memory: 4.60 GB
Validation time: 12.83
Model - Validation accuracy: 0.0990
Model - FGSM accuracy: 0.0595
Model - PGD accuracy: 0.0570
WA Model - Validation accuracy: 0.0050
WA Model - FGSM accuracy: 0.0045
WA Model - PGD accuracy: 0.0045
Best model: model (PGD acc: 0.0570, Val acc: 0.0990)

============ Epoch 3 ============
Training time: 128.90s
Training loss: 5.0799
Training accuracy: 0.0752
Current GPU memory: 4.60 GB
Validation time: 12.77
Model - Validation accuracy: 0.1150
Model - FGSM accuracy: 0.0615
Model - PGD accuracy: 0.0605
WA Model - Validation accuracy: 0.0045
WA Model - FGSM accuracy: 0.0040
WA Model - PGD accuracy: 0.0040
Best model: model (PGD acc: 0.0605, Val acc: 0.1150)

============ Epoch 4 ============
Training time: 129.11s
Training loss: 5.0378
Training accuracy: 0.0894
Current GPU memory: 4.60 GB
Validation time: 12.86
Model - Validation accuracy: 0.1420
Model - FGSM accuracy: 0.0745
Model - PGD accuracy: 0.0740
WA Model - Validation accuracy: 0.0035
WA Model - FGSM accuracy: 0.0035
WA Model - PGD accuracy: 0.0030
Best model: model (PGD acc: 0.0740, Val acc: 0.1420)

============ Epoch 5 ============
Training time: 130.18s
Training loss: 5.0001
Training accuracy: 0.1023
Current GPU memory: 4.60 GB
Validation time: 12.95
Model - Validation accuracy: 0.1665
Model - FGSM accuracy: 0.0945
Model - PGD accuracy: 0.0925
WA Model - Validation accuracy: 0.0045
WA Model - FGSM accuracy: 0.0035
WA Model - PGD accuracy: 0.0035
Best model: model (PGD acc: 0.0925, Val acc: 0.1665)

============ Epoch 6 ============
Training time: 130.15s
Training loss: 4.9664
Training accuracy: 0.1162
Current GPU memory: 4.60 GB
Validation time: 12.86
Model - Validation accuracy: 0.1940
Model - FGSM accuracy: 0.0915
Model - PGD accuracy: 0.0915
WA Model - Validation accuracy: 0.0155
WA Model - FGSM accuracy: 0.0065
WA Model - PGD accuracy: 0.0070
Best model: model (PGD acc: 0.0915, Val acc: 0.1940)

============ Epoch 7 ============
Training time: 130.17s
Training loss: 4.9370
Training accuracy: 0.1275
Current GPU memory: 4.60 GB
Validation time: 12.83
Model - Validation accuracy: 0.1730
Model - FGSM accuracy: 0.0930
Model - PGD accuracy: 0.0895
WA Model - Validation accuracy: 0.0265
WA Model - FGSM accuracy: 0.0170
WA Model - PGD accuracy: 0.0170
Best model: model (PGD acc: 0.0895, Val acc: 0.1730)

============ Epoch 8 ============
Training time: 130.09s
Training loss: 4.9088
Training accuracy: 0.1381
Current GPU memory: 4.60 GB
Validation time: 12.87
Model - Validation accuracy: 0.2090
Model - FGSM accuracy: 0.1195
Model - PGD accuracy: 0.1155
WA Model - Validation accuracy: 0.0385
WA Model - FGSM accuracy: 0.0225
WA Model - PGD accuracy: 0.0235
Best model: model (PGD acc: 0.1155, Val acc: 0.2090)

============ Epoch 9 ============
Training time: 130.43s
Training loss: 4.8791
Training accuracy: 0.1491
Current GPU memory: 4.60 GB
Validation time: 12.81
Model - Validation accuracy: 0.2015
Model - FGSM accuracy: 0.1025
Model - PGD accuracy: 0.0995
WA Model - Validation accuracy: 0.0550
WA Model - FGSM accuracy: 0.0325
WA Model - PGD accuracy: 0.0325
Best model: model (PGD acc: 0.0995, Val acc: 0.2015)

============ Epoch 10 ============
Training time: 130.51s
Training loss: 4.8515
Training accuracy: 0.1590
Current GPU memory: 4.60 GB
Validation time: 12.80
Model - Validation accuracy: 0.2360
Model - FGSM accuracy: 0.1205
Model - PGD accuracy: 0.1145
WA Model - Validation accuracy: 0.0740
WA Model - FGSM accuracy: 0.0390
WA Model - PGD accuracy: 0.0385
Best model: model (PGD acc: 0.1145, Val acc: 0.2360)

============ Epoch 11 ============
Training time: 131.14s
Training loss: 4.8243
Training accuracy: 0.1698
Current GPU memory: 4.60 GB
Validation time: 12.88
Model - Validation accuracy: 0.2490
Model - FGSM accuracy: 0.1360
Model - PGD accuracy: 0.1335
WA Model - Validation accuracy: 0.0940
WA Model - FGSM accuracy: 0.0495
WA Model - PGD accuracy: 0.0495
Best model: model (PGD acc: 0.1335, Val acc: 0.2490)

============ Epoch 12 ============
Training time: 131.52s
Training loss: 4.8005
Training accuracy: 0.1796
Current GPU memory: 4.60 GB
Validation time: 12.84
Model - Validation accuracy: 0.2450
Model - FGSM accuracy: 0.1210
Model - PGD accuracy: 0.1175
WA Model - Validation accuracy: 0.1130
WA Model - FGSM accuracy: 0.0510
WA Model - PGD accuracy: 0.0500
Best model: model (PGD acc: 0.1175, Val acc: 0.2450)

============ Epoch 13 ============
Training time: 130.93s
Training loss: 4.7779
Training accuracy: 0.1903
Current GPU memory: 4.60 GB
Validation time: 12.85
Model - Validation accuracy: 0.2625
Model - FGSM accuracy: 0.1335
Model - PGD accuracy: 0.1300
WA Model - Validation accuracy: 0.1065
WA Model - FGSM accuracy: 0.0505
WA Model - PGD accuracy: 0.0505
Best model: model (PGD acc: 0.1300, Val acc: 0.2625)

============ Epoch 14 ============
Training time: 131.28s
Training loss: 4.7601
Training accuracy: 0.1981
Current GPU memory: 4.60 GB
Validation time: 12.81
Model - Validation accuracy: 0.2475
Model - FGSM accuracy: 0.1310
Model - PGD accuracy: 0.1275
WA Model - Validation accuracy: 0.0995
WA Model - FGSM accuracy: 0.0445
WA Model - PGD accuracy: 0.0445
Best model: model (PGD acc: 0.1275, Val acc: 0.2475)

============ Epoch 15 ============
Training time: 131.03s
Training loss: 4.7449
Training accuracy: 0.2048
Current GPU memory: 4.60 GB
Validation time: 12.86
Model - Validation accuracy: 0.2900
Model - FGSM accuracy: 0.1590
Model - PGD accuracy: 0.1560
WA Model - Validation accuracy: 0.0790
WA Model - FGSM accuracy: 0.0375
WA Model - PGD accuracy: 0.0360
Best model: model (PGD acc: 0.1560, Val acc: 0.2900)

============ Epoch 16 ============
Training time: 131.00s
Training loss: 4.7341
Training accuracy: 0.2082
Current GPU memory: 4.60 GB
Validation time: 12.82
Model - Validation accuracy: 0.2995
Model - FGSM accuracy: 0.1665
Model - PGD accuracy: 0.1605
WA Model - Validation accuracy: 0.0650
WA Model - FGSM accuracy: 0.0330
WA Model - PGD accuracy: 0.0330
Best model: model (PGD acc: 0.1605, Val acc: 0.2995)

============ Epoch 17 ============
Training time: 131.42s
Training loss: 4.7219
Training accuracy: 0.2142
Current GPU memory: 4.60 GB
Validation time: 12.87
Model - Validation accuracy: 0.2815
Model - FGSM accuracy: 0.1505
Model - PGD accuracy: 0.1440
WA Model - Validation accuracy: 0.0585
WA Model - FGSM accuracy: 0.0305
WA Model - PGD accuracy: 0.0295
Best model: model (PGD acc: 0.1440, Val acc: 0.2815)

============ Epoch 18 ============
Training time: 131.52s
Training loss: 4.7125
Training accuracy: 0.2170
Current GPU memory: 4.60 GB
Validation time: 12.86
Model - Validation accuracy: 0.2925
Model - FGSM accuracy: 0.1505
Model - PGD accuracy: 0.1450
WA Model - Validation accuracy: 0.0595
WA Model - FGSM accuracy: 0.0315
WA Model - PGD accuracy: 0.0305
Best model: model (PGD acc: 0.1450, Val acc: 0.2925)

============ Epoch 19 ============
Training time: 131.04s
Training loss: 4.7036
Training accuracy: 0.2209
Current GPU memory: 4.60 GB
Validation time: 12.80
Model - Validation accuracy: 0.2725
Model - FGSM accuracy: 0.1480
Model - PGD accuracy: 0.1425
WA Model - Validation accuracy: 0.0740
WA Model - FGSM accuracy: 0.0365
WA Model - PGD accuracy: 0.0350
Best model: model (PGD acc: 0.1425, Val acc: 0.2725)

============ Epoch 20 ============
Training time: 131.11s
Training loss: 4.6949
Training accuracy: 0.2238
Current GPU memory: 4.60 GB
Validation time: 12.84
Model - Validation accuracy: 0.2915
Model - FGSM accuracy: 0.1630
Model - PGD accuracy: 0.1590
WA Model - Validation accuracy: 0.1005
WA Model - FGSM accuracy: 0.0515
WA Model - PGD accuracy: 0.0510
Best model: model (PGD acc: 0.1590, Val acc: 0.2915)

============ Epoch 21 ============
Training time: 131.04s
Training loss: 4.6841
Training accuracy: 0.2289
Current GPU memory: 4.60 GB
Validation time: 12.83
Model - Validation accuracy: 0.2935
Model - FGSM accuracy: 0.1565
Model - PGD accuracy: 0.1475
WA Model - Validation accuracy: 0.1375
WA Model - FGSM accuracy: 0.0670
WA Model - PGD accuracy: 0.0655
Best model: model (PGD acc: 0.1475, Val acc: 0.2935)

============ Epoch 22 ============
Training time: 131.03s
Training loss: 4.6773
Training accuracy: 0.2320
Current GPU memory: 4.60 GB
Validation time: 12.77
Model - Validation accuracy: 0.3030
Model - FGSM accuracy: 0.1650
Model - PGD accuracy: 0.1545
WA Model - Validation accuracy: 0.1875
WA Model - FGSM accuracy: 0.0905
WA Model - PGD accuracy: 0.0895
Best model: model (PGD acc: 0.1545, Val acc: 0.3030)

============ Epoch 23 ============
Training time: 130.90s
Training loss: 4.6706
Training accuracy: 0.2347
Current GPU memory: 4.60 GB
Validation time: 12.77
Model - Validation accuracy: 0.3055
Model - FGSM accuracy: 0.1755
Model - PGD accuracy: 0.1685
WA Model - Validation accuracy: 0.2380
WA Model - FGSM accuracy: 0.1220
WA Model - PGD accuracy: 0.1205
Best model: model (PGD acc: 0.1685, Val acc: 0.3055)

============ Epoch 24 ============
Training time: 131.20s
Training loss: 4.6643
Training accuracy: 0.2364
Current GPU memory: 4.60 GB
Validation time: 12.82
Model - Validation accuracy: 0.3020
Model - FGSM accuracy: 0.1575
Model - PGD accuracy: 0.1530
WA Model - Validation accuracy: 0.2755
WA Model - FGSM accuracy: 0.1575
WA Model - PGD accuracy: 0.1530
Best model: model (PGD acc: 0.1530, Val acc: 0.3020)

============ Epoch 25 ============
Training time: 131.05s
Training loss: 4.6556
Training accuracy: 0.2402
Current GPU memory: 4.60 GB
Validation time: 12.82
Model - Validation accuracy: 0.3050
Model - FGSM accuracy: 0.1665
Model - PGD accuracy: 0.1585
WA Model - Validation accuracy: 0.3025
WA Model - FGSM accuracy: 0.1760
WA Model - PGD accuracy: 0.1730
Best model: wa_model (PGD acc: 0.1730, Val acc: 0.3025)

============ Epoch 26 ============
Training time: 130.83s
Training loss: 4.6507
Training accuracy: 0.2421
Current GPU memory: 4.60 GB
Validation time: 12.72
Model - Validation accuracy: 0.3130
Model - FGSM accuracy: 0.1635
Model - PGD accuracy: 0.1555
WA Model - Validation accuracy: 0.3185
WA Model - FGSM accuracy: 0.1925
WA Model - PGD accuracy: 0.1910
Best model: wa_model (PGD acc: 0.1910, Val acc: 0.3185)

============ Epoch 27 ============
Training time: 130.73s
Training loss: 4.6451
Training accuracy: 0.2443
Current GPU memory: 4.60 GB
Validation time: 12.77
Model - Validation accuracy: 0.3165
Model - FGSM accuracy: 0.1645
Model - PGD accuracy: 0.1550
WA Model - Validation accuracy: 0.3355
WA Model - FGSM accuracy: 0.2010
WA Model - PGD accuracy: 0.1990
Best model: wa_model (PGD acc: 0.1990, Val acc: 0.3355)

============ Epoch 28 ============
Training time: 131.20s
Training loss: 4.6382
Training accuracy: 0.2479
Current GPU memory: 4.60 GB
Validation time: 12.85
Model - Validation accuracy: 0.3090
Model - FGSM accuracy: 0.1735
Model - PGD accuracy: 0.1670
WA Model - Validation accuracy: 0.3430
WA Model - FGSM accuracy: 0.2105
WA Model - PGD accuracy: 0.2070
Best model: wa_model (PGD acc: 0.2070, Val acc: 0.3430)

============ Epoch 29 ============
Training time: 131.32s
Training loss: 4.6323
Training accuracy: 0.2486
Current GPU memory: 4.60 GB
Validation time: 12.79
Model - Validation accuracy: 0.3250
Model - FGSM accuracy: 0.1675
Model - PGD accuracy: 0.1590
WA Model - Validation accuracy: 0.3550
WA Model - FGSM accuracy: 0.2165
WA Model - PGD accuracy: 0.2120
Best model: wa_model (PGD acc: 0.2120, Val acc: 0.3550)

============ Epoch 30 ============
Training time: 131.07s
Training loss: 4.6286
Training accuracy: 0.2507
Current GPU memory: 4.60 GB
Validation time: 12.83
Model - Validation accuracy: 0.3250
Model - FGSM accuracy: 0.1690
Model - PGD accuracy: 0.1590
WA Model - Validation accuracy: 0.3655
WA Model - FGSM accuracy: 0.2215
WA Model - PGD accuracy: 0.2155
Best model: wa_model (PGD acc: 0.2155, Val acc: 0.3655)

============ Epoch 31 ============
Training time: 131.09s
Training loss: 4.6231
Training accuracy: 0.2531
Current GPU memory: 4.60 GB
Validation time: 12.86
Model - Validation accuracy: 0.3335
Model - FGSM accuracy: 0.1765
Model - PGD accuracy: 0.1660
WA Model - Validation accuracy: 0.3710
WA Model - FGSM accuracy: 0.2285
WA Model - PGD accuracy: 0.2195
Best model: wa_model (PGD acc: 0.2195, Val acc: 0.3710)

============ Epoch 32 ============
Training time: 131.09s
Training loss: 4.6188
Training accuracy: 0.2542
Current GPU memory: 4.60 GB
Validation time: 12.81
Model - Validation accuracy: 0.3190
Model - FGSM accuracy: 0.1640
Model - PGD accuracy: 0.1565
WA Model - Validation accuracy: 0.3805
WA Model - FGSM accuracy: 0.2285
WA Model - PGD accuracy: 0.2185
Best model: wa_model (PGD acc: 0.2185, Val acc: 0.3805)

============ Epoch 33 ============
Training time: 131.03s
Training loss: 4.6147
Training accuracy: 0.2560
Current GPU memory: 4.60 GB
Validation time: 12.81
Model - Validation accuracy: 0.3155
Model - FGSM accuracy: 0.1680
Model - PGD accuracy: 0.1600
WA Model - Validation accuracy: 0.3820
WA Model - FGSM accuracy: 0.2295
WA Model - PGD accuracy: 0.2215
Best model: wa_model (PGD acc: 0.2215, Val acc: 0.3820)

============ Epoch 34 ============
Training time: 130.81s
Training loss: 4.6101
Training accuracy: 0.2590
Current GPU memory: 4.60 GB
Validation time: 12.79
Model - Validation accuracy: 0.3245
Model - FGSM accuracy: 0.1620
Model - PGD accuracy: 0.1530
WA Model - Validation accuracy: 0.3860
WA Model - FGSM accuracy: 0.2315
WA Model - PGD accuracy: 0.2240
Best model: wa_model (PGD acc: 0.2240, Val acc: 0.3860)

============ Epoch 35 ============
Training time: 131.12s
Training loss: 4.6060
Training accuracy: 0.2605
Current GPU memory: 4.60 GB
Validation time: 12.82
Model - Validation accuracy: 0.3175
Model - FGSM accuracy: 0.1595
Model - PGD accuracy: 0.1540
WA Model - Validation accuracy: 0.3845
WA Model - FGSM accuracy: 0.2345
WA Model - PGD accuracy: 0.2250
Best model: wa_model (PGD acc: 0.2250, Val acc: 0.3845)

============ Epoch 36 ============
Training time: 131.02s
Training loss: 4.6012
Training accuracy: 0.2610
Current GPU memory: 4.60 GB
Validation time: 12.90
Model - Validation accuracy: 0.3510
Model - FGSM accuracy: 0.1845
Model - PGD accuracy: 0.1730
WA Model - Validation accuracy: 0.3875
WA Model - FGSM accuracy: 0.2355
WA Model - PGD accuracy: 0.2265
Best model: wa_model (PGD acc: 0.2265, Val acc: 0.3875)

============ Epoch 37 ============
Training time: 130.91s
Training loss: 4.5973
Training accuracy: 0.2633
Current GPU memory: 4.60 GB
Validation time: 12.79
Model - Validation accuracy: 0.3245
Model - FGSM accuracy: 0.1680
Model - PGD accuracy: 0.1555
WA Model - Validation accuracy: 0.3890
WA Model - FGSM accuracy: 0.2350
WA Model - PGD accuracy: 0.2295
Best model: wa_model (PGD acc: 0.2295, Val acc: 0.3890)

============ Epoch 38 ============
Training time: 130.91s
Training loss: 4.5959
Training accuracy: 0.2636
Current GPU memory: 4.60 GB
Validation time: 12.78
Model - Validation accuracy: 0.3400
Model - FGSM accuracy: 0.1810
Model - PGD accuracy: 0.1730
WA Model - Validation accuracy: 0.3905
WA Model - FGSM accuracy: 0.2365
WA Model - PGD accuracy: 0.2295
Best model: wa_model (PGD acc: 0.2295, Val acc: 0.3905)

============ Epoch 39 ============
Training time: 130.99s
Training loss: 4.5918
Training accuracy: 0.2643
Current GPU memory: 4.60 GB
Validation time: 12.80
Model - Validation accuracy: 0.3390
Model - FGSM accuracy: 0.1795
Model - PGD accuracy: 0.1710
WA Model - Validation accuracy: 0.3930
WA Model - FGSM accuracy: 0.2360
WA Model - PGD accuracy: 0.2290
Best model: wa_model (PGD acc: 0.2290, Val acc: 0.3930)

============ Epoch 40 ============
Training time: 130.93s
Training loss: 4.5865
Training accuracy: 0.2675
Current GPU memory: 4.60 GB
Validation time: 12.79
Model - Validation accuracy: 0.3250
Model - FGSM accuracy: 0.1695
Model - PGD accuracy: 0.1600
WA Model - Validation accuracy: 0.3950
WA Model - FGSM accuracy: 0.2370
WA Model - PGD accuracy: 0.2300
Best model: wa_model (PGD acc: 0.2300, Val acc: 0.3950)

============ Epoch 41 ============
Training time: 130.95s
Training loss: 4.5841
Training accuracy: 0.2691
Current GPU memory: 4.60 GB
Validation time: 12.76
Model - Validation accuracy: 0.3345
Model - FGSM accuracy: 0.1590
Model - PGD accuracy: 0.1470
WA Model - Validation accuracy: 0.3960
WA Model - FGSM accuracy: 0.2385
WA Model - PGD accuracy: 0.2315
Best model: wa_model (PGD acc: 0.2315, Val acc: 0.3960)

============ Epoch 42 ============
Training time: 131.06s
Training loss: 4.5797
Training accuracy: 0.2714
Current GPU memory: 4.60 GB
Validation time: 12.79
Model - Validation accuracy: 0.3410
Model - FGSM accuracy: 0.1735
Model - PGD accuracy: 0.1615
WA Model - Validation accuracy: 0.3945
WA Model - FGSM accuracy: 0.2380
WA Model - PGD accuracy: 0.2320
Best model: wa_model (PGD acc: 0.2320, Val acc: 0.3945)

============ Epoch 43 ============
Training time: 131.29s
Training loss: 4.5756
Training accuracy: 0.2721
Current GPU memory: 4.60 GB
Validation time: 12.83
Model - Validation accuracy: 0.3390
Model - FGSM accuracy: 0.1815
Model - PGD accuracy: 0.1760
WA Model - Validation accuracy: 0.4000
WA Model - FGSM accuracy: 0.2405
WA Model - PGD accuracy: 0.2325
Best model: wa_model (PGD acc: 0.2325, Val acc: 0.4000)

============ Epoch 44 ============
Training time: 131.05s
Training loss: 4.5738
Training accuracy: 0.2747
Current GPU memory: 4.60 GB
Validation time: 12.78
Model - Validation accuracy: 0.3460
Model - FGSM accuracy: 0.1750
Model - PGD accuracy: 0.1630
WA Model - Validation accuracy: 0.3950
WA Model - FGSM accuracy: 0.2400
WA Model - PGD accuracy: 0.2335
Best model: wa_model (PGD acc: 0.2335, Val acc: 0.3950)

============ Epoch 45 ============
Training time: 131.15s
Training loss: 4.5692
Training accuracy: 0.2751
Current GPU memory: 4.60 GB
Validation time: 12.78
Model - Validation accuracy: 0.3395
Model - FGSM accuracy: 0.1805
Model - PGD accuracy: 0.1690
WA Model - Validation accuracy: 0.3970
WA Model - FGSM accuracy: 0.2435
WA Model - PGD accuracy: 0.2345
Best model: wa_model (PGD acc: 0.2345, Val acc: 0.3970)

============ Epoch 46 ============
Training time: 131.07s
Training loss: 4.5673
Training accuracy: 0.2755
Current GPU memory: 4.60 GB
Validation time: 12.82
Model - Validation accuracy: 0.3495
Model - FGSM accuracy: 0.1835
Model - PGD accuracy: 0.1765
WA Model - Validation accuracy: 0.4030
WA Model - FGSM accuracy: 0.2440
WA Model - PGD accuracy: 0.2370
Best model: wa_model (PGD acc: 0.2370, Val acc: 0.4030)

============ Epoch 47 ============
Training time: 131.58s
Training loss: 4.5624
Training accuracy: 0.2779
Current GPU memory: 4.60 GB
Validation time: 12.89
Model - Validation accuracy: 0.3580
Model - FGSM accuracy: 0.1780
Model - PGD accuracy: 0.1680
WA Model - Validation accuracy: 0.4050
WA Model - FGSM accuracy: 0.2480
WA Model - PGD accuracy: 0.2360
Best model: wa_model (PGD acc: 0.2360, Val acc: 0.4050)

============ Epoch 48 ============
Training time: 131.18s
Training loss: 4.5581
Training accuracy: 0.2789
Current GPU memory: 4.60 GB
Validation time: 12.79
Model - Validation accuracy: 0.3365
Model - FGSM accuracy: 0.1765
Model - PGD accuracy: 0.1665
WA Model - Validation accuracy: 0.4080
WA Model - FGSM accuracy: 0.2485
WA Model - PGD accuracy: 0.2375
Best model: wa_model (PGD acc: 0.2375, Val acc: 0.4080)

============ Epoch 49 ============
Training time: 131.26s
Training loss: 4.5569
Training accuracy: 0.2808
Current GPU memory: 4.60 GB
Validation time: 12.79
Model - Validation accuracy: 0.3505
Model - FGSM accuracy: 0.1860
Model - PGD accuracy: 0.1760
WA Model - Validation accuracy: 0.4100
WA Model - FGSM accuracy: 0.2450
WA Model - PGD accuracy: 0.2395
Best model: wa_model (PGD acc: 0.2395, Val acc: 0.4100)

============ Epoch 50 ============
Training time: 130.98s
Training loss: 4.5518
Training accuracy: 0.2819
Current GPU memory: 4.60 GB
Validation time: 12.76
Model - Validation accuracy: 0.3540
Model - FGSM accuracy: 0.1875
Model - PGD accuracy: 0.1730
WA Model - Validation accuracy: 0.4090
WA Model - FGSM accuracy: 0.2425
WA Model - PGD accuracy: 0.2365
Best model: wa_model (PGD acc: 0.2365, Val acc: 0.4090)

============ Epoch 51 ============
Training time: 130.71s
Training loss: 4.5483
Training accuracy: 0.2840
Current GPU memory: 4.60 GB
Validation time: 12.78
Model - Validation accuracy: 0.3690
Model - FGSM accuracy: 0.1915
Model - PGD accuracy: 0.1810
WA Model - Validation accuracy: 0.4110
WA Model - FGSM accuracy: 0.2460
WA Model - PGD accuracy: 0.2385
Best model: wa_model (PGD acc: 0.2385, Val acc: 0.4110)

============ Epoch 52 ============
Training time: 130.85s
Training loss: 4.5439
Training accuracy: 0.2845
Current GPU memory: 4.60 GB
Validation time: 12.81
Model - Validation accuracy: 0.3510
Model - FGSM accuracy: 0.1825
Model - PGD accuracy: 0.1730
WA Model - Validation accuracy: 0.4115
WA Model - FGSM accuracy: 0.2450
WA Model - PGD accuracy: 0.2390
Best model: wa_model (PGD acc: 0.2390, Val acc: 0.4115)

============ Epoch 53 ============
Training time: 131.04s
Training loss: 4.5409
Training accuracy: 0.2869
Current GPU memory: 4.60 GB
Validation time: 12.87
Model - Validation accuracy: 0.3450
Model - FGSM accuracy: 0.1745
Model - PGD accuracy: 0.1590
WA Model - Validation accuracy: 0.4095
WA Model - FGSM accuracy: 0.2460
WA Model - PGD accuracy: 0.2370
Best model: wa_model (PGD acc: 0.2370, Val acc: 0.4095)

============ Epoch 54 ============
Training time: 131.45s
Training loss: 4.5362
Training accuracy: 0.2890
Current GPU memory: 4.60 GB
Validation time: 12.87
Model - Validation accuracy: 0.3620
Model - FGSM accuracy: 0.1910
Model - PGD accuracy: 0.1735
WA Model - Validation accuracy: 0.4125
WA Model - FGSM accuracy: 0.2450
WA Model - PGD accuracy: 0.2380
Best model: wa_model (PGD acc: 0.2380, Val acc: 0.4125)

============ Epoch 55 ============
Training time: 131.12s
Training loss: 4.5321
Training accuracy: 0.2906
Current GPU memory: 4.60 GB
Validation time: 12.82
Model - Validation accuracy: 0.3550
Model - FGSM accuracy: 0.1835
Model - PGD accuracy: 0.1725
WA Model - Validation accuracy: 0.4155
WA Model - FGSM accuracy: 0.2495
WA Model - PGD accuracy: 0.2410
Best model: wa_model (PGD acc: 0.2410, Val acc: 0.4155)

============ Epoch 56 ============
Training time: 130.84s
Training loss: 4.5288
Training accuracy: 0.2909
Current GPU memory: 4.60 GB
Validation time: 12.77
Model - Validation accuracy: 0.3670
Model - FGSM accuracy: 0.2020
Model - PGD accuracy: 0.1880
WA Model - Validation accuracy: 0.4210
WA Model - FGSM accuracy: 0.2465
WA Model - PGD accuracy: 0.2390
Best model: wa_model (PGD acc: 0.2390, Val acc: 0.4210)

============ Epoch 57 ============
Training time: 130.79s
Training loss: 4.5240
Training accuracy: 0.2932
Current GPU memory: 4.60 GB
Validation time: 12.80
Model - Validation accuracy: 0.3750
Model - FGSM accuracy: 0.1900
Model - PGD accuracy: 0.1790
WA Model - Validation accuracy: 0.4210
WA Model - FGSM accuracy: 0.2520
WA Model - PGD accuracy: 0.2430
Best model: wa_model (PGD acc: 0.2430, Val acc: 0.4210)

============ Epoch 58 ============
Training time: 130.87s
Training loss: 4.5205
Training accuracy: 0.2948
Current GPU memory: 4.60 GB
Validation time: 12.78
Model - Validation accuracy: 0.3695
Model - FGSM accuracy: 0.2025
Model - PGD accuracy: 0.1865
WA Model - Validation accuracy: 0.4205
WA Model - FGSM accuracy: 0.2560
WA Model - PGD accuracy: 0.2460
Best model: wa_model (PGD acc: 0.2460, Val acc: 0.4205)

============ Epoch 59 ============
Training time: 130.86s
Training loss: 4.5140
Training accuracy: 0.2969
Current GPU memory: 4.60 GB
Validation time: 12.75
Model - Validation accuracy: 0.3745
Model - FGSM accuracy: 0.1765
Model - PGD accuracy: 0.1650
WA Model - Validation accuracy: 0.4230
WA Model - FGSM accuracy: 0.2575
WA Model - PGD accuracy: 0.2465
Best model: wa_model (PGD acc: 0.2465, Val acc: 0.4230)

============ Epoch 60 ============
Training time: 130.86s
Training loss: 4.5097
Training accuracy: 0.2988
Current GPU memory: 4.60 GB
Validation time: 12.83
Model - Validation accuracy: 0.3445
Model - FGSM accuracy: 0.1805
Model - PGD accuracy: 0.1740
WA Model - Validation accuracy: 0.4260
WA Model - FGSM accuracy: 0.2535
WA Model - PGD accuracy: 0.2465
Best model: wa_model (PGD acc: 0.2465, Val acc: 0.4260)

============ Epoch 61 ============
Training time: 130.96s
Training loss: 4.5044
Training accuracy: 0.3011
Current GPU memory: 4.60 GB
Validation time: 12.81
Model - Validation accuracy: 0.3700
Model - FGSM accuracy: 0.1920
Model - PGD accuracy: 0.1815
WA Model - Validation accuracy: 0.4260
WA Model - FGSM accuracy: 0.2545
WA Model - PGD accuracy: 0.2465
Best model: wa_model (PGD acc: 0.2465, Val acc: 0.4260)

============ Epoch 62 ============
Training time: 130.78s
Training loss: 4.4988
Training accuracy: 0.3041
Current GPU memory: 4.60 GB
Validation time: 12.87
Model - Validation accuracy: 0.3715
Model - FGSM accuracy: 0.1935
Model - PGD accuracy: 0.1820
WA Model - Validation accuracy: 0.4255
WA Model - FGSM accuracy: 0.2540
WA Model - PGD accuracy: 0.2435
Best model: wa_model (PGD acc: 0.2435, Val acc: 0.4255)

============ Epoch 63 ============
Training time: 130.85s
Training loss: 4.4920
Training accuracy: 0.3085
Current GPU memory: 4.60 GB
Validation time: 12.80
Model - Validation accuracy: 0.3640
Model - FGSM accuracy: 0.2000
Model - PGD accuracy: 0.1835
WA Model - Validation accuracy: 0.4265
WA Model - FGSM accuracy: 0.2575
WA Model - PGD accuracy: 0.2475
Best model: wa_model (PGD acc: 0.2475, Val acc: 0.4265)

============ Epoch 64 ============
Training time: 131.07s
Training loss: 4.4856
Training accuracy: 0.3097
Current GPU memory: 4.60 GB
Validation time: 12.87
Model - Validation accuracy: 0.3650
Model - FGSM accuracy: 0.1955
Model - PGD accuracy: 0.1820
WA Model - Validation accuracy: 0.4310
WA Model - FGSM accuracy: 0.2565
WA Model - PGD accuracy: 0.2470
Best model: wa_model (PGD acc: 0.2470, Val acc: 0.4310)

============ Epoch 65 ============
Training time: 131.38s
Training loss: 4.4794
Training accuracy: 0.3134
Current GPU memory: 4.60 GB
Validation time: 12.81
Model - Validation accuracy: 0.3645
Model - FGSM accuracy: 0.1960
Model - PGD accuracy: 0.1880
WA Model - Validation accuracy: 0.4315
WA Model - FGSM accuracy: 0.2570
WA Model - PGD accuracy: 0.2475
Best model: wa_model (PGD acc: 0.2475, Val acc: 0.4315)

============ Epoch 66 ============
Training time: 131.15s
Training loss: 4.4733
Training accuracy: 0.3140
Current GPU memory: 4.60 GB
Validation time: 12.84
Model - Validation accuracy: 0.3895
Model - FGSM accuracy: 0.1935
Model - PGD accuracy: 0.1810
WA Model - Validation accuracy: 0.4320
WA Model - FGSM accuracy: 0.2560
WA Model - PGD accuracy: 0.2450
Best model: wa_model (PGD acc: 0.2450, Val acc: 0.4320)

============ Epoch 67 ============
Training time: 131.24s
Training loss: 4.4658
Training accuracy: 0.3177
Current GPU memory: 4.60 GB
Validation time: 12.83
Model - Validation accuracy: 0.3955
Model - FGSM accuracy: 0.2080
Model - PGD accuracy: 0.1935
WA Model - Validation accuracy: 0.4340
WA Model - FGSM accuracy: 0.2575
WA Model - PGD accuracy: 0.2480
Best model: wa_model (PGD acc: 0.2480, Val acc: 0.4340)

============ Epoch 68 ============
Training time: 131.23s
Training loss: 4.4591
Training accuracy: 0.3211
Current GPU memory: 4.60 GB
Validation time: 12.81
Model - Validation accuracy: 0.3820
Model - FGSM accuracy: 0.1905
Model - PGD accuracy: 0.1800
WA Model - Validation accuracy: 0.4365
WA Model - FGSM accuracy: 0.2580
WA Model - PGD accuracy: 0.2460
Best model: wa_model (PGD acc: 0.2460, Val acc: 0.4365)

============ Epoch 69 ============
Training time: 131.50s
Training loss: 4.4499
Training accuracy: 0.3269
Current GPU memory: 4.60 GB
Validation time: 12.84
Model - Validation accuracy: 0.3910
Model - FGSM accuracy: 0.2075
Model - PGD accuracy: 0.2005
WA Model - Validation accuracy: 0.4395
WA Model - FGSM accuracy: 0.2590
WA Model - PGD accuracy: 0.2460
Best model: wa_model (PGD acc: 0.2460, Val acc: 0.4395)

============ Epoch 70 ============
Training time: 131.67s
Training loss: 4.4408
Training accuracy: 0.3292
Current GPU memory: 4.60 GB
Validation time: 12.85
Model - Validation accuracy: 0.3880
Model - FGSM accuracy: 0.2070
Model - PGD accuracy: 0.1940
WA Model - Validation accuracy: 0.4405
WA Model - FGSM accuracy: 0.2565
WA Model - PGD accuracy: 0.2465
Best model: wa_model (PGD acc: 0.2465, Val acc: 0.4405)

============ Epoch 71 ============
Training time: 131.43s
Training loss: 4.4329
Training accuracy: 0.3320
Current GPU memory: 4.60 GB
Validation time: 12.83
Model - Validation accuracy: 0.3955
Model - FGSM accuracy: 0.2170
Model - PGD accuracy: 0.2050
WA Model - Validation accuracy: 0.4425
WA Model - FGSM accuracy: 0.2600
WA Model - PGD accuracy: 0.2510
Best model: wa_model (PGD acc: 0.2510, Val acc: 0.4425)

============ Epoch 72 ============
Training time: 131.30s
Training loss: 4.4233
Training accuracy: 0.3369
Current GPU memory: 4.60 GB
Validation time: 12.84
Model - Validation accuracy: 0.3860
Model - FGSM accuracy: 0.2090
Model - PGD accuracy: 0.1955
WA Model - Validation accuracy: 0.4470
WA Model - FGSM accuracy: 0.2605
WA Model - PGD accuracy: 0.2520
Best model: wa_model (PGD acc: 0.2520, Val acc: 0.4470)

============ Epoch 73 ============
Training time: 131.38s
Training loss: 4.4109
Training accuracy: 0.3421
Current GPU memory: 4.60 GB
Validation time: 12.79
Model - Validation accuracy: 0.3990
Model - FGSM accuracy: 0.2130
Model - PGD accuracy: 0.1960
WA Model - Validation accuracy: 0.4465
WA Model - FGSM accuracy: 0.2635
WA Model - PGD accuracy: 0.2520
Best model: wa_model (PGD acc: 0.2520, Val acc: 0.4465)

============ Epoch 74 ============
Training time: 131.27s
Training loss: 4.4007
Training accuracy: 0.3460
Current GPU memory: 4.60 GB
Validation time: 12.81
Model - Validation accuracy: 0.4075
Model - FGSM accuracy: 0.2155
Model - PGD accuracy: 0.2025
WA Model - Validation accuracy: 0.4490
WA Model - FGSM accuracy: 0.2650
WA Model - PGD accuracy: 0.2535
Best model: wa_model (PGD acc: 0.2535, Val acc: 0.4490)

============ Epoch 75 ============
Training time: 131.21s
Training loss: 4.3898
Training accuracy: 0.3510
Current GPU memory: 4.60 GB
Validation time: 12.80
Model - Validation accuracy: 0.4195
Model - FGSM accuracy: 0.2220
Model - PGD accuracy: 0.2045
WA Model - Validation accuracy: 0.4505
WA Model - FGSM accuracy: 0.2670
WA Model - PGD accuracy: 0.2495
Best model: wa_model (PGD acc: 0.2495, Val acc: 0.4505)

============ Epoch 76 ============
Training time: 131.07s
Training loss: 4.3776
Training accuracy: 0.3564
Current GPU memory: 4.60 GB
Validation time: 12.77
Model - Validation accuracy: 0.3940
Model - FGSM accuracy: 0.2040
Model - PGD accuracy: 0.1865
WA Model - Validation accuracy: 0.4535
WA Model - FGSM accuracy: 0.2625
WA Model - PGD accuracy: 0.2530
Best model: wa_model (PGD acc: 0.2530, Val acc: 0.4535)

============ Epoch 77 ============
Training time: 131.48s
Training loss: 4.3635
Training accuracy: 0.3627
Current GPU memory: 4.60 GB
Validation time: 12.83
Model - Validation accuracy: 0.4180
Model - FGSM accuracy: 0.2085
Model - PGD accuracy: 0.1925
WA Model - Validation accuracy: 0.4520
WA Model - FGSM accuracy: 0.2620
WA Model - PGD accuracy: 0.2495
Best model: wa_model (PGD acc: 0.2495, Val acc: 0.4520)

============ Epoch 78 ============
Training time: 131.38s
Training loss: 4.3468
Training accuracy: 0.3704
Current GPU memory: 4.60 GB
Validation time: 12.78
Model - Validation accuracy: 0.4165
Model - FGSM accuracy: 0.2195
Model - PGD accuracy: 0.2070
WA Model - Validation accuracy: 0.4565
WA Model - FGSM accuracy: 0.2640
WA Model - PGD accuracy: 0.2500
Best model: wa_model (PGD acc: 0.2500, Val acc: 0.4565)

============ Epoch 79 ============
Training time: 131.62s
Training loss: 4.3321
Training accuracy: 0.3779
Current GPU memory: 4.60 GB
Validation time: 12.79
Model - Validation accuracy: 0.4305
Model - FGSM accuracy: 0.2230
Model - PGD accuracy: 0.2010
WA Model - Validation accuracy: 0.4570
WA Model - FGSM accuracy: 0.2645
WA Model - PGD accuracy: 0.2480
Best model: wa_model (PGD acc: 0.2480, Val acc: 0.4570)

============ Epoch 80 ============
Training time: 132.26s
Training loss: 4.3163
Training accuracy: 0.3856
Current GPU memory: 4.60 GB
Validation time: 12.79
Model - Validation accuracy: 0.4290
Model - FGSM accuracy: 0.2185
Model - PGD accuracy: 0.1990
WA Model - Validation accuracy: 0.4655
WA Model - FGSM accuracy: 0.2650
WA Model - PGD accuracy: 0.2500
Best model: wa_model (PGD acc: 0.2500, Val acc: 0.4655)

============ Epoch 81 ============
Training time: 131.43s
Training loss: 4.2957
Training accuracy: 0.3937
Current GPU memory: 4.60 GB
Validation time: 12.77
Model - Validation accuracy: 0.4240
Model - FGSM accuracy: 0.2115
Model - PGD accuracy: 0.1930
WA Model - Validation accuracy: 0.4650
WA Model - FGSM accuracy: 0.2655
WA Model - PGD accuracy: 0.2525
Best model: wa_model (PGD acc: 0.2525, Val acc: 0.4650)

============ Epoch 82 ============
Training time: 131.51s
Training loss: 4.2771
Training accuracy: 0.4021
Current GPU memory: 4.60 GB
Validation time: 12.81
Model - Validation accuracy: 0.4275
Model - FGSM accuracy: 0.2205
Model - PGD accuracy: 0.2030
WA Model - Validation accuracy: 0.4670
WA Model - FGSM accuracy: 0.2695
WA Model - PGD accuracy: 0.2560
Best model: wa_model (PGD acc: 0.2560, Val acc: 0.4670)

============ Epoch 83 ============
Training time: 131.65s
Training loss: 4.2573
Training accuracy: 0.4126
Current GPU memory: 4.60 GB
Validation time: 12.77
Model - Validation accuracy: 0.4290
Model - FGSM accuracy: 0.2165
Model - PGD accuracy: 0.2015
WA Model - Validation accuracy: 0.4695
WA Model - FGSM accuracy: 0.2685
WA Model - PGD accuracy: 0.2565
Best model: wa_model (PGD acc: 0.2565, Val acc: 0.4695)

============ Epoch 84 ============
Training time: 131.38s
Training loss: 4.2342
Training accuracy: 0.4234
Current GPU memory: 4.60 GB
Validation time: 12.88
Model - Validation accuracy: 0.4315
Model - FGSM accuracy: 0.2315
Model - PGD accuracy: 0.2150
WA Model - Validation accuracy: 0.4710
WA Model - FGSM accuracy: 0.2710
WA Model - PGD accuracy: 0.2585
Best model: wa_model (PGD acc: 0.2585, Val acc: 0.4710)

============ Epoch 85 ============
Training time: 131.41s
Training loss: 4.2063
Training accuracy: 0.4368
Current GPU memory: 4.60 GB
Validation time: 12.81
Model - Validation accuracy: 0.4465
Model - FGSM accuracy: 0.2410
Model - PGD accuracy: 0.2210
WA Model - Validation accuracy: 0.4735
WA Model - FGSM accuracy: 0.2705
WA Model - PGD accuracy: 0.2550
Best model: wa_model (PGD acc: 0.2550, Val acc: 0.4735)

============ Epoch 86 ============
Training time: 131.63s
Training loss: 4.1821
Training accuracy: 0.4505
Current GPU memory: 4.60 GB
Validation time: 12.79
Model - Validation accuracy: 0.4450
Model - FGSM accuracy: 0.2310
Model - PGD accuracy: 0.2110
WA Model - Validation accuracy: 0.4750
WA Model - FGSM accuracy: 0.2690
WA Model - PGD accuracy: 0.2525
Best model: wa_model (PGD acc: 0.2525, Val acc: 0.4750)

============ Epoch 87 ============
Training time: 131.55s
Training loss: 4.1513
Training accuracy: 0.4656
Current GPU memory: 4.60 GB
Validation time: 12.90
Model - Validation accuracy: 0.4515
Model - FGSM accuracy: 0.2395
Model - PGD accuracy: 0.2220
WA Model - Validation accuracy: 0.4785
WA Model - FGSM accuracy: 0.2655
WA Model - PGD accuracy: 0.2525
Best model: wa_model (PGD acc: 0.2525, Val acc: 0.4785)

============ Epoch 88 ============
Training time: 131.53s
Training loss: 4.1210
Training accuracy: 0.4823
Current GPU memory: 4.60 GB
Validation time: 12.87
Model - Validation accuracy: 0.4480
Model - FGSM accuracy: 0.2310
Model - PGD accuracy: 0.2165
WA Model - Validation accuracy: 0.4800
WA Model - FGSM accuracy: 0.2630
WA Model - PGD accuracy: 0.2530
Best model: wa_model (PGD acc: 0.2530, Val acc: 0.4800)

============ Epoch 89 ============
Training time: 131.90s
Training loss: 4.0878
Training accuracy: 0.4985
Current GPU memory: 4.60 GB
Validation time: 12.78
Model - Validation accuracy: 0.4605
Model - FGSM accuracy: 0.2370
Model - PGD accuracy: 0.2165
WA Model - Validation accuracy: 0.4830
WA Model - FGSM accuracy: 0.2645
WA Model - PGD accuracy: 0.2520
Best model: wa_model (PGD acc: 0.2520, Val acc: 0.4830)

============ Epoch 90 ============
Training time: 131.75s
Training loss: 4.0533
Training accuracy: 0.5192
Current GPU memory: 4.60 GB
Validation time: 12.76
Model - Validation accuracy: 0.4565
Model - FGSM accuracy: 0.2395
Model - PGD accuracy: 0.2230
WA Model - Validation accuracy: 0.4815
WA Model - FGSM accuracy: 0.2650
WA Model - PGD accuracy: 0.2490
Best model: wa_model (PGD acc: 0.2490, Val acc: 0.4815)

============ Epoch 91 ============
Training time: 132.41s
Training loss: 4.0161
Training accuracy: 0.5382
Current GPU memory: 4.60 GB
Validation time: 12.90
Model - Validation accuracy: 0.4735
Model - FGSM accuracy: 0.2450
Model - PGD accuracy: 0.2200
WA Model - Validation accuracy: 0.4835
WA Model - FGSM accuracy: 0.2640
WA Model - PGD accuracy: 0.2480
Best model: wa_model (PGD acc: 0.2480, Val acc: 0.4835)

============ Epoch 92 ============
Training time: 131.93s
Training loss: 3.9789
Training accuracy: 0.5588
Current GPU memory: 4.60 GB
Validation time: 12.87
Model - Validation accuracy: 0.4780
Model - FGSM accuracy: 0.2400
Model - PGD accuracy: 0.2225
WA Model - Validation accuracy: 0.4855
WA Model - FGSM accuracy: 0.2615
WA Model - PGD accuracy: 0.2460
Best model: wa_model (PGD acc: 0.2460, Val acc: 0.4855)

============ Epoch 93 ============
Training time: 131.49s
Training loss: 3.9410
Training accuracy: 0.5799
Current GPU memory: 4.60 GB
Validation time: 12.77
Model - Validation accuracy: 0.4795
Model - FGSM accuracy: 0.2515
Model - PGD accuracy: 0.2310
WA Model - Validation accuracy: 0.4880
WA Model - FGSM accuracy: 0.2625
WA Model - PGD accuracy: 0.2420
Best model: wa_model (PGD acc: 0.2420, Val acc: 0.4880)

============ Epoch 94 ============
Training time: 131.79s
Training loss: 3.9063
Training accuracy: 0.6003
Current GPU memory: 4.60 GB
Validation time: 12.84
Model - Validation accuracy: 0.4820
Model - FGSM accuracy: 0.2495
Model - PGD accuracy: 0.2220
WA Model - Validation accuracy: 0.4895
WA Model - FGSM accuracy: 0.2590
WA Model - PGD accuracy: 0.2415
Best model: wa_model (PGD acc: 0.2415, Val acc: 0.4895)

============ Epoch 95 ============
Training time: 131.70s
Training loss: 3.8757
Training accuracy: 0.6167
Current GPU memory: 4.60 GB
Validation time: 12.79
Model - Validation accuracy: 0.4785
Model - FGSM accuracy: 0.2470
Model - PGD accuracy: 0.2220
WA Model - Validation accuracy: 0.4900
WA Model - FGSM accuracy: 0.2595
WA Model - PGD accuracy: 0.2390
Best model: wa_model (PGD acc: 0.2390, Val acc: 0.4900)

============ Epoch 96 ============
Training time: 131.62s
Training loss: 3.8502
Training accuracy: 0.6310
Current GPU memory: 4.60 GB
Validation time: 12.88
Model - Validation accuracy: 0.4850
Model - FGSM accuracy: 0.2505
Model - PGD accuracy: 0.2245
WA Model - Validation accuracy: 0.4860
WA Model - FGSM accuracy: 0.2560
WA Model - PGD accuracy: 0.2375
Best model: wa_model (PGD acc: 0.2375, Val acc: 0.4860)

============ Epoch 97 ============
Training time: 131.61s
Training loss: 3.8319
Training accuracy: 0.6409
Current GPU memory: 4.60 GB
Validation time: 12.85
Model - Validation accuracy: 0.4840
Model - FGSM accuracy: 0.2460
Model - PGD accuracy: 0.2255
WA Model - Validation accuracy: 0.4900
WA Model - FGSM accuracy: 0.2550
WA Model - PGD accuracy: 0.2360
Best model: wa_model (PGD acc: 0.2360, Val acc: 0.4900)

============ Epoch 98 ============
Training time: 131.68s
Training loss: 3.8202
Training accuracy: 0.6468
Current GPU memory: 4.60 GB
Validation time: 12.86
Model - Validation accuracy: 0.4920
Model - FGSM accuracy: 0.2525
Model - PGD accuracy: 0.2265
WA Model - Validation accuracy: 0.4885
WA Model - FGSM accuracy: 0.2510
WA Model - PGD accuracy: 0.2315
Best model: wa_model (PGD acc: 0.2315, Val acc: 0.4885)

============ Epoch 99 ============
Training time: 131.74s
Training loss: 3.8150
Training accuracy: 0.6504
Current GPU memory: 4.60 GB
Validation time: 12.81
Model - Validation accuracy: 0.4880
Model - FGSM accuracy: 0.2480
Model - PGD accuracy: 0.2265
WA Model - Validation accuracy: 0.4880
WA Model - FGSM accuracy: 0.2515
WA Model - PGD accuracy: 0.2310
Best model: wa_model (PGD acc: 0.2310, Val acc: 0.4880)

train_acc_list: 
[0.020091836734693877, 0.0405, 0.05843877551020408, 0.07524489795918367, 0.08942857142857143, 0.10225510204081632, 0.11618367346938775, 0.12751020408163266, 0.13814285714285715, 0.14908163265306124, 0.1589591836734694, 0.1698265306122449, 0.17955102040816326, 0.1903061224489796, 0.1980612244897959, 0.20476530612244898, 0.2081938775510204, 0.2141530612244898, 0.21701020408163266, 0.22089795918367347, 0.2238265306122449, 0.2288673469387755, 0.23196938775510204, 0.23468367346938776, 0.23644897959183672, 0.24018367346938777, 0.24207142857142858, 0.24426530612244898, 0.24791836734693878, 0.24860204081632653, 0.2507448979591837, 0.25314285714285717, 0.25423469387755104, 0.256030612244898, 0.2590408163265306, 0.2605204081632653, 0.2609591836734694, 0.2632857142857143, 0.26362244897959186, 0.2643469387755102, 0.2674591836734694, 0.2691224489795918, 0.27137755102040817, 0.2721122448979592, 0.2747040816326531, 0.2750612244897959, 0.2755408163265306, 0.27794897959183673, 0.27888775510204084, 0.2808265306122449, 0.28185714285714286, 0.2840204081632653, 0.2845408163265306, 0.28685714285714287, 0.289, 0.29059183673469385, 0.29085714285714287, 0.2931734693877551, 0.29483673469387756, 0.29689795918367345, 0.29875510204081634, 0.30109183673469386, 0.30412244897959184, 0.30845918367346936, 0.3096938775510204, 0.31339795918367347, 0.31395918367346937, 0.31774489795918365, 0.3211122448979592, 0.3269489795918367, 0.32918367346938776, 0.3320204081632653, 0.33694897959183673, 0.34208163265306124, 0.346, 0.3509591836734694, 0.3563571428571429, 0.3626632653061225, 0.37037755102040815, 0.3779387755102041, 0.38562244897959186, 0.39368367346938776, 0.4021326530612245, 0.4126326530612245, 0.4234183673469388, 0.4368061224489796, 0.45051020408163267, 0.4655918367346939, 0.48228571428571426, 0.49851020408163266, 0.5191734693877551, 0.5381938775510204, 0.5588367346938775, 0.5798673469387755, 0.6003469387755102, 0.6167448979591836, 0.631, 0.6409387755102041, 0.6468265306122449, 0.6503775510204082]

model_val_acc_list: 
[0.0295, 0.074, 0.099, 0.115, 0.142, 0.1665, 0.194, 0.173, 0.209, 0.2015, 0.236, 0.249, 0.245, 0.2625, 0.2475, 0.29, 0.2995, 0.2815, 0.2925, 0.2725, 0.2915, 0.2935, 0.303, 0.3055, 0.302, 0.305, 0.313, 0.3165, 0.309, 0.325, 0.325, 0.3335, 0.319, 0.3155, 0.3245, 0.3175, 0.351, 0.3245, 0.34, 0.339, 0.325, 0.3345, 0.341, 0.339, 0.346, 0.3395, 0.3495, 0.358, 0.3365, 0.3505, 0.354, 0.369, 0.351, 0.345, 0.362, 0.355, 0.367, 0.375, 0.3695, 0.3745, 0.3445, 0.37, 0.3715, 0.364, 0.365, 0.3645, 0.3895, 0.3955, 0.382, 0.391, 0.388, 0.3955, 0.386, 0.399, 0.4075, 0.4195, 0.394, 0.418, 0.4165, 0.4305, 0.429, 0.424, 0.4275, 0.429, 0.4315, 0.4465, 0.445, 0.4515, 0.448, 0.4605, 0.4565, 0.4735, 0.478, 0.4795, 0.482, 0.4785, 0.485, 0.484, 0.492, 0.488]

model_pgd_acc_list: 
[0.018, 0.042, 0.057, 0.0605, 0.074, 0.0925, 0.0915, 0.0895, 0.1155, 0.0995, 0.1145, 0.1335, 0.1175, 0.13, 0.1275, 0.156, 0.1605, 0.144, 0.145, 0.1425, 0.159, 0.1475, 0.1545, 0.1685, 0.153, 0.1585, 0.1555, 0.155, 0.167, 0.159, 0.159, 0.166, 0.1565, 0.16, 0.153, 0.154, 0.173, 0.1555, 0.173, 0.171, 0.16, 0.147, 0.1615, 0.176, 0.163, 0.169, 0.1765, 0.168, 0.1665, 0.176, 0.173, 0.181, 0.173, 0.159, 0.1735, 0.1725, 0.188, 0.179, 0.1865, 0.165, 0.174, 0.1815, 0.182, 0.1835, 0.182, 0.188, 0.181, 0.1935, 0.18, 0.2005, 0.194, 0.205, 0.1955, 0.196, 0.2025, 0.2045, 0.1865, 0.1925, 0.207, 0.201, 0.199, 0.193, 0.203, 0.2015, 0.215, 0.221, 0.211, 0.222, 0.2165, 0.2165, 0.223, 0.22, 0.2225, 0.231, 0.222, 0.222, 0.2245, 0.2255, 0.2265, 0.2265]

model_fgsm_acc_list: 
[0.0175, 0.043, 0.0595, 0.0615, 0.0745, 0.0945, 0.0915, 0.093, 0.1195, 0.1025, 0.1205, 0.136, 0.121, 0.1335, 0.131, 0.159, 0.1665, 0.1505, 0.1505, 0.148, 0.163, 0.1565, 0.165, 0.1755, 0.1575, 0.1665, 0.1635, 0.1645, 0.1735, 0.1675, 0.169, 0.1765, 0.164, 0.168, 0.162, 0.1595, 0.1845, 0.168, 0.181, 0.1795, 0.1695, 0.159, 0.1735, 0.1815, 0.175, 0.1805, 0.1835, 0.178, 0.1765, 0.186, 0.1875, 0.1915, 0.1825, 0.1745, 0.191, 0.1835, 0.202, 0.19, 0.2025, 0.1765, 0.1805, 0.192, 0.1935, 0.2, 0.1955, 0.196, 0.1935, 0.208, 0.1905, 0.2075, 0.207, 0.217, 0.209, 0.213, 0.2155, 0.222, 0.204, 0.2085, 0.2195, 0.223, 0.2185, 0.2115, 0.2205, 0.2165, 0.2315, 0.241, 0.231, 0.2395, 0.231, 0.237, 0.2395, 0.245, 0.24, 0.2515, 0.2495, 0.247, 0.2505, 0.246, 0.2525, 0.248]

wa_val_acc_list: 
[0.003, 0.004, 0.005, 0.0045, 0.0035, 0.0045, 0.0155, 0.0265, 0.0385, 0.055, 0.074, 0.094, 0.113, 0.1065, 0.0995, 0.079, 0.065, 0.0585, 0.0595, 0.074, 0.1005, 0.1375, 0.1875, 0.238, 0.2755, 0.3025, 0.3185, 0.3355, 0.343, 0.355, 0.3655, 0.371, 0.3805, 0.382, 0.386, 0.3845, 0.3875, 0.389, 0.3905, 0.393, 0.395, 0.396, 0.3945, 0.4, 0.395, 0.397, 0.403, 0.405, 0.408, 0.41, 0.409, 0.411, 0.4115, 0.4095, 0.4125, 0.4155, 0.421, 0.421, 0.4205, 0.423, 0.426, 0.426, 0.4255, 0.4265, 0.431, 0.4315, 0.432, 0.434, 0.4365, 0.4395, 0.4405, 0.4425, 0.447, 0.4465, 0.449, 0.4505, 0.4535, 0.452, 0.4565, 0.457, 0.4655, 0.465, 0.467, 0.4695, 0.471, 0.4735, 0.475, 0.4785, 0.48, 0.483, 0.4815, 0.4835, 0.4855, 0.488, 0.4895, 0.49, 0.486, 0.49, 0.4885, 0.488]

wa_pgd_acc_list: 
[0.003, 0.004, 0.0045, 0.004, 0.003, 0.0035, 0.007, 0.017, 0.0235, 0.0325, 0.0385, 0.0495, 0.05, 0.0505, 0.0445, 0.036, 0.033, 0.0295, 0.0305, 0.035, 0.051, 0.0655, 0.0895, 0.1205, 0.153, 0.173, 0.191, 0.199, 0.207, 0.212, 0.2155, 0.2195, 0.2185, 0.2215, 0.224, 0.225, 0.2265, 0.2295, 0.2295, 0.229, 0.23, 0.2315, 0.232, 0.2325, 0.2335, 0.2345, 0.237, 0.236, 0.2375, 0.2395, 0.2365, 0.2385, 0.239, 0.237, 0.238, 0.241, 0.239, 0.243, 0.246, 0.2465, 0.2465, 0.2465, 0.2435, 0.2475, 0.247, 0.2475, 0.245, 0.248, 0.246, 0.246, 0.2465, 0.251, 0.252, 0.252, 0.2535, 0.2495, 0.253, 0.2495, 0.25, 0.248, 0.25, 0.2525, 0.256, 0.2565, 0.2585, 0.255, 0.2525, 0.2525, 0.253, 0.252, 0.249, 0.248, 0.246, 0.242, 0.2415, 0.239, 0.2375, 0.236, 0.2315, 0.231]

wa_fgsm_acc_list: 
[0.003, 0.004, 0.0045, 0.004, 0.0035, 0.0035, 0.0065, 0.017, 0.0225, 0.0325, 0.039, 0.0495, 0.051, 0.0505, 0.0445, 0.0375, 0.033, 0.0305, 0.0315, 0.0365, 0.0515, 0.067, 0.0905, 0.122, 0.1575, 0.176, 0.1925, 0.201, 0.2105, 0.2165, 0.2215, 0.2285, 0.2285, 0.2295, 0.2315, 0.2345, 0.2355, 0.235, 0.2365, 0.236, 0.237, 0.2385, 0.238, 0.2405, 0.24, 0.2435, 0.244, 0.248, 0.2485, 0.245, 0.2425, 0.246, 0.245, 0.246, 0.245, 0.2495, 0.2465, 0.252, 0.256, 0.2575, 0.2535, 0.2545, 0.254, 0.2575, 0.2565, 0.257, 0.256, 0.2575, 0.258, 0.259, 0.2565, 0.26, 0.2605, 0.2635, 0.265, 0.267, 0.2625, 0.262, 0.264, 0.2645, 0.265, 0.2655, 0.2695, 0.2685, 0.271, 0.2705, 0.269, 0.2655, 0.263, 0.2645, 0.265, 0.264, 0.2615, 0.2625, 0.259, 0.2595, 0.256, 0.255, 0.251, 0.2515]

total_training_time: 
13101.411021709442

total_val_time: 
1281.978183746338

max_gpu_memory: 4.60 GB

==================================================
Starting final evaluation on test set...
==================================================
PGD test results:
  clean_acc: 0.4986
  pgd_10_acc: 0.2618
  pgd_20_acc: 0.2593
  pgd_50_acc: 0.2589
AutoAttack results:
  autoattack_acc: 0.1903
CR-Attack results:
  cr_attack_acc: 0.1899
