Method: n_aaer
Seed: 2
Scheduler: OneCycleLR
Label smoothing: 0.4
Weight average: True, tau: 0.9995
AAER parameters: lamda1=1.0, lamda2=1.5, lamda3=0.15, clamp=0, fgsm_alpha=1.0, delta_init=random


============ Epoch 0 ============
Training time: 97.82s
Training loss: 26.0626
Training accuracy: 0.0054
Abnormal examples: 36487
Abnormal CE loss: 3.1205
Abnormal L2 loss: -43.2702
Current GPU memory: 2.47 GB
Validation time: 12.67s
Model - Validation accuracy: 0.0085
Model - FGSM accuracy: 0.0065
Model - PGD accuracy: 0.0055
WA Model - Validation accuracy: 0.0055
WA Model - FGSM accuracy: 0.0055
WA Model - PGD accuracy: 0.0055
Best model: model (PGD acc: 0.0055, Val acc: 0.0085)

============ Epoch 1 ============
Training time: 97.86s
Training loss: 38.0486
Training accuracy: 0.0048
Abnormal examples: 42196
Abnormal CE loss: 5.2336
Abnormal L2 loss: -55.0482
Current GPU memory: 4.56 GB
Validation time: 12.71s
Model - Validation accuracy: 0.0045
Model - FGSM accuracy: 0.0040
Model - PGD accuracy: 0.0035
WA Model - Validation accuracy: 0.0060
WA Model - FGSM accuracy: 0.0060
WA Model - PGD accuracy: 0.0060
Best model: wa_model (PGD acc: 0.0060, Val acc: 0.0060)

============ Epoch 2 ============
Training time: 98.29s
Training loss: 162.2475
Training accuracy: 0.0053
Abnormal examples: 43882
Abnormal CE loss: 57.2612
Abnormal L2 loss: -47.0208
Current GPU memory: 4.56 GB
Validation time: 12.59s
Model - Validation accuracy: 0.0050
Model - FGSM accuracy: 0.0040
Model - PGD accuracy: 0.0040
WA Model - Validation accuracy: 0.0040
WA Model - FGSM accuracy: 0.0040
WA Model - PGD accuracy: 0.0040
Best model: model (PGD acc: 0.0040, Val acc: 0.0050)

============ Epoch 3 ============
Training time: 94.45s
Training loss: nan
Training accuracy: 0.0049
Abnormal examples: 5270
Abnormal CE loss: 73174369651925507375104.0000
Abnormal L2 loss: nan
Current GPU memory: 4.56 GB
Validation time: 12.13s
Model - Validation accuracy: 0.0040
Model - FGSM accuracy: 0.0040
Model - PGD accuracy: 0.0040
WA Model - Validation accuracy: 0.0040
WA Model - FGSM accuracy: 0.0040
WA Model - PGD accuracy: 0.0040
Best model: model (PGD acc: 0.0040, Val acc: 0.0040)

============ Epoch 4 ============
Training time: 93.90s
Training loss: nan
Training accuracy: 0.0050
Abnormal examples: 0
Current GPU memory: 4.57 GB
Validation time: 12.09s
Model - Validation accuracy: 0.0040
Model - FGSM accuracy: 0.0040
Model - PGD accuracy: 0.0040
WA Model - Validation accuracy: 0.0040
WA Model - FGSM accuracy: 0.0040
WA Model - PGD accuracy: 0.0040
Best model: model (PGD acc: 0.0040, Val acc: 0.0040)

============ Epoch 5 ============
Training time: 93.10s
Training loss: nan
Training accuracy: 0.0050
Abnormal examples: 0
Current GPU memory: 4.57 GB
Validation time: 12.16s
Model - Validation accuracy: 0.0040
Model - FGSM accuracy: 0.0040
Model - PGD accuracy: 0.0040
WA Model - Validation accuracy: 0.0040
WA Model - FGSM accuracy: 0.0040
WA Model - PGD accuracy: 0.0040
Best model: model (PGD acc: 0.0040, Val acc: 0.0040)

============ Epoch 6 ============
Training time: 93.30s
Training loss: nan
Training accuracy: 0.0050
Abnormal examples: 0
Current GPU memory: 4.57 GB
Validation time: 12.09s
Model - Validation accuracy: 0.0040
Model - FGSM accuracy: 0.0040
Model - PGD accuracy: 0.0040
WA Model - Validation accuracy: 0.0040
WA Model - FGSM accuracy: 0.0040
WA Model - PGD accuracy: 0.0040
Best model: model (PGD acc: 0.0040, Val acc: 0.0040)

============ Epoch 7 ============
Training time: 93.31s
Training loss: nan
Training accuracy: 0.0050
Abnormal examples: 0
Current GPU memory: 4.57 GB
Validation time: 12.08s
Model - Validation accuracy: 0.0040
Model - FGSM accuracy: 0.0040
Model - PGD accuracy: 0.0040
WA Model - Validation accuracy: 0.0040
WA Model - FGSM accuracy: 0.0040
WA Model - PGD accuracy: 0.0040
Best model: model (PGD acc: 0.0040, Val acc: 0.0040)

============ Epoch 8 ============
Training time: 93.62s
Training loss: nan
Training accuracy: 0.0050
Abnormal examples: 0
Current GPU memory: 4.57 GB
Validation time: 12.06s
Model - Validation accuracy: 0.0040
Model - FGSM accuracy: 0.0040
Model - PGD accuracy: 0.0040
WA Model - Validation accuracy: 0.0040
WA Model - FGSM accuracy: 0.0040
WA Model - PGD accuracy: 0.0040
Best model: model (PGD acc: 0.0040, Val acc: 0.0040)

============ Epoch 9 ============
Training time: 93.92s
Training loss: nan
Training accuracy: 0.0050
Abnormal examples: 0
Current GPU memory: 4.57 GB
Validation time: 12.07s
Model - Validation accuracy: 0.0040
Model - FGSM accuracy: 0.0040
Model - PGD accuracy: 0.0040
WA Model - Validation accuracy: 0.0040
WA Model - FGSM accuracy: 0.0040
WA Model - PGD accuracy: 0.0040
Best model: model (PGD acc: 0.0040, Val acc: 0.0040)

============ Epoch 10 ============
Training time: 93.74s
Training loss: nan
Training accuracy: 0.0050
Abnormal examples: 0
Current GPU memory: 4.57 GB
Validation time: 12.07s
Model - Validation accuracy: 0.0040
Model - FGSM accuracy: 0.0040
Model - PGD accuracy: 0.0040
WA Model - Validation accuracy: 0.0040
WA Model - FGSM accuracy: 0.0040
WA Model - PGD accuracy: 0.0040
Best model: model (PGD acc: 0.0040, Val acc: 0.0040)

============ Epoch 11 ============
Training time: 92.93s
Training loss: nan
Training accuracy: 0.0050
Abnormal examples: 0
Current GPU memory: 4.57 GB
Validation time: 12.13s
Model - Validation accuracy: 0.0040
Model - FGSM accuracy: 0.0040
Model - PGD accuracy: 0.0040
WA Model - Validation accuracy: 0.0040
WA Model - FGSM accuracy: 0.0040
WA Model - PGD accuracy: 0.0040
Best model: model (PGD acc: 0.0040, Val acc: 0.0040)

============ Epoch 12 ============
Training time: 93.51s
Training loss: nan
Training accuracy: 0.0050
Abnormal examples: 0
Current GPU memory: 4.57 GB
Validation time: 12.10s
Model - Validation accuracy: 0.0040
Model - FGSM accuracy: 0.0040
Model - PGD accuracy: 0.0040
WA Model - Validation accuracy: 0.0040
WA Model - FGSM accuracy: 0.0040
WA Model - PGD accuracy: 0.0040
Best model: model (PGD acc: 0.0040, Val acc: 0.0040)

============ Epoch 13 ============
Training time: 93.43s
Training loss: nan
Training accuracy: 0.0050
Abnormal examples: 0
Current GPU memory: 4.57 GB
Validation time: 12.08s
Model - Validation accuracy: 0.0040
Model - FGSM accuracy: 0.0040
Model - PGD accuracy: 0.0040
WA Model - Validation accuracy: 0.0040
WA Model - FGSM accuracy: 0.0040
WA Model - PGD accuracy: 0.0040
Best model: model (PGD acc: 0.0040, Val acc: 0.0040)

============ Epoch 14 ============
Training time: 93.19s
Training loss: nan
Training accuracy: 0.0050
Abnormal examples: 0
Current GPU memory: 4.57 GB
Validation time: 12.10s
Model - Validation accuracy: 0.0040
Model - FGSM accuracy: 0.0040
Model - PGD accuracy: 0.0040
WA Model - Validation accuracy: 0.0040
WA Model - FGSM accuracy: 0.0040
WA Model - PGD accuracy: 0.0040
Best model: model (PGD acc: 0.0040, Val acc: 0.0040)

============ Epoch 15 ============
Training time: 93.08s
Training loss: nan
Training accuracy: 0.0050
Abnormal examples: 0
Current GPU memory: 4.57 GB
Validation time: 12.06s
Model - Validation accuracy: 0.0040
Model - FGSM accuracy: 0.0040
Model - PGD accuracy: 0.0040
WA Model - Validation accuracy: 0.0040
WA Model - FGSM accuracy: 0.0040
WA Model - PGD accuracy: 0.0040
Best model: model (PGD acc: 0.0040, Val acc: 0.0040)

============ Epoch 16 ============
Training time: 93.48s
Training loss: nan
Training accuracy: 0.0050
Abnormal examples: 0
Current GPU memory: 4.57 GB
Validation time: 12.10s
Model - Validation accuracy: 0.0040
Model - FGSM accuracy: 0.0040
Model - PGD accuracy: 0.0040
WA Model - Validation accuracy: 0.0040
WA Model - FGSM accuracy: 0.0040
WA Model - PGD accuracy: 0.0040
Best model: model (PGD acc: 0.0040, Val acc: 0.0040)

============ Epoch 17 ============
Training time: 93.00s
Training loss: nan
Training accuracy: 0.0050
Abnormal examples: 0
Current GPU memory: 4.57 GB
Validation time: 12.09s
Model - Validation accuracy: 0.0040
Model - FGSM accuracy: 0.0040
Model - PGD accuracy: 0.0040
WA Model - Validation accuracy: 0.0040
WA Model - FGSM accuracy: 0.0040
WA Model - PGD accuracy: 0.0040
Best model: model (PGD acc: 0.0040, Val acc: 0.0040)

============ Epoch 18 ============
Training time: 93.62s
Training loss: nan
Training accuracy: 0.0050
Abnormal examples: 0
Current GPU memory: 4.57 GB
Validation time: 12.12s
Model - Validation accuracy: 0.0040
Model - FGSM accuracy: 0.0040
Model - PGD accuracy: 0.0040
WA Model - Validation accuracy: 0.0040
WA Model - FGSM accuracy: 0.0040
WA Model - PGD accuracy: 0.0040
Best model: model (PGD acc: 0.0040, Val acc: 0.0040)

============ Epoch 19 ============
Training time: 93.51s
Training loss: nan
Training accuracy: 0.0050
Abnormal examples: 0
Current GPU memory: 4.57 GB
Validation time: 12.10s
Model - Validation accuracy: 0.0040
Model - FGSM accuracy: 0.0040
Model - PGD accuracy: 0.0040
WA Model - Validation accuracy: 0.0040
WA Model - FGSM accuracy: 0.0040
WA Model - PGD accuracy: 0.0040
Best model: model (PGD acc: 0.0040, Val acc: 0.0040)

============ Epoch 20 ============
Training time: 93.87s
Training loss: nan
Training accuracy: 0.0050
Abnormal examples: 0
Current GPU memory: 4.57 GB
Validation time: 12.07s
Model - Validation accuracy: 0.0040
Model - FGSM accuracy: 0.0040
Model - PGD accuracy: 0.0040
WA Model - Validation accuracy: 0.0040
WA Model - FGSM accuracy: 0.0040
WA Model - PGD accuracy: 0.0040
Best model: model (PGD acc: 0.0040, Val acc: 0.0040)

============ Epoch 21 ============
Training time: 93.23s
Training loss: nan
Training accuracy: 0.0050
Abnormal examples: 0
Current GPU memory: 4.57 GB
Validation time: 12.11s
Model - Validation accuracy: 0.0040
Model - FGSM accuracy: 0.0040
Model - PGD accuracy: 0.0040
WA Model - Validation accuracy: 0.0040
WA Model - FGSM accuracy: 0.0040
WA Model - PGD accuracy: 0.0040
Best model: model (PGD acc: 0.0040, Val acc: 0.0040)

============ Epoch 22 ============
Training time: 93.62s
Training loss: nan
Training accuracy: 0.0050
Abnormal examples: 0
Current GPU memory: 4.57 GB
Validation time: 12.08s
Model - Validation accuracy: 0.0040
Model - FGSM accuracy: 0.0040
Model - PGD accuracy: 0.0040
WA Model - Validation accuracy: 0.0040
WA Model - FGSM accuracy: 0.0040
WA Model - PGD accuracy: 0.0040
Best model: model (PGD acc: 0.0040, Val acc: 0.0040)

============ Epoch 23 ============
Training time: 93.35s
Training loss: nan
Training accuracy: 0.0050
Abnormal examples: 0
Current GPU memory: 4.57 GB
Validation time: 12.11s
Model - Validation accuracy: 0.0040
Model - FGSM accuracy: 0.0040
Model - PGD accuracy: 0.0040
WA Model - Validation accuracy: 0.0040
WA Model - FGSM accuracy: 0.0040
WA Model - PGD accuracy: 0.0040
Best model: model (PGD acc: 0.0040, Val acc: 0.0040)

============ Epoch 24 ============
Training time: 93.72s
Training loss: nan
Training accuracy: 0.0050
Abnormal examples: 0
Current GPU memory: 4.57 GB
Validation time: 12.19s
Model - Validation accuracy: 0.0040
Model - FGSM accuracy: 0.0040
Model - PGD accuracy: 0.0040
WA Model - Validation accuracy: 0.0040
WA Model - FGSM accuracy: 0.0040
WA Model - PGD accuracy: 0.0040
Best model: model (PGD acc: 0.0040, Val acc: 0.0040)

============ Epoch 25 ============
Training time: 93.63s
Training loss: nan
Training accuracy: 0.0050
Abnormal examples: 0
Current GPU memory: 4.57 GB
Validation time: 12.09s
Model - Validation accuracy: 0.0040
Model - FGSM accuracy: 0.0040
Model - PGD accuracy: 0.0040
WA Model - Validation accuracy: 0.0040
WA Model - FGSM accuracy: 0.0040
WA Model - PGD accuracy: 0.0040
Best model: model (PGD acc: 0.0040, Val acc: 0.0040)

============ Epoch 26 ============
Training time: 93.24s
Training loss: nan
Training accuracy: 0.0050
Abnormal examples: 0
Current GPU memory: 4.57 GB
Validation time: 12.18s
Model - Validation accuracy: 0.0040
Model - FGSM accuracy: 0.0040
Model - PGD accuracy: 0.0040
WA Model - Validation accuracy: 0.0040
WA Model - FGSM accuracy: 0.0040
WA Model - PGD accuracy: 0.0040
Best model: model (PGD acc: 0.0040, Val acc: 0.0040)

============ Epoch 27 ============
Training time: 94.25s
Training loss: nan
Training accuracy: 0.0050
Abnormal examples: 0
Current GPU memory: 4.57 GB
Validation time: 12.11s
Model - Validation accuracy: 0.0040
Model - FGSM accuracy: 0.0040
Model - PGD accuracy: 0.0040
WA Model - Validation accuracy: 0.0040
WA Model - FGSM accuracy: 0.0040
WA Model - PGD accuracy: 0.0040
Best model: model (PGD acc: 0.0040, Val acc: 0.0040)

============ Epoch 28 ============
Training time: 93.24s
Training loss: nan
Training accuracy: 0.0050
Abnormal examples: 0
Current GPU memory: 4.57 GB
Validation time: 12.14s
Model - Validation accuracy: 0.0040
Model - FGSM accuracy: 0.0040
Model - PGD accuracy: 0.0040
WA Model - Validation accuracy: 0.0040
WA Model - FGSM accuracy: 0.0040
WA Model - PGD accuracy: 0.0040
Best model: model (PGD acc: 0.0040, Val acc: 0.0040)

============ Epoch 29 ============
Training time: 93.18s
Training loss: nan
Training accuracy: 0.0050
Abnormal examples: 0
Current GPU memory: 4.57 GB
Validation time: 12.12s
Model - Validation accuracy: 0.0040
Model - FGSM accuracy: 0.0040
Model - PGD accuracy: 0.0040
WA Model - Validation accuracy: 0.0040
WA Model - FGSM accuracy: 0.0040
WA Model - PGD accuracy: 0.0040
Best model: model (PGD acc: 0.0040, Val acc: 0.0040)

============ Epoch 30 ============
Training time: 93.04s
Training loss: nan
Training accuracy: 0.0050
Abnormal examples: 0
Current GPU memory: 4.57 GB
Validation time: 12.08s
Model - Validation accuracy: 0.0040
Model - FGSM accuracy: 0.0040
Model - PGD accuracy: 0.0040
WA Model - Validation accuracy: 0.0040
WA Model - FGSM accuracy: 0.0040
WA Model - PGD accuracy: 0.0040
Best model: model (PGD acc: 0.0040, Val acc: 0.0040)

============ Epoch 31 ============
Training time: 93.27s
Training loss: nan
Training accuracy: 0.0050
Abnormal examples: 0
Current GPU memory: 4.57 GB
Validation time: 12.10s
Model - Validation accuracy: 0.0040
Model - FGSM accuracy: 0.0040
Model - PGD accuracy: 0.0040
WA Model - Validation accuracy: 0.0040
WA Model - FGSM accuracy: 0.0040
WA Model - PGD accuracy: 0.0040
Best model: model (PGD acc: 0.0040, Val acc: 0.0040)

============ Epoch 32 ============
Training time: 93.04s
Training loss: nan
Training accuracy: 0.0050
Abnormal examples: 0
Current GPU memory: 4.57 GB
Validation time: 12.05s
Model - Validation accuracy: 0.0040
Model - FGSM accuracy: 0.0040
Model - PGD accuracy: 0.0040
WA Model - Validation accuracy: 0.0040
WA Model - FGSM accuracy: 0.0040
WA Model - PGD accuracy: 0.0040
Best model: model (PGD acc: 0.0040, Val acc: 0.0040)

============ Epoch 33 ============
Training time: 92.97s
Training loss: nan
Training accuracy: 0.0050
Abnormal examples: 0
Current GPU memory: 4.57 GB
Validation time: 12.14s
Model - Validation accuracy: 0.0040
Model - FGSM accuracy: 0.0040
Model - PGD accuracy: 0.0040
WA Model - Validation accuracy: 0.0040
WA Model - FGSM accuracy: 0.0040
WA Model - PGD accuracy: 0.0040
Best model: model (PGD acc: 0.0040, Val acc: 0.0040)

============ Epoch 34 ============
Training time: 93.15s
Training loss: nan
Training accuracy: 0.0050
Abnormal examples: 0
Current GPU memory: 4.57 GB
Validation time: 12.06s
Model - Validation accuracy: 0.0040
Model - FGSM accuracy: 0.0040
Model - PGD accuracy: 0.0040
WA Model - Validation accuracy: 0.0040
WA Model - FGSM accuracy: 0.0040
WA Model - PGD accuracy: 0.0040
Best model: model (PGD acc: 0.0040, Val acc: 0.0040)

============ Epoch 35 ============
Training time: 93.11s
Training loss: nan
Training accuracy: 0.0050
Abnormal examples: 0
Current GPU memory: 4.57 GB
Validation time: 12.12s
Model - Validation accuracy: 0.0040
Model - FGSM accuracy: 0.0040
Model - PGD accuracy: 0.0040
WA Model - Validation accuracy: 0.0040
WA Model - FGSM accuracy: 0.0040
WA Model - PGD accuracy: 0.0040
Best model: model (PGD acc: 0.0040, Val acc: 0.0040)

============ Epoch 36 ============
Training time: 93.11s
Training loss: nan
Training accuracy: 0.0050
Abnormal examples: 0
Current GPU memory: 4.57 GB
Validation time: 12.11s
Model - Validation accuracy: 0.0040
Model - FGSM accuracy: 0.0040
Model - PGD accuracy: 0.0040
WA Model - Validation accuracy: 0.0040
WA Model - FGSM accuracy: 0.0040
WA Model - PGD accuracy: 0.0040
Best model: model (PGD acc: 0.0040, Val acc: 0.0040)

============ Epoch 37 ============
Training time: 93.08s
Training loss: nan
Training accuracy: 0.0050
Abnormal examples: 0
Current GPU memory: 4.57 GB
Validation time: 12.03s
Model - Validation accuracy: 0.0040
Model - FGSM accuracy: 0.0040
Model - PGD accuracy: 0.0040
WA Model - Validation accuracy: 0.0040
WA Model - FGSM accuracy: 0.0040
WA Model - PGD accuracy: 0.0040
Best model: model (PGD acc: 0.0040, Val acc: 0.0040)

============ Epoch 38 ============
Training time: 92.93s
Training loss: nan
Training accuracy: 0.0050
Abnormal examples: 0
Current GPU memory: 4.57 GB
Validation time: 12.11s
Model - Validation accuracy: 0.0040
Model - FGSM accuracy: 0.0040
Model - PGD accuracy: 0.0040
WA Model - Validation accuracy: 0.0040
WA Model - FGSM accuracy: 0.0040
WA Model - PGD accuracy: 0.0040
Best model: model (PGD acc: 0.0040, Val acc: 0.0040)

============ Epoch 39 ============
Training time: 93.22s
Training loss: nan
Training accuracy: 0.0050
Abnormal examples: 0
Current GPU memory: 4.57 GB
Validation time: 12.09s
Model - Validation accuracy: 0.0040
Model - FGSM accuracy: 0.0040
Model - PGD accuracy: 0.0040
WA Model - Validation accuracy: 0.0040
WA Model - FGSM accuracy: 0.0040
WA Model - PGD accuracy: 0.0040
Best model: model (PGD acc: 0.0040, Val acc: 0.0040)

============ Epoch 40 ============
Training time: 93.07s
Training loss: nan
Training accuracy: 0.0050
Abnormal examples: 0
Current GPU memory: 4.57 GB
Validation time: 12.08s
Model - Validation accuracy: 0.0040
Model - FGSM accuracy: 0.0040
Model - PGD accuracy: 0.0040
WA Model - Validation accuracy: 0.0040
WA Model - FGSM accuracy: 0.0040
WA Model - PGD accuracy: 0.0040
Best model: model (PGD acc: 0.0040, Val acc: 0.0040)

============ Epoch 41 ============
Training time: 93.21s
Training loss: nan
Training accuracy: 0.0050
Abnormal examples: 0
Current GPU memory: 4.57 GB
Validation time: 12.08s
Model - Validation accuracy: 0.0040
Model - FGSM accuracy: 0.0040
Model - PGD accuracy: 0.0040
WA Model - Validation accuracy: 0.0040
WA Model - FGSM accuracy: 0.0040
WA Model - PGD accuracy: 0.0040
Best model: model (PGD acc: 0.0040, Val acc: 0.0040)

============ Epoch 42 ============
Training time: 93.24s
Training loss: nan
Training accuracy: 0.0050
Abnormal examples: 0
Current GPU memory: 4.57 GB
Validation time: 12.24s
Model - Validation accuracy: 0.0040
Model - FGSM accuracy: 0.0040
Model - PGD accuracy: 0.0040
WA Model - Validation accuracy: 0.0040
WA Model - FGSM accuracy: 0.0040
WA Model - PGD accuracy: 0.0040
Best model: model (PGD acc: 0.0040, Val acc: 0.0040)

============ Epoch 43 ============
Training time: 93.20s
Training loss: nan
Training accuracy: 0.0050
Abnormal examples: 0
Current GPU memory: 4.57 GB
Validation time: 12.20s
Model - Validation accuracy: 0.0040
Model - FGSM accuracy: 0.0040
Model - PGD accuracy: 0.0040
WA Model - Validation accuracy: 0.0040
WA Model - FGSM accuracy: 0.0040
WA Model - PGD accuracy: 0.0040
Best model: model (PGD acc: 0.0040, Val acc: 0.0040)

============ Epoch 44 ============
Training time: 93.56s
Training loss: nan
Training accuracy: 0.0050
Abnormal examples: 0
Current GPU memory: 4.57 GB
Validation time: 12.12s
Model - Validation accuracy: 0.0040
Model - FGSM accuracy: 0.0040
Model - PGD accuracy: 0.0040
WA Model - Validation accuracy: 0.0040
WA Model - FGSM accuracy: 0.0040
WA Model - PGD accuracy: 0.0040
Best model: model (PGD acc: 0.0040, Val acc: 0.0040)

============ Epoch 45 ============
Training time: 93.75s
Training loss: nan
Training accuracy: 0.0050
Abnormal examples: 0
Current GPU memory: 4.57 GB
Validation time: 12.13s
Model - Validation accuracy: 0.0040
Model - FGSM accuracy: 0.0040
Model - PGD accuracy: 0.0040
WA Model - Validation accuracy: 0.0040
WA Model - FGSM accuracy: 0.0040
WA Model - PGD accuracy: 0.0040
Best model: model (PGD acc: 0.0040, Val acc: 0.0040)

============ Epoch 46 ============
Training time: 93.70s
Training loss: nan
Training accuracy: 0.0050
Abnormal examples: 0
Current GPU memory: 4.57 GB
Validation time: 12.11s
Model - Validation accuracy: 0.0040
Model - FGSM accuracy: 0.0040
Model - PGD accuracy: 0.0040
WA Model - Validation accuracy: 0.0040
WA Model - FGSM accuracy: 0.0040
WA Model - PGD accuracy: 0.0040
Best model: model (PGD acc: 0.0040, Val acc: 0.0040)

============ Epoch 47 ============
Training time: 93.61s
Training loss: nan
Training accuracy: 0.0050
Abnormal examples: 0
Current GPU memory: 4.57 GB
Validation time: 12.06s
Model - Validation accuracy: 0.0040
Model - FGSM accuracy: 0.0040
Model - PGD accuracy: 0.0040
WA Model - Validation accuracy: 0.0040
WA Model - FGSM accuracy: 0.0040
WA Model - PGD accuracy: 0.0040
Best model: model (PGD acc: 0.0040, Val acc: 0.0040)

============ Epoch 48 ============
Training time: 93.28s
Training loss: nan
Training accuracy: 0.0050
Abnormal examples: 0
Current GPU memory: 4.57 GB
Validation time: 12.14s
Model - Validation accuracy: 0.0040
Model - FGSM accuracy: 0.0040
Model - PGD accuracy: 0.0040
WA Model - Validation accuracy: 0.0040
WA Model - FGSM accuracy: 0.0040
WA Model - PGD accuracy: 0.0040
Best model: model (PGD acc: 0.0040, Val acc: 0.0040)

============ Epoch 49 ============
Training time: 93.31s
Training loss: nan
Training accuracy: 0.0050
Abnormal examples: 0
Current GPU memory: 4.57 GB
Validation time: 12.07s
Model - Validation accuracy: 0.0040
Model - FGSM accuracy: 0.0040
Model - PGD accuracy: 0.0040
WA Model - Validation accuracy: 0.0040
WA Model - FGSM accuracy: 0.0040
WA Model - PGD accuracy: 0.0040
Best model: model (PGD acc: 0.0040, Val acc: 0.0040)

============ Epoch 50 ============
Training time: 93.09s
Training loss: nan
Training accuracy: 0.0050
Abnormal examples: 0
Current GPU memory: 4.57 GB
Validation time: 12.07s
Model - Validation accuracy: 0.0040
Model - FGSM accuracy: 0.0040
Model - PGD accuracy: 0.0040
WA Model - Validation accuracy: 0.0040
WA Model - FGSM accuracy: 0.0040
WA Model - PGD accuracy: 0.0040
Best model: model (PGD acc: 0.0040, Val acc: 0.0040)

============ Epoch 51 ============
Training time: 92.92s
Training loss: nan
Training accuracy: 0.0050
Abnormal examples: 0
Current GPU memory: 4.57 GB
Validation time: 12.11s
Model - Validation accuracy: 0.0040
Model - FGSM accuracy: 0.0040
Model - PGD accuracy: 0.0040
WA Model - Validation accuracy: 0.0040
WA Model - FGSM accuracy: 0.0040
WA Model - PGD accuracy: 0.0040
Best model: model (PGD acc: 0.0040, Val acc: 0.0040)

============ Epoch 52 ============
Training time: 93.77s
Training loss: nan
Training accuracy: 0.0050
Abnormal examples: 0
Current GPU memory: 4.57 GB
Validation time: 12.09s
Model - Validation accuracy: 0.0040
Model - FGSM accuracy: 0.0040
Model - PGD accuracy: 0.0040
WA Model - Validation accuracy: 0.0040
WA Model - FGSM accuracy: 0.0040
WA Model - PGD accuracy: 0.0040
Best model: model (PGD acc: 0.0040, Val acc: 0.0040)

============ Epoch 53 ============
Training time: 93.16s
Training loss: nan
Training accuracy: 0.0050
Abnormal examples: 0
Current GPU memory: 4.57 GB
Validation time: 12.09s
Model - Validation accuracy: 0.0040
Model - FGSM accuracy: 0.0040
Model - PGD accuracy: 0.0040
WA Model - Validation accuracy: 0.0040
WA Model - FGSM accuracy: 0.0040
WA Model - PGD accuracy: 0.0040
Best model: model (PGD acc: 0.0040, Val acc: 0.0040)

============ Epoch 54 ============
Training time: 93.22s
Training loss: nan
Training accuracy: 0.0050
Abnormal examples: 0
Current GPU memory: 4.57 GB
Validation time: 12.09s
Model - Validation accuracy: 0.0040
Model - FGSM accuracy: 0.0040
Model - PGD accuracy: 0.0040
WA Model - Validation accuracy: 0.0040
WA Model - FGSM accuracy: 0.0040
WA Model - PGD accuracy: 0.0040
Best model: model (PGD acc: 0.0040, Val acc: 0.0040)

============ Epoch 55 ============
Training time: 93.68s
Training loss: nan
Training accuracy: 0.0050
Abnormal examples: 0
Current GPU memory: 4.57 GB
Validation time: 12.23s
Model - Validation accuracy: 0.0040
Model - FGSM accuracy: 0.0040
Model - PGD accuracy: 0.0040
WA Model - Validation accuracy: 0.0040
WA Model - FGSM accuracy: 0.0040
WA Model - PGD accuracy: 0.0040
Best model: model (PGD acc: 0.0040, Val acc: 0.0040)

============ Epoch 56 ============
Training time: 93.30s
Training loss: nan
Training accuracy: 0.0050
Abnormal examples: 0
Current GPU memory: 4.57 GB
Validation time: 12.10s
Model - Validation accuracy: 0.0040
Model - FGSM accuracy: 0.0040
Model - PGD accuracy: 0.0040
WA Model - Validation accuracy: 0.0040
WA Model - FGSM accuracy: 0.0040
WA Model - PGD accuracy: 0.0040
Best model: model (PGD acc: 0.0040, Val acc: 0.0040)

============ Epoch 57 ============
Training time: 94.00s
Training loss: nan
Training accuracy: 0.0050
Abnormal examples: 0
Current GPU memory: 4.57 GB
Validation time: 12.12s
Model - Validation accuracy: 0.0040
Model - FGSM accuracy: 0.0040
Model - PGD accuracy: 0.0040
WA Model - Validation accuracy: 0.0040
WA Model - FGSM accuracy: 0.0040
WA Model - PGD accuracy: 0.0040
Best model: model (PGD acc: 0.0040, Val acc: 0.0040)

============ Epoch 58 ============
Training time: 93.87s
Training loss: nan
Training accuracy: 0.0050
Abnormal examples: 0
Current GPU memory: 4.57 GB
Validation time: 12.13s
Model - Validation accuracy: 0.0040
Model - FGSM accuracy: 0.0040
Model - PGD accuracy: 0.0040
WA Model - Validation accuracy: 0.0040
WA Model - FGSM accuracy: 0.0040
WA Model - PGD accuracy: 0.0040
Best model: model (PGD acc: 0.0040, Val acc: 0.0040)

============ Epoch 59 ============
Training time: 93.40s
Training loss: nan
Training accuracy: 0.0050
Abnormal examples: 0
Current GPU memory: 4.57 GB
Validation time: 12.10s
Model - Validation accuracy: 0.0040
Model - FGSM accuracy: 0.0040
Model - PGD accuracy: 0.0040
WA Model - Validation accuracy: 0.0040
WA Model - FGSM accuracy: 0.0040
WA Model - PGD accuracy: 0.0040
Best model: model (PGD acc: 0.0040, Val acc: 0.0040)

============ Epoch 60 ============
Training time: 93.30s
Training loss: nan
Training accuracy: 0.0050
Abnormal examples: 0
Current GPU memory: 4.57 GB
Validation time: 12.07s
Model - Validation accuracy: 0.0040
Model - FGSM accuracy: 0.0040
Model - PGD accuracy: 0.0040
WA Model - Validation accuracy: 0.0040
WA Model - FGSM accuracy: 0.0040
WA Model - PGD accuracy: 0.0040
Best model: model (PGD acc: 0.0040, Val acc: 0.0040)

============ Epoch 61 ============
Training time: 93.23s
Training loss: nan
Training accuracy: 0.0050
Abnormal examples: 0
Current GPU memory: 4.57 GB
Validation time: 12.08s
Model - Validation accuracy: 0.0040
Model - FGSM accuracy: 0.0040
Model - PGD accuracy: 0.0040
WA Model - Validation accuracy: 0.0040
WA Model - FGSM accuracy: 0.0040
WA Model - PGD accuracy: 0.0040
Best model: model (PGD acc: 0.0040, Val acc: 0.0040)

============ Epoch 62 ============
Training time: 94.06s
Training loss: nan
Training accuracy: 0.0050
Abnormal examples: 0
Current GPU memory: 4.57 GB
Validation time: 12.15s
Model - Validation accuracy: 0.0040
Model - FGSM accuracy: 0.0040
Model - PGD accuracy: 0.0040
WA Model - Validation accuracy: 0.0040
WA Model - FGSM accuracy: 0.0040
WA Model - PGD accuracy: 0.0040
Best model: model (PGD acc: 0.0040, Val acc: 0.0040)

============ Epoch 63 ============
Training time: 93.86s
Training loss: nan
Training accuracy: 0.0050
Abnormal examples: 0
Current GPU memory: 4.57 GB
Validation time: 12.16s
Model - Validation accuracy: 0.0040
Model - FGSM accuracy: 0.0040
Model - PGD accuracy: 0.0040
WA Model - Validation accuracy: 0.0040
WA Model - FGSM accuracy: 0.0040
WA Model - PGD accuracy: 0.0040
Best model: model (PGD acc: 0.0040, Val acc: 0.0040)

============ Epoch 64 ============
Training time: 93.40s
Training loss: nan
Training accuracy: 0.0050
Abnormal examples: 0
Current GPU memory: 4.57 GB
Validation time: 12.21s
Model - Validation accuracy: 0.0040
Model - FGSM accuracy: 0.0040
Model - PGD accuracy: 0.0040
WA Model - Validation accuracy: 0.0040
WA Model - FGSM accuracy: 0.0040
WA Model - PGD accuracy: 0.0040
Best model: model (PGD acc: 0.0040, Val acc: 0.0040)

============ Epoch 65 ============
Training time: 94.04s
Training loss: nan
Training accuracy: 0.0050
Abnormal examples: 0
Current GPU memory: 4.57 GB
Validation time: 12.16s
Model - Validation accuracy: 0.0040
Model - FGSM accuracy: 0.0040
Model - PGD accuracy: 0.0040
WA Model - Validation accuracy: 0.0040
WA Model - FGSM accuracy: 0.0040
WA Model - PGD accuracy: 0.0040
Best model: model (PGD acc: 0.0040, Val acc: 0.0040)

============ Epoch 66 ============
Training time: 94.09s
Training loss: nan
Training accuracy: 0.0050
Abnormal examples: 0
Current GPU memory: 4.57 GB
Validation time: 12.08s
Model - Validation accuracy: 0.0040
Model - FGSM accuracy: 0.0040
Model - PGD accuracy: 0.0040
WA Model - Validation accuracy: 0.0040
WA Model - FGSM accuracy: 0.0040
WA Model - PGD accuracy: 0.0040
Best model: model (PGD acc: 0.0040, Val acc: 0.0040)

============ Epoch 67 ============
Training time: 93.18s
Training loss: nan
Training accuracy: 0.0050
Abnormal examples: 0
Current GPU memory: 4.57 GB
Validation time: 12.02s
Model - Validation accuracy: 0.0040
Model - FGSM accuracy: 0.0040
Model - PGD accuracy: 0.0040
WA Model - Validation accuracy: 0.0040
WA Model - FGSM accuracy: 0.0040
WA Model - PGD accuracy: 0.0040
Best model: model (PGD acc: 0.0040, Val acc: 0.0040)

============ Epoch 68 ============
Training time: 93.14s
Training loss: nan
Training accuracy: 0.0050
Abnormal examples: 0
Current GPU memory: 4.57 GB
Validation time: 12.14s
Model - Validation accuracy: 0.0040
Model - FGSM accuracy: 0.0040
Model - PGD accuracy: 0.0040
WA Model - Validation accuracy: 0.0040
WA Model - FGSM accuracy: 0.0040
WA Model - PGD accuracy: 0.0040
Best model: model (PGD acc: 0.0040, Val acc: 0.0040)

============ Epoch 69 ============
Training time: 93.18s
Training loss: nan
Training accuracy: 0.0050
Abnormal examples: 0
Current GPU memory: 4.57 GB
Validation time: 12.15s
Model - Validation accuracy: 0.0040
Model - FGSM accuracy: 0.0040
Model - PGD accuracy: 0.0040
WA Model - Validation accuracy: 0.0040
WA Model - FGSM accuracy: 0.0040
WA Model - PGD accuracy: 0.0040
Best model: model (PGD acc: 0.0040, Val acc: 0.0040)

============ Epoch 70 ============
Training time: 92.99s
Training loss: nan
Training accuracy: 0.0050
Abnormal examples: 0
Current GPU memory: 4.57 GB
Validation time: 12.13s
Model - Validation accuracy: 0.0040
Model - FGSM accuracy: 0.0040
Model - PGD accuracy: 0.0040
WA Model - Validation accuracy: 0.0040
WA Model - FGSM accuracy: 0.0040
WA Model - PGD accuracy: 0.0040
Best model: model (PGD acc: 0.0040, Val acc: 0.0040)

============ Epoch 71 ============
Training time: 93.20s
Training loss: nan
Training accuracy: 0.0050
Abnormal examples: 0
Current GPU memory: 4.57 GB
Validation time: 12.21s
Model - Validation accuracy: 0.0040
Model - FGSM accuracy: 0.0040
Model - PGD accuracy: 0.0040
WA Model - Validation accuracy: 0.0040
WA Model - FGSM accuracy: 0.0040
WA Model - PGD accuracy: 0.0040
Best model: model (PGD acc: 0.0040, Val acc: 0.0040)

============ Epoch 72 ============
Training time: 93.12s
Training loss: nan
Training accuracy: 0.0050
Abnormal examples: 0
Current GPU memory: 4.57 GB
Validation time: 12.05s
Model - Validation accuracy: 0.0040
Model - FGSM accuracy: 0.0040
Model - PGD accuracy: 0.0040
WA Model - Validation accuracy: 0.0040
WA Model - FGSM accuracy: 0.0040
WA Model - PGD accuracy: 0.0040
Best model: model (PGD acc: 0.0040, Val acc: 0.0040)

============ Epoch 73 ============
Training time: 93.07s
Training loss: nan
Training accuracy: 0.0050
Abnormal examples: 0
Current GPU memory: 4.57 GB
Validation time: 12.19s
Model - Validation accuracy: 0.0040
Model - FGSM accuracy: 0.0040
Model - PGD accuracy: 0.0040
WA Model - Validation accuracy: 0.0040
WA Model - FGSM accuracy: 0.0040
WA Model - PGD accuracy: 0.0040
Best model: model (PGD acc: 0.0040, Val acc: 0.0040)

============ Epoch 74 ============
Training time: 92.83s
Training loss: nan
Training accuracy: 0.0050
Abnormal examples: 0
Current GPU memory: 4.57 GB
Validation time: 12.04s
Model - Validation accuracy: 0.0040
Model - FGSM accuracy: 0.0040
Model - PGD accuracy: 0.0040
WA Model - Validation accuracy: 0.0040
WA Model - FGSM accuracy: 0.0040
WA Model - PGD accuracy: 0.0040
Best model: model (PGD acc: 0.0040, Val acc: 0.0040)

============ Epoch 75 ============
Training time: 93.09s
Training loss: nan
Training accuracy: 0.0050
Abnormal examples: 0
Current GPU memory: 4.57 GB
Validation time: 12.07s
Model - Validation accuracy: 0.0040
Model - FGSM accuracy: 0.0040
Model - PGD accuracy: 0.0040
WA Model - Validation accuracy: 0.0040
WA Model - FGSM accuracy: 0.0040
WA Model - PGD accuracy: 0.0040
Best model: model (PGD acc: 0.0040, Val acc: 0.0040)

============ Epoch 76 ============
Training time: 92.87s
Training loss: nan
Training accuracy: 0.0050
Abnormal examples: 0
Current GPU memory: 4.57 GB
Validation time: 12.07s
Model - Validation accuracy: 0.0040
Model - FGSM accuracy: 0.0040
Model - PGD accuracy: 0.0040
WA Model - Validation accuracy: 0.0040
WA Model - FGSM accuracy: 0.0040
WA Model - PGD accuracy: 0.0040
Best model: model (PGD acc: 0.0040, Val acc: 0.0040)

============ Epoch 77 ============
Training time: 93.14s
Training loss: nan
Training accuracy: 0.0050
Abnormal examples: 0
Current GPU memory: 4.57 GB
Validation time: 12.19s
Model - Validation accuracy: 0.0040
Model - FGSM accuracy: 0.0040
Model - PGD accuracy: 0.0040
WA Model - Validation accuracy: 0.0040
WA Model - FGSM accuracy: 0.0040
WA Model - PGD accuracy: 0.0040
Best model: model (PGD acc: 0.0040, Val acc: 0.0040)

============ Epoch 78 ============
Training time: 93.26s
Training loss: nan
Training accuracy: 0.0050
Abnormal examples: 0
Current GPU memory: 4.57 GB
Validation time: 12.13s
Model - Validation accuracy: 0.0040
Model - FGSM accuracy: 0.0040
Model - PGD accuracy: 0.0040
WA Model - Validation accuracy: 0.0040
WA Model - FGSM accuracy: 0.0040
WA Model - PGD accuracy: 0.0040
Best model: model (PGD acc: 0.0040, Val acc: 0.0040)

============ Epoch 79 ============
Training time: 93.33s
Training loss: nan
Training accuracy: 0.0050
Abnormal examples: 0
Current GPU memory: 4.57 GB
Validation time: 12.08s
Model - Validation accuracy: 0.0040
Model - FGSM accuracy: 0.0040
Model - PGD accuracy: 0.0040
WA Model - Validation accuracy: 0.0040
WA Model - FGSM accuracy: 0.0040
WA Model - PGD accuracy: 0.0040
Best model: model (PGD acc: 0.0040, Val acc: 0.0040)

============ Epoch 80 ============
Training time: 93.99s
Training loss: nan
Training accuracy: 0.0050
Abnormal examples: 0
Current GPU memory: 4.57 GB
Validation time: 12.08s
Model - Validation accuracy: 0.0040
Model - FGSM accuracy: 0.0040
Model - PGD accuracy: 0.0040
WA Model - Validation accuracy: 0.0040
WA Model - FGSM accuracy: 0.0040
WA Model - PGD accuracy: 0.0040
Best model: model (PGD acc: 0.0040, Val acc: 0.0040)

============ Epoch 81 ============
Training time: 93.45s
Training loss: nan
Training accuracy: 0.0050
Abnormal examples: 0
Current GPU memory: 4.57 GB
Validation time: 12.06s
Model - Validation accuracy: 0.0040
Model - FGSM accuracy: 0.0040
Model - PGD accuracy: 0.0040
WA Model - Validation accuracy: 0.0040
WA Model - FGSM accuracy: 0.0040
WA Model - PGD accuracy: 0.0040
Best model: model (PGD acc: 0.0040, Val acc: 0.0040)

============ Epoch 82 ============
Training time: 93.55s
Training loss: nan
Training accuracy: 0.0050
Abnormal examples: 0
Current GPU memory: 4.57 GB
Validation time: 12.13s
Model - Validation accuracy: 0.0040
Model - FGSM accuracy: 0.0040
Model - PGD accuracy: 0.0040
WA Model - Validation accuracy: 0.0040
WA Model - FGSM accuracy: 0.0040
WA Model - PGD accuracy: 0.0040
Best model: model (PGD acc: 0.0040, Val acc: 0.0040)

============ Epoch 83 ============
Training time: 93.16s
Training loss: nan
Training accuracy: 0.0050
Abnormal examples: 0
Current GPU memory: 4.57 GB
Validation time: 12.09s
Model - Validation accuracy: 0.0040
Model - FGSM accuracy: 0.0040
Model - PGD accuracy: 0.0040
WA Model - Validation accuracy: 0.0040
WA Model - FGSM accuracy: 0.0040
WA Model - PGD accuracy: 0.0040
Best model: model (PGD acc: 0.0040, Val acc: 0.0040)

============ Epoch 84 ============
Training time: 94.01s
Training loss: nan
Training accuracy: 0.0050
Abnormal examples: 0
Current GPU memory: 4.57 GB
Validation time: 12.09s
Model - Validation accuracy: 0.0040
Model - FGSM accuracy: 0.0040
Model - PGD accuracy: 0.0040
WA Model - Validation accuracy: 0.0040
WA Model - FGSM accuracy: 0.0040
WA Model - PGD accuracy: 0.0040
Best model: model (PGD acc: 0.0040, Val acc: 0.0040)

============ Epoch 85 ============
Training time: 93.31s
Training loss: nan
Training accuracy: 0.0050
Abnormal examples: 0
Current GPU memory: 4.57 GB
Validation time: 12.06s
Model - Validation accuracy: 0.0040
Model - FGSM accuracy: 0.0040
Model - PGD accuracy: 0.0040
WA Model - Validation accuracy: 0.0040
WA Model - FGSM accuracy: 0.0040
WA Model - PGD accuracy: 0.0040
Best model: model (PGD acc: 0.0040, Val acc: 0.0040)

============ Epoch 86 ============
Training time: 93.83s
Training loss: nan
Training accuracy: 0.0050
Abnormal examples: 0
Current GPU memory: 4.57 GB
Validation time: 12.06s
Model - Validation accuracy: 0.0040
Model - FGSM accuracy: 0.0040
Model - PGD accuracy: 0.0040
WA Model - Validation accuracy: 0.0040
WA Model - FGSM accuracy: 0.0040
WA Model - PGD accuracy: 0.0040
Best model: model (PGD acc: 0.0040, Val acc: 0.0040)

============ Epoch 87 ============
Training time: 93.49s
Training loss: nan
Training accuracy: 0.0050
Abnormal examples: 0
Current GPU memory: 4.57 GB
Validation time: 12.12s
Model - Validation accuracy: 0.0040
Model - FGSM accuracy: 0.0040
Model - PGD accuracy: 0.0040
WA Model - Validation accuracy: 0.0040
WA Model - FGSM accuracy: 0.0040
WA Model - PGD accuracy: 0.0040
Best model: model (PGD acc: 0.0040, Val acc: 0.0040)

============ Epoch 88 ============
Training time: 93.81s
Training loss: nan
Training accuracy: 0.0050
Abnormal examples: 0
Current GPU memory: 4.57 GB
Validation time: 12.07s
Model - Validation accuracy: 0.0040
Model - FGSM accuracy: 0.0040
Model - PGD accuracy: 0.0040
WA Model - Validation accuracy: 0.0040
WA Model - FGSM accuracy: 0.0040
WA Model - PGD accuracy: 0.0040
Best model: model (PGD acc: 0.0040, Val acc: 0.0040)

============ Epoch 89 ============
Training time: 93.52s
Training loss: nan
Training accuracy: 0.0050
Abnormal examples: 0
Current GPU memory: 4.57 GB
Validation time: 12.08s
Model - Validation accuracy: 0.0040
Model - FGSM accuracy: 0.0040
Model - PGD accuracy: 0.0040
WA Model - Validation accuracy: 0.0040
WA Model - FGSM accuracy: 0.0040
WA Model - PGD accuracy: 0.0040
Best model: model (PGD acc: 0.0040, Val acc: 0.0040)

============ Epoch 90 ============
Training time: 94.05s
Training loss: nan
Training accuracy: 0.0050
Abnormal examples: 0
Current GPU memory: 4.57 GB
Validation time: 12.11s
Model - Validation accuracy: 0.0040
Model - FGSM accuracy: 0.0040
Model - PGD accuracy: 0.0040
WA Model - Validation accuracy: 0.0040
WA Model - FGSM accuracy: 0.0040
WA Model - PGD accuracy: 0.0040
Best model: model (PGD acc: 0.0040, Val acc: 0.0040)

============ Epoch 91 ============
Training time: 93.23s
Training loss: nan
Training accuracy: 0.0050
Abnormal examples: 0
Current GPU memory: 4.57 GB
Validation time: 12.06s
Model - Validation accuracy: 0.0040
Model - FGSM accuracy: 0.0040
Model - PGD accuracy: 0.0040
WA Model - Validation accuracy: 0.0040
WA Model - FGSM accuracy: 0.0040
WA Model - PGD accuracy: 0.0040
Best model: model (PGD acc: 0.0040, Val acc: 0.0040)

============ Epoch 92 ============
Training time: 93.58s
Training loss: nan
Training accuracy: 0.0050
Abnormal examples: 0
Current GPU memory: 4.57 GB
Validation time: 12.14s
Model - Validation accuracy: 0.0040
Model - FGSM accuracy: 0.0040
Model - PGD accuracy: 0.0040
WA Model - Validation accuracy: 0.0040
WA Model - FGSM accuracy: 0.0040
WA Model - PGD accuracy: 0.0040
Best model: model (PGD acc: 0.0040, Val acc: 0.0040)

============ Epoch 93 ============
Training time: 93.74s
Training loss: nan
Training accuracy: 0.0050
Abnormal examples: 0
Current GPU memory: 4.57 GB
Validation time: 12.10s
Model - Validation accuracy: 0.0040
Model - FGSM accuracy: 0.0040
Model - PGD accuracy: 0.0040
WA Model - Validation accuracy: 0.0040
WA Model - FGSM accuracy: 0.0040
WA Model - PGD accuracy: 0.0040
Best model: model (PGD acc: 0.0040, Val acc: 0.0040)

============ Epoch 94 ============
Training time: 93.81s
Training loss: nan
Training accuracy: 0.0050
Abnormal examples: 0
Current GPU memory: 4.57 GB
Validation time: 12.08s
Model - Validation accuracy: 0.0040
Model - FGSM accuracy: 0.0040
Model - PGD accuracy: 0.0040
WA Model - Validation accuracy: 0.0040
WA Model - FGSM accuracy: 0.0040
WA Model - PGD accuracy: 0.0040
Best model: model (PGD acc: 0.0040, Val acc: 0.0040)

============ Epoch 95 ============
Training time: 93.86s
Training loss: nan
Training accuracy: 0.0050
Abnormal examples: 0
Current GPU memory: 4.57 GB
Validation time: 12.12s
Model - Validation accuracy: 0.0040
Model - FGSM accuracy: 0.0040
Model - PGD accuracy: 0.0040
WA Model - Validation accuracy: 0.0040
WA Model - FGSM accuracy: 0.0040
WA Model - PGD accuracy: 0.0040
Best model: model (PGD acc: 0.0040, Val acc: 0.0040)

============ Epoch 96 ============
Training time: 93.69s
Training loss: nan
Training accuracy: 0.0050
Abnormal examples: 0
Current GPU memory: 4.57 GB
Validation time: 12.09s
Model - Validation accuracy: 0.0040
Model - FGSM accuracy: 0.0040
Model - PGD accuracy: 0.0040
WA Model - Validation accuracy: 0.0040
WA Model - FGSM accuracy: 0.0040
WA Model - PGD accuracy: 0.0040
Best model: model (PGD acc: 0.0040, Val acc: 0.0040)

============ Epoch 97 ============
Training time: 93.99s
Training loss: nan
Training accuracy: 0.0050
Abnormal examples: 0
Current GPU memory: 4.57 GB
Validation time: 12.19s
Model - Validation accuracy: 0.0040
Model - FGSM accuracy: 0.0040
Model - PGD accuracy: 0.0040
WA Model - Validation accuracy: 0.0040
WA Model - FGSM accuracy: 0.0040
WA Model - PGD accuracy: 0.0040
Best model: model (PGD acc: 0.0040, Val acc: 0.0040)

============ Epoch 98 ============
Training time: 93.81s
Training loss: nan
Training accuracy: 0.0050
Abnormal examples: 0
Current GPU memory: 4.57 GB
Validation time: 12.16s
Model - Validation accuracy: 0.0040
Model - FGSM accuracy: 0.0040
Model - PGD accuracy: 0.0040
WA Model - Validation accuracy: 0.0040
WA Model - FGSM accuracy: 0.0040
WA Model - PGD accuracy: 0.0040
Best model: model (PGD acc: 0.0040, Val acc: 0.0040)

============ Epoch 99 ============
Training time: 93.82s
Training loss: nan
Training accuracy: 0.0050
Abnormal examples: 0
Current GPU memory: 4.57 GB
Validation time: 12.08s
Model - Validation accuracy: 0.0040
Model - FGSM accuracy: 0.0040
Model - PGD accuracy: 0.0040
WA Model - Validation accuracy: 0.0040
WA Model - FGSM accuracy: 0.0040
WA Model - PGD accuracy: 0.0040
Best model: model (PGD acc: 0.0040, Val acc: 0.0040)

train_acc_list: 
[0.005408163265306122, 0.004806122448979592, 0.005326530612244898, 0.004918367346938775, 0.005020408163265306, 0.005020408163265306, 0.005020408163265306, 0.005020408163265306, 0.005020408163265306, 0.005020408163265306, 0.005020408163265306, 0.005020408163265306, 0.005020408163265306, 0.005020408163265306, 0.005020408163265306, 0.005020408163265306, 0.005020408163265306, 0.005020408163265306, 0.005020408163265306, 0.005020408163265306, 0.005020408163265306, 0.005020408163265306, 0.005020408163265306, 0.005020408163265306, 0.005020408163265306, 0.005020408163265306, 0.005020408163265306, 0.005020408163265306, 0.005020408163265306, 0.005020408163265306, 0.005020408163265306, 0.005020408163265306, 0.005020408163265306, 0.005020408163265306, 0.005020408163265306, 0.005020408163265306, 0.005020408163265306, 0.005020408163265306, 0.005020408163265306, 0.005020408163265306, 0.005020408163265306, 0.005020408163265306, 0.005020408163265306, 0.005020408163265306, 0.005020408163265306, 0.005020408163265306, 0.005020408163265306, 0.005020408163265306, 0.005020408163265306, 0.005020408163265306, 0.005020408163265306, 0.005020408163265306, 0.005020408163265306, 0.005020408163265306, 0.005020408163265306, 0.005020408163265306, 0.005020408163265306, 0.005020408163265306, 0.005020408163265306, 0.005020408163265306, 0.005020408163265306, 0.005020408163265306, 0.005020408163265306, 0.005020408163265306, 0.005020408163265306, 0.005020408163265306, 0.005020408163265306, 0.005020408163265306, 0.005020408163265306, 0.005020408163265306, 0.005020408163265306, 0.005020408163265306, 0.005020408163265306, 0.005020408163265306, 0.005020408163265306, 0.005020408163265306, 0.005020408163265306, 0.005020408163265306, 0.005020408163265306, 0.005020408163265306, 0.005020408163265306, 0.005020408163265306, 0.005020408163265306, 0.005020408163265306, 0.005020408163265306, 0.005020408163265306, 0.005020408163265306, 0.005020408163265306, 0.005020408163265306, 0.005020408163265306, 0.005020408163265306, 0.005020408163265306, 0.005020408163265306, 0.005020408163265306, 0.005020408163265306, 0.005020408163265306, 0.005020408163265306, 0.005020408163265306, 0.005020408163265306, 0.005020408163265306]

model_val_acc_list: 
[0.0085, 0.0045, 0.005, 0.004, 0.004, 0.004, 0.004, 0.004, 0.004, 0.004, 0.004, 0.004, 0.004, 0.004, 0.004, 0.004, 0.004, 0.004, 0.004, 0.004, 0.004, 0.004, 0.004, 0.004, 0.004, 0.004, 0.004, 0.004, 0.004, 0.004, 0.004, 0.004, 0.004, 0.004, 0.004, 0.004, 0.004, 0.004, 0.004, 0.004, 0.004, 0.004, 0.004, 0.004, 0.004, 0.004, 0.004, 0.004, 0.004, 0.004, 0.004, 0.004, 0.004, 0.004, 0.004, 0.004, 0.004, 0.004, 0.004, 0.004, 0.004, 0.004, 0.004, 0.004, 0.004, 0.004, 0.004, 0.004, 0.004, 0.004, 0.004, 0.004, 0.004, 0.004, 0.004, 0.004, 0.004, 0.004, 0.004, 0.004, 0.004, 0.004, 0.004, 0.004, 0.004, 0.004, 0.004, 0.004, 0.004, 0.004, 0.004, 0.004, 0.004, 0.004, 0.004, 0.004, 0.004, 0.004, 0.004, 0.004]

model_pgd_acc_list: 
[0.0055, 0.0035, 0.004, 0.004, 0.004, 0.004, 0.004, 0.004, 0.004, 0.004, 0.004, 0.004, 0.004, 0.004, 0.004, 0.004, 0.004, 0.004, 0.004, 0.004, 0.004, 0.004, 0.004, 0.004, 0.004, 0.004, 0.004, 0.004, 0.004, 0.004, 0.004, 0.004, 0.004, 0.004, 0.004, 0.004, 0.004, 0.004, 0.004, 0.004, 0.004, 0.004, 0.004, 0.004, 0.004, 0.004, 0.004, 0.004, 0.004, 0.004, 0.004, 0.004, 0.004, 0.004, 0.004, 0.004, 0.004, 0.004, 0.004, 0.004, 0.004, 0.004, 0.004, 0.004, 0.004, 0.004, 0.004, 0.004, 0.004, 0.004, 0.004, 0.004, 0.004, 0.004, 0.004, 0.004, 0.004, 0.004, 0.004, 0.004, 0.004, 0.004, 0.004, 0.004, 0.004, 0.004, 0.004, 0.004, 0.004, 0.004, 0.004, 0.004, 0.004, 0.004, 0.004, 0.004, 0.004, 0.004, 0.004, 0.004]

model_fgsm_acc_list: 
[0.0065, 0.004, 0.004, 0.004, 0.004, 0.004, 0.004, 0.004, 0.004, 0.004, 0.004, 0.004, 0.004, 0.004, 0.004, 0.004, 0.004, 0.004, 0.004, 0.004, 0.004, 0.004, 0.004, 0.004, 0.004, 0.004, 0.004, 0.004, 0.004, 0.004, 0.004, 0.004, 0.004, 0.004, 0.004, 0.004, 0.004, 0.004, 0.004, 0.004, 0.004, 0.004, 0.004, 0.004, 0.004, 0.004, 0.004, 0.004, 0.004, 0.004, 0.004, 0.004, 0.004, 0.004, 0.004, 0.004, 0.004, 0.004, 0.004, 0.004, 0.004, 0.004, 0.004, 0.004, 0.004, 0.004, 0.004, 0.004, 0.004, 0.004, 0.004, 0.004, 0.004, 0.004, 0.004, 0.004, 0.004, 0.004, 0.004, 0.004, 0.004, 0.004, 0.004, 0.004, 0.004, 0.004, 0.004, 0.004, 0.004, 0.004, 0.004, 0.004, 0.004, 0.004, 0.004, 0.004, 0.004, 0.004, 0.004, 0.004]

wa_val_acc_list: 
[0.0055, 0.006, 0.004, 0.004, 0.004, 0.004, 0.004, 0.004, 0.004, 0.004, 0.004, 0.004, 0.004, 0.004, 0.004, 0.004, 0.004, 0.004, 0.004, 0.004, 0.004, 0.004, 0.004, 0.004, 0.004, 0.004, 0.004, 0.004, 0.004, 0.004, 0.004, 0.004, 0.004, 0.004, 0.004, 0.004, 0.004, 0.004, 0.004, 0.004, 0.004, 0.004, 0.004, 0.004, 0.004, 0.004, 0.004, 0.004, 0.004, 0.004, 0.004, 0.004, 0.004, 0.004, 0.004, 0.004, 0.004, 0.004, 0.004, 0.004, 0.004, 0.004, 0.004, 0.004, 0.004, 0.004, 0.004, 0.004, 0.004, 0.004, 0.004, 0.004, 0.004, 0.004, 0.004, 0.004, 0.004, 0.004, 0.004, 0.004, 0.004, 0.004, 0.004, 0.004, 0.004, 0.004, 0.004, 0.004, 0.004, 0.004, 0.004, 0.004, 0.004, 0.004, 0.004, 0.004, 0.004, 0.004, 0.004, 0.004]

wa_pgd_acc_list: 
[0.0055, 0.006, 0.004, 0.004, 0.004, 0.004, 0.004, 0.004, 0.004, 0.004, 0.004, 0.004, 0.004, 0.004, 0.004, 0.004, 0.004, 0.004, 0.004, 0.004, 0.004, 0.004, 0.004, 0.004, 0.004, 0.004, 0.004, 0.004, 0.004, 0.004, 0.004, 0.004, 0.004, 0.004, 0.004, 0.004, 0.004, 0.004, 0.004, 0.004, 0.004, 0.004, 0.004, 0.004, 0.004, 0.004, 0.004, 0.004, 0.004, 0.004, 0.004, 0.004, 0.004, 0.004, 0.004, 0.004, 0.004, 0.004, 0.004, 0.004, 0.004, 0.004, 0.004, 0.004, 0.004, 0.004, 0.004, 0.004, 0.004, 0.004, 0.004, 0.004, 0.004, 0.004, 0.004, 0.004, 0.004, 0.004, 0.004, 0.004, 0.004, 0.004, 0.004, 0.004, 0.004, 0.004, 0.004, 0.004, 0.004, 0.004, 0.004, 0.004, 0.004, 0.004, 0.004, 0.004, 0.004, 0.004, 0.004, 0.004]

wa_fgsm_acc_list: 
[0.0055, 0.006, 0.004, 0.004, 0.004, 0.004, 0.004, 0.004, 0.004, 0.004, 0.004, 0.004, 0.004, 0.004, 0.004, 0.004, 0.004, 0.004, 0.004, 0.004, 0.004, 0.004, 0.004, 0.004, 0.004, 0.004, 0.004, 0.004, 0.004, 0.004, 0.004, 0.004, 0.004, 0.004, 0.004, 0.004, 0.004, 0.004, 0.004, 0.004, 0.004, 0.004, 0.004, 0.004, 0.004, 0.004, 0.004, 0.004, 0.004, 0.004, 0.004, 0.004, 0.004, 0.004, 0.004, 0.004, 0.004, 0.004, 0.004, 0.004, 0.004, 0.004, 0.004, 0.004, 0.004, 0.004, 0.004, 0.004, 0.004, 0.004, 0.004, 0.004, 0.004, 0.004, 0.004, 0.004, 0.004, 0.004, 0.004, 0.004, 0.004, 0.004, 0.004, 0.004, 0.004, 0.004, 0.004, 0.004, 0.004, 0.004, 0.004, 0.004, 0.004, 0.004, 0.004, 0.004, 0.004, 0.004, 0.004, 0.004]

total_training_time: 
9357.711136102676

total_val_time: 
1212.4294819831848

max_gpu_memory: 4.57 GB

==================================================
Starting final evaluation on test set...
==================================================
PGD test results:
  clean_acc: 0.0050
  pgd_10_acc: 0.0050
  pgd_20_acc: 0.0050
  pgd_50_acc: 0.0050
AutoAttack results:
  autoattack_acc: 0.0050
CR-Attack results:
  cr_attack_acc: 0.0050
