Method: n_aaer
Seed: 0
Scheduler: OneCycleLR
Label smoothing: 0.4
Weight average: True, tau: 0.9995
AAER parameters: lamda1=1.0, lamda2=1.5, lamda3=0.15, clamp=0, fgsm_alpha=1.0, delta_init=random


============ Epoch 0 ============
Training time: 98.85s
Training loss: 78.0411
Training accuracy: 0.0048
Abnormal examples: 29429
Abnormal CE loss: 13.3536
Abnormal L2 loss: -55.9136
Current GPU memory: 2.47 GB
Validation time: 12.98s
Model - Validation accuracy: 0.0100
Model - FGSM accuracy: 0.0080
Model - PGD accuracy: 0.0075
WA Model - Validation accuracy: 0.0035
WA Model - FGSM accuracy: 0.0035
WA Model - PGD accuracy: 0.0035
Best model: model (PGD acc: 0.0075, Val acc: 0.0100)

============ Epoch 1 ============
Training time: 97.89s
Training loss: 5.5597
Training accuracy: 0.0036
Abnormal examples: 15770
Abnormal CE loss: 0.0288
Abnormal L2 loss: -20.2149
Current GPU memory: 4.56 GB
Validation time: 12.58s
Model - Validation accuracy: 0.0035
Model - FGSM accuracy: 0.0015
Model - PGD accuracy: 0.0015
WA Model - Validation accuracy: 0.0050
WA Model - FGSM accuracy: 0.0050
WA Model - PGD accuracy: 0.0050
Best model: wa_model (PGD acc: 0.0050, Val acc: 0.0050)

============ Epoch 2 ============
Training time: 98.53s
Training loss: 5.3046
Training accuracy: 0.0035
Abnormal examples: 11248
Abnormal CE loss: 0.0023
Abnormal L2 loss: -0.0195
Current GPU memory: 4.56 GB
Validation time: 12.59s
Model - Validation accuracy: 0.0075
Model - FGSM accuracy: 0.0050
Model - PGD accuracy: 0.0045
WA Model - Validation accuracy: 0.0065
WA Model - FGSM accuracy: 0.0065
WA Model - PGD accuracy: 0.0065
Best model: wa_model (PGD acc: 0.0065, Val acc: 0.0065)

============ Epoch 3 ============
Training time: 142.91s
Training loss: 5.3011
Training accuracy: 0.0048
Abnormal examples: 11395
Abnormal CE loss: 0.0012
Abnormal L2 loss: -0.0133
Current GPU memory: 4.56 GB
Validation time: 24.49s
Model - Validation accuracy: 0.0070
Model - FGSM accuracy: 0.0060
Model - PGD accuracy: 0.0060
WA Model - Validation accuracy: 0.0065
WA Model - FGSM accuracy: 0.0065
WA Model - PGD accuracy: 0.0065
Best model: wa_model (PGD acc: 0.0065, Val acc: 0.0065)

============ Epoch 4 ============
Training time: 114.28s
Training loss: 5.2991
Training accuracy: 0.0055
Abnormal examples: 10937
Abnormal CE loss: 0.0008
Abnormal L2 loss: -0.0185
Current GPU memory: 4.56 GB
Validation time: 12.58s
Model - Validation accuracy: 0.0060
Model - FGSM accuracy: 0.0045
Model - PGD accuracy: 0.0040
WA Model - Validation accuracy: 0.0050
WA Model - FGSM accuracy: 0.0050
WA Model - PGD accuracy: 0.0050
Best model: wa_model (PGD acc: 0.0050, Val acc: 0.0050)

============ Epoch 5 ============
Training time: 98.83s
Training loss: 5.2979
Training accuracy: 0.0057
Abnormal examples: 11251
Abnormal CE loss: 0.0007
Abnormal L2 loss: -0.0335
Current GPU memory: 4.56 GB
Validation time: 12.59s
Model - Validation accuracy: 0.0080
Model - FGSM accuracy: 0.0065
Model - PGD accuracy: 0.0060
WA Model - Validation accuracy: 0.0075
WA Model - FGSM accuracy: 0.0060
WA Model - PGD accuracy: 0.0060
Best model: model (PGD acc: 0.0060, Val acc: 0.0080)

============ Epoch 6 ============
Training time: 98.62s
Training loss: 5.2969
Training accuracy: 0.0060
Abnormal examples: 10681
Abnormal CE loss: 0.0005
Abnormal L2 loss: -0.0560
Current GPU memory: 4.56 GB
Validation time: 12.64s
Model - Validation accuracy: 0.0040
Model - FGSM accuracy: 0.0030
Model - PGD accuracy: 0.0030
WA Model - Validation accuracy: 0.0090
WA Model - FGSM accuracy: 0.0070
WA Model - PGD accuracy: 0.0070
Best model: wa_model (PGD acc: 0.0070, Val acc: 0.0090)

============ Epoch 7 ============
Training time: 98.89s
Training loss: 5.2964
Training accuracy: 0.0067
Abnormal examples: 10310
Abnormal CE loss: 0.0006
Abnormal L2 loss: -0.0683
Current GPU memory: 4.56 GB
Validation time: 12.67s
Model - Validation accuracy: 0.0045
Model - FGSM accuracy: 0.0025
Model - PGD accuracy: 0.0025
WA Model - Validation accuracy: 0.0030
WA Model - FGSM accuracy: 0.0035
WA Model - PGD accuracy: 0.0030
Best model: wa_model (PGD acc: 0.0030, Val acc: 0.0030)

============ Epoch 8 ============
Training time: 98.68s
Training loss: 5.2950
Training accuracy: 0.0065
Abnormal examples: 9854
Abnormal CE loss: 0.0006
Abnormal L2 loss: -0.0739
Current GPU memory: 4.56 GB
Validation time: 12.65s
Model - Validation accuracy: 0.0040
Model - FGSM accuracy: 0.0045
Model - PGD accuracy: 0.0045
WA Model - Validation accuracy: 0.0035
WA Model - FGSM accuracy: 0.0035
WA Model - PGD accuracy: 0.0035
Best model: model (PGD acc: 0.0045, Val acc: 0.0040)

============ Epoch 9 ============
Training time: 98.57s
Training loss: 5.2944
Training accuracy: 0.0071
Abnormal examples: 8742
Abnormal CE loss: 0.0007
Abnormal L2 loss: -0.0823
Current GPU memory: 4.56 GB
Validation time: 12.59s
Model - Validation accuracy: 0.0045
Model - FGSM accuracy: 0.0025
Model - PGD accuracy: 0.0030
WA Model - Validation accuracy: 0.0035
WA Model - FGSM accuracy: 0.0035
WA Model - PGD accuracy: 0.0030
Best model: model (PGD acc: 0.0030, Val acc: 0.0045)

============ Epoch 10 ============
Training time: 98.41s
Training loss: 5.2933
Training accuracy: 0.0071
Abnormal examples: 7600
Abnormal CE loss: 0.0007
Abnormal L2 loss: -0.0884
Current GPU memory: 4.56 GB
Validation time: 12.64s
Model - Validation accuracy: 0.0060
Model - FGSM accuracy: 0.0055
Model - PGD accuracy: 0.0055
WA Model - Validation accuracy: 0.0030
WA Model - FGSM accuracy: 0.0025
WA Model - PGD accuracy: 0.0025
Best model: model (PGD acc: 0.0055, Val acc: 0.0060)

============ Epoch 11 ============
Training time: 98.60s
Training loss: 5.2905
Training accuracy: 0.0078
Abnormal examples: 6062
Abnormal CE loss: 0.0008
Abnormal L2 loss: -0.1036
Current GPU memory: 4.56 GB
Validation time: 12.62s
Model - Validation accuracy: 0.0045
Model - FGSM accuracy: 0.0045
Model - PGD accuracy: 0.0045
WA Model - Validation accuracy: 0.0025
WA Model - FGSM accuracy: 0.0030
WA Model - PGD accuracy: 0.0030
Best model: model (PGD acc: 0.0045, Val acc: 0.0045)

============ Epoch 12 ============
Training time: 98.55s
Training loss: 5.2809
Training accuracy: 0.0092
Abnormal examples: 3705
Abnormal CE loss: 0.0011
Abnormal L2 loss: -0.1599
Current GPU memory: 4.56 GB
Validation time: 12.56s
Model - Validation accuracy: 0.0100
Model - FGSM accuracy: 0.0105
Model - PGD accuracy: 0.0105
WA Model - Validation accuracy: 0.0065
WA Model - FGSM accuracy: 0.0050
WA Model - PGD accuracy: 0.0050
Best model: model (PGD acc: 0.0105, Val acc: 0.0100)

============ Epoch 13 ============
Training time: 98.82s
Training loss: 5.2457
Training accuracy: 0.0133
Abnormal examples: 5168
Abnormal CE loss: 0.0042
Abnormal L2 loss: -0.7542
Current GPU memory: 4.56 GB
Validation time: 12.66s
Model - Validation accuracy: 0.0185
Model - FGSM accuracy: 0.0140
Model - PGD accuracy: 0.0145
WA Model - Validation accuracy: 0.0025
WA Model - FGSM accuracy: 0.0025
WA Model - PGD accuracy: 0.0025
Best model: model (PGD acc: 0.0145, Val acc: 0.0185)

============ Epoch 14 ============
Training time: 144.59s
Training loss: 5.2186
Training accuracy: 0.0141
Abnormal examples: 4713
Abnormal CE loss: 0.0046
Abnormal L2 loss: -1.4950
Current GPU memory: 4.56 GB
Validation time: 22.13s
Model - Validation accuracy: 0.0235
Model - FGSM accuracy: 0.0210
Model - PGD accuracy: 0.0200
WA Model - Validation accuracy: 0.0035
WA Model - FGSM accuracy: 0.0035
WA Model - PGD accuracy: 0.0035
Best model: model (PGD acc: 0.0200, Val acc: 0.0235)

============ Epoch 15 ============
Training time: 159.47s
Training loss: 5.1876
Training accuracy: 0.0160
Abnormal examples: 3616
Abnormal CE loss: 0.0047
Abnormal L2 loss: -2.1965
Current GPU memory: 4.56 GB
Validation time: 12.55s
Model - Validation accuracy: 0.0230
Model - FGSM accuracy: 0.0190
Model - PGD accuracy: 0.0190
WA Model - Validation accuracy: 0.0040
WA Model - FGSM accuracy: 0.0040
WA Model - PGD accuracy: 0.0040
Best model: model (PGD acc: 0.0190, Val acc: 0.0230)

============ Epoch 16 ============
Training time: 98.69s
Training loss: 5.1379
Training accuracy: 0.0208
Abnormal examples: 1800
Abnormal CE loss: 0.0054
Abnormal L2 loss: -2.4722
Current GPU memory: 4.56 GB
Validation time: 12.62s
Model - Validation accuracy: 0.0245
Model - FGSM accuracy: 0.0210
Model - PGD accuracy: 0.0205
WA Model - Validation accuracy: 0.0020
WA Model - FGSM accuracy: 0.0020
WA Model - PGD accuracy: 0.0020
Best model: model (PGD acc: 0.0205, Val acc: 0.0245)

============ Epoch 17 ============
Training time: 98.80s
Training loss: 5.0921
Training accuracy: 0.0227
Abnormal examples: 518
Abnormal CE loss: 0.0079
Abnormal L2 loss: -2.3302
Current GPU memory: 4.57 GB
Validation time: 12.64s
Model - Validation accuracy: 0.0345
Model - FGSM accuracy: 0.0245
Model - PGD accuracy: 0.0240
WA Model - Validation accuracy: 0.0020
WA Model - FGSM accuracy: 0.0020
WA Model - PGD accuracy: 0.0020
Best model: model (PGD acc: 0.0240, Val acc: 0.0345)

============ Epoch 18 ============
Training time: 98.68s
Training loss: 5.0318
Training accuracy: 0.0299
Abnormal examples: 87
Abnormal CE loss: 0.0108
Abnormal L2 loss: -2.7639
Current GPU memory: 4.57 GB
Validation time: 12.64s
Model - Validation accuracy: 0.0420
Model - FGSM accuracy: 0.0285
Model - PGD accuracy: 0.0290
WA Model - Validation accuracy: 0.0040
WA Model - FGSM accuracy: 0.0040
WA Model - PGD accuracy: 0.0040
Best model: model (PGD acc: 0.0290, Val acc: 0.0420)

============ Epoch 19 ============
Training time: 98.68s
Training loss: 4.9522
Training accuracy: 0.0382
Abnormal examples: 47
Abnormal CE loss: 0.0123
Abnormal L2 loss: -4.9319
Current GPU memory: 4.57 GB
Validation time: 12.61s
Model - Validation accuracy: 0.0585
Model - FGSM accuracy: 0.0325
Model - PGD accuracy: 0.0315
WA Model - Validation accuracy: 0.0055
WA Model - FGSM accuracy: 0.0055
WA Model - PGD accuracy: 0.0055
Best model: model (PGD acc: 0.0315, Val acc: 0.0585)

============ Epoch 20 ============
Training time: 98.76s
Training loss: 4.8593
Training accuracy: 0.0487
Abnormal examples: 29
Abnormal CE loss: 0.0180
Abnormal L2 loss: -5.5258
Current GPU memory: 4.57 GB
Validation time: 12.62s
Model - Validation accuracy: 0.0865
Model - FGSM accuracy: 0.0510
Model - PGD accuracy: 0.0505
WA Model - Validation accuracy: 0.0055
WA Model - FGSM accuracy: 0.0055
WA Model - PGD accuracy: 0.0055
Best model: model (PGD acc: 0.0505, Val acc: 0.0865)

============ Epoch 21 ============
Training time: 98.59s
Training loss: 4.7680
Training accuracy: 0.0599
Abnormal examples: 35
Abnormal CE loss: 0.0162
Abnormal L2 loss: -7.0710
Current GPU memory: 4.57 GB
Validation time: 12.70s
Model - Validation accuracy: 0.0995
Model - FGSM accuracy: 0.0510
Model - PGD accuracy: 0.0510
WA Model - Validation accuracy: 0.0055
WA Model - FGSM accuracy: 0.0055
WA Model - PGD accuracy: 0.0055
Best model: model (PGD acc: 0.0510, Val acc: 0.0995)

============ Epoch 22 ============
Training time: 98.65s
Training loss: 4.6947
Training accuracy: 0.0711
Abnormal examples: 15
Abnormal CE loss: 0.0226
Abnormal L2 loss: -7.0345
Current GPU memory: 4.57 GB
Validation time: 12.61s
Model - Validation accuracy: 0.1205
Model - FGSM accuracy: 0.0600
Model - PGD accuracy: 0.0590
WA Model - Validation accuracy: 0.0020
WA Model - FGSM accuracy: 0.0020
WA Model - PGD accuracy: 0.0020
Best model: model (PGD acc: 0.0590, Val acc: 0.1205)

============ Epoch 23 ============
Training time: 98.80s
Training loss: 4.6375
Training accuracy: 0.0761
Abnormal examples: 27
Abnormal CE loss: 0.0137
Abnormal L2 loss: -8.8817
Current GPU memory: 4.57 GB
Validation time: 12.62s
Model - Validation accuracy: 0.1315
Model - FGSM accuracy: 0.0615
Model - PGD accuracy: 0.0580
WA Model - Validation accuracy: 0.0020
WA Model - FGSM accuracy: 0.0020
WA Model - PGD accuracy: 0.0020
Best model: model (PGD acc: 0.0580, Val acc: 0.1315)

============ Epoch 24 ============
Training time: 99.45s
Training loss: 4.5813
Training accuracy: 0.0871
Abnormal examples: 31
Abnormal CE loss: 0.0149
Abnormal L2 loss: -8.3145
Current GPU memory: 4.57 GB
Validation time: 12.63s
Model - Validation accuracy: 0.1475
Model - FGSM accuracy: 0.0680
Model - PGD accuracy: 0.0650
WA Model - Validation accuracy: 0.0020
WA Model - FGSM accuracy: 0.0020
WA Model - PGD accuracy: 0.0020
Best model: model (PGD acc: 0.0650, Val acc: 0.1475)

============ Epoch 25 ============
Training time: 98.83s
Training loss: 4.5359
Training accuracy: 0.0937
Abnormal examples: 37
Abnormal CE loss: 0.0169
Abnormal L2 loss: -7.5547
Current GPU memory: 4.57 GB
Validation time: 12.59s
Model - Validation accuracy: 0.1570
Model - FGSM accuracy: 0.0790
Model - PGD accuracy: 0.0745
WA Model - Validation accuracy: 0.0025
WA Model - FGSM accuracy: 0.0020
WA Model - PGD accuracy: 0.0020
Best model: model (PGD acc: 0.0745, Val acc: 0.1570)

============ Epoch 26 ============
Training time: 98.72s
Training loss: 4.4890
Training accuracy: 0.1020
Abnormal examples: 58
Abnormal CE loss: 0.0137
Abnormal L2 loss: -7.7243
Current GPU memory: 4.57 GB
Validation time: 12.64s
Model - Validation accuracy: 0.1530
Model - FGSM accuracy: 0.0805
Model - PGD accuracy: 0.0770
WA Model - Validation accuracy: 0.0070
WA Model - FGSM accuracy: 0.0070
WA Model - PGD accuracy: 0.0070
Best model: model (PGD acc: 0.0770, Val acc: 0.1530)

============ Epoch 27 ============
Training time: 98.76s
Training loss: 4.4498
Training accuracy: 0.1073
Abnormal examples: 70
Abnormal CE loss: 0.0148
Abnormal L2 loss: -6.5602
Current GPU memory: 4.57 GB
Validation time: 12.63s
Model - Validation accuracy: 0.1790
Model - FGSM accuracy: 0.0910
Model - PGD accuracy: 0.0860
WA Model - Validation accuracy: 0.0070
WA Model - FGSM accuracy: 0.0070
WA Model - PGD accuracy: 0.0070
Best model: model (PGD acc: 0.0860, Val acc: 0.1790)

============ Epoch 28 ============
Training time: 99.03s
Training loss: 4.4059
Training accuracy: 0.1141
Abnormal examples: 83
Abnormal CE loss: 0.0141
Abnormal L2 loss: -5.7926
Current GPU memory: 4.57 GB
Validation time: 12.65s
Model - Validation accuracy: 0.2025
Model - FGSM accuracy: 0.0970
Model - PGD accuracy: 0.0935
WA Model - Validation accuracy: 0.0070
WA Model - FGSM accuracy: 0.0070
WA Model - PGD accuracy: 0.0070
Best model: model (PGD acc: 0.0935, Val acc: 0.2025)

============ Epoch 29 ============
Training time: 98.85s
Training loss: 4.3676
Training accuracy: 0.1220
Abnormal examples: 125
Abnormal CE loss: 0.0142
Abnormal L2 loss: -6.8257
Current GPU memory: 4.57 GB
Validation time: 12.62s
Model - Validation accuracy: 0.2190
Model - FGSM accuracy: 0.0955
Model - PGD accuracy: 0.0915
WA Model - Validation accuracy: 0.0070
WA Model - FGSM accuracy: 0.0070
WA Model - PGD accuracy: 0.0070
Best model: model (PGD acc: 0.0915, Val acc: 0.2190)

============ Epoch 30 ============
Training time: 98.63s
Training loss: 4.3337
Training accuracy: 0.1274
Abnormal examples: 143
Abnormal CE loss: 0.0121
Abnormal L2 loss: -6.5728
Current GPU memory: 4.57 GB
Validation time: 12.61s
Model - Validation accuracy: 0.2060
Model - FGSM accuracy: 0.1035
Model - PGD accuracy: 0.0950
WA Model - Validation accuracy: 0.0085
WA Model - FGSM accuracy: 0.0075
WA Model - PGD accuracy: 0.0075
Best model: model (PGD acc: 0.0950, Val acc: 0.2060)

============ Epoch 31 ============
Training time: 98.71s
Training loss: 4.3000
Training accuracy: 0.1334
Abnormal examples: 189
Abnormal CE loss: 0.0111
Abnormal L2 loss: -6.8108
Current GPU memory: 4.57 GB
Validation time: 12.73s
Model - Validation accuracy: 0.2300
Model - FGSM accuracy: 0.1100
Model - PGD accuracy: 0.1020
WA Model - Validation accuracy: 0.0090
WA Model - FGSM accuracy: 0.0075
WA Model - PGD accuracy: 0.0075
Best model: model (PGD acc: 0.1020, Val acc: 0.2300)

============ Epoch 32 ============
Training time: 99.19s
Training loss: 4.2736
Training accuracy: 0.1377
Abnormal examples: 193
Abnormal CE loss: 0.0113
Abnormal L2 loss: -7.4801
Current GPU memory: 4.57 GB
Validation time: 12.64s
Model - Validation accuracy: 0.2090
Model - FGSM accuracy: 0.0990
Model - PGD accuracy: 0.0945
WA Model - Validation accuracy: 0.0105
WA Model - FGSM accuracy: 0.0085
WA Model - PGD accuracy: 0.0085
Best model: model (PGD acc: 0.0945, Val acc: 0.2090)

============ Epoch 33 ============
Training time: 98.83s
Training loss: 4.2490
Training accuracy: 0.1435
Abnormal examples: 258
Abnormal CE loss: 0.0114
Abnormal L2 loss: -7.2870
Current GPU memory: 4.57 GB
Validation time: 12.65s
Model - Validation accuracy: 0.2225
Model - FGSM accuracy: 0.1085
Model - PGD accuracy: 0.1045
WA Model - Validation accuracy: 0.0165
WA Model - FGSM accuracy: 0.0130
WA Model - PGD accuracy: 0.0120
Best model: model (PGD acc: 0.1045, Val acc: 0.2225)

============ Epoch 34 ============
Training time: 99.15s
Training loss: 4.2264
Training accuracy: 0.1470
Abnormal examples: 260
Abnormal CE loss: 0.0105
Abnormal L2 loss: -7.1892
Current GPU memory: 4.57 GB
Validation time: 12.61s
Model - Validation accuracy: 0.2315
Model - FGSM accuracy: 0.1170
Model - PGD accuracy: 0.1090
WA Model - Validation accuracy: 0.0225
WA Model - FGSM accuracy: 0.0150
WA Model - PGD accuracy: 0.0150
Best model: model (PGD acc: 0.1090, Val acc: 0.2315)

============ Epoch 35 ============
Training time: 98.78s
Training loss: 4.1993
Training accuracy: 0.1511
Abnormal examples: 318
Abnormal CE loss: 0.0112
Abnormal L2 loss: -6.9545
Current GPU memory: 4.57 GB
Validation time: 12.65s
Model - Validation accuracy: 0.2405
Model - FGSM accuracy: 0.1040
Model - PGD accuracy: 0.0955
WA Model - Validation accuracy: 0.0385
WA Model - FGSM accuracy: 0.0210
WA Model - PGD accuracy: 0.0205
Best model: model (PGD acc: 0.0955, Val acc: 0.2405)

============ Epoch 36 ============
Training time: 98.80s
Training loss: 4.1790
Training accuracy: 0.1546
Abnormal examples: 353
Abnormal CE loss: 0.0089
Abnormal L2 loss: -8.0512
Current GPU memory: 4.57 GB
Validation time: 12.64s
Model - Validation accuracy: 0.2175
Model - FGSM accuracy: 0.1040
Model - PGD accuracy: 0.1000
WA Model - Validation accuracy: 0.0690
WA Model - FGSM accuracy: 0.0335
WA Model - PGD accuracy: 0.0310
Best model: model (PGD acc: 0.1000, Val acc: 0.2175)

============ Epoch 37 ============
Training time: 98.72s
Training loss: 4.1587
Training accuracy: 0.1591
Abnormal examples: 388
Abnormal CE loss: 0.0090
Abnormal L2 loss: -7.7297
Current GPU memory: 4.57 GB
Validation time: 12.61s
Model - Validation accuracy: 0.2455
Model - FGSM accuracy: 0.1195
Model - PGD accuracy: 0.1115
WA Model - Validation accuracy: 0.1060
WA Model - FGSM accuracy: 0.0500
WA Model - PGD accuracy: 0.0500
Best model: model (PGD acc: 0.1115, Val acc: 0.2455)

============ Epoch 38 ============
Training time: 98.73s
Training loss: 4.1428
Training accuracy: 0.1610
Abnormal examples: 423
Abnormal CE loss: 0.0103
Abnormal L2 loss: -7.6169
Current GPU memory: 4.57 GB
Validation time: 12.61s
Model - Validation accuracy: 0.2380
Model - FGSM accuracy: 0.1140
Model - PGD accuracy: 0.1060
WA Model - Validation accuracy: 0.1485
WA Model - FGSM accuracy: 0.0665
WA Model - PGD accuracy: 0.0645
Best model: model (PGD acc: 0.1060, Val acc: 0.2380)

============ Epoch 39 ============
Training time: 98.40s
Training loss: 4.1301
Training accuracy: 0.1638
Abnormal examples: 435
Abnormal CE loss: 0.0101
Abnormal L2 loss: -7.4061
Current GPU memory: 4.57 GB
Validation time: 12.63s
Model - Validation accuracy: 0.2590
Model - FGSM accuracy: 0.1315
Model - PGD accuracy: 0.1205
WA Model - Validation accuracy: 0.1905
WA Model - FGSM accuracy: 0.0915
WA Model - PGD accuracy: 0.0875
Best model: model (PGD acc: 0.1205, Val acc: 0.2590)

============ Epoch 40 ============
Training time: 99.08s
Training loss: 4.1050
Training accuracy: 0.1684
Abnormal examples: 517
Abnormal CE loss: 0.0099
Abnormal L2 loss: -7.7371
Current GPU memory: 4.57 GB
Validation time: 12.65s
Model - Validation accuracy: 0.2410
Model - FGSM accuracy: 0.1230
Model - PGD accuracy: 0.1165
WA Model - Validation accuracy: 0.2280
WA Model - FGSM accuracy: 0.1115
WA Model - PGD accuracy: 0.1090
Best model: model (PGD acc: 0.1165, Val acc: 0.2410)

============ Epoch 41 ============
Training time: 98.67s
Training loss: 4.0912
Training accuracy: 0.1711
Abnormal examples: 540
Abnormal CE loss: 0.0095
Abnormal L2 loss: -7.9164
Current GPU memory: 4.57 GB
Validation time: 12.64s
Model - Validation accuracy: 0.2630
Model - FGSM accuracy: 0.1295
Model - PGD accuracy: 0.1190
WA Model - Validation accuracy: 0.2515
WA Model - FGSM accuracy: 0.1310
WA Model - PGD accuracy: 0.1275
Best model: wa_model (PGD acc: 0.1275, Val acc: 0.2515)

============ Epoch 42 ============
Training time: 98.98s
Training loss: 4.0750
Training accuracy: 0.1741
Abnormal examples: 553
Abnormal CE loss: 0.0095
Abnormal L2 loss: -7.6399
Current GPU memory: 4.57 GB
Validation time: 12.67s
Model - Validation accuracy: 0.2695
Model - FGSM accuracy: 0.1280
Model - PGD accuracy: 0.1160
WA Model - Validation accuracy: 0.2710
WA Model - FGSM accuracy: 0.1450
WA Model - PGD accuracy: 0.1380
Best model: wa_model (PGD acc: 0.1380, Val acc: 0.2710)

============ Epoch 43 ============
Training time: 98.71s
Training loss: 4.0594
Training accuracy: 0.1763
Abnormal examples: 608
Abnormal CE loss: 0.0083
Abnormal L2 loss: -7.2731
Current GPU memory: 4.57 GB
Validation time: 12.65s
Model - Validation accuracy: 0.2760
Model - FGSM accuracy: 0.1310
Model - PGD accuracy: 0.1260
WA Model - Validation accuracy: 0.2800
WA Model - FGSM accuracy: 0.1585
WA Model - PGD accuracy: 0.1550
Best model: wa_model (PGD acc: 0.1550, Val acc: 0.2800)

============ Epoch 44 ============
Training time: 98.77s
Training loss: 4.0455
Training accuracy: 0.1784
Abnormal examples: 649
Abnormal CE loss: 0.0090
Abnormal L2 loss: -7.8593
Current GPU memory: 4.57 GB
Validation time: 12.68s
Model - Validation accuracy: 0.2710
Model - FGSM accuracy: 0.1315
Model - PGD accuracy: 0.1205
WA Model - Validation accuracy: 0.2935
WA Model - FGSM accuracy: 0.1735
WA Model - PGD accuracy: 0.1625
Best model: wa_model (PGD acc: 0.1625, Val acc: 0.2935)

============ Epoch 45 ============
Training time: 99.19s
Training loss: 4.0373
Training accuracy: 0.1807
Abnormal examples: 625
Abnormal CE loss: 0.0086
Abnormal L2 loss: -7.5105
Current GPU memory: 4.57 GB
Validation time: 12.64s
Model - Validation accuracy: 0.2720
Model - FGSM accuracy: 0.1445
Model - PGD accuracy: 0.1375
WA Model - Validation accuracy: 0.2970
WA Model - FGSM accuracy: 0.1800
WA Model - PGD accuracy: 0.1730
Best model: wa_model (PGD acc: 0.1730, Val acc: 0.2970)

============ Epoch 46 ============
Training time: 99.33s
Training loss: 4.0173
Training accuracy: 0.1839
Abnormal examples: 678
Abnormal CE loss: 0.0088
Abnormal L2 loss: -8.1938
Current GPU memory: 4.57 GB
Validation time: 12.66s
Model - Validation accuracy: 0.2710
Model - FGSM accuracy: 0.1335
Model - PGD accuracy: 0.1255
WA Model - Validation accuracy: 0.3065
WA Model - FGSM accuracy: 0.1830
WA Model - PGD accuracy: 0.1785
Best model: wa_model (PGD acc: 0.1785, Val acc: 0.3065)

============ Epoch 47 ============
Training time: 99.39s
Training loss: 4.0047
Training accuracy: 0.1856
Abnormal examples: 734
Abnormal CE loss: 0.0083
Abnormal L2 loss: -8.1286
Current GPU memory: 4.57 GB
Validation time: 12.63s
Model - Validation accuracy: 0.2780
Model - FGSM accuracy: 0.1330
Model - PGD accuracy: 0.1230
WA Model - Validation accuracy: 0.3085
WA Model - FGSM accuracy: 0.1825
WA Model - PGD accuracy: 0.1805
Best model: wa_model (PGD acc: 0.1805, Val acc: 0.3085)

============ Epoch 48 ============
Training time: 99.19s
Training loss: 3.9886
Training accuracy: 0.1883
Abnormal examples: 760
Abnormal CE loss: 0.0086
Abnormal L2 loss: -8.4567
Current GPU memory: 4.57 GB
Validation time: 12.63s
Model - Validation accuracy: 0.2790
Model - FGSM accuracy: 0.1370
Model - PGD accuracy: 0.1275
WA Model - Validation accuracy: 0.3160
WA Model - FGSM accuracy: 0.1855
WA Model - PGD accuracy: 0.1810
Best model: wa_model (PGD acc: 0.1810, Val acc: 0.3160)

============ Epoch 49 ============
Training time: 98.87s
Training loss: 3.9857
Training accuracy: 0.1863
Abnormal examples: 750
Abnormal CE loss: 0.0096
Abnormal L2 loss: -8.1764
Current GPU memory: 4.57 GB
Validation time: 12.65s
Model - Validation accuracy: 0.2840
Model - FGSM accuracy: 0.1375
Model - PGD accuracy: 0.1275
WA Model - Validation accuracy: 0.3225
WA Model - FGSM accuracy: 0.1910
WA Model - PGD accuracy: 0.1845
Best model: wa_model (PGD acc: 0.1845, Val acc: 0.3225)

============ Epoch 50 ============
Training time: 99.06s
Training loss: 3.9711
Training accuracy: 0.1914
Abnormal examples: 812
Abnormal CE loss: 0.0085
Abnormal L2 loss: -7.7658
Current GPU memory: 4.57 GB
Validation time: 12.67s
Model - Validation accuracy: 0.2875
Model - FGSM accuracy: 0.1315
Model - PGD accuracy: 0.1240
WA Model - Validation accuracy: 0.3280
WA Model - FGSM accuracy: 0.1930
WA Model - PGD accuracy: 0.1865
Best model: wa_model (PGD acc: 0.1865, Val acc: 0.3280)

============ Epoch 51 ============
Training time: 99.25s
Training loss: 3.9525
Training accuracy: 0.1914
Abnormal examples: 855
Abnormal CE loss: 0.0083
Abnormal L2 loss: -8.2204
Current GPU memory: 4.57 GB
Validation time: 12.62s
Model - Validation accuracy: 0.2770
Model - FGSM accuracy: 0.1355
Model - PGD accuracy: 0.1285
WA Model - Validation accuracy: 0.3320
WA Model - FGSM accuracy: 0.1950
WA Model - PGD accuracy: 0.1885
Best model: wa_model (PGD acc: 0.1885, Val acc: 0.3320)

============ Epoch 52 ============
Training time: 99.33s
Training loss: 3.9476
Training accuracy: 0.1947
Abnormal examples: 866
Abnormal CE loss: 0.0089
Abnormal L2 loss: -8.0769
Current GPU memory: 4.57 GB
Validation time: 12.71s
Model - Validation accuracy: 0.2925
Model - FGSM accuracy: 0.1480
Model - PGD accuracy: 0.1360
WA Model - Validation accuracy: 0.3355
WA Model - FGSM accuracy: 0.1965
WA Model - PGD accuracy: 0.1885
Best model: wa_model (PGD acc: 0.1885, Val acc: 0.3355)

============ Epoch 53 ============
Training time: 99.51s
Training loss: 3.9314
Training accuracy: 0.1972
Abnormal examples: 941
Abnormal CE loss: 0.0087
Abnormal L2 loss: -8.3842
Current GPU memory: 4.57 GB
Validation time: 12.69s
Model - Validation accuracy: 0.2985
Model - FGSM accuracy: 0.1430
Model - PGD accuracy: 0.1305
WA Model - Validation accuracy: 0.3370
WA Model - FGSM accuracy: 0.1985
WA Model - PGD accuracy: 0.1875
Best model: wa_model (PGD acc: 0.1875, Val acc: 0.3370)

============ Epoch 54 ============
Training time: 98.89s
Training loss: 3.9199
Training accuracy: 0.1968
Abnormal examples: 950
Abnormal CE loss: 0.0083
Abnormal L2 loss: -8.7282
Current GPU memory: 4.57 GB
Validation time: 12.66s
Model - Validation accuracy: 0.2960
Model - FGSM accuracy: 0.1495
Model - PGD accuracy: 0.1390
WA Model - Validation accuracy: 0.3410
WA Model - FGSM accuracy: 0.1980
WA Model - PGD accuracy: 0.1910
Best model: wa_model (PGD acc: 0.1910, Val acc: 0.3410)

============ Epoch 55 ============
Training time: 99.34s
Training loss: 3.9073
Training accuracy: 0.1996
Abnormal examples: 977
Abnormal CE loss: 0.0084
Abnormal L2 loss: -8.3741
Current GPU memory: 4.57 GB
Validation time: 12.72s
Model - Validation accuracy: 0.3020
Model - FGSM accuracy: 0.1470
Model - PGD accuracy: 0.1390
WA Model - Validation accuracy: 0.3435
WA Model - FGSM accuracy: 0.1995
WA Model - PGD accuracy: 0.1905
Best model: wa_model (PGD acc: 0.1905, Val acc: 0.3435)

============ Epoch 56 ============
Training time: 99.23s
Training loss: 3.8987
Training accuracy: 0.1999
Abnormal examples: 1029
Abnormal CE loss: 0.0080
Abnormal L2 loss: -8.7511
Current GPU memory: 4.57 GB
Validation time: 12.68s
Model - Validation accuracy: 0.2900
Model - FGSM accuracy: 0.1445
Model - PGD accuracy: 0.1315
WA Model - Validation accuracy: 0.3470
WA Model - FGSM accuracy: 0.2000
WA Model - PGD accuracy: 0.1905
Best model: wa_model (PGD acc: 0.1905, Val acc: 0.3470)

============ Epoch 57 ============
Training time: 99.34s
Training loss: 3.8853
Training accuracy: 0.2015
Abnormal examples: 1037
Abnormal CE loss: 0.0085
Abnormal L2 loss: -8.2713
Current GPU memory: 4.57 GB
Validation time: 12.68s
Model - Validation accuracy: 0.2905
Model - FGSM accuracy: 0.1440
Model - PGD accuracy: 0.1350
WA Model - Validation accuracy: 0.3495
WA Model - FGSM accuracy: 0.1995
WA Model - PGD accuracy: 0.1905
Best model: wa_model (PGD acc: 0.1905, Val acc: 0.3495)

============ Epoch 58 ============
Training time: 98.68s
Training loss: 3.8687
Training accuracy: 0.2044
Abnormal examples: 1069
Abnormal CE loss: 0.0079
Abnormal L2 loss: -8.7457
Current GPU memory: 4.57 GB
Validation time: 12.66s
Model - Validation accuracy: 0.2905
Model - FGSM accuracy: 0.1520
Model - PGD accuracy: 0.1440
WA Model - Validation accuracy: 0.3515
WA Model - FGSM accuracy: 0.1995
WA Model - PGD accuracy: 0.1900
Best model: wa_model (PGD acc: 0.1900, Val acc: 0.3515)

============ Epoch 59 ============
Training time: 99.52s
Training loss: 3.8586
Training accuracy: 0.2050
Abnormal examples: 1128
Abnormal CE loss: 0.0078
Abnormal L2 loss: -8.7390
Current GPU memory: 4.57 GB
Validation time: 12.66s
Model - Validation accuracy: 0.3135
Model - FGSM accuracy: 0.1550
Model - PGD accuracy: 0.1460
WA Model - Validation accuracy: 0.3555
WA Model - FGSM accuracy: 0.2040
WA Model - PGD accuracy: 0.1940
Best model: wa_model (PGD acc: 0.1940, Val acc: 0.3555)

============ Epoch 60 ============
Training time: 99.38s
Training loss: 3.8469
Training accuracy: 0.2061
Abnormal examples: 1128
Abnormal CE loss: 0.0078
Abnormal L2 loss: -8.9794
Current GPU memory: 4.57 GB
Validation time: 12.68s
Model - Validation accuracy: 0.3060
Model - FGSM accuracy: 0.1560
Model - PGD accuracy: 0.1420
WA Model - Validation accuracy: 0.3585
WA Model - FGSM accuracy: 0.2045
WA Model - PGD accuracy: 0.1940
Best model: wa_model (PGD acc: 0.1940, Val acc: 0.3585)

============ Epoch 61 ============
Training time: 99.19s
Training loss: 3.8364
Training accuracy: 0.2074
Abnormal examples: 1233
Abnormal CE loss: 0.0077
Abnormal L2 loss: -8.8562
Current GPU memory: 4.57 GB
Validation time: 12.64s
Model - Validation accuracy: 0.3135
Model - FGSM accuracy: 0.1420
Model - PGD accuracy: 0.1310
WA Model - Validation accuracy: 0.3630
WA Model - FGSM accuracy: 0.2050
WA Model - PGD accuracy: 0.1955
Best model: wa_model (PGD acc: 0.1955, Val acc: 0.3630)

============ Epoch 62 ============
Training time: 99.34s
Training loss: 3.8253
Training accuracy: 0.2079
Abnormal examples: 1265
Abnormal CE loss: 0.0078
Abnormal L2 loss: -9.0572
Current GPU memory: 4.57 GB
Validation time: 12.65s
Model - Validation accuracy: 0.3280
Model - FGSM accuracy: 0.1500
Model - PGD accuracy: 0.1420
WA Model - Validation accuracy: 0.3625
WA Model - FGSM accuracy: 0.2055
WA Model - PGD accuracy: 0.1965
Best model: wa_model (PGD acc: 0.1965, Val acc: 0.3625)

============ Epoch 63 ============
Training time: 99.12s
Training loss: 3.8145
Training accuracy: 0.2082
Abnormal examples: 1274
Abnormal CE loss: 0.0076
Abnormal L2 loss: -8.8380
Current GPU memory: 4.57 GB
Validation time: 12.67s
Model - Validation accuracy: 0.3300
Model - FGSM accuracy: 0.1580
Model - PGD accuracy: 0.1500
WA Model - Validation accuracy: 0.3635
WA Model - FGSM accuracy: 0.2075
WA Model - PGD accuracy: 0.1965
Best model: wa_model (PGD acc: 0.1965, Val acc: 0.3635)

============ Epoch 64 ============
Training time: 99.38s
Training loss: 3.7950
Training accuracy: 0.2122
Abnormal examples: 1307
Abnormal CE loss: 0.0079
Abnormal L2 loss: -9.5281
Current GPU memory: 4.57 GB
Validation time: 12.64s
Model - Validation accuracy: 0.3065
Model - FGSM accuracy: 0.1605
Model - PGD accuracy: 0.1495
WA Model - Validation accuracy: 0.3670
WA Model - FGSM accuracy: 0.2080
WA Model - PGD accuracy: 0.1985
Best model: wa_model (PGD acc: 0.1985, Val acc: 0.3670)

============ Epoch 65 ============
Training time: 98.95s
Training loss: 3.7837
Training accuracy: 0.2119
Abnormal examples: 1328
Abnormal CE loss: 0.0075
Abnormal L2 loss: -9.2601
Current GPU memory: 4.57 GB
Validation time: 12.67s
Model - Validation accuracy: 0.3035
Model - FGSM accuracy: 0.1560
Model - PGD accuracy: 0.1480
WA Model - Validation accuracy: 0.3685
WA Model - FGSM accuracy: 0.2075
WA Model - PGD accuracy: 0.2015
Best model: wa_model (PGD acc: 0.2015, Val acc: 0.3685)

============ Epoch 66 ============
Training time: 99.20s
Training loss: 3.7678
Training accuracy: 0.2141
Abnormal examples: 1374
Abnormal CE loss: 0.0079
Abnormal L2 loss: -9.3528
Current GPU memory: 4.57 GB
Validation time: 12.66s
Model - Validation accuracy: 0.3265
Model - FGSM accuracy: 0.1500
Model - PGD accuracy: 0.1400
WA Model - Validation accuracy: 0.3745
WA Model - FGSM accuracy: 0.2080
WA Model - PGD accuracy: 0.2000
Best model: wa_model (PGD acc: 0.2000, Val acc: 0.3745)

============ Epoch 67 ============
Training time: 99.12s
Training loss: 3.7528
Training accuracy: 0.2159
Abnormal examples: 1425
Abnormal CE loss: 0.0075
Abnormal L2 loss: -8.9660
Current GPU memory: 4.57 GB
Validation time: 12.72s
Model - Validation accuracy: 0.3215
Model - FGSM accuracy: 0.1580
Model - PGD accuracy: 0.1495
WA Model - Validation accuracy: 0.3755
WA Model - FGSM accuracy: 0.2070
WA Model - PGD accuracy: 0.2010
Best model: wa_model (PGD acc: 0.2010, Val acc: 0.3755)

============ Epoch 68 ============
Training time: 99.28s
Training loss: 3.7387
Training accuracy: 0.2188
Abnormal examples: 1447
Abnormal CE loss: 0.0072
Abnormal L2 loss: -9.2299
Current GPU memory: 4.57 GB
Validation time: 12.67s
Model - Validation accuracy: 0.3415
Model - FGSM accuracy: 0.1685
Model - PGD accuracy: 0.1565
WA Model - Validation accuracy: 0.3770
WA Model - FGSM accuracy: 0.2110
WA Model - PGD accuracy: 0.2005
Best model: wa_model (PGD acc: 0.2005, Val acc: 0.3770)

============ Epoch 69 ============
Training time: 99.32s
Training loss: 3.7227
Training accuracy: 0.2194
Abnormal examples: 1578
Abnormal CE loss: 0.0071
Abnormal L2 loss: -9.7010
Current GPU memory: 4.57 GB
Validation time: 12.61s
Model - Validation accuracy: 0.3295
Model - FGSM accuracy: 0.1700
Model - PGD accuracy: 0.1555
WA Model - Validation accuracy: 0.3780
WA Model - FGSM accuracy: 0.2110
WA Model - PGD accuracy: 0.2020
Best model: wa_model (PGD acc: 0.2020, Val acc: 0.3780)

============ Epoch 70 ============
Training time: 99.11s
Training loss: 3.7065
Training accuracy: 0.2217
Abnormal examples: 1557
Abnormal CE loss: 0.0074
Abnormal L2 loss: -9.5235
Current GPU memory: 4.57 GB
Validation time: 12.61s
Model - Validation accuracy: 0.3445
Model - FGSM accuracy: 0.1700
Model - PGD accuracy: 0.1550
WA Model - Validation accuracy: 0.3815
WA Model - FGSM accuracy: 0.2120
WA Model - PGD accuracy: 0.2005
Best model: wa_model (PGD acc: 0.2005, Val acc: 0.3815)

============ Epoch 71 ============
Training time: 98.88s
Training loss: 3.6840
Training accuracy: 0.2246
Abnormal examples: 1622
Abnormal CE loss: 0.0070
Abnormal L2 loss: -9.5971
Current GPU memory: 4.57 GB
Validation time: 12.72s
Model - Validation accuracy: 0.3405
Model - FGSM accuracy: 0.1615
Model - PGD accuracy: 0.1495
WA Model - Validation accuracy: 0.3840
WA Model - FGSM accuracy: 0.2160
WA Model - PGD accuracy: 0.1990
Best model: wa_model (PGD acc: 0.1990, Val acc: 0.3840)

============ Epoch 72 ============
Training time: 98.99s
Training loss: 3.6727
Training accuracy: 0.2242
Abnormal examples: 1676
Abnormal CE loss: 0.0073
Abnormal L2 loss: -9.4452
Current GPU memory: 4.57 GB
Validation time: 12.67s
Model - Validation accuracy: 0.3495
Model - FGSM accuracy: 0.1715
Model - PGD accuracy: 0.1600
WA Model - Validation accuracy: 0.3855
WA Model - FGSM accuracy: 0.2155
WA Model - PGD accuracy: 0.2020
Best model: wa_model (PGD acc: 0.2020, Val acc: 0.3855)

============ Epoch 73 ============
Training time: 99.24s
Training loss: 3.6497
Training accuracy: 0.2266
Abnormal examples: 1741
Abnormal CE loss: 0.0070
Abnormal L2 loss: -9.9871
Current GPU memory: 4.57 GB
Validation time: 12.60s
Model - Validation accuracy: 0.3445
Model - FGSM accuracy: 0.1725
Model - PGD accuracy: 0.1545
WA Model - Validation accuracy: 0.3900
WA Model - FGSM accuracy: 0.2150
WA Model - PGD accuracy: 0.2010
Best model: wa_model (PGD acc: 0.2010, Val acc: 0.3900)

============ Epoch 74 ============
Training time: 98.70s
Training loss: 3.6279
Training accuracy: 0.2293
Abnormal examples: 1823
Abnormal CE loss: 0.0073
Abnormal L2 loss: -9.7963
Current GPU memory: 4.57 GB
Validation time: 12.61s
Model - Validation accuracy: 0.3400
Model - FGSM accuracy: 0.1730
Model - PGD accuracy: 0.1585
WA Model - Validation accuracy: 0.3920
WA Model - FGSM accuracy: 0.2175
WA Model - PGD accuracy: 0.2055
Best model: wa_model (PGD acc: 0.2055, Val acc: 0.3920)

============ Epoch 75 ============
Training time: 98.39s
Training loss: 3.6064
Training accuracy: 0.2328
Abnormal examples: 1831
Abnormal CE loss: 0.0068
Abnormal L2 loss: -9.8742
Current GPU memory: 4.57 GB
Validation time: 12.60s
Model - Validation accuracy: 0.3340
Model - FGSM accuracy: 0.1560
Model - PGD accuracy: 0.1410
WA Model - Validation accuracy: 0.3985
WA Model - FGSM accuracy: 0.2210
WA Model - PGD accuracy: 0.2060
Best model: wa_model (PGD acc: 0.2060, Val acc: 0.3985)

============ Epoch 76 ============
Training time: 99.01s
Training loss: 3.5867
Training accuracy: 0.2358
Abnormal examples: 1919
Abnormal CE loss: 0.0066
Abnormal L2 loss: -10.1019
Current GPU memory: 4.57 GB
Validation time: 12.65s
Model - Validation accuracy: 0.3475
Model - FGSM accuracy: 0.1790
Model - PGD accuracy: 0.1630
WA Model - Validation accuracy: 0.4010
WA Model - FGSM accuracy: 0.2225
WA Model - PGD accuracy: 0.2105
Best model: wa_model (PGD acc: 0.2105, Val acc: 0.4010)

============ Epoch 77 ============
Training time: 98.93s
Training loss: 3.5538
Training accuracy: 0.2387
Abnormal examples: 2086
Abnormal CE loss: 0.0065
Abnormal L2 loss: -10.2004
Current GPU memory: 4.57 GB
Validation time: 12.63s
Model - Validation accuracy: 0.3660
Model - FGSM accuracy: 0.1890
Model - PGD accuracy: 0.1735
WA Model - Validation accuracy: 0.4035
WA Model - FGSM accuracy: 0.2210
WA Model - PGD accuracy: 0.2110
Best model: wa_model (PGD acc: 0.2110, Val acc: 0.4035)

============ Epoch 78 ============
Training time: 99.14s
Training loss: 3.5314
Training accuracy: 0.2429
Abnormal examples: 2148
Abnormal CE loss: 0.0063
Abnormal L2 loss: -10.0675
Current GPU memory: 4.57 GB
Validation time: 12.66s
Model - Validation accuracy: 0.3685
Model - FGSM accuracy: 0.1775
Model - PGD accuracy: 0.1625
WA Model - Validation accuracy: 0.4090
WA Model - FGSM accuracy: 0.2220
WA Model - PGD accuracy: 0.2105
Best model: wa_model (PGD acc: 0.2105, Val acc: 0.4090)

============ Epoch 79 ============
Training time: 99.80s
Training loss: 3.5050
Training accuracy: 0.2453
Abnormal examples: 2187
Abnormal CE loss: 0.0065
Abnormal L2 loss: -10.3206
Current GPU memory: 4.57 GB
Validation time: 12.69s
Model - Validation accuracy: 0.3690
Model - FGSM accuracy: 0.1845
Model - PGD accuracy: 0.1680
WA Model - Validation accuracy: 0.4100
WA Model - FGSM accuracy: 0.2220
WA Model - PGD accuracy: 0.2100
Best model: wa_model (PGD acc: 0.2100, Val acc: 0.4100)

============ Epoch 80 ============
Training time: 99.28s
Training loss: 3.4725
Training accuracy: 0.2491
Abnormal examples: 2308
Abnormal CE loss: 0.0065
Abnormal L2 loss: -10.4896
Current GPU memory: 4.57 GB
Validation time: 12.68s
Model - Validation accuracy: 0.3620
Model - FGSM accuracy: 0.1870
Model - PGD accuracy: 0.1700
WA Model - Validation accuracy: 0.4120
WA Model - FGSM accuracy: 0.2185
WA Model - PGD accuracy: 0.2105
Best model: wa_model (PGD acc: 0.2105, Val acc: 0.4120)

============ Epoch 81 ============
Training time: 99.01s
Training loss: 3.4401
Training accuracy: 0.2542
Abnormal examples: 2488
Abnormal CE loss: 0.0060
Abnormal L2 loss: -10.6982
Current GPU memory: 4.57 GB
Validation time: 12.64s
Model - Validation accuracy: 0.3670
Model - FGSM accuracy: 0.1740
Model - PGD accuracy: 0.1545
WA Model - Validation accuracy: 0.4120
WA Model - FGSM accuracy: 0.2225
WA Model - PGD accuracy: 0.2105
Best model: wa_model (PGD acc: 0.2105, Val acc: 0.4120)

============ Epoch 82 ============
Training time: 99.12s
Training loss: 3.4087
Training accuracy: 0.2584
Abnormal examples: 2535
Abnormal CE loss: 0.0064
Abnormal L2 loss: -10.4219
Current GPU memory: 4.57 GB
Validation time: 12.63s
Model - Validation accuracy: 0.3985
Model - FGSM accuracy: 0.1950
Model - PGD accuracy: 0.1745
WA Model - Validation accuracy: 0.4120
WA Model - FGSM accuracy: 0.2240
WA Model - PGD accuracy: 0.2110
Best model: wa_model (PGD acc: 0.2110, Val acc: 0.4120)

============ Epoch 83 ============
Training time: 99.23s
Training loss: 3.3643
Training accuracy: 0.2644
Abnormal examples: 2774
Abnormal CE loss: 0.0060
Abnormal L2 loss: -11.0772
Current GPU memory: 4.57 GB
Validation time: 12.68s
Model - Validation accuracy: 0.3975
Model - FGSM accuracy: 0.1955
Model - PGD accuracy: 0.1745
WA Model - Validation accuracy: 0.4150
WA Model - FGSM accuracy: 0.2215
WA Model - PGD accuracy: 0.2090
Best model: wa_model (PGD acc: 0.2090, Val acc: 0.4150)

============ Epoch 84 ============
Training time: 99.47s
Training loss: 3.3270
Training accuracy: 0.2699
Abnormal examples: 2885
Abnormal CE loss: 0.0058
Abnormal L2 loss: -11.0710
Current GPU memory: 4.57 GB
Validation time: 12.69s
Model - Validation accuracy: 0.3960
Model - FGSM accuracy: 0.1945
Model - PGD accuracy: 0.1730
WA Model - Validation accuracy: 0.4170
WA Model - FGSM accuracy: 0.2225
WA Model - PGD accuracy: 0.2115
Best model: wa_model (PGD acc: 0.2115, Val acc: 0.4170)

============ Epoch 85 ============
Training time: 99.58s
Training loss: 3.2908
Training accuracy: 0.2753
Abnormal examples: 3080
Abnormal CE loss: 0.0056
Abnormal L2 loss: -11.0505
Current GPU memory: 4.57 GB
Validation time: 12.66s
Model - Validation accuracy: 0.4040
Model - FGSM accuracy: 0.1905
Model - PGD accuracy: 0.1690
WA Model - Validation accuracy: 0.4210
WA Model - FGSM accuracy: 0.2215
WA Model - PGD accuracy: 0.2100
Best model: wa_model (PGD acc: 0.2100, Val acc: 0.4210)

============ Epoch 86 ============
Training time: 99.17s
Training loss: 3.2407
Training accuracy: 0.2819
Abnormal examples: 3159
Abnormal CE loss: 0.0054
Abnormal L2 loss: -11.4478
Current GPU memory: 4.57 GB
Validation time: 13.08s
Model - Validation accuracy: 0.4000
Model - FGSM accuracy: 0.1935
Model - PGD accuracy: 0.1750
WA Model - Validation accuracy: 0.4240
WA Model - FGSM accuracy: 0.2240
WA Model - PGD accuracy: 0.2100
Best model: wa_model (PGD acc: 0.2100, Val acc: 0.4240)

============ Epoch 87 ============
Training time: 99.74s
Training loss: 3.1935
Training accuracy: 0.2897
Abnormal examples: 3412
Abnormal CE loss: 0.0054
Abnormal L2 loss: -11.6615
Current GPU memory: 4.57 GB
Validation time: 12.71s
Model - Validation accuracy: 0.4065
Model - FGSM accuracy: 0.1870
Model - PGD accuracy: 0.1640
WA Model - Validation accuracy: 0.4275
WA Model - FGSM accuracy: 0.2270
WA Model - PGD accuracy: 0.2140
Best model: wa_model (PGD acc: 0.2140, Val acc: 0.4275)

============ Epoch 88 ============
Training time: 99.37s
Training loss: 3.1362
Training accuracy: 0.2974
Abnormal examples: 3653
Abnormal CE loss: 0.0052
Abnormal L2 loss: -12.0167
Current GPU memory: 4.57 GB
Validation time: 12.65s
Model - Validation accuracy: 0.4095
Model - FGSM accuracy: 0.1960
Model - PGD accuracy: 0.1745
WA Model - Validation accuracy: 0.4320
WA Model - FGSM accuracy: 0.2220
WA Model - PGD accuracy: 0.2185
Best model: wa_model (PGD acc: 0.2185, Val acc: 0.4320)

============ Epoch 89 ============
Training time: 99.18s
Training loss: 3.0820
Training accuracy: 0.3061
Abnormal examples: 3939
Abnormal CE loss: 0.0048
Abnormal L2 loss: -12.0794
Current GPU memory: 4.57 GB
Validation time: 12.67s
Model - Validation accuracy: 0.4240
Model - FGSM accuracy: 0.1945
Model - PGD accuracy: 0.1775
WA Model - Validation accuracy: 0.4315
WA Model - FGSM accuracy: 0.2245
WA Model - PGD accuracy: 0.2145
Best model: wa_model (PGD acc: 0.2145, Val acc: 0.4315)

============ Epoch 90 ============
Training time: 99.11s
Training loss: 3.0195
Training accuracy: 0.3187
Abnormal examples: 4116
Abnormal CE loss: 0.0048
Abnormal L2 loss: -12.5224
Current GPU memory: 4.57 GB
Validation time: 12.62s
Model - Validation accuracy: 0.4425
Model - FGSM accuracy: 0.1995
Model - PGD accuracy: 0.1745
WA Model - Validation accuracy: 0.4395
WA Model - FGSM accuracy: 0.2275
WA Model - PGD accuracy: 0.2115
Best model: wa_model (PGD acc: 0.2115, Val acc: 0.4395)

============ Epoch 91 ============
Training time: 99.16s
Training loss: 2.9609
Training accuracy: 0.3243
Abnormal examples: 4448
Abnormal CE loss: 0.0048
Abnormal L2 loss: -12.6934
Current GPU memory: 4.57 GB
Validation time: 12.65s
Model - Validation accuracy: 0.4290
Model - FGSM accuracy: 0.2040
Model - PGD accuracy: 0.1830
WA Model - Validation accuracy: 0.4400
WA Model - FGSM accuracy: 0.2260
WA Model - PGD accuracy: 0.2080
Best model: wa_model (PGD acc: 0.2080, Val acc: 0.4400)

============ Epoch 92 ============
Training time: 99.02s
Training loss: 2.8874
Training accuracy: 0.3374
Abnormal examples: 4789
Abnormal CE loss: 0.0044
Abnormal L2 loss: -12.7916
Current GPU memory: 4.57 GB
Validation time: 12.67s
Model - Validation accuracy: 0.4330
Model - FGSM accuracy: 0.2055
Model - PGD accuracy: 0.1785
WA Model - Validation accuracy: 0.4410
WA Model - FGSM accuracy: 0.2265
WA Model - PGD accuracy: 0.2085
Best model: wa_model (PGD acc: 0.2085, Val acc: 0.4410)

============ Epoch 93 ============
Training time: 99.03s
Training loss: 2.8192
Training accuracy: 0.3480
Abnormal examples: 5083
Abnormal CE loss: 0.0044
Abnormal L2 loss: -13.1883
Current GPU memory: 4.57 GB
Validation time: 12.64s
Model - Validation accuracy: 0.4500
Model - FGSM accuracy: 0.2120
Model - PGD accuracy: 0.1885
WA Model - Validation accuracy: 0.4445
WA Model - FGSM accuracy: 0.2240
WA Model - PGD accuracy: 0.2025
Best model: wa_model (PGD acc: 0.2025, Val acc: 0.4445)

============ Epoch 94 ============
Training time: 99.38s
Training loss: 2.7591
Training accuracy: 0.3581
Abnormal examples: 5342
Abnormal CE loss: 0.0041
Abnormal L2 loss: -13.5422
Current GPU memory: 4.57 GB
Validation time: 12.66s
Model - Validation accuracy: 0.4455
Model - FGSM accuracy: 0.2015
Model - PGD accuracy: 0.1755
WA Model - Validation accuracy: 0.4490
WA Model - FGSM accuracy: 0.2225
WA Model - PGD accuracy: 0.2015
Best model: wa_model (PGD acc: 0.2015, Val acc: 0.4490)

============ Epoch 95 ============
Training time: 99.21s
Training loss: 2.6973
Training accuracy: 0.3699
Abnormal examples: 5599
Abnormal CE loss: 0.0041
Abnormal L2 loss: -13.5264
Current GPU memory: 4.57 GB
Validation time: 12.71s
Model - Validation accuracy: 0.4495
Model - FGSM accuracy: 0.2125
Model - PGD accuracy: 0.1840
WA Model - Validation accuracy: 0.4515
WA Model - FGSM accuracy: 0.2225
WA Model - PGD accuracy: 0.1955
Best model: wa_model (PGD acc: 0.1955, Val acc: 0.4515)

============ Epoch 96 ============
Training time: 99.18s
Training loss: 2.6469
Training accuracy: 0.3794
Abnormal examples: 5814
Abnormal CE loss: 0.0039
Abnormal L2 loss: -13.9801
Current GPU memory: 4.57 GB
Validation time: 12.63s
Model - Validation accuracy: 0.4620
Model - FGSM accuracy: 0.2095
Model - PGD accuracy: 0.1835
WA Model - Validation accuracy: 0.4535
WA Model - FGSM accuracy: 0.2200
WA Model - PGD accuracy: 0.1930
Best model: wa_model (PGD acc: 0.1930, Val acc: 0.4535)

============ Epoch 97 ============
Training time: 99.07s
Training loss: 2.6125
Training accuracy: 0.3864
Abnormal examples: 6010
Abnormal CE loss: 0.0040
Abnormal L2 loss: -13.7452
Current GPU memory: 4.57 GB
Validation time: 12.71s
Model - Validation accuracy: 0.4640
Model - FGSM accuracy: 0.2095
Model - PGD accuracy: 0.1780
WA Model - Validation accuracy: 0.4575
WA Model - FGSM accuracy: 0.2170
WA Model - PGD accuracy: 0.1915
Best model: wa_model (PGD acc: 0.1915, Val acc: 0.4575)

============ Epoch 98 ============
Training time: 98.82s
Training loss: 2.5896
Training accuracy: 0.3904
Abnormal examples: 6115
Abnormal CE loss: 0.0040
Abnormal L2 loss: -13.8823
Current GPU memory: 4.57 GB
Validation time: 12.63s
Model - Validation accuracy: 0.4575
Model - FGSM accuracy: 0.2160
Model - PGD accuracy: 0.1860
WA Model - Validation accuracy: 0.4575
WA Model - FGSM accuracy: 0.2165
WA Model - PGD accuracy: 0.1915
Best model: wa_model (PGD acc: 0.1915, Val acc: 0.4575)

============ Epoch 99 ============
Training time: 98.84s
Training loss: 2.5802
Training accuracy: 0.3910
Abnormal examples: 6106
Abnormal CE loss: 0.0039
Abnormal L2 loss: -14.1581
Current GPU memory: 4.57 GB
Validation time: 12.64s
Model - Validation accuracy: 0.4660
Model - FGSM accuracy: 0.2095
Model - PGD accuracy: 0.1780
WA Model - Validation accuracy: 0.4590
WA Model - FGSM accuracy: 0.2165
WA Model - PGD accuracy: 0.1895
Best model: wa_model (PGD acc: 0.1895, Val acc: 0.4590)

train_acc_list: 
[0.004816326530612245, 0.0036122448979591837, 0.0035204081632653063, 0.004765306122448979, 0.005469387755102041, 0.005704081632653062, 0.005989795918367347, 0.006673469387755102, 0.0065, 0.007142857142857143, 0.007091836734693878, 0.00783673469387755, 0.00923469387755102, 0.013316326530612245, 0.014081632653061225, 0.01596938775510204, 0.020775510204081634, 0.022724489795918366, 0.02989795918367347, 0.03824489795918368, 0.048693877551020406, 0.059908163265306125, 0.07106122448979592, 0.07611224489795919, 0.08713265306122449, 0.09372448979591837, 0.10197959183673469, 0.10733673469387756, 0.11412244897959184, 0.1220204081632653, 0.1274183673469388, 0.13343877551020408, 0.13772448979591836, 0.14353061224489796, 0.1469795918367347, 0.15106122448979592, 0.15456122448979592, 0.15909183673469388, 0.16096938775510203, 0.16378571428571428, 0.16842857142857143, 0.17110204081632652, 0.17410204081632652, 0.1762857142857143, 0.17844897959183673, 0.18066326530612245, 0.18385714285714286, 0.1856122448979592, 0.1883469387755102, 0.1863265306122449, 0.1913877551020408, 0.19144897959183674, 0.1946734693877551, 0.19720408163265307, 0.19681632653061223, 0.19964285714285715, 0.1998673469387755, 0.20145918367346938, 0.20438775510204082, 0.20504081632653062, 0.2060918367346939, 0.2073673469387755, 0.2078673469387755, 0.2081734693877551, 0.21218367346938777, 0.21192857142857144, 0.2141122448979592, 0.21594897959183673, 0.21878571428571428, 0.21935714285714286, 0.2216938775510204, 0.22456122448979593, 0.22420408163265307, 0.22657142857142856, 0.2292857142857143, 0.23275510204081631, 0.23581632653061224, 0.23866326530612245, 0.24294897959183673, 0.24529591836734693, 0.24905102040816327, 0.25418367346938775, 0.2583877551020408, 0.2643979591836735, 0.2698673469387755, 0.27533673469387754, 0.28191836734693876, 0.2897448979591837, 0.2974081632653061, 0.3061020408163265, 0.3186734693877551, 0.32426530612244897, 0.33743877551020407, 0.348, 0.35809183673469386, 0.3699081632653061, 0.37935714285714284, 0.3864183673469388, 0.3903877551020408, 0.39098979591836736]

model_val_acc_list: 
[0.01, 0.0035, 0.0075, 0.007, 0.006, 0.008, 0.004, 0.0045, 0.004, 0.0045, 0.006, 0.0045, 0.01, 0.0185, 0.0235, 0.023, 0.0245, 0.0345, 0.042, 0.0585, 0.0865, 0.0995, 0.1205, 0.1315, 0.1475, 0.157, 0.153, 0.179, 0.2025, 0.219, 0.206, 0.23, 0.209, 0.2225, 0.2315, 0.2405, 0.2175, 0.2455, 0.238, 0.259, 0.241, 0.263, 0.2695, 0.276, 0.271, 0.272, 0.271, 0.278, 0.279, 0.284, 0.2875, 0.277, 0.2925, 0.2985, 0.296, 0.302, 0.29, 0.2905, 0.2905, 0.3135, 0.306, 0.3135, 0.328, 0.33, 0.3065, 0.3035, 0.3265, 0.3215, 0.3415, 0.3295, 0.3445, 0.3405, 0.3495, 0.3445, 0.34, 0.334, 0.3475, 0.366, 0.3685, 0.369, 0.362, 0.367, 0.3985, 0.3975, 0.396, 0.404, 0.4, 0.4065, 0.4095, 0.424, 0.4425, 0.429, 0.433, 0.45, 0.4455, 0.4495, 0.462, 0.464, 0.4575, 0.466]

model_pgd_acc_list: 
[0.0075, 0.0015, 0.0045, 0.006, 0.004, 0.006, 0.003, 0.0025, 0.0045, 0.003, 0.0055, 0.0045, 0.0105, 0.0145, 0.02, 0.019, 0.0205, 0.024, 0.029, 0.0315, 0.0505, 0.051, 0.059, 0.058, 0.065, 0.0745, 0.077, 0.086, 0.0935, 0.0915, 0.095, 0.102, 0.0945, 0.1045, 0.109, 0.0955, 0.1, 0.1115, 0.106, 0.1205, 0.1165, 0.119, 0.116, 0.126, 0.1205, 0.1375, 0.1255, 0.123, 0.1275, 0.1275, 0.124, 0.1285, 0.136, 0.1305, 0.139, 0.139, 0.1315, 0.135, 0.144, 0.146, 0.142, 0.131, 0.142, 0.15, 0.1495, 0.148, 0.14, 0.1495, 0.1565, 0.1555, 0.155, 0.1495, 0.16, 0.1545, 0.1585, 0.141, 0.163, 0.1735, 0.1625, 0.168, 0.17, 0.1545, 0.1745, 0.1745, 0.173, 0.169, 0.175, 0.164, 0.1745, 0.1775, 0.1745, 0.183, 0.1785, 0.1885, 0.1755, 0.184, 0.1835, 0.178, 0.186, 0.178]

model_fgsm_acc_list: 
[0.008, 0.0015, 0.005, 0.006, 0.0045, 0.0065, 0.003, 0.0025, 0.0045, 0.0025, 0.0055, 0.0045, 0.0105, 0.014, 0.021, 0.019, 0.021, 0.0245, 0.0285, 0.0325, 0.051, 0.051, 0.06, 0.0615, 0.068, 0.079, 0.0805, 0.091, 0.097, 0.0955, 0.1035, 0.11, 0.099, 0.1085, 0.117, 0.104, 0.104, 0.1195, 0.114, 0.1315, 0.123, 0.1295, 0.128, 0.131, 0.1315, 0.1445, 0.1335, 0.133, 0.137, 0.1375, 0.1315, 0.1355, 0.148, 0.143, 0.1495, 0.147, 0.1445, 0.144, 0.152, 0.155, 0.156, 0.142, 0.15, 0.158, 0.1605, 0.156, 0.15, 0.158, 0.1685, 0.17, 0.17, 0.1615, 0.1715, 0.1725, 0.173, 0.156, 0.179, 0.189, 0.1775, 0.1845, 0.187, 0.174, 0.195, 0.1955, 0.1945, 0.1905, 0.1935, 0.187, 0.196, 0.1945, 0.1995, 0.204, 0.2055, 0.212, 0.2015, 0.2125, 0.2095, 0.2095, 0.216, 0.2095]

wa_val_acc_list: 
[0.0035, 0.005, 0.0065, 0.0065, 0.005, 0.0075, 0.009, 0.003, 0.0035, 0.0035, 0.003, 0.0025, 0.0065, 0.0025, 0.0035, 0.004, 0.002, 0.002, 0.004, 0.0055, 0.0055, 0.0055, 0.002, 0.002, 0.002, 0.0025, 0.007, 0.007, 0.007, 0.007, 0.0085, 0.009, 0.0105, 0.0165, 0.0225, 0.0385, 0.069, 0.106, 0.1485, 0.1905, 0.228, 0.2515, 0.271, 0.28, 0.2935, 0.297, 0.3065, 0.3085, 0.316, 0.3225, 0.328, 0.332, 0.3355, 0.337, 0.341, 0.3435, 0.347, 0.3495, 0.3515, 0.3555, 0.3585, 0.363, 0.3625, 0.3635, 0.367, 0.3685, 0.3745, 0.3755, 0.377, 0.378, 0.3815, 0.384, 0.3855, 0.39, 0.392, 0.3985, 0.401, 0.4035, 0.409, 0.41, 0.412, 0.412, 0.412, 0.415, 0.417, 0.421, 0.424, 0.4275, 0.432, 0.4315, 0.4395, 0.44, 0.441, 0.4445, 0.449, 0.4515, 0.4535, 0.4575, 0.4575, 0.459]

wa_pgd_acc_list: 
[0.0035, 0.005, 0.0065, 0.0065, 0.005, 0.006, 0.007, 0.003, 0.0035, 0.003, 0.0025, 0.003, 0.005, 0.0025, 0.0035, 0.004, 0.002, 0.002, 0.004, 0.0055, 0.0055, 0.0055, 0.002, 0.002, 0.002, 0.002, 0.007, 0.007, 0.007, 0.007, 0.0075, 0.0075, 0.0085, 0.012, 0.015, 0.0205, 0.031, 0.05, 0.0645, 0.0875, 0.109, 0.1275, 0.138, 0.155, 0.1625, 0.173, 0.1785, 0.1805, 0.181, 0.1845, 0.1865, 0.1885, 0.1885, 0.1875, 0.191, 0.1905, 0.1905, 0.1905, 0.19, 0.194, 0.194, 0.1955, 0.1965, 0.1965, 0.1985, 0.2015, 0.2, 0.201, 0.2005, 0.202, 0.2005, 0.199, 0.202, 0.201, 0.2055, 0.206, 0.2105, 0.211, 0.2105, 0.21, 0.2105, 0.2105, 0.211, 0.209, 0.2115, 0.21, 0.21, 0.214, 0.2185, 0.2145, 0.2115, 0.208, 0.2085, 0.2025, 0.2015, 0.1955, 0.193, 0.1915, 0.1915, 0.1895]

wa_fgsm_acc_list: 
[0.0035, 0.005, 0.0065, 0.0065, 0.005, 0.006, 0.007, 0.0035, 0.0035, 0.0035, 0.0025, 0.003, 0.005, 0.0025, 0.0035, 0.004, 0.002, 0.002, 0.004, 0.0055, 0.0055, 0.0055, 0.002, 0.002, 0.002, 0.002, 0.007, 0.007, 0.007, 0.007, 0.0075, 0.0075, 0.0085, 0.013, 0.015, 0.021, 0.0335, 0.05, 0.0665, 0.0915, 0.1115, 0.131, 0.145, 0.1585, 0.1735, 0.18, 0.183, 0.1825, 0.1855, 0.191, 0.193, 0.195, 0.1965, 0.1985, 0.198, 0.1995, 0.2, 0.1995, 0.1995, 0.204, 0.2045, 0.205, 0.2055, 0.2075, 0.208, 0.2075, 0.208, 0.207, 0.211, 0.211, 0.212, 0.216, 0.2155, 0.215, 0.2175, 0.221, 0.2225, 0.221, 0.222, 0.222, 0.2185, 0.2225, 0.224, 0.2215, 0.2225, 0.2215, 0.224, 0.227, 0.222, 0.2245, 0.2275, 0.226, 0.2265, 0.224, 0.2225, 0.2225, 0.22, 0.217, 0.2165, 0.2165]

total_training_time: 
10064.479040145874

total_val_time: 
1286.7114779949188

max_gpu_memory: 4.57 GB

==================================================
Starting final evaluation on test set...
==================================================
PGD test results:
  clean_acc: 0.4524
  pgd_10_acc: 0.2176
  pgd_20_acc: 0.2152
  pgd_50_acc: 0.2144
AutoAttack results:
  autoattack_acc: 0.1698
CR-Attack results:
  cr_attack_acc: 0.1705
