scheduler: OneCycleLR
label smoothing: 0.4
weight average: True, tau: 0.9995


============ Epoch 0 ============
Training time: 120.89s
Training loss: 5.2664
Training accuracy: 0.0199
Current GPU memory: 4.57 GB
Validation time: 12.70
Model - Validation accuracy: 0.0380
Model - FGSM accuracy: 0.0265
Model - PGD accuracy: 0.0265
WA Model - Validation accuracy: 0.0035
WA Model - FGSM accuracy: 0.0035
WA Model - PGD accuracy: 0.0035
Best model: model (PGD acc: 0.0265, Val acc: 0.0380)

============ Epoch 1 ============
Training time: 121.27s
Training loss: 5.1847
Training accuracy: 0.0389
Current GPU memory: 4.60 GB
Validation time: 12.82
Model - Validation accuracy: 0.0615
Model - FGSM accuracy: 0.0315
Model - PGD accuracy: 0.0305
WA Model - Validation accuracy: 0.0035
WA Model - FGSM accuracy: 0.0035
WA Model - PGD accuracy: 0.0035
Best model: model (PGD acc: 0.0305, Val acc: 0.0615)

============ Epoch 2 ============
Training time: 121.87s
Training loss: 5.1334
Training accuracy: 0.0554
Current GPU memory: 4.60 GB
Validation time: 12.84
Model - Validation accuracy: 0.0825
Model - FGSM accuracy: 0.0480
Model - PGD accuracy: 0.0470
WA Model - Validation accuracy: 0.0060
WA Model - FGSM accuracy: 0.0040
WA Model - PGD accuracy: 0.0040
Best model: model (PGD acc: 0.0470, Val acc: 0.0825)

============ Epoch 3 ============
Training time: 121.75s
Training loss: 5.0901
Training accuracy: 0.0696
Current GPU memory: 4.60 GB
Validation time: 12.76
Model - Validation accuracy: 0.1125
Model - FGSM accuracy: 0.0570
Model - PGD accuracy: 0.0565
WA Model - Validation accuracy: 0.0050
WA Model - FGSM accuracy: 0.0040
WA Model - PGD accuracy: 0.0040
Best model: model (PGD acc: 0.0565, Val acc: 0.1125)

============ Epoch 4 ============
Training time: 121.43s
Training loss: 5.0505
Training accuracy: 0.0829
Current GPU memory: 4.60 GB
Validation time: 12.77
Model - Validation accuracy: 0.1190
Model - FGSM accuracy: 0.0635
Model - PGD accuracy: 0.0635
WA Model - Validation accuracy: 0.0035
WA Model - FGSM accuracy: 0.0035
WA Model - PGD accuracy: 0.0035
Best model: model (PGD acc: 0.0635, Val acc: 0.1190)

============ Epoch 5 ============
Training time: 121.47s
Training loss: 5.0129
Training accuracy: 0.0971
Current GPU memory: 4.60 GB
Validation time: 12.81
Model - Validation accuracy: 0.1385
Model - FGSM accuracy: 0.0740
Model - PGD accuracy: 0.0725
WA Model - Validation accuracy: 0.0050
WA Model - FGSM accuracy: 0.0050
WA Model - PGD accuracy: 0.0050
Best model: model (PGD acc: 0.0725, Val acc: 0.1385)

============ Epoch 6 ============
Training time: 121.71s
Training loss: 4.9799
Training accuracy: 0.1093
Current GPU memory: 4.60 GB
Validation time: 12.91
Model - Validation accuracy: 0.1520
Model - FGSM accuracy: 0.0860
Model - PGD accuracy: 0.0825
WA Model - Validation accuracy: 0.0110
WA Model - FGSM accuracy: 0.0065
WA Model - PGD accuracy: 0.0065
Best model: model (PGD acc: 0.0825, Val acc: 0.1520)

============ Epoch 7 ============
Training time: 122.24s
Training loss: 4.9530
Training accuracy: 0.1187
Current GPU memory: 4.60 GB
Validation time: 12.83
Model - Validation accuracy: 0.1775
Model - FGSM accuracy: 0.0940
Model - PGD accuracy: 0.0925
WA Model - Validation accuracy: 0.0200
WA Model - FGSM accuracy: 0.0130
WA Model - PGD accuracy: 0.0130
Best model: model (PGD acc: 0.0925, Val acc: 0.1775)

============ Epoch 8 ============
Training time: 121.68s
Training loss: 4.9205
Training accuracy: 0.1318
Current GPU memory: 4.60 GB
Validation time: 12.78
Model - Validation accuracy: 0.1865
Model - FGSM accuracy: 0.0980
Model - PGD accuracy: 0.0955
WA Model - Validation accuracy: 0.0325
WA Model - FGSM accuracy: 0.0180
WA Model - PGD accuracy: 0.0180
Best model: model (PGD acc: 0.0955, Val acc: 0.1865)

============ Epoch 9 ============
Training time: 121.69s
Training loss: 4.8927
Training accuracy: 0.1440
Current GPU memory: 4.60 GB
Validation time: 12.84
Model - Validation accuracy: 0.1925
Model - FGSM accuracy: 0.0955
Model - PGD accuracy: 0.0920
WA Model - Validation accuracy: 0.0465
WA Model - FGSM accuracy: 0.0240
WA Model - PGD accuracy: 0.0245
Best model: model (PGD acc: 0.0920, Val acc: 0.1925)

============ Epoch 10 ============
Training time: 121.57s
Training loss: 4.8640
Training accuracy: 0.1533
Current GPU memory: 4.60 GB
Validation time: 12.77
Model - Validation accuracy: 0.1920
Model - FGSM accuracy: 0.0960
Model - PGD accuracy: 0.0920
WA Model - Validation accuracy: 0.0630
WA Model - FGSM accuracy: 0.0340
WA Model - PGD accuracy: 0.0335
Best model: model (PGD acc: 0.0920, Val acc: 0.1920)

============ Epoch 11 ============
Training time: 121.86s
Training loss: 4.8356
Training accuracy: 0.1647
Current GPU memory: 4.60 GB
Validation time: 12.87
Model - Validation accuracy: 0.2250
Model - FGSM accuracy: 0.1095
Model - PGD accuracy: 0.1085
WA Model - Validation accuracy: 0.0760
WA Model - FGSM accuracy: 0.0385
WA Model - PGD accuracy: 0.0380
Best model: model (PGD acc: 0.1085, Val acc: 0.2250)

============ Epoch 12 ============
Training time: 122.11s
Training loss: 4.8112
Training accuracy: 0.1766
Current GPU memory: 4.60 GB
Validation time: 12.94
Model - Validation accuracy: 0.2430
Model - FGSM accuracy: 0.1225
Model - PGD accuracy: 0.1155
WA Model - Validation accuracy: 0.0845
WA Model - FGSM accuracy: 0.0465
WA Model - PGD accuracy: 0.0450
Best model: model (PGD acc: 0.1155, Val acc: 0.2430)

============ Epoch 13 ============
Training time: 122.25s
Training loss: 4.7902
Training accuracy: 0.1840
Current GPU memory: 4.60 GB
Validation time: 12.89
Model - Validation accuracy: 0.2590
Model - FGSM accuracy: 0.1270
Model - PGD accuracy: 0.1190
WA Model - Validation accuracy: 0.0820
WA Model - FGSM accuracy: 0.0440
WA Model - PGD accuracy: 0.0430
Best model: model (PGD acc: 0.1190, Val acc: 0.2590)

============ Epoch 14 ============
Training time: 122.11s
Training loss: 4.7708
Training accuracy: 0.1929
Current GPU memory: 4.60 GB
Validation time: 12.85
Model - Validation accuracy: 0.2570
Model - FGSM accuracy: 0.1285
Model - PGD accuracy: 0.1220
WA Model - Validation accuracy: 0.0705
WA Model - FGSM accuracy: 0.0365
WA Model - PGD accuracy: 0.0345
Best model: model (PGD acc: 0.1220, Val acc: 0.2570)

============ Epoch 15 ============
Training time: 121.88s
Training loss: 4.7561
Training accuracy: 0.1989
Current GPU memory: 4.60 GB
Validation time: 12.83
Model - Validation accuracy: 0.2720
Model - FGSM accuracy: 0.1400
Model - PGD accuracy: 0.1320
WA Model - Validation accuracy: 0.0590
WA Model - FGSM accuracy: 0.0285
WA Model - PGD accuracy: 0.0290
Best model: model (PGD acc: 0.1320, Val acc: 0.2720)

============ Epoch 16 ============
Training time: 121.66s
Training loss: 4.7429
Training accuracy: 0.2052
Current GPU memory: 4.60 GB
Validation time: 12.79
Model - Validation accuracy: 0.2750
Model - FGSM accuracy: 0.1390
Model - PGD accuracy: 0.1330
WA Model - Validation accuracy: 0.0470
WA Model - FGSM accuracy: 0.0265
WA Model - PGD accuracy: 0.0275
Best model: model (PGD acc: 0.1330, Val acc: 0.2750)

============ Epoch 17 ============
Training time: 121.47s
Training loss: 4.7322
Training accuracy: 0.2076
Current GPU memory: 4.60 GB
Validation time: 12.78
Model - Validation accuracy: 0.2780
Model - FGSM accuracy: 0.1440
Model - PGD accuracy: 0.1365
WA Model - Validation accuracy: 0.0430
WA Model - FGSM accuracy: 0.0260
WA Model - PGD accuracy: 0.0265
Best model: model (PGD acc: 0.1365, Val acc: 0.2780)

============ Epoch 18 ============
Training time: 121.81s
Training loss: 4.7219
Training accuracy: 0.2135
Current GPU memory: 4.60 GB
Validation time: 12.78
Model - Validation accuracy: 0.2935
Model - FGSM accuracy: 0.1545
Model - PGD accuracy: 0.1495
WA Model - Validation accuracy: 0.0470
WA Model - FGSM accuracy: 0.0270
WA Model - PGD accuracy: 0.0275
Best model: model (PGD acc: 0.1495, Val acc: 0.2935)

============ Epoch 19 ============
Training time: 121.80s
Training loss: 4.7120
Training accuracy: 0.2160
Current GPU memory: 4.60 GB
Validation time: 12.82
Model - Validation accuracy: 0.2940
Model - FGSM accuracy: 0.1535
Model - PGD accuracy: 0.1495
WA Model - Validation accuracy: 0.0650
WA Model - FGSM accuracy: 0.0325
WA Model - PGD accuracy: 0.0320
Best model: model (PGD acc: 0.1495, Val acc: 0.2940)

============ Epoch 20 ============
Training time: 121.90s
Training loss: 4.7058
Training accuracy: 0.2189
Current GPU memory: 4.60 GB
Validation time: 12.83
Model - Validation accuracy: 0.2680
Model - FGSM accuracy: 0.1420
Model - PGD accuracy: 0.1355
WA Model - Validation accuracy: 0.0930
WA Model - FGSM accuracy: 0.0460
WA Model - PGD accuracy: 0.0455
Best model: model (PGD acc: 0.1355, Val acc: 0.2680)

============ Epoch 21 ============
Training time: 122.10s
Training loss: 4.6949
Training accuracy: 0.2237
Current GPU memory: 4.60 GB
Validation time: 12.80
Model - Validation accuracy: 0.2840
Model - FGSM accuracy: 0.1495
Model - PGD accuracy: 0.1425
WA Model - Validation accuracy: 0.1235
WA Model - FGSM accuracy: 0.0630
WA Model - PGD accuracy: 0.0635
Best model: model (PGD acc: 0.1425, Val acc: 0.2840)

============ Epoch 22 ============
Training time: 121.60s
Training loss: 4.6880
Training accuracy: 0.2255
Current GPU memory: 4.60 GB
Validation time: 12.81
Model - Validation accuracy: 0.2985
Model - FGSM accuracy: 0.1440
Model - PGD accuracy: 0.1355
WA Model - Validation accuracy: 0.1825
WA Model - FGSM accuracy: 0.0930
WA Model - PGD accuracy: 0.0900
Best model: model (PGD acc: 0.1355, Val acc: 0.2985)

============ Epoch 23 ============
Training time: 121.63s
Training loss: 4.6816
Training accuracy: 0.2282
Current GPU memory: 4.60 GB
Validation time: 12.77
Model - Validation accuracy: 0.3020
Model - FGSM accuracy: 0.1425
Model - PGD accuracy: 0.1340
WA Model - Validation accuracy: 0.2290
WA Model - FGSM accuracy: 0.1180
WA Model - PGD accuracy: 0.1155
Best model: model (PGD acc: 0.1340, Val acc: 0.3020)

============ Epoch 24 ============
Training time: 121.86s
Training loss: 4.6741
Training accuracy: 0.2317
Current GPU memory: 4.60 GB
Validation time: 12.84
Model - Validation accuracy: 0.2930
Model - FGSM accuracy: 0.1435
Model - PGD accuracy: 0.1400
WA Model - Validation accuracy: 0.2640
WA Model - FGSM accuracy: 0.1505
WA Model - PGD accuracy: 0.1445
Best model: wa_model (PGD acc: 0.1445, Val acc: 0.2640)

============ Epoch 25 ============
Training time: 121.94s
Training loss: 4.6688
Training accuracy: 0.2346
Current GPU memory: 4.60 GB
Validation time: 12.82
Model - Validation accuracy: 0.2985
Model - FGSM accuracy: 0.1615
Model - PGD accuracy: 0.1500
WA Model - Validation accuracy: 0.2935
WA Model - FGSM accuracy: 0.1750
WA Model - PGD accuracy: 0.1700
Best model: wa_model (PGD acc: 0.1700, Val acc: 0.2935)

============ Epoch 26 ============
Training time: 121.79s
Training loss: 4.6624
Training accuracy: 0.2368
Current GPU memory: 4.60 GB
Validation time: 12.75
Model - Validation accuracy: 0.3035
Model - FGSM accuracy: 0.1525
Model - PGD accuracy: 0.1445
WA Model - Validation accuracy: 0.3185
WA Model - FGSM accuracy: 0.1870
WA Model - PGD accuracy: 0.1830
Best model: wa_model (PGD acc: 0.1830, Val acc: 0.3185)

============ Epoch 27 ============
Training time: 121.84s
Training loss: 4.6555
Training accuracy: 0.2393
Current GPU memory: 4.60 GB
Validation time: 12.78
Model - Validation accuracy: 0.2910
Model - FGSM accuracy: 0.1495
Model - PGD accuracy: 0.1415
WA Model - Validation accuracy: 0.3335
WA Model - FGSM accuracy: 0.1960
WA Model - PGD accuracy: 0.1905
Best model: wa_model (PGD acc: 0.1905, Val acc: 0.3335)

============ Epoch 28 ============
Training time: 121.52s
Training loss: 4.6528
Training accuracy: 0.2405
Current GPU memory: 4.60 GB
Validation time: 12.78
Model - Validation accuracy: 0.3195
Model - FGSM accuracy: 0.1635
Model - PGD accuracy: 0.1530
WA Model - Validation accuracy: 0.3450
WA Model - FGSM accuracy: 0.2010
WA Model - PGD accuracy: 0.1975
Best model: wa_model (PGD acc: 0.1975, Val acc: 0.3450)

============ Epoch 29 ============
Training time: 121.37s
Training loss: 4.6459
Training accuracy: 0.2433
Current GPU memory: 4.60 GB
Validation time: 12.76
Model - Validation accuracy: 0.3300
Model - FGSM accuracy: 0.1625
Model - PGD accuracy: 0.1550
WA Model - Validation accuracy: 0.3520
WA Model - FGSM accuracy: 0.2065
WA Model - PGD accuracy: 0.2025
Best model: wa_model (PGD acc: 0.2025, Val acc: 0.3520)

============ Epoch 30 ============
Training time: 121.49s
Training loss: 4.6409
Training accuracy: 0.2455
Current GPU memory: 4.60 GB
Validation time: 12.77
Model - Validation accuracy: 0.3160
Model - FGSM accuracy: 0.1545
Model - PGD accuracy: 0.1455
WA Model - Validation accuracy: 0.3585
WA Model - FGSM accuracy: 0.2150
WA Model - PGD accuracy: 0.2110
Best model: wa_model (PGD acc: 0.2110, Val acc: 0.3585)

============ Epoch 31 ============
Training time: 121.68s
Training loss: 4.6361
Training accuracy: 0.2465
Current GPU memory: 4.60 GB
Validation time: 12.76
Model - Validation accuracy: 0.3030
Model - FGSM accuracy: 0.1465
Model - PGD accuracy: 0.1390
WA Model - Validation accuracy: 0.3630
WA Model - FGSM accuracy: 0.2185
WA Model - PGD accuracy: 0.2165
Best model: wa_model (PGD acc: 0.2165, Val acc: 0.3630)

============ Epoch 32 ============
Training time: 121.50s
Training loss: 4.6301
Training accuracy: 0.2488
Current GPU memory: 4.60 GB
Validation time: 12.86
Model - Validation accuracy: 0.3100
Model - FGSM accuracy: 0.1490
Model - PGD accuracy: 0.1435
WA Model - Validation accuracy: 0.3695
WA Model - FGSM accuracy: 0.2215
WA Model - PGD accuracy: 0.2185
Best model: wa_model (PGD acc: 0.2185, Val acc: 0.3695)

============ Epoch 33 ============
Training time: 121.52s
Training loss: 4.6263
Training accuracy: 0.2524
Current GPU memory: 4.60 GB
Validation time: 12.78
Model - Validation accuracy: 0.3105
Model - FGSM accuracy: 0.1705
Model - PGD accuracy: 0.1590
WA Model - Validation accuracy: 0.3765
WA Model - FGSM accuracy: 0.2245
WA Model - PGD accuracy: 0.2170
Best model: wa_model (PGD acc: 0.2170, Val acc: 0.3765)

============ Epoch 34 ============
Training time: 121.64s
Training loss: 4.6243
Training accuracy: 0.2517
Current GPU memory: 4.60 GB
Validation time: 12.81
Model - Validation accuracy: 0.3295
Model - FGSM accuracy: 0.1645
Model - PGD accuracy: 0.1545
WA Model - Validation accuracy: 0.3790
WA Model - FGSM accuracy: 0.2265
WA Model - PGD accuracy: 0.2205
Best model: wa_model (PGD acc: 0.2205, Val acc: 0.3790)

============ Epoch 35 ============
Training time: 121.50s
Training loss: 4.6185
Training accuracy: 0.2542
Current GPU memory: 4.60 GB
Validation time: 12.75
Model - Validation accuracy: 0.3270
Model - FGSM accuracy: 0.1625
Model - PGD accuracy: 0.1520
WA Model - Validation accuracy: 0.3810
WA Model - FGSM accuracy: 0.2285
WA Model - PGD accuracy: 0.2245
Best model: wa_model (PGD acc: 0.2245, Val acc: 0.3810)

============ Epoch 36 ============
Training time: 121.64s
Training loss: 4.6129
Training accuracy: 0.2558
Current GPU memory: 4.60 GB
Validation time: 12.78
Model - Validation accuracy: 0.3260
Model - FGSM accuracy: 0.1635
Model - PGD accuracy: 0.1505
WA Model - Validation accuracy: 0.3815
WA Model - FGSM accuracy: 0.2305
WA Model - PGD accuracy: 0.2275
Best model: wa_model (PGD acc: 0.2275, Val acc: 0.3815)

============ Epoch 37 ============
Training time: 121.45s
Training loss: 4.6105
Training accuracy: 0.2581
Current GPU memory: 4.60 GB
Validation time: 12.72
Model - Validation accuracy: 0.3270
Model - FGSM accuracy: 0.1685
Model - PGD accuracy: 0.1565
WA Model - Validation accuracy: 0.3830
WA Model - FGSM accuracy: 0.2330
WA Model - PGD accuracy: 0.2255
Best model: wa_model (PGD acc: 0.2255, Val acc: 0.3830)

============ Epoch 38 ============
Training time: 121.41s
Training loss: 4.6054
Training accuracy: 0.2583
Current GPU memory: 4.60 GB
Validation time: 12.76
Model - Validation accuracy: 0.3365
Model - FGSM accuracy: 0.1780
Model - PGD accuracy: 0.1630
WA Model - Validation accuracy: 0.3840
WA Model - FGSM accuracy: 0.2355
WA Model - PGD accuracy: 0.2285
Best model: wa_model (PGD acc: 0.2285, Val acc: 0.3840)

============ Epoch 39 ============
Training time: 121.37s
Training loss: 4.6038
Training accuracy: 0.2598
Current GPU memory: 4.60 GB
Validation time: 12.84
Model - Validation accuracy: 0.3260
Model - FGSM accuracy: 0.1640
Model - PGD accuracy: 0.1555
WA Model - Validation accuracy: 0.3860
WA Model - FGSM accuracy: 0.2345
WA Model - PGD accuracy: 0.2285
Best model: wa_model (PGD acc: 0.2285, Val acc: 0.3860)

============ Epoch 40 ============
Training time: 121.55s
Training loss: 4.5989
Training accuracy: 0.2629
Current GPU memory: 4.60 GB
Validation time: 12.89
Model - Validation accuracy: 0.3190
Model - FGSM accuracy: 0.1695
Model - PGD accuracy: 0.1595
WA Model - Validation accuracy: 0.3850
WA Model - FGSM accuracy: 0.2380
WA Model - PGD accuracy: 0.2315
Best model: wa_model (PGD acc: 0.2315, Val acc: 0.3850)

============ Epoch 41 ============
Training time: 121.67s
Training loss: 4.5950
Training accuracy: 0.2632
Current GPU memory: 4.60 GB
Validation time: 12.79
Model - Validation accuracy: 0.3370
Model - FGSM accuracy: 0.1720
Model - PGD accuracy: 0.1635
WA Model - Validation accuracy: 0.3910
WA Model - FGSM accuracy: 0.2375
WA Model - PGD accuracy: 0.2325
Best model: wa_model (PGD acc: 0.2325, Val acc: 0.3910)

============ Epoch 42 ============
Training time: 121.76s
Training loss: 4.5909
Training accuracy: 0.2661
Current GPU memory: 4.60 GB
Validation time: 12.82
Model - Validation accuracy: 0.3390
Model - FGSM accuracy: 0.1810
Model - PGD accuracy: 0.1670
WA Model - Validation accuracy: 0.3905
WA Model - FGSM accuracy: 0.2370
WA Model - PGD accuracy: 0.2295
Best model: wa_model (PGD acc: 0.2295, Val acc: 0.3905)

============ Epoch 43 ============
Training time: 122.10s
Training loss: 4.5870
Training accuracy: 0.2669
Current GPU memory: 4.60 GB
Validation time: 12.81
Model - Validation accuracy: 0.3350
Model - FGSM accuracy: 0.1675
Model - PGD accuracy: 0.1615
WA Model - Validation accuracy: 0.3940
WA Model - FGSM accuracy: 0.2390
WA Model - PGD accuracy: 0.2310
Best model: wa_model (PGD acc: 0.2310, Val acc: 0.3940)

============ Epoch 44 ============
Training time: 121.93s
Training loss: 4.5849
Training accuracy: 0.2679
Current GPU memory: 4.60 GB
Validation time: 12.89
Model - Validation accuracy: 0.3420
Model - FGSM accuracy: 0.1670
Model - PGD accuracy: 0.1605
WA Model - Validation accuracy: 0.3930
WA Model - FGSM accuracy: 0.2375
WA Model - PGD accuracy: 0.2275
Best model: wa_model (PGD acc: 0.2275, Val acc: 0.3930)

============ Epoch 45 ============
Training time: 121.91s
Training loss: 4.5811
Training accuracy: 0.2696
Current GPU memory: 4.60 GB
Validation time: 12.82
Model - Validation accuracy: 0.3285
Model - FGSM accuracy: 0.1590
Model - PGD accuracy: 0.1455
WA Model - Validation accuracy: 0.3900
WA Model - FGSM accuracy: 0.2385
WA Model - PGD accuracy: 0.2315
Best model: wa_model (PGD acc: 0.2315, Val acc: 0.3900)

============ Epoch 46 ============
Training time: 121.48s
Training loss: 4.5772
Training accuracy: 0.2718
Current GPU memory: 4.60 GB
Validation time: 12.82
Model - Validation accuracy: 0.3540
Model - FGSM accuracy: 0.1890
Model - PGD accuracy: 0.1745
WA Model - Validation accuracy: 0.3950
WA Model - FGSM accuracy: 0.2375
WA Model - PGD accuracy: 0.2330
Best model: wa_model (PGD acc: 0.2330, Val acc: 0.3950)

============ Epoch 47 ============
Training time: 121.59s
Training loss: 4.5735
Training accuracy: 0.2727
Current GPU memory: 4.60 GB
Validation time: 12.78
Model - Validation accuracy: 0.3210
Model - FGSM accuracy: 0.1735
Model - PGD accuracy: 0.1590
WA Model - Validation accuracy: 0.3985
WA Model - FGSM accuracy: 0.2410
WA Model - PGD accuracy: 0.2305
Best model: wa_model (PGD acc: 0.2305, Val acc: 0.3985)

============ Epoch 48 ============
Training time: 121.60s
Training loss: 4.5717
Training accuracy: 0.2732
Current GPU memory: 4.60 GB
Validation time: 12.80
Model - Validation accuracy: 0.3480
Model - FGSM accuracy: 0.1645
Model - PGD accuracy: 0.1525
WA Model - Validation accuracy: 0.4015
WA Model - FGSM accuracy: 0.2435
WA Model - PGD accuracy: 0.2315
Best model: wa_model (PGD acc: 0.2315, Val acc: 0.4015)

============ Epoch 49 ============
Training time: 121.82s
Training loss: 4.5660
Training accuracy: 0.2753
Current GPU memory: 4.60 GB
Validation time: 12.85
Model - Validation accuracy: 0.3175
Model - FGSM accuracy: 0.1515
Model - PGD accuracy: 0.1390
WA Model - Validation accuracy: 0.4005
WA Model - FGSM accuracy: 0.2435
WA Model - PGD accuracy: 0.2335
Best model: wa_model (PGD acc: 0.2335, Val acc: 0.4005)

============ Epoch 50 ============
Training time: 121.56s
Training loss: 4.5620
Training accuracy: 0.2765
Current GPU memory: 4.60 GB
Validation time: 12.80
Model - Validation accuracy: 0.3415
Model - FGSM accuracy: 0.1680
Model - PGD accuracy: 0.1575
WA Model - Validation accuracy: 0.4005
WA Model - FGSM accuracy: 0.2460
WA Model - PGD accuracy: 0.2375
Best model: wa_model (PGD acc: 0.2375, Val acc: 0.4005)

============ Epoch 51 ============
Training time: 121.44s
Training loss: 4.5589
Training accuracy: 0.2782
Current GPU memory: 4.60 GB
Validation time: 12.73
Model - Validation accuracy: 0.3375
Model - FGSM accuracy: 0.1725
Model - PGD accuracy: 0.1635
WA Model - Validation accuracy: 0.4030
WA Model - FGSM accuracy: 0.2470
WA Model - PGD accuracy: 0.2390
Best model: wa_model (PGD acc: 0.2390, Val acc: 0.4030)

============ Epoch 52 ============
Training time: 121.51s
Training loss: 4.5548
Training accuracy: 0.2813
Current GPU memory: 4.60 GB
Validation time: 12.73
Model - Validation accuracy: 0.3410
Model - FGSM accuracy: 0.1730
Model - PGD accuracy: 0.1645
WA Model - Validation accuracy: 0.4030
WA Model - FGSM accuracy: 0.2470
WA Model - PGD accuracy: 0.2395
Best model: wa_model (PGD acc: 0.2395, Val acc: 0.4030)

============ Epoch 53 ============
Training time: 121.02s
Training loss: 4.5520
Training accuracy: 0.2821
Current GPU memory: 4.60 GB
Validation time: 12.72
Model - Validation accuracy: 0.3385
Model - FGSM accuracy: 0.1770
Model - PGD accuracy: 0.1625
WA Model - Validation accuracy: 0.4085
WA Model - FGSM accuracy: 0.2475
WA Model - PGD accuracy: 0.2370
Best model: wa_model (PGD acc: 0.2370, Val acc: 0.4085)

============ Epoch 54 ============
Training time: 121.37s
Training loss: 4.5460
Training accuracy: 0.2825
Current GPU memory: 4.60 GB
Validation time: 12.83
Model - Validation accuracy: 0.3380
Model - FGSM accuracy: 0.1670
Model - PGD accuracy: 0.1560
WA Model - Validation accuracy: 0.4050
WA Model - FGSM accuracy: 0.2505
WA Model - PGD accuracy: 0.2385
Best model: wa_model (PGD acc: 0.2385, Val acc: 0.4050)

============ Epoch 55 ============
Training time: 122.85s
Training loss: 4.5421
Training accuracy: 0.2856
Current GPU memory: 4.60 GB
Validation time: 12.86
Model - Validation accuracy: 0.3525
Model - FGSM accuracy: 0.1825
Model - PGD accuracy: 0.1695
WA Model - Validation accuracy: 0.4080
WA Model - FGSM accuracy: 0.2455
WA Model - PGD accuracy: 0.2375
Best model: wa_model (PGD acc: 0.2375, Val acc: 0.4080)

============ Epoch 56 ============
Training time: 121.89s
Training loss: 4.5352
Training accuracy: 0.2880
Current GPU memory: 4.60 GB
Validation time: 12.75
Model - Validation accuracy: 0.3620
Model - FGSM accuracy: 0.1850
Model - PGD accuracy: 0.1730
WA Model - Validation accuracy: 0.4080
WA Model - FGSM accuracy: 0.2470
WA Model - PGD accuracy: 0.2400
Best model: wa_model (PGD acc: 0.2400, Val acc: 0.4080)

============ Epoch 57 ============
Training time: 120.82s
Training loss: 4.5316
Training accuracy: 0.2887
Current GPU memory: 4.60 GB
Validation time: 12.76
Model - Validation accuracy: 0.3520
Model - FGSM accuracy: 0.1730
Model - PGD accuracy: 0.1660
WA Model - Validation accuracy: 0.4140
WA Model - FGSM accuracy: 0.2490
WA Model - PGD accuracy: 0.2390
Best model: wa_model (PGD acc: 0.2390, Val acc: 0.4140)

============ Epoch 58 ============
Training time: 120.86s
Training loss: 4.5259
Training accuracy: 0.2922
Current GPU memory: 4.60 GB
Validation time: 12.75
Model - Validation accuracy: 0.3350
Model - FGSM accuracy: 0.1650
Model - PGD accuracy: 0.1530
WA Model - Validation accuracy: 0.4135
WA Model - FGSM accuracy: 0.2475
WA Model - PGD accuracy: 0.2405
Best model: wa_model (PGD acc: 0.2405, Val acc: 0.4135)

============ Epoch 59 ============
Training time: 121.27s
Training loss: 4.5210
Training accuracy: 0.2939
Current GPU memory: 4.60 GB
Validation time: 12.75
Model - Validation accuracy: 0.3705
Model - FGSM accuracy: 0.1805
Model - PGD accuracy: 0.1655
WA Model - Validation accuracy: 0.4135
WA Model - FGSM accuracy: 0.2530
WA Model - PGD accuracy: 0.2405
Best model: wa_model (PGD acc: 0.2405, Val acc: 0.4135)

============ Epoch 60 ============
Training time: 121.35s
Training loss: 4.5145
Training accuracy: 0.2964
Current GPU memory: 4.60 GB
Validation time: 12.87
Model - Validation accuracy: 0.3550
Model - FGSM accuracy: 0.1700
Model - PGD accuracy: 0.1595
WA Model - Validation accuracy: 0.4200
WA Model - FGSM accuracy: 0.2520
WA Model - PGD accuracy: 0.2435
Best model: wa_model (PGD acc: 0.2435, Val acc: 0.4200)

============ Epoch 61 ============
Training time: 120.99s
Training loss: 4.5107
Training accuracy: 0.2990
Current GPU memory: 4.60 GB
Validation time: 12.77
Model - Validation accuracy: 0.3735
Model - FGSM accuracy: 0.1900
Model - PGD accuracy: 0.1790
WA Model - Validation accuracy: 0.4185
WA Model - FGSM accuracy: 0.2515
WA Model - PGD accuracy: 0.2420
Best model: wa_model (PGD acc: 0.2420, Val acc: 0.4185)

============ Epoch 62 ============
Training time: 121.11s
Training loss: 4.5056
Training accuracy: 0.2992
Current GPU memory: 4.60 GB
Validation time: 12.82
Model - Validation accuracy: 0.3610
Model - FGSM accuracy: 0.1780
Model - PGD accuracy: 0.1675
WA Model - Validation accuracy: 0.4225
WA Model - FGSM accuracy: 0.2535
WA Model - PGD accuracy: 0.2435
Best model: wa_model (PGD acc: 0.2435, Val acc: 0.4225)

============ Epoch 63 ============
Training time: 120.93s
Training loss: 4.4998
Training accuracy: 0.3029
Current GPU memory: 4.60 GB
Validation time: 12.82
Model - Validation accuracy: 0.3730
Model - FGSM accuracy: 0.1915
Model - PGD accuracy: 0.1760
WA Model - Validation accuracy: 0.4250
WA Model - FGSM accuracy: 0.2540
WA Model - PGD accuracy: 0.2450
Best model: wa_model (PGD acc: 0.2450, Val acc: 0.4250)

============ Epoch 64 ============
Training time: 120.77s
Training loss: 4.4923
Training accuracy: 0.3051
Current GPU memory: 4.60 GB
Validation time: 12.77
Model - Validation accuracy: 0.3625
Model - FGSM accuracy: 0.1940
Model - PGD accuracy: 0.1800
WA Model - Validation accuracy: 0.4310
WA Model - FGSM accuracy: 0.2550
WA Model - PGD accuracy: 0.2450
Best model: wa_model (PGD acc: 0.2450, Val acc: 0.4310)

============ Epoch 65 ============
Training time: 121.59s
Training loss: 4.4857
Training accuracy: 0.3087
Current GPU memory: 4.60 GB
Validation time: 12.87
Model - Validation accuracy: 0.3860
Model - FGSM accuracy: 0.1915
Model - PGD accuracy: 0.1760
WA Model - Validation accuracy: 0.4300
WA Model - FGSM accuracy: 0.2550
WA Model - PGD accuracy: 0.2445
Best model: wa_model (PGD acc: 0.2445, Val acc: 0.4300)

============ Epoch 66 ============
Training time: 121.49s
Training loss: 4.4807
Training accuracy: 0.3119
Current GPU memory: 4.60 GB
Validation time: 12.79
Model - Validation accuracy: 0.3810
Model - FGSM accuracy: 0.1860
Model - PGD accuracy: 0.1715
WA Model - Validation accuracy: 0.4315
WA Model - FGSM accuracy: 0.2590
WA Model - PGD accuracy: 0.2470
Best model: wa_model (PGD acc: 0.2470, Val acc: 0.4315)

============ Epoch 67 ============
Training time: 120.81s
Training loss: 4.4730
Training accuracy: 0.3128
Current GPU memory: 4.60 GB
Validation time: 12.70
Model - Validation accuracy: 0.3825
Model - FGSM accuracy: 0.1945
Model - PGD accuracy: 0.1820
WA Model - Validation accuracy: 0.4335
WA Model - FGSM accuracy: 0.2610
WA Model - PGD accuracy: 0.2490
Best model: wa_model (PGD acc: 0.2490, Val acc: 0.4335)

============ Epoch 68 ============
Training time: 120.90s
Training loss: 4.4637
Training accuracy: 0.3176
Current GPU memory: 4.60 GB
Validation time: 12.79
Model - Validation accuracy: 0.3720
Model - FGSM accuracy: 0.1855
Model - PGD accuracy: 0.1710
WA Model - Validation accuracy: 0.4350
WA Model - FGSM accuracy: 0.2580
WA Model - PGD accuracy: 0.2480
Best model: wa_model (PGD acc: 0.2480, Val acc: 0.4350)

============ Epoch 69 ============
Training time: 121.87s
Training loss: 4.4553
Training accuracy: 0.3217
Current GPU memory: 4.60 GB
Validation time: 12.76
Model - Validation accuracy: 0.3825
Model - FGSM accuracy: 0.1880
Model - PGD accuracy: 0.1720
WA Model - Validation accuracy: 0.4395
WA Model - FGSM accuracy: 0.2595
WA Model - PGD accuracy: 0.2490
Best model: wa_model (PGD acc: 0.2490, Val acc: 0.4395)

============ Epoch 70 ============
Training time: 120.68s
Training loss: 4.4453
Training accuracy: 0.3256
Current GPU memory: 4.60 GB
Validation time: 12.82
Model - Validation accuracy: 0.3930
Model - FGSM accuracy: 0.2010
Model - PGD accuracy: 0.1825
WA Model - Validation accuracy: 0.4400
WA Model - FGSM accuracy: 0.2595
WA Model - PGD accuracy: 0.2480
Best model: wa_model (PGD acc: 0.2480, Val acc: 0.4400)

============ Epoch 71 ============
Training time: 121.94s
Training loss: 4.4355
Training accuracy: 0.3298
Current GPU memory: 4.60 GB
Validation time: 12.97
Model - Validation accuracy: 0.3825
Model - FGSM accuracy: 0.1980
Model - PGD accuracy: 0.1855
WA Model - Validation accuracy: 0.4405
WA Model - FGSM accuracy: 0.2590
WA Model - PGD accuracy: 0.2475
Best model: wa_model (PGD acc: 0.2475, Val acc: 0.4405)

============ Epoch 72 ============
Training time: 121.18s
Training loss: 4.3197
Training accuracy: 0.3746
Current GPU memory: 4.60 GB
Validation time: 12.82
Model - Validation accuracy: 0.3610
Model - FGSM accuracy: 0.2215
Model - PGD accuracy: 0.0115
WA Model - Validation accuracy: 0.4490
WA Model - FGSM accuracy: 0.2590
WA Model - PGD accuracy: 0.2465
Best model: wa_model (PGD acc: 0.2465, Val acc: 0.4490)

============ Epoch 73 ============
Training time: 122.54s
Training loss: 3.8739
Training accuracy: 0.5869
Current GPU memory: 4.60 GB
Validation time: 12.89
Model - Validation accuracy: 0.4100
Model - FGSM accuracy: 0.4775
Model - PGD accuracy: 0.0055
WA Model - Validation accuracy: 0.4740
WA Model - FGSM accuracy: 0.2470
WA Model - PGD accuracy: 0.2285
Best model: wa_model (PGD acc: 0.2285, Val acc: 0.4740)

============ Epoch 74 ============
Training time: 121.41s
Training loss: 3.7237
Training accuracy: 0.6738
Current GPU memory: 4.60 GB
Validation time: 12.82
Model - Validation accuracy: 0.4270
Model - FGSM accuracy: 0.5675
Model - PGD accuracy: 0.0045
WA Model - Validation accuracy: 0.5005
WA Model - FGSM accuracy: 0.2225
WA Model - PGD accuracy: 0.1905
Best model: wa_model (PGD acc: 0.1905, Val acc: 0.5005)

============ Epoch 75 ============
Training time: 120.91s
Training loss: 3.6773
Training accuracy: 0.6989
Current GPU memory: 4.60 GB
Validation time: 12.76
Model - Validation accuracy: 0.3585
Model - FGSM accuracy: 0.5330
Model - PGD accuracy: 0.0015
WA Model - Validation accuracy: 0.5465
WA Model - FGSM accuracy: 0.2095
WA Model - PGD accuracy: 0.1360
Best model: wa_model (PGD acc: 0.1360, Val acc: 0.5465)

============ Epoch 76 ============
Training time: 121.80s
Training loss: 3.6483
Training accuracy: 0.7113
Current GPU memory: 4.60 GB
Validation time: 12.83
Model - Validation accuracy: 0.3295
Model - FGSM accuracy: 0.5125
Model - PGD accuracy: 0.0045
WA Model - Validation accuracy: 0.5750
WA Model - FGSM accuracy: 0.2925
WA Model - PGD accuracy: 0.0750
Best model: wa_model (PGD acc: 0.0750, Val acc: 0.5750)

============ Epoch 77 ============
Training time: 121.28s
Training loss: 3.6188
Training accuracy: 0.7271
Current GPU memory: 4.60 GB
Validation time: 12.81
Model - Validation accuracy: 0.3205
Model - FGSM accuracy: 0.4880
Model - PGD accuracy: 0.0015
WA Model - Validation accuracy: 0.5880
WA Model - FGSM accuracy: 0.4060
WA Model - PGD accuracy: 0.0520
Best model: wa_model (PGD acc: 0.0520, Val acc: 0.5880)

============ Epoch 78 ============
Training time: 122.10s
Training loss: 3.5916
Training accuracy: 0.7420
Current GPU memory: 4.60 GB
Validation time: 12.88
Model - Validation accuracy: 0.1390
Model - FGSM accuracy: 0.5120
Model - PGD accuracy: 0.0080
WA Model - Validation accuracy: 0.5955
WA Model - FGSM accuracy: 0.4655
WA Model - PGD accuracy: 0.0475
Best model: wa_model (PGD acc: 0.0475, Val acc: 0.5955)

============ Epoch 79 ============
Training time: 121.42s
Training loss: 3.5637
Training accuracy: 0.7566
Current GPU memory: 4.60 GB
Validation time: 12.79
Model - Validation accuracy: 0.0350
Model - FGSM accuracy: 0.4980
Model - PGD accuracy: 0.0010
WA Model - Validation accuracy: 0.5990
WA Model - FGSM accuracy: 0.5045
WA Model - PGD accuracy: 0.0475
Best model: wa_model (PGD acc: 0.0475, Val acc: 0.5990)

============ Epoch 80 ============
Training time: 123.28s
Training loss: 3.5438
Training accuracy: 0.7662
Current GPU memory: 4.60 GB
Validation time: 12.83
Model - Validation accuracy: 0.0610
Model - FGSM accuracy: 0.5075
Model - PGD accuracy: 0.0035
WA Model - Validation accuracy: 0.5860
WA Model - FGSM accuracy: 0.5490
WA Model - PGD accuracy: 0.0495
Best model: wa_model (PGD acc: 0.0495, Val acc: 0.5860)

============ Epoch 81 ============
Training time: 121.97s
Training loss: 3.5189
Training accuracy: 0.7778
Current GPU memory: 4.60 GB
Validation time: 12.77
Model - Validation accuracy: 0.5185
Model - FGSM accuracy: 0.4390
Model - PGD accuracy: 0.0030
WA Model - Validation accuracy: 0.5605
WA Model - FGSM accuracy: 0.5850
WA Model - PGD accuracy: 0.0515
Best model: wa_model (PGD acc: 0.0515, Val acc: 0.5605)

============ Epoch 82 ============
Training time: 120.83s
Training loss: 3.4844
Training accuracy: 0.7960
Current GPU memory: 4.60 GB
Validation time: 12.77
Model - Validation accuracy: 0.0730
Model - FGSM accuracy: 0.5445
Model - PGD accuracy: 0.0085
WA Model - Validation accuracy: 0.4750
WA Model - FGSM accuracy: 0.6015
WA Model - PGD accuracy: 0.0520
Best model: wa_model (PGD acc: 0.0520, Val acc: 0.4750)

============ Epoch 83 ============
Training time: 120.89s
Training loss: 3.4539
Training accuracy: 0.8113
Current GPU memory: 4.60 GB
Validation time: 12.78
Model - Validation accuracy: 0.0910
Model - FGSM accuracy: 0.5440
Model - PGD accuracy: 0.0115
WA Model - Validation accuracy: 0.3565
WA Model - FGSM accuracy: 0.6060
WA Model - PGD accuracy: 0.0525
Best model: wa_model (PGD acc: 0.0525, Val acc: 0.3565)

============ Epoch 84 ============
Training time: 120.71s
Training loss: 3.4205
Training accuracy: 0.8265
Current GPU memory: 4.60 GB
Validation time: 12.73
Model - Validation accuracy: 0.5565
Model - FGSM accuracy: 0.5220
Model - PGD accuracy: 0.0020
WA Model - Validation accuracy: 0.4530
WA Model - FGSM accuracy: 0.6140
WA Model - PGD accuracy: 0.0585
Best model: wa_model (PGD acc: 0.0585, Val acc: 0.4530)

============ Epoch 85 ============
Training time: 120.87s
Training loss: 3.3604
Training accuracy: 0.8530
Current GPU memory: 4.60 GB
Validation time: 12.80
Model - Validation accuracy: 0.5020
Model - FGSM accuracy: 0.5550
Model - PGD accuracy: 0.0070
WA Model - Validation accuracy: 0.6335
WA Model - FGSM accuracy: 0.6020
WA Model - PGD accuracy: 0.0505
Best model: wa_model (PGD acc: 0.0505, Val acc: 0.6335)

============ Epoch 86 ============
Training time: 121.46s
Training loss: 3.3292
Training accuracy: 0.8702
Current GPU memory: 4.60 GB
Validation time: 12.88
Model - Validation accuracy: 0.5200
Model - FGSM accuracy: 0.5525
Model - PGD accuracy: 0.0090
WA Model - Validation accuracy: 0.6320
WA Model - FGSM accuracy: 0.6105
WA Model - PGD accuracy: 0.0435
Best model: wa_model (PGD acc: 0.0435, Val acc: 0.6320)

============ Epoch 87 ============
Training time: 122.61s
Training loss: 3.2943
Training accuracy: 0.8857
Current GPU memory: 4.60 GB
Validation time: 12.80
Model - Validation accuracy: 0.5270
Model - FGSM accuracy: 0.5635
Model - PGD accuracy: 0.0100
WA Model - Validation accuracy: 0.6235
WA Model - FGSM accuracy: 0.6125
WA Model - PGD accuracy: 0.0395
Best model: wa_model (PGD acc: 0.0395, Val acc: 0.6235)

============ Epoch 88 ============
Training time: 121.92s
Training loss: 3.2572
Training accuracy: 0.9024
Current GPU memory: 4.60 GB
Validation time: 12.78
Model - Validation accuracy: 0.5300
Model - FGSM accuracy: 0.6075
Model - PGD accuracy: 0.0135
WA Model - Validation accuracy: 0.6175
WA Model - FGSM accuracy: 0.6040
WA Model - PGD accuracy: 0.0375
Best model: wa_model (PGD acc: 0.0375, Val acc: 0.6175)

============ Epoch 89 ============
Training time: 121.43s
Training loss: 3.2212
Training accuracy: 0.9184
Current GPU memory: 4.60 GB
Validation time: 12.76
Model - Validation accuracy: 0.5200
Model - FGSM accuracy: 0.5815
Model - PGD accuracy: 0.0130
WA Model - Validation accuracy: 0.6170
WA Model - FGSM accuracy: 0.6000
WA Model - PGD accuracy: 0.0360
Best model: wa_model (PGD acc: 0.0360, Val acc: 0.6170)

============ Epoch 90 ============
Training time: 121.85s
Training loss: 3.1852
Training accuracy: 0.9327
Current GPU memory: 4.60 GB
Validation time: 12.76
Model - Validation accuracy: 0.5060
Model - FGSM accuracy: 0.5670
Model - PGD accuracy: 0.0105
WA Model - Validation accuracy: 0.6105
WA Model - FGSM accuracy: 0.6020
WA Model - PGD accuracy: 0.0365
Best model: wa_model (PGD acc: 0.0365, Val acc: 0.6105)

============ Epoch 91 ============
Training time: 122.92s
Training loss: 3.1509
Training accuracy: 0.9460
Current GPU memory: 4.60 GB
Validation time: 12.84
Model - Validation accuracy: 0.5585
Model - FGSM accuracy: 0.6030
Model - PGD accuracy: 0.0195
WA Model - Validation accuracy: 0.6045
WA Model - FGSM accuracy: 0.6060
WA Model - PGD accuracy: 0.0350
Best model: wa_model (PGD acc: 0.0350, Val acc: 0.6045)

============ Epoch 92 ============
Training time: 120.70s
Training loss: 3.1164
Training accuracy: 0.9583
Current GPU memory: 4.60 GB
Validation time: 12.83
Model - Validation accuracy: 0.5340
Model - FGSM accuracy: 0.5785
Model - PGD accuracy: 0.0295
WA Model - Validation accuracy: 0.6000
WA Model - FGSM accuracy: 0.6085
WA Model - PGD accuracy: 0.0365
Best model: wa_model (PGD acc: 0.0365, Val acc: 0.6000)

============ Epoch 93 ============
Training time: 121.78s
Training loss: 3.0872
Training accuracy: 0.9677
Current GPU memory: 4.60 GB
Validation time: 12.75
Model - Validation accuracy: 0.5575
Model - FGSM accuracy: 0.5945
Model - PGD accuracy: 0.0305
WA Model - Validation accuracy: 0.5925
WA Model - FGSM accuracy: 0.6105
WA Model - PGD accuracy: 0.0375
Best model: wa_model (PGD acc: 0.0375, Val acc: 0.5925)

============ Epoch 94 ============
Training time: 121.04s
Training loss: 3.0610
Training accuracy: 0.9743
Current GPU memory: 4.60 GB
Validation time: 12.77
Model - Validation accuracy: 0.5565
Model - FGSM accuracy: 0.5880
Model - PGD accuracy: 0.0355
WA Model - Validation accuracy: 0.5815
WA Model - FGSM accuracy: 0.6035
WA Model - PGD accuracy: 0.0340
Best model: model (PGD acc: 0.0355, Val acc: 0.5565)

============ Epoch 95 ============
Training time: 120.54s
Training loss: 3.0408
Training accuracy: 0.9788
Current GPU memory: 4.60 GB
Validation time: 12.74
Model - Validation accuracy: 0.5445
Model - FGSM accuracy: 0.6030
Model - PGD accuracy: 0.0290
WA Model - Validation accuracy: 0.5730
WA Model - FGSM accuracy: 0.6060
WA Model - PGD accuracy: 0.0380
Best model: wa_model (PGD acc: 0.0380, Val acc: 0.5730)

============ Epoch 96 ============
Training time: 122.72s
Training loss: 3.0261
Training accuracy: 0.9823
Current GPU memory: 4.60 GB
Validation time: 12.85
Model - Validation accuracy: 0.5585
Model - FGSM accuracy: 0.5875
Model - PGD accuracy: 0.0400
WA Model - Validation accuracy: 0.5720
WA Model - FGSM accuracy: 0.6030
WA Model - PGD accuracy: 0.0390
Best model: model (PGD acc: 0.0400, Val acc: 0.5585)

============ Epoch 97 ============
Training time: 120.72s
Training loss: 3.0163
Training accuracy: 0.9840
Current GPU memory: 4.60 GB
Validation time: 12.74
Model - Validation accuracy: 0.5650
Model - FGSM accuracy: 0.5935
Model - PGD accuracy: 0.0400
WA Model - Validation accuracy: 0.5700
WA Model - FGSM accuracy: 0.5990
WA Model - PGD accuracy: 0.0390
Best model: model (PGD acc: 0.0400, Val acc: 0.5650)

============ Epoch 98 ============
Training time: 123.15s
Training loss: 3.0119
Training accuracy: 0.9853
Current GPU memory: 4.60 GB
Validation time: 12.81
Model - Validation accuracy: 0.5665
Model - FGSM accuracy: 0.5890
Model - PGD accuracy: 0.0415
WA Model - Validation accuracy: 0.5685
WA Model - FGSM accuracy: 0.5970
WA Model - PGD accuracy: 0.0380
Best model: model (PGD acc: 0.0415, Val acc: 0.5665)

============ Epoch 99 ============
Training time: 121.00s
Training loss: 3.0089
Training accuracy: 0.9860
Current GPU memory: 4.60 GB
Validation time: 12.77
Model - Validation accuracy: 0.5660
Model - FGSM accuracy: 0.5965
Model - PGD accuracy: 0.0395
WA Model - Validation accuracy: 0.5670
WA Model - FGSM accuracy: 0.5935
WA Model - PGD accuracy: 0.0375
Best model: model (PGD acc: 0.0395, Val acc: 0.5660)

train_acc_list: 
[0.019908163265306124, 0.03886734693877551, 0.05542857142857143, 0.06961224489795918, 0.08291836734693878, 0.09713265306122448, 0.10928571428571429, 0.11869387755102041, 0.1318061224489796, 0.1440204081632653, 0.15326530612244899, 0.16474489795918368, 0.17658163265306123, 0.18402040816326531, 0.19293877551020408, 0.19893877551020409, 0.20519387755102042, 0.20761224489795918, 0.2134795918367347, 0.2160408163265306, 0.21891836734693879, 0.2236530612244898, 0.2254591836734694, 0.22822448979591836, 0.23169387755102042, 0.23460204081632652, 0.2368469387755102, 0.2393265306122449, 0.2404795918367347, 0.2432857142857143, 0.2455408163265306, 0.2465408163265306, 0.24878571428571428, 0.25237755102040815, 0.25173469387755104, 0.25420408163265307, 0.2558367346938776, 0.2580918367346939, 0.2582857142857143, 0.25979591836734695, 0.26285714285714284, 0.26324489795918365, 0.26613265306122447, 0.26693877551020406, 0.2679489795918367, 0.26955102040816326, 0.2718163265306122, 0.2726938775510204, 0.2732040816326531, 0.27533673469387754, 0.27648979591836736, 0.2781734693877551, 0.2813265306122449, 0.2821326530612245, 0.2825408163265306, 0.28556122448979593, 0.2879795918367347, 0.2887448979591837, 0.29218367346938773, 0.29389795918367345, 0.29637755102040814, 0.29896938775510207, 0.2991632653061225, 0.3029387755102041, 0.3051326530612245, 0.3086938775510204, 0.3119081632653061, 0.31279591836734694, 0.3176326530612245, 0.32168367346938775, 0.3255816326530612, 0.329765306122449, 0.3746122448979592, 0.5869081632653061, 0.6737755102040817, 0.6988775510204082, 0.7113367346938776, 0.7271428571428571, 0.742, 0.7566326530612245, 0.766234693877551, 0.7778265306122449, 0.7960306122448979, 0.8113265306122449, 0.8265408163265306, 0.8529897959183673, 0.8701734693877551, 0.885704081632653, 0.9024387755102041, 0.918438775510204, 0.9326530612244898, 0.9459795918367347, 0.9583163265306123, 0.9676632653061225, 0.974326530612245, 0.9787653061224489, 0.9823469387755102, 0.9840408163265306, 0.9853163265306123, 0.9859897959183673]

model_val_acc_list: 
[0.038, 0.0615, 0.0825, 0.1125, 0.119, 0.1385, 0.152, 0.1775, 0.1865, 0.1925, 0.192, 0.225, 0.243, 0.259, 0.257, 0.272, 0.275, 0.278, 0.2935, 0.294, 0.268, 0.284, 0.2985, 0.302, 0.293, 0.2985, 0.3035, 0.291, 0.3195, 0.33, 0.316, 0.303, 0.31, 0.3105, 0.3295, 0.327, 0.326, 0.327, 0.3365, 0.326, 0.319, 0.337, 0.339, 0.335, 0.342, 0.3285, 0.354, 0.321, 0.348, 0.3175, 0.3415, 0.3375, 0.341, 0.3385, 0.338, 0.3525, 0.362, 0.352, 0.335, 0.3705, 0.355, 0.3735, 0.361, 0.373, 0.3625, 0.386, 0.381, 0.3825, 0.372, 0.3825, 0.393, 0.3825, 0.361, 0.41, 0.427, 0.3585, 0.3295, 0.3205, 0.139, 0.035, 0.061, 0.5185, 0.073, 0.091, 0.5565, 0.502, 0.52, 0.527, 0.53, 0.52, 0.506, 0.5585, 0.534, 0.5575, 0.5565, 0.5445, 0.5585, 0.565, 0.5665, 0.566]

model_pgd_acc_list: 
[0.0265, 0.0305, 0.047, 0.0565, 0.0635, 0.0725, 0.0825, 0.0925, 0.0955, 0.092, 0.092, 0.1085, 0.1155, 0.119, 0.122, 0.132, 0.133, 0.1365, 0.1495, 0.1495, 0.1355, 0.1425, 0.1355, 0.134, 0.14, 0.15, 0.1445, 0.1415, 0.153, 0.155, 0.1455, 0.139, 0.1435, 0.159, 0.1545, 0.152, 0.1505, 0.1565, 0.163, 0.1555, 0.1595, 0.1635, 0.167, 0.1615, 0.1605, 0.1455, 0.1745, 0.159, 0.1525, 0.139, 0.1575, 0.1635, 0.1645, 0.1625, 0.156, 0.1695, 0.173, 0.166, 0.153, 0.1655, 0.1595, 0.179, 0.1675, 0.176, 0.18, 0.176, 0.1715, 0.182, 0.171, 0.172, 0.1825, 0.1855, 0.0115, 0.0055, 0.0045, 0.0015, 0.0045, 0.0015, 0.008, 0.001, 0.0035, 0.003, 0.0085, 0.0115, 0.002, 0.007, 0.009, 0.01, 0.0135, 0.013, 0.0105, 0.0195, 0.0295, 0.0305, 0.0355, 0.029, 0.04, 0.04, 0.0415, 0.0395]

model_fgsm_acc_list: 
[0.0265, 0.0315, 0.048, 0.057, 0.0635, 0.074, 0.086, 0.094, 0.098, 0.0955, 0.096, 0.1095, 0.1225, 0.127, 0.1285, 0.14, 0.139, 0.144, 0.1545, 0.1535, 0.142, 0.1495, 0.144, 0.1425, 0.1435, 0.1615, 0.1525, 0.1495, 0.1635, 0.1625, 0.1545, 0.1465, 0.149, 0.1705, 0.1645, 0.1625, 0.1635, 0.1685, 0.178, 0.164, 0.1695, 0.172, 0.181, 0.1675, 0.167, 0.159, 0.189, 0.1735, 0.1645, 0.1515, 0.168, 0.1725, 0.173, 0.177, 0.167, 0.1825, 0.185, 0.173, 0.165, 0.1805, 0.17, 0.19, 0.178, 0.1915, 0.194, 0.1915, 0.186, 0.1945, 0.1855, 0.188, 0.201, 0.198, 0.2215, 0.4775, 0.5675, 0.533, 0.5125, 0.488, 0.512, 0.498, 0.5075, 0.439, 0.5445, 0.544, 0.522, 0.555, 0.5525, 0.5635, 0.6075, 0.5815, 0.567, 0.603, 0.5785, 0.5945, 0.588, 0.603, 0.5875, 0.5935, 0.589, 0.5965]

wa_val_acc_list: 
[0.0035, 0.0035, 0.006, 0.005, 0.0035, 0.005, 0.011, 0.02, 0.0325, 0.0465, 0.063, 0.076, 0.0845, 0.082, 0.0705, 0.059, 0.047, 0.043, 0.047, 0.065, 0.093, 0.1235, 0.1825, 0.229, 0.264, 0.2935, 0.3185, 0.3335, 0.345, 0.352, 0.3585, 0.363, 0.3695, 0.3765, 0.379, 0.381, 0.3815, 0.383, 0.384, 0.386, 0.385, 0.391, 0.3905, 0.394, 0.393, 0.39, 0.395, 0.3985, 0.4015, 0.4005, 0.4005, 0.403, 0.403, 0.4085, 0.405, 0.408, 0.408, 0.414, 0.4135, 0.4135, 0.42, 0.4185, 0.4225, 0.425, 0.431, 0.43, 0.4315, 0.4335, 0.435, 0.4395, 0.44, 0.4405, 0.449, 0.474, 0.5005, 0.5465, 0.575, 0.588, 0.5955, 0.599, 0.586, 0.5605, 0.475, 0.3565, 0.453, 0.6335, 0.632, 0.6235, 0.6175, 0.617, 0.6105, 0.6045, 0.6, 0.5925, 0.5815, 0.573, 0.572, 0.57, 0.5685, 0.567]

wa_pgd_acc_list: 
[0.0035, 0.0035, 0.004, 0.004, 0.0035, 0.005, 0.0065, 0.013, 0.018, 0.0245, 0.0335, 0.038, 0.045, 0.043, 0.0345, 0.029, 0.0275, 0.0265, 0.0275, 0.032, 0.0455, 0.0635, 0.09, 0.1155, 0.1445, 0.17, 0.183, 0.1905, 0.1975, 0.2025, 0.211, 0.2165, 0.2185, 0.217, 0.2205, 0.2245, 0.2275, 0.2255, 0.2285, 0.2285, 0.2315, 0.2325, 0.2295, 0.231, 0.2275, 0.2315, 0.233, 0.2305, 0.2315, 0.2335, 0.2375, 0.239, 0.2395, 0.237, 0.2385, 0.2375, 0.24, 0.239, 0.2405, 0.2405, 0.2435, 0.242, 0.2435, 0.245, 0.245, 0.2445, 0.247, 0.249, 0.248, 0.249, 0.248, 0.2475, 0.2465, 0.2285, 0.1905, 0.136, 0.075, 0.052, 0.0475, 0.0475, 0.0495, 0.0515, 0.052, 0.0525, 0.0585, 0.0505, 0.0435, 0.0395, 0.0375, 0.036, 0.0365, 0.035, 0.0365, 0.0375, 0.034, 0.038, 0.039, 0.039, 0.038, 0.0375]

wa_fgsm_acc_list: 
[0.0035, 0.0035, 0.004, 0.004, 0.0035, 0.005, 0.0065, 0.013, 0.018, 0.024, 0.034, 0.0385, 0.0465, 0.044, 0.0365, 0.0285, 0.0265, 0.026, 0.027, 0.0325, 0.046, 0.063, 0.093, 0.118, 0.1505, 0.175, 0.187, 0.196, 0.201, 0.2065, 0.215, 0.2185, 0.2215, 0.2245, 0.2265, 0.2285, 0.2305, 0.233, 0.2355, 0.2345, 0.238, 0.2375, 0.237, 0.239, 0.2375, 0.2385, 0.2375, 0.241, 0.2435, 0.2435, 0.246, 0.247, 0.247, 0.2475, 0.2505, 0.2455, 0.247, 0.249, 0.2475, 0.253, 0.252, 0.2515, 0.2535, 0.254, 0.255, 0.255, 0.259, 0.261, 0.258, 0.2595, 0.2595, 0.259, 0.259, 0.247, 0.2225, 0.2095, 0.2925, 0.406, 0.4655, 0.5045, 0.549, 0.585, 0.6015, 0.606, 0.614, 0.602, 0.6105, 0.6125, 0.604, 0.6, 0.602, 0.606, 0.6085, 0.6105, 0.6035, 0.606, 0.603, 0.599, 0.597, 0.5935]

total_training_time: 
12158.75933790207

total_val_time: 
1280.2337355613708

max_gpu_memory: 4.60 GB

==================================================
Starting final evaluation on test set...
==================================================
PGD test results:
  clean_acc: 0.4621
  pgd_10_acc: 0.2591
  pgd_20_acc: 0.2569
  pgd_50_acc: 0.2570
AutoAttack results:
  autoattack_acc: 0.1910
CR-Attack results:
  cr_attack_acc: 0.1916
