Method: grad_align
Seed: 0
Scheduler: OneCycleLR
Label smoothing: 0.4
Weight average: True, tau: 0.9995
grad_align_cos_lambda: 0.2


============ Epoch 0 ============
Training time: 358.75s
Training loss: 5.2932
Training accuracy: 0.0134
Current GPU memory: 6.76 GB
Validation time: 12.76s
Model - Validation accuracy: 0.0290
Model - FGSM accuracy: 0.0180
Model - PGD accuracy: 0.0180
WA Model - Validation accuracy: 0.0030
WA Model - FGSM accuracy: 0.0030
WA Model - PGD accuracy: 0.0030
Best model: model (PGD acc: 0.0180, Val acc: 0.0290)

============ Epoch 1 ============
Training time: 359.66s
Training loss: 5.2232
Training accuracy: 0.0249
Current GPU memory: 6.76 GB
Validation time: 12.74s
Model - Validation accuracy: 0.0420
Model - FGSM accuracy: 0.0290
Model - PGD accuracy: 0.0295
WA Model - Validation accuracy: 0.0050
WA Model - FGSM accuracy: 0.0045
WA Model - PGD accuracy: 0.0045
Best model: model (PGD acc: 0.0295, Val acc: 0.0420)

============ Epoch 2 ============
Training time: 359.66s
Training loss: 5.1738
Training accuracy: 0.0373
Current GPU memory: 6.76 GB
Validation time: 12.88s
Model - Validation accuracy: 0.0795
Model - FGSM accuracy: 0.0450
Model - PGD accuracy: 0.0440
WA Model - Validation accuracy: 0.0035
WA Model - FGSM accuracy: 0.0035
WA Model - PGD accuracy: 0.0035
Best model: model (PGD acc: 0.0440, Val acc: 0.0795)

============ Epoch 3 ============
Training time: 359.71s
Training loss: 5.1250
Training accuracy: 0.0519
Current GPU memory: 6.76 GB
Validation time: 12.79s
Model - Validation accuracy: 0.0975
Model - FGSM accuracy: 0.0580
Model - PGD accuracy: 0.0560
WA Model - Validation accuracy: 0.0035
WA Model - FGSM accuracy: 0.0035
WA Model - PGD accuracy: 0.0035
Best model: model (PGD acc: 0.0560, Val acc: 0.0975)

============ Epoch 4 ============
Training time: 359.87s
Training loss: 5.0846
Training accuracy: 0.0642
Current GPU memory: 6.76 GB
Validation time: 12.86s
Model - Validation accuracy: 0.1290
Model - FGSM accuracy: 0.0720
Model - PGD accuracy: 0.0710
WA Model - Validation accuracy: 0.0055
WA Model - FGSM accuracy: 0.0040
WA Model - PGD accuracy: 0.0040
Best model: model (PGD acc: 0.0710, Val acc: 0.1290)

============ Epoch 5 ============
Training time: 360.43s
Training loss: 5.0478
Training accuracy: 0.0752
Current GPU memory: 6.76 GB
Validation time: 12.81s
Model - Validation accuracy: 0.1490
Model - FGSM accuracy: 0.0810
Model - PGD accuracy: 0.0815
WA Model - Validation accuracy: 0.0055
WA Model - FGSM accuracy: 0.0040
WA Model - PGD accuracy: 0.0040
Best model: model (PGD acc: 0.0815, Val acc: 0.1490)

============ Epoch 6 ============
Training time: 359.79s
Training loss: 5.0177
Training accuracy: 0.0844
Current GPU memory: 6.76 GB
Validation time: 12.79s
Model - Validation accuracy: 0.1690
Model - FGSM accuracy: 0.0850
Model - PGD accuracy: 0.0805
WA Model - Validation accuracy: 0.0085
WA Model - FGSM accuracy: 0.0055
WA Model - PGD accuracy: 0.0055
Best model: model (PGD acc: 0.0805, Val acc: 0.1690)

============ Epoch 7 ============
Training time: 359.68s
Training loss: 4.9883
Training accuracy: 0.0939
Current GPU memory: 6.76 GB
Validation time: 12.86s
Model - Validation accuracy: 0.1825
Model - FGSM accuracy: 0.1005
Model - PGD accuracy: 0.0955
WA Model - Validation accuracy: 0.0205
WA Model - FGSM accuracy: 0.0115
WA Model - PGD accuracy: 0.0115
Best model: model (PGD acc: 0.0955, Val acc: 0.1825)

============ Epoch 8 ============
Training time: 360.39s
Training loss: 4.9629
Training accuracy: 0.1015
Current GPU memory: 6.76 GB
Validation time: 12.81s
Model - Validation accuracy: 0.2035
Model - FGSM accuracy: 0.1050
Model - PGD accuracy: 0.1025
WA Model - Validation accuracy: 0.0295
WA Model - FGSM accuracy: 0.0200
WA Model - PGD accuracy: 0.0205
Best model: model (PGD acc: 0.1025, Val acc: 0.2035)

============ Epoch 9 ============
Training time: 359.88s
Training loss: 4.9368
Training accuracy: 0.1100
Current GPU memory: 6.76 GB
Validation time: 12.76s
Model - Validation accuracy: 0.2100
Model - FGSM accuracy: 0.1080
Model - PGD accuracy: 0.1030
WA Model - Validation accuracy: 0.0430
WA Model - FGSM accuracy: 0.0250
WA Model - PGD accuracy: 0.0250
Best model: model (PGD acc: 0.1030, Val acc: 0.2100)

============ Epoch 10 ============
Training time: 360.35s
Training loss: 4.9074
Training accuracy: 0.1197
Current GPU memory: 6.76 GB
Validation time: 12.79s
Model - Validation accuracy: 0.2150
Model - FGSM accuracy: 0.1125
Model - PGD accuracy: 0.1115
WA Model - Validation accuracy: 0.0605
WA Model - FGSM accuracy: 0.0310
WA Model - PGD accuracy: 0.0310
Best model: model (PGD acc: 0.1115, Val acc: 0.2150)

============ Epoch 11 ============
Training time: 359.48s
Training loss: 4.8841
Training accuracy: 0.1275
Current GPU memory: 6.76 GB
Validation time: 12.77s
Model - Validation accuracy: 0.2395
Model - FGSM accuracy: 0.1310
Model - PGD accuracy: 0.1260
WA Model - Validation accuracy: 0.0715
WA Model - FGSM accuracy: 0.0370
WA Model - PGD accuracy: 0.0365
Best model: model (PGD acc: 0.1260, Val acc: 0.2395)

============ Epoch 12 ============
Training time: 359.90s
Training loss: 4.8618
Training accuracy: 0.1362
Current GPU memory: 6.76 GB
Validation time: 12.77s
Model - Validation accuracy: 0.2445
Model - FGSM accuracy: 0.1335
Model - PGD accuracy: 0.1285
WA Model - Validation accuracy: 0.0790
WA Model - FGSM accuracy: 0.0425
WA Model - PGD accuracy: 0.0420
Best model: model (PGD acc: 0.1285, Val acc: 0.2445)

============ Epoch 13 ============
Training time: 359.09s
Training loss: 4.8405
Training accuracy: 0.1429
Current GPU memory: 6.76 GB
Validation time: 12.71s
Model - Validation accuracy: 0.2605
Model - FGSM accuracy: 0.1375
Model - PGD accuracy: 0.1295
WA Model - Validation accuracy: 0.0790
WA Model - FGSM accuracy: 0.0415
WA Model - PGD accuracy: 0.0405
Best model: model (PGD acc: 0.1295, Val acc: 0.2605)

============ Epoch 14 ============
Training time: 359.14s
Training loss: 4.8222
Training accuracy: 0.1489
Current GPU memory: 6.76 GB
Validation time: 12.70s
Model - Validation accuracy: 0.2575
Model - FGSM accuracy: 0.1380
Model - PGD accuracy: 0.1305
WA Model - Validation accuracy: 0.0625
WA Model - FGSM accuracy: 0.0330
WA Model - PGD accuracy: 0.0315
Best model: model (PGD acc: 0.1305, Val acc: 0.2575)

============ Epoch 15 ============
Training time: 359.51s
Training loss: 4.8075
Training accuracy: 0.1540
Current GPU memory: 6.76 GB
Validation time: 12.79s
Model - Validation accuracy: 0.2830
Model - FGSM accuracy: 0.1530
Model - PGD accuracy: 0.1465
WA Model - Validation accuracy: 0.0505
WA Model - FGSM accuracy: 0.0255
WA Model - PGD accuracy: 0.0250
Best model: model (PGD acc: 0.1465, Val acc: 0.2830)

============ Epoch 16 ============
Training time: 359.31s
Training loss: 4.7948
Training accuracy: 0.1587
Current GPU memory: 6.76 GB
Validation time: 12.80s
Model - Validation accuracy: 0.2745
Model - FGSM accuracy: 0.1515
Model - PGD accuracy: 0.1425
WA Model - Validation accuracy: 0.0420
WA Model - FGSM accuracy: 0.0220
WA Model - PGD accuracy: 0.0205
Best model: model (PGD acc: 0.1425, Val acc: 0.2745)

============ Epoch 17 ============
Training time: 360.09s
Training loss: 4.7852
Training accuracy: 0.1617
Current GPU memory: 6.76 GB
Validation time: 12.81s
Model - Validation accuracy: 0.2790
Model - FGSM accuracy: 0.1455
Model - PGD accuracy: 0.1345
WA Model - Validation accuracy: 0.0375
WA Model - FGSM accuracy: 0.0205
WA Model - PGD accuracy: 0.0205
Best model: model (PGD acc: 0.1345, Val acc: 0.2790)

============ Epoch 18 ============
Training time: 359.46s
Training loss: 4.7751
Training accuracy: 0.1669
Current GPU memory: 6.76 GB
Validation time: 12.74s
Model - Validation accuracy: 0.2645
Model - FGSM accuracy: 0.1510
Model - PGD accuracy: 0.1440
WA Model - Validation accuracy: 0.0420
WA Model - FGSM accuracy: 0.0220
WA Model - PGD accuracy: 0.0215
Best model: model (PGD acc: 0.1440, Val acc: 0.2645)

============ Epoch 19 ============
Training time: 359.46s
Training loss: 4.7658
Training accuracy: 0.1705
Current GPU memory: 6.76 GB
Validation time: 12.78s
Model - Validation accuracy: 0.2820
Model - FGSM accuracy: 0.1520
Model - PGD accuracy: 0.1410
WA Model - Validation accuracy: 0.0495
WA Model - FGSM accuracy: 0.0270
WA Model - PGD accuracy: 0.0270
Best model: model (PGD acc: 0.1410, Val acc: 0.2820)

============ Epoch 20 ============
Training time: 359.77s
Training loss: 4.7582
Training accuracy: 0.1709
Current GPU memory: 6.76 GB
Validation time: 12.88s
Model - Validation accuracy: 0.2795
Model - FGSM accuracy: 0.1530
Model - PGD accuracy: 0.1390
WA Model - Validation accuracy: 0.0800
WA Model - FGSM accuracy: 0.0360
WA Model - PGD accuracy: 0.0350
Best model: model (PGD acc: 0.1390, Val acc: 0.2795)

============ Epoch 21 ============
Training time: 359.97s
Training loss: 4.7502
Training accuracy: 0.1751
Current GPU memory: 6.76 GB
Validation time: 12.88s
Model - Validation accuracy: 0.2765
Model - FGSM accuracy: 0.1485
Model - PGD accuracy: 0.1410
WA Model - Validation accuracy: 0.1160
WA Model - FGSM accuracy: 0.0560
WA Model - PGD accuracy: 0.0550
Best model: model (PGD acc: 0.1410, Val acc: 0.2765)

============ Epoch 22 ============
Training time: 360.10s
Training loss: 4.7431
Training accuracy: 0.1775
Current GPU memory: 6.76 GB
Validation time: 12.79s
Model - Validation accuracy: 0.2795
Model - FGSM accuracy: 0.1535
Model - PGD accuracy: 0.1455
WA Model - Validation accuracy: 0.1710
WA Model - FGSM accuracy: 0.0810
WA Model - PGD accuracy: 0.0810
Best model: model (PGD acc: 0.1455, Val acc: 0.2795)

============ Epoch 23 ============
Training time: 359.64s
Training loss: 4.7365
Training accuracy: 0.1798
Current GPU memory: 6.76 GB
Validation time: 12.77s
Model - Validation accuracy: 0.2870
Model - FGSM accuracy: 0.1490
Model - PGD accuracy: 0.1400
WA Model - Validation accuracy: 0.2260
WA Model - FGSM accuracy: 0.1155
WA Model - PGD accuracy: 0.1115
Best model: model (PGD acc: 0.1400, Val acc: 0.2870)

============ Epoch 24 ============
Training time: 359.03s
Training loss: 4.7281
Training accuracy: 0.1827
Current GPU memory: 6.76 GB
Validation time: 12.70s
Model - Validation accuracy: 0.2960
Model - FGSM accuracy: 0.1605
Model - PGD accuracy: 0.1545
WA Model - Validation accuracy: 0.2620
WA Model - FGSM accuracy: 0.1510
WA Model - PGD accuracy: 0.1485
Best model: model (PGD acc: 0.1545, Val acc: 0.2960)

============ Epoch 25 ============
Training time: 359.42s
Training loss: 4.7229
Training accuracy: 0.1867
Current GPU memory: 6.76 GB
Validation time: 12.77s
Model - Validation accuracy: 0.2950
Model - FGSM accuracy: 0.1625
Model - PGD accuracy: 0.1515
WA Model - Validation accuracy: 0.2920
WA Model - FGSM accuracy: 0.1715
WA Model - PGD accuracy: 0.1675
Best model: wa_model (PGD acc: 0.1675, Val acc: 0.2920)

============ Epoch 26 ============
Training time: 359.92s
Training loss: 4.7187
Training accuracy: 0.1871
Current GPU memory: 6.76 GB
Validation time: 12.81s
Model - Validation accuracy: 0.3050
Model - FGSM accuracy: 0.1675
Model - PGD accuracy: 0.1580
WA Model - Validation accuracy: 0.3150
WA Model - FGSM accuracy: 0.1870
WA Model - PGD accuracy: 0.1840
Best model: wa_model (PGD acc: 0.1840, Val acc: 0.3150)

============ Epoch 27 ============
Training time: 360.00s
Training loss: 4.7143
Training accuracy: 0.1887
Current GPU memory: 6.76 GB
Validation time: 12.73s
Model - Validation accuracy: 0.3005
Model - FGSM accuracy: 0.1630
Model - PGD accuracy: 0.1560
WA Model - Validation accuracy: 0.3255
WA Model - FGSM accuracy: 0.2010
WA Model - PGD accuracy: 0.1950
Best model: wa_model (PGD acc: 0.1950, Val acc: 0.3255)

============ Epoch 28 ============
Training time: 360.34s
Training loss: 4.7074
Training accuracy: 0.1913
Current GPU memory: 6.76 GB
Validation time: 12.76s
Model - Validation accuracy: 0.3110
Model - FGSM accuracy: 0.1680
Model - PGD accuracy: 0.1540
WA Model - Validation accuracy: 0.3355
WA Model - FGSM accuracy: 0.2095
WA Model - PGD accuracy: 0.2050
Best model: wa_model (PGD acc: 0.2050, Val acc: 0.3355)

============ Epoch 29 ============
Training time: 360.13s
Training loss: 4.7030
Training accuracy: 0.1925
Current GPU memory: 6.76 GB
Validation time: 12.82s
Model - Validation accuracy: 0.3475
Model - FGSM accuracy: 0.1815
Model - PGD accuracy: 0.1660
WA Model - Validation accuracy: 0.3445
WA Model - FGSM accuracy: 0.2110
WA Model - PGD accuracy: 0.2065
Best model: wa_model (PGD acc: 0.2065, Val acc: 0.3445)

============ Epoch 30 ============
Training time: 359.98s
Training loss: 4.6953
Training accuracy: 0.1966
Current GPU memory: 6.76 GB
Validation time: 12.79s
Model - Validation accuracy: 0.3210
Model - FGSM accuracy: 0.1865
Model - PGD accuracy: 0.1775
WA Model - Validation accuracy: 0.3520
WA Model - FGSM accuracy: 0.2130
WA Model - PGD accuracy: 0.2105
Best model: wa_model (PGD acc: 0.2105, Val acc: 0.3520)

============ Epoch 31 ============
Training time: 360.02s
Training loss: 4.6901
Training accuracy: 0.1981
Current GPU memory: 6.76 GB
Validation time: 12.81s
Model - Validation accuracy: 0.3180
Model - FGSM accuracy: 0.1650
Model - PGD accuracy: 0.1520
WA Model - Validation accuracy: 0.3585
WA Model - FGSM accuracy: 0.2155
WA Model - PGD accuracy: 0.2130
Best model: wa_model (PGD acc: 0.2130, Val acc: 0.3585)

============ Epoch 32 ============
Training time: 360.12s
Training loss: 4.6856
Training accuracy: 0.2003
Current GPU memory: 6.76 GB
Validation time: 12.82s
Model - Validation accuracy: 0.3175
Model - FGSM accuracy: 0.1595
Model - PGD accuracy: 0.1520
WA Model - Validation accuracy: 0.3655
WA Model - FGSM accuracy: 0.2200
WA Model - PGD accuracy: 0.2140
Best model: wa_model (PGD acc: 0.2140, Val acc: 0.3655)

============ Epoch 33 ============
Training time: 359.96s
Training loss: 4.6811
Training accuracy: 0.2023
Current GPU memory: 6.76 GB
Validation time: 12.74s
Model - Validation accuracy: 0.3270
Model - FGSM accuracy: 0.1710
Model - PGD accuracy: 0.1625
WA Model - Validation accuracy: 0.3700
WA Model - FGSM accuracy: 0.2220
WA Model - PGD accuracy: 0.2160
Best model: wa_model (PGD acc: 0.2160, Val acc: 0.3700)

============ Epoch 34 ============
Training time: 359.93s
Training loss: 4.6762
Training accuracy: 0.2035
Current GPU memory: 6.76 GB
Validation time: 12.76s
Model - Validation accuracy: 0.3235
Model - FGSM accuracy: 0.1775
Model - PGD accuracy: 0.1640
WA Model - Validation accuracy: 0.3750
WA Model - FGSM accuracy: 0.2260
WA Model - PGD accuracy: 0.2165
Best model: wa_model (PGD acc: 0.2165, Val acc: 0.3750)

============ Epoch 35 ============
Training time: 359.42s
Training loss: 4.6719
Training accuracy: 0.2046
Current GPU memory: 6.76 GB
Validation time: 12.73s
Model - Validation accuracy: 0.3305
Model - FGSM accuracy: 0.1655
Model - PGD accuracy: 0.1530
WA Model - Validation accuracy: 0.3790
WA Model - FGSM accuracy: 0.2250
WA Model - PGD accuracy: 0.2165
Best model: wa_model (PGD acc: 0.2165, Val acc: 0.3790)

============ Epoch 36 ============
Training time: 359.24s
Training loss: 4.6676
Training accuracy: 0.2068
Current GPU memory: 6.76 GB
Validation time: 12.66s
Model - Validation accuracy: 0.3240
Model - FGSM accuracy: 0.1720
Model - PGD accuracy: 0.1605
WA Model - Validation accuracy: 0.3800
WA Model - FGSM accuracy: 0.2285
WA Model - PGD accuracy: 0.2190
Best model: wa_model (PGD acc: 0.2190, Val acc: 0.3800)

============ Epoch 37 ============
Training time: 358.69s
Training loss: 4.6637
Training accuracy: 0.2074
Current GPU memory: 6.76 GB
Validation time: 12.77s
Model - Validation accuracy: 0.3300
Model - FGSM accuracy: 0.1790
Model - PGD accuracy: 0.1635
WA Model - Validation accuracy: 0.3810
WA Model - FGSM accuracy: 0.2290
WA Model - PGD accuracy: 0.2210
Best model: wa_model (PGD acc: 0.2210, Val acc: 0.3810)

============ Epoch 38 ============
Training time: 359.97s
Training loss: 4.6593
Training accuracy: 0.2099
Current GPU memory: 6.76 GB
Validation time: 12.86s
Model - Validation accuracy: 0.3360
Model - FGSM accuracy: 0.1710
Model - PGD accuracy: 0.1570
WA Model - Validation accuracy: 0.3820
WA Model - FGSM accuracy: 0.2315
WA Model - PGD accuracy: 0.2225
Best model: wa_model (PGD acc: 0.2225, Val acc: 0.3820)

============ Epoch 39 ============
Training time: 359.93s
Training loss: 4.6539
Training accuracy: 0.2116
Current GPU memory: 6.76 GB
Validation time: 12.74s
Model - Validation accuracy: 0.3370
Model - FGSM accuracy: 0.1805
Model - PGD accuracy: 0.1615
WA Model - Validation accuracy: 0.3835
WA Model - FGSM accuracy: 0.2325
WA Model - PGD accuracy: 0.2215
Best model: wa_model (PGD acc: 0.2215, Val acc: 0.3835)

============ Epoch 40 ============
Training time: 359.52s
Training loss: 4.6506
Training accuracy: 0.2137
Current GPU memory: 6.76 GB
Validation time: 12.78s
Model - Validation accuracy: 0.3200
Model - FGSM accuracy: 0.1645
Model - PGD accuracy: 0.1470
WA Model - Validation accuracy: 0.3835
WA Model - FGSM accuracy: 0.2315
WA Model - PGD accuracy: 0.2205
Best model: wa_model (PGD acc: 0.2205, Val acc: 0.3835)

============ Epoch 41 ============
Training time: 360.33s
Training loss: 4.6433
Training accuracy: 0.2178
Current GPU memory: 6.76 GB
Validation time: 12.80s
Model - Validation accuracy: 0.3445
Model - FGSM accuracy: 0.1945
Model - PGD accuracy: 0.1755
WA Model - Validation accuracy: 0.3845
WA Model - FGSM accuracy: 0.2355
WA Model - PGD accuracy: 0.2235
Best model: wa_model (PGD acc: 0.2235, Val acc: 0.3845)

============ Epoch 42 ============
Training time: 360.21s
Training loss: 4.6413
Training accuracy: 0.2202
Current GPU memory: 6.76 GB
Validation time: 12.97s
Model - Validation accuracy: 0.3425
Model - FGSM accuracy: 0.1765
Model - PGD accuracy: 0.1595
WA Model - Validation accuracy: 0.3870
WA Model - FGSM accuracy: 0.2350
WA Model - PGD accuracy: 0.2220
Best model: wa_model (PGD acc: 0.2220, Val acc: 0.3870)

============ Epoch 43 ============
Training time: 360.15s
Training loss: 4.6348
Training accuracy: 0.2223
Current GPU memory: 6.76 GB
Validation time: 12.88s
Model - Validation accuracy: 0.3600
Model - FGSM accuracy: 0.1890
Model - PGD accuracy: 0.1705
WA Model - Validation accuracy: 0.3865
WA Model - FGSM accuracy: 0.2380
WA Model - PGD accuracy: 0.2205
Best model: wa_model (PGD acc: 0.2205, Val acc: 0.3865)

============ Epoch 44 ============
Training time: 360.73s
Training loss: 4.6349
Training accuracy: 0.2218
Current GPU memory: 6.76 GB
Validation time: 12.96s
Model - Validation accuracy: 0.3480
Model - FGSM accuracy: 0.1815
Model - PGD accuracy: 0.1625
WA Model - Validation accuracy: 0.3885
WA Model - FGSM accuracy: 0.2340
WA Model - PGD accuracy: 0.2215
Best model: wa_model (PGD acc: 0.2215, Val acc: 0.3885)

============ Epoch 45 ============
Training time: 360.66s
Training loss: 4.6314
Training accuracy: 0.2209
Current GPU memory: 6.76 GB
Validation time: 12.90s
Model - Validation accuracy: 0.3465
Model - FGSM accuracy: 0.1865
Model - PGD accuracy: 0.1720
WA Model - Validation accuracy: 0.3890
WA Model - FGSM accuracy: 0.2335
WA Model - PGD accuracy: 0.2210
Best model: wa_model (PGD acc: 0.2210, Val acc: 0.3890)

============ Epoch 46 ============
Training time: 360.70s
Training loss: 4.6254
Training accuracy: 0.2256
Current GPU memory: 6.76 GB
Validation time: 12.87s
Model - Validation accuracy: 0.3425
Model - FGSM accuracy: 0.1840
Model - PGD accuracy: 0.1665
WA Model - Validation accuracy: 0.3905
WA Model - FGSM accuracy: 0.2320
WA Model - PGD accuracy: 0.2205
Best model: wa_model (PGD acc: 0.2205, Val acc: 0.3905)

============ Epoch 47 ============
Training time: 360.30s
Training loss: 4.6235
Training accuracy: 0.2280
Current GPU memory: 6.76 GB
Validation time: 12.77s
Model - Validation accuracy: 0.3480
Model - FGSM accuracy: 0.1855
Model - PGD accuracy: 0.1660
WA Model - Validation accuracy: 0.3905
WA Model - FGSM accuracy: 0.2360
WA Model - PGD accuracy: 0.2210
Best model: wa_model (PGD acc: 0.2210, Val acc: 0.3905)

============ Epoch 48 ============
Training time: 359.97s
Training loss: 4.6249
Training accuracy: 0.2266
Current GPU memory: 6.76 GB
Validation time: 12.81s
Model - Validation accuracy: 0.3470
Model - FGSM accuracy: 0.1955
Model - PGD accuracy: 0.1725
WA Model - Validation accuracy: 0.3885
WA Model - FGSM accuracy: 0.2385
WA Model - PGD accuracy: 0.2185
Best model: wa_model (PGD acc: 0.2185, Val acc: 0.3885)

============ Epoch 49 ============
Training time: 360.22s
Training loss: 4.6216
Training accuracy: 0.2266
Current GPU memory: 6.76 GB
Validation time: 13.04s
Model - Validation accuracy: 0.3480
Model - FGSM accuracy: 0.1740
Model - PGD accuracy: 0.1650
WA Model - Validation accuracy: 0.3910
WA Model - FGSM accuracy: 0.2355
WA Model - PGD accuracy: 0.2200
Best model: wa_model (PGD acc: 0.2200, Val acc: 0.3910)

============ Epoch 50 ============
Training time: 360.58s
Training loss: 4.6236
Training accuracy: 0.2254
Current GPU memory: 6.76 GB
Validation time: 12.95s
Model - Validation accuracy: 0.3435
Model - FGSM accuracy: 0.1790
Model - PGD accuracy: 0.1610
WA Model - Validation accuracy: 0.3945
WA Model - FGSM accuracy: 0.2385
WA Model - PGD accuracy: 0.2250
Best model: wa_model (PGD acc: 0.2250, Val acc: 0.3945)

============ Epoch 51 ============
Training time: 360.56s
Training loss: 4.6119
Training accuracy: 0.2302
Current GPU memory: 6.76 GB
Validation time: 12.99s
Model - Validation accuracy: 0.3455
Model - FGSM accuracy: 0.1735
Model - PGD accuracy: 0.1565
WA Model - Validation accuracy: 0.3965
WA Model - FGSM accuracy: 0.2400
WA Model - PGD accuracy: 0.2245
Best model: wa_model (PGD acc: 0.2245, Val acc: 0.3965)

============ Epoch 52 ============
Training time: 360.45s
Training loss: 4.6120
Training accuracy: 0.2316
Current GPU memory: 6.76 GB
Validation time: 12.89s
Model - Validation accuracy: 0.3480
Model - FGSM accuracy: 0.1825
Model - PGD accuracy: 0.1660
WA Model - Validation accuracy: 0.3965
WA Model - FGSM accuracy: 0.2415
WA Model - PGD accuracy: 0.2265
Best model: wa_model (PGD acc: 0.2265, Val acc: 0.3965)

============ Epoch 53 ============
Training time: 360.50s
Training loss: 4.6131
Training accuracy: 0.2301
Current GPU memory: 6.76 GB
Validation time: 12.86s
Model - Validation accuracy: 0.3510
Model - FGSM accuracy: 0.1735
Model - PGD accuracy: 0.1590
WA Model - Validation accuracy: 0.3975
WA Model - FGSM accuracy: 0.2380
WA Model - PGD accuracy: 0.2235
Best model: wa_model (PGD acc: 0.2235, Val acc: 0.3975)

============ Epoch 54 ============
Training time: 360.47s
Training loss: 4.6110
Training accuracy: 0.2299
Current GPU memory: 6.76 GB
Validation time: 12.97s
Model - Validation accuracy: 0.3455
Model - FGSM accuracy: 0.1810
Model - PGD accuracy: 0.1680
WA Model - Validation accuracy: 0.3945
WA Model - FGSM accuracy: 0.2335
WA Model - PGD accuracy: 0.2235
Best model: wa_model (PGD acc: 0.2235, Val acc: 0.3945)

============ Epoch 55 ============
Training time: 360.11s
Training loss: 4.6121
Training accuracy: 0.2259
Current GPU memory: 6.76 GB
Validation time: 12.76s
Model - Validation accuracy: 0.3565
Model - FGSM accuracy: 0.1915
Model - PGD accuracy: 0.1775
WA Model - Validation accuracy: 0.3960
WA Model - FGSM accuracy: 0.2345
WA Model - PGD accuracy: 0.2245
Best model: wa_model (PGD acc: 0.2245, Val acc: 0.3960)

============ Epoch 56 ============
Training time: 359.22s
Training loss: 4.6011
Training accuracy: 0.2316
Current GPU memory: 6.76 GB
Validation time: 12.72s
Model - Validation accuracy: 0.3515
Model - FGSM accuracy: 0.1840
Model - PGD accuracy: 0.1650
WA Model - Validation accuracy: 0.3990
WA Model - FGSM accuracy: 0.2380
WA Model - PGD accuracy: 0.2255
Best model: wa_model (PGD acc: 0.2255, Val acc: 0.3990)

============ Epoch 57 ============
Training time: 359.27s
Training loss: 4.5924
Training accuracy: 0.2360
Current GPU memory: 6.76 GB
Validation time: 12.90s
Model - Validation accuracy: 0.3530
Model - FGSM accuracy: 0.1725
Model - PGD accuracy: 0.1575
WA Model - Validation accuracy: 0.4035
WA Model - FGSM accuracy: 0.2400
WA Model - PGD accuracy: 0.2285
Best model: wa_model (PGD acc: 0.2285, Val acc: 0.4035)

============ Epoch 58 ============
Training time: 360.07s
Training loss: 4.5884
Training accuracy: 0.2388
Current GPU memory: 6.76 GB
Validation time: 12.85s
Model - Validation accuracy: 0.2080
Model - FGSM accuracy: 0.0825
Model - PGD accuracy: 0.0660
WA Model - Validation accuracy: 0.4065
WA Model - FGSM accuracy: 0.2375
WA Model - PGD accuracy: 0.2280
Best model: wa_model (PGD acc: 0.2280, Val acc: 0.4065)

============ Epoch 59 ============
Training time: 359.97s
Training loss: 4.5931
Training accuracy: 0.2329
Current GPU memory: 6.76 GB
Validation time: 12.82s
Model - Validation accuracy: 0.3570
Model - FGSM accuracy: 0.1880
Model - PGD accuracy: 0.1685
WA Model - Validation accuracy: 0.4100
WA Model - FGSM accuracy: 0.2405
WA Model - PGD accuracy: 0.2310
Best model: wa_model (PGD acc: 0.2310, Val acc: 0.4100)

============ Epoch 60 ============
Training time: 359.97s
Training loss: 4.5786
Training accuracy: 0.2426
Current GPU memory: 6.76 GB
Validation time: 12.68s
Model - Validation accuracy: 0.3875
Model - FGSM accuracy: 0.1995
Model - PGD accuracy: 0.1805
WA Model - Validation accuracy: 0.4150
WA Model - FGSM accuracy: 0.2405
WA Model - PGD accuracy: 0.2295
Best model: wa_model (PGD acc: 0.2295, Val acc: 0.4150)

============ Epoch 61 ============
Training time: 359.43s
Training loss: 4.5722
Training accuracy: 0.2449
Current GPU memory: 6.76 GB
Validation time: 12.76s
Model - Validation accuracy: 0.3600
Model - FGSM accuracy: 0.1890
Model - PGD accuracy: 0.1660
WA Model - Validation accuracy: 0.4145
WA Model - FGSM accuracy: 0.2435
WA Model - PGD accuracy: 0.2295
Best model: wa_model (PGD acc: 0.2295, Val acc: 0.4145)

============ Epoch 62 ============
Training time: 359.53s
Training loss: 4.5820
Training accuracy: 0.2398
Current GPU memory: 6.76 GB
Validation time: 12.70s
Model - Validation accuracy: 0.3695
Model - FGSM accuracy: 0.1925
Model - PGD accuracy: 0.1750
WA Model - Validation accuracy: 0.4120
WA Model - FGSM accuracy: 0.2410
WA Model - PGD accuracy: 0.2290
Best model: wa_model (PGD acc: 0.2290, Val acc: 0.4120)

============ Epoch 63 ============
Training time: 359.49s
Training loss: 4.5709
Training accuracy: 0.2429
Current GPU memory: 6.76 GB
Validation time: 12.71s
Model - Validation accuracy: 0.3740
Model - FGSM accuracy: 0.1885
Model - PGD accuracy: 0.1695
WA Model - Validation accuracy: 0.4150
WA Model - FGSM accuracy: 0.2435
WA Model - PGD accuracy: 0.2280
Best model: wa_model (PGD acc: 0.2280, Val acc: 0.4150)

============ Epoch 64 ============
Training time: 359.46s
Training loss: 4.5612
Training accuracy: 0.2473
Current GPU memory: 6.76 GB
Validation time: 12.80s
Model - Validation accuracy: 0.3745
Model - FGSM accuracy: 0.2085
Model - PGD accuracy: 0.1895
WA Model - Validation accuracy: 0.4180
WA Model - FGSM accuracy: 0.2435
WA Model - PGD accuracy: 0.2300
Best model: wa_model (PGD acc: 0.2300, Val acc: 0.4180)

============ Epoch 65 ============
Training time: 359.46s
Training loss: 4.5522
Training accuracy: 0.2516
Current GPU memory: 6.76 GB
Validation time: 12.69s
Model - Validation accuracy: 0.3735
Model - FGSM accuracy: 0.1925
Model - PGD accuracy: 0.1755
WA Model - Validation accuracy: 0.4190
WA Model - FGSM accuracy: 0.2450
WA Model - PGD accuracy: 0.2320
Best model: wa_model (PGD acc: 0.2320, Val acc: 0.4190)

============ Epoch 66 ============
Training time: 359.42s
Training loss: 4.5449
Training accuracy: 0.2566
Current GPU memory: 6.76 GB
Validation time: 12.70s
Model - Validation accuracy: 0.3765
Model - FGSM accuracy: 0.2000
Model - PGD accuracy: 0.1770
WA Model - Validation accuracy: 0.4245
WA Model - FGSM accuracy: 0.2480
WA Model - PGD accuracy: 0.2290
Best model: wa_model (PGD acc: 0.2290, Val acc: 0.4245)

============ Epoch 67 ============
Training time: 359.80s
Training loss: 4.5378
Training accuracy: 0.2590
Current GPU memory: 6.76 GB
Validation time: 12.85s
Model - Validation accuracy: 0.3690
Model - FGSM accuracy: 0.2090
Model - PGD accuracy: 0.1880
WA Model - Validation accuracy: 0.4250
WA Model - FGSM accuracy: 0.2485
WA Model - PGD accuracy: 0.2330
Best model: wa_model (PGD acc: 0.2330, Val acc: 0.4250)

============ Epoch 68 ============
Training time: 359.67s
Training loss: 4.3045
Training accuracy: 0.4085
Current GPU memory: 6.76 GB
Validation time: 12.72s
Model - Validation accuracy: 0.2795
Model - FGSM accuracy: 0.3105
Model - PGD accuracy: 0.0000
WA Model - Validation accuracy: 0.4165
WA Model - FGSM accuracy: 0.2240
WA Model - PGD accuracy: 0.2130
Best model: wa_model (PGD acc: 0.2130, Val acc: 0.4165)

============ Epoch 69 ============
Training time: 359.29s
Training loss: 3.7522
Training accuracy: 0.7557
Current GPU memory: 6.76 GB
Validation time: 12.70s
Model - Validation accuracy: 0.2425
Model - FGSM accuracy: 0.6075
Model - PGD accuracy: 0.0000
WA Model - Validation accuracy: 0.2995
WA Model - FGSM accuracy: 0.1185
WA Model - PGD accuracy: 0.1065
Best model: wa_model (PGD acc: 0.1065, Val acc: 0.2995)

============ Epoch 70 ============
Training time: 358.78s
Training loss: 3.7310
Training accuracy: 0.7642
Current GPU memory: 6.76 GB
Validation time: 12.77s
Model - Validation accuracy: 0.2260
Model - FGSM accuracy: 0.4310
Model - PGD accuracy: 0.0000
WA Model - Validation accuracy: 0.2015
WA Model - FGSM accuracy: 0.0650
WA Model - PGD accuracy: 0.0565
Best model: wa_model (PGD acc: 0.0565, Val acc: 0.2015)

============ Epoch 71 ============
Training time: 359.69s
Training loss: 3.8308
Training accuracy: 0.7063
Current GPU memory: 6.76 GB
Validation time: 12.76s
Model - Validation accuracy: 0.3415
Model - FGSM accuracy: 0.1210
Model - PGD accuracy: 0.0005
WA Model - Validation accuracy: 0.1575
WA Model - FGSM accuracy: 0.0460
WA Model - PGD accuracy: 0.0390
Best model: wa_model (PGD acc: 0.0390, Val acc: 0.1575)

============ Epoch 72 ============
Training time: 359.31s
Training loss: 4.0875
Training accuracy: 0.5440
Current GPU memory: 6.76 GB
Validation time: 12.77s
Model - Validation accuracy: 0.2870
Model - FGSM accuracy: 0.5385
Model - PGD accuracy: 0.0000
WA Model - Validation accuracy: 0.1730
WA Model - FGSM accuracy: 0.0635
WA Model - PGD accuracy: 0.0415
Best model: wa_model (PGD acc: 0.0415, Val acc: 0.1730)

============ Epoch 73 ============
Training time: 360.12s
Training loss: 3.6592
Training accuracy: 0.8038
Current GPU memory: 6.76 GB
Validation time: 12.79s
Model - Validation accuracy: 0.3075
Model - FGSM accuracy: 0.2085
Model - PGD accuracy: 0.0000
WA Model - Validation accuracy: 0.2915
WA Model - FGSM accuracy: 0.0620
WA Model - PGD accuracy: 0.0295
Best model: wa_model (PGD acc: 0.0295, Val acc: 0.2915)

============ Epoch 74 ============
Training time: 359.66s
Training loss: 3.7017
Training accuracy: 0.7750
Current GPU memory: 6.76 GB
Validation time: 12.74s
Model - Validation accuracy: 0.2980
Model - FGSM accuracy: 0.5600
Model - PGD accuracy: 0.0000
WA Model - Validation accuracy: 0.3795
WA Model - FGSM accuracy: 0.1215
WA Model - PGD accuracy: 0.0300
Best model: wa_model (PGD acc: 0.0300, Val acc: 0.3795)

============ Epoch 75 ============
Training time: 359.75s
Training loss: 3.6315
Training accuracy: 0.8139
Current GPU memory: 6.76 GB
Validation time: 12.70s
Model - Validation accuracy: 0.2150
Model - FGSM accuracy: 0.3975
Model - PGD accuracy: 0.0000
WA Model - Validation accuracy: 0.3640
WA Model - FGSM accuracy: 0.1680
WA Model - PGD accuracy: 0.0290
Best model: wa_model (PGD acc: 0.0290, Val acc: 0.3640)

============ Epoch 76 ============
Training time: 359.57s
Training loss: 3.5945
Training accuracy: 0.8297
Current GPU memory: 6.76 GB
Validation time: 12.72s
Model - Validation accuracy: 0.2260
Model - FGSM accuracy: 0.0770
Model - PGD accuracy: 0.0000
WA Model - Validation accuracy: 0.3710
WA Model - FGSM accuracy: 0.1645
WA Model - PGD accuracy: 0.0200
Best model: wa_model (PGD acc: 0.0200, Val acc: 0.3710)

============ Epoch 77 ============
Training time: 359.43s
Training loss: 3.9321
Training accuracy: 0.6334
Current GPU memory: 6.76 GB
Validation time: 12.70s
Model - Validation accuracy: 0.3245
Model - FGSM accuracy: 0.5700
Model - PGD accuracy: 0.0000
WA Model - Validation accuracy: 0.4230
WA Model - FGSM accuracy: 0.0965
WA Model - PGD accuracy: 0.0205
Best model: wa_model (PGD acc: 0.0205, Val acc: 0.4230)

============ Epoch 78 ============
Training time: 359.84s
Training loss: 3.6545
Training accuracy: 0.7990
Current GPU memory: 6.76 GB
Validation time: 12.73s
Model - Validation accuracy: 0.3100
Model - FGSM accuracy: 0.4325
Model - PGD accuracy: 0.0000
WA Model - Validation accuracy: 0.4570
WA Model - FGSM accuracy: 0.0865
WA Model - PGD accuracy: 0.0150
Best model: wa_model (PGD acc: 0.0150, Val acc: 0.4570)

============ Epoch 79 ============
Training time: 359.40s
Training loss: 3.8099
Training accuracy: 0.6986
Current GPU memory: 6.76 GB
Validation time: 12.80s
Model - Validation accuracy: 0.3315
Model - FGSM accuracy: 0.6205
Model - PGD accuracy: 0.0000
WA Model - Validation accuracy: 0.4195
WA Model - FGSM accuracy: 0.2500
WA Model - PGD accuracy: 0.0115
Best model: wa_model (PGD acc: 0.0115, Val acc: 0.4195)

============ Epoch 80 ============
Training time: 359.23s
Training loss: 3.4274
Training accuracy: 0.9110
Current GPU memory: 6.76 GB
Validation time: 12.70s
Model - Validation accuracy: 0.2600
Model - FGSM accuracy: 0.4990
Model - PGD accuracy: 0.0000
WA Model - Validation accuracy: 0.4220
WA Model - FGSM accuracy: 0.3780
WA Model - PGD accuracy: 0.0085
Best model: wa_model (PGD acc: 0.0085, Val acc: 0.4220)

============ Epoch 81 ============
Training time: 358.83s
Training loss: 3.8977
Training accuracy: 0.6600
Current GPU memory: 6.76 GB
Validation time: 12.68s
Model - Validation accuracy: 0.2200
Model - FGSM accuracy: 0.3730
Model - PGD accuracy: 0.0000
WA Model - Validation accuracy: 0.3150
WA Model - FGSM accuracy: 0.2140
WA Model - PGD accuracy: 0.0040
Best model: wa_model (PGD acc: 0.0040, Val acc: 0.3150)

============ Epoch 82 ============
Training time: 358.93s
Training loss: 3.6603
Training accuracy: 0.7903
Current GPU memory: 6.76 GB
Validation time: 12.67s
Model - Validation accuracy: 0.2540
Model - FGSM accuracy: 0.1840
Model - PGD accuracy: 0.0000
WA Model - Validation accuracy: 0.3305
WA Model - FGSM accuracy: 0.1380
WA Model - PGD accuracy: 0.0025
Best model: wa_model (PGD acc: 0.0025, Val acc: 0.3305)

============ Epoch 83 ============
Training time: 358.51s
Training loss: 3.4119
Training accuracy: 0.9249
Current GPU memory: 6.76 GB
Validation time: 12.77s
Model - Validation accuracy: 0.2620
Model - FGSM accuracy: 0.7220
Model - PGD accuracy: 0.0000
WA Model - Validation accuracy: 0.3835
WA Model - FGSM accuracy: 0.2675
WA Model - PGD accuracy: 0.0040
Best model: wa_model (PGD acc: 0.0040, Val acc: 0.3835)

============ Epoch 84 ============
Training time: 359.22s
Training loss: 3.4482
Training accuracy: 0.8995
Current GPU memory: 6.76 GB
Validation time: 12.67s
Model - Validation accuracy: 0.2680
Model - FGSM accuracy: 0.8425
Model - PGD accuracy: 0.0000
WA Model - Validation accuracy: 0.4580
WA Model - FGSM accuracy: 0.2495
WA Model - PGD accuracy: 0.0070
Best model: wa_model (PGD acc: 0.0070, Val acc: 0.4580)

============ Epoch 85 ============
Training time: 359.31s
Training loss: 3.3155
Training accuracy: 0.9575
Current GPU memory: 6.76 GB
Validation time: 12.72s
Model - Validation accuracy: 0.2505
Model - FGSM accuracy: 0.8810
Model - PGD accuracy: 0.0000
WA Model - Validation accuracy: 0.4885
WA Model - FGSM accuracy: 0.1975
WA Model - PGD accuracy: 0.0055
Best model: wa_model (PGD acc: 0.0055, Val acc: 0.4885)

============ Epoch 86 ============
Training time: 359.25s
Training loss: 3.3404
Training accuracy: 0.9405
Current GPU memory: 6.76 GB
Validation time: 12.71s
Model - Validation accuracy: 0.3790
Model - FGSM accuracy: 0.5580
Model - PGD accuracy: 0.0005
WA Model - Validation accuracy: 0.4965
WA Model - FGSM accuracy: 0.1435
WA Model - PGD accuracy: 0.0090
Best model: wa_model (PGD acc: 0.0090, Val acc: 0.4965)

============ Epoch 87 ============
Training time: 359.43s
Training loss: 3.6502
Training accuracy: 0.7762
Current GPU memory: 6.76 GB
Validation time: 12.73s
Model - Validation accuracy: 0.3900
Model - FGSM accuracy: 0.5745
Model - PGD accuracy: 0.0000
WA Model - Validation accuracy: 0.5070
WA Model - FGSM accuracy: 0.1245
WA Model - PGD accuracy: 0.0110
Best model: wa_model (PGD acc: 0.0110, Val acc: 0.5070)

============ Epoch 88 ============
Training time: 377.54s
Training loss: 3.5943
Training accuracy: 0.8103
Current GPU memory: 6.76 GB
Validation time: 12.92s
Model - Validation accuracy: 0.4210
Model - FGSM accuracy: 0.5750
Model - PGD accuracy: 0.0005
WA Model - Validation accuracy: 0.5020
WA Model - FGSM accuracy: 0.0725
WA Model - PGD accuracy: 0.0045
Best model: wa_model (PGD acc: 0.0045, Val acc: 0.5020)

============ Epoch 89 ============
Training time: 375.76s
Training loss: 3.3349
Training accuracy: 0.9428
Current GPU memory: 6.76 GB
Validation time: 12.78s
Model - Validation accuracy: 0.3530
Model - FGSM accuracy: 0.7980
Model - PGD accuracy: 0.0000
WA Model - Validation accuracy: 0.5270
WA Model - FGSM accuracy: 0.0930
WA Model - PGD accuracy: 0.0050
Best model: wa_model (PGD acc: 0.0050, Val acc: 0.5270)

============ Epoch 90 ============
Training time: 360.52s
Training loss: 3.2863
Training accuracy: 0.9620
Current GPU memory: 6.76 GB
Validation time: 13.14s
Model - Validation accuracy: 0.3625
Model - FGSM accuracy: 0.7565
Model - PGD accuracy: 0.0000
WA Model - Validation accuracy: 0.5250
WA Model - FGSM accuracy: 0.2905
WA Model - PGD accuracy: 0.0045
Best model: wa_model (PGD acc: 0.0045, Val acc: 0.5250)

============ Epoch 91 ============
Training time: 380.45s
Training loss: 3.5340
Training accuracy: 0.8373
Current GPU memory: 6.76 GB
Validation time: 12.89s
Model - Validation accuracy: 0.3505
Model - FGSM accuracy: 0.9150
Model - PGD accuracy: 0.0000
WA Model - Validation accuracy: 0.5210
WA Model - FGSM accuracy: 0.5360
WA Model - PGD accuracy: 0.0035
Best model: wa_model (PGD acc: 0.0035, Val acc: 0.5210)

============ Epoch 92 ============
Training time: 360.20s
Training loss: 3.3104
Training accuracy: 0.9551
Current GPU memory: 6.76 GB
Validation time: 12.78s
Model - Validation accuracy: 0.3585
Model - FGSM accuracy: 0.6630
Model - PGD accuracy: 0.0000
WA Model - Validation accuracy: 0.5055
WA Model - FGSM accuracy: 0.7375
WA Model - PGD accuracy: 0.0010
Best model: wa_model (PGD acc: 0.0010, Val acc: 0.5055)

============ Epoch 93 ============
Training time: 385.62s
Training loss: 3.2658
Training accuracy: 0.9710
Current GPU memory: 6.76 GB
Validation time: 13.34s
Model - Validation accuracy: 0.3630
Model - FGSM accuracy: 0.8800
Model - PGD accuracy: 0.0000
WA Model - Validation accuracy: 0.5055
WA Model - FGSM accuracy: 0.8390
WA Model - PGD accuracy: 0.0000
Best model: model (PGD acc: 0.0000, Val acc: 0.3630)

============ Epoch 94 ============
Training time: 375.13s
Training loss: 3.2407
Training accuracy: 0.9773
Current GPU memory: 6.76 GB
Validation time: 12.77s
Model - Validation accuracy: 0.3740
Model - FGSM accuracy: 0.8820
Model - PGD accuracy: 0.0000
WA Model - Validation accuracy: 0.4970
WA Model - FGSM accuracy: 0.8990
WA Model - PGD accuracy: 0.0000
Best model: model (PGD acc: 0.0000, Val acc: 0.3740)

============ Epoch 95 ============
Training time: 358.62s
Training loss: 3.2201
Training accuracy: 0.9818
Current GPU memory: 6.76 GB
Validation time: 12.61s
Model - Validation accuracy: 0.3875
Model - FGSM accuracy: 0.5375
Model - PGD accuracy: 0.0000
WA Model - Validation accuracy: 0.4900
WA Model - FGSM accuracy: 0.9355
WA Model - PGD accuracy: 0.0000
Best model: model (PGD acc: 0.0000, Val acc: 0.3875)

============ Epoch 96 ============
Training time: 358.14s
Training loss: 3.2219
Training accuracy: 0.9810
Current GPU memory: 6.76 GB
Validation time: 12.62s
Model - Validation accuracy: 0.3910
Model - FGSM accuracy: 0.6205
Model - PGD accuracy: 0.0000
WA Model - Validation accuracy: 0.4820
WA Model - FGSM accuracy: 0.9320
WA Model - PGD accuracy: 0.0000
Best model: model (PGD acc: 0.0000, Val acc: 0.3910)

============ Epoch 97 ============
Training time: 358.63s
Training loss: 3.2079
Training accuracy: 0.9847
Current GPU memory: 6.76 GB
Validation time: 12.70s
Model - Validation accuracy: 0.3930
Model - FGSM accuracy: 0.6325
Model - PGD accuracy: 0.0000
WA Model - Validation accuracy: 0.4690
WA Model - FGSM accuracy: 0.9355
WA Model - PGD accuracy: 0.0000
Best model: model (PGD acc: 0.0000, Val acc: 0.3930)

============ Epoch 98 ============
Training time: 358.91s
Training loss: 3.2069
Training accuracy: 0.9841
Current GPU memory: 6.76 GB
Validation time: 12.68s
Model - Validation accuracy: 0.3985
Model - FGSM accuracy: 0.7360
Model - PGD accuracy: 0.0000
WA Model - Validation accuracy: 0.4560
WA Model - FGSM accuracy: 0.9320
WA Model - PGD accuracy: 0.0000
Best model: model (PGD acc: 0.0000, Val acc: 0.3985)

============ Epoch 99 ============
Training time: 359.22s
Training loss: 3.2017
Training accuracy: 0.9856
Current GPU memory: 6.76 GB
Validation time: 12.68s
Model - Validation accuracy: 0.3965
Model - FGSM accuracy: 0.7310
Model - PGD accuracy: 0.0000
WA Model - Validation accuracy: 0.4435
WA Model - FGSM accuracy: 0.9075
WA Model - PGD accuracy: 0.0000
Best model: model (PGD acc: 0.0000, Val acc: 0.3965)

train_acc_list: 
[0.013408163265306123, 0.024877551020408162, 0.0373265306122449, 0.051908163265306125, 0.0641734693877551, 0.0751734693877551, 0.08435714285714285, 0.09387755102040816, 0.10146938775510204, 0.11001020408163266, 0.11973469387755102, 0.12748979591836734, 0.1362142857142857, 0.14291836734693877, 0.14891836734693878, 0.1540408163265306, 0.15870408163265307, 0.16166326530612246, 0.16692857142857143, 0.1705, 0.1709387755102041, 0.17505102040816325, 0.17751020408163265, 0.1798265306122449, 0.1826938775510204, 0.18668367346938775, 0.18710204081632653, 0.1886734693877551, 0.19125510204081633, 0.19253061224489795, 0.19661224489795917, 0.19810204081632654, 0.2003469387755102, 0.20225510204081631, 0.20348979591836736, 0.2045612244897959, 0.20680612244897958, 0.2074387755102041, 0.20987755102040817, 0.21159183673469387, 0.2136734693877551, 0.2178469387755102, 0.22020408163265306, 0.2223061224489796, 0.221765306122449, 0.22087755102040815, 0.22558163265306122, 0.228, 0.2266326530612245, 0.22664285714285715, 0.22535714285714287, 0.2301530612244898, 0.23157142857142857, 0.23014285714285715, 0.2298673469387755, 0.22585714285714287, 0.2316326530612245, 0.2359795918367347, 0.23876530612244898, 0.23294897959183675, 0.24258163265306124, 0.24490816326530612, 0.23976530612244898, 0.24285714285714285, 0.2473061224489796, 0.2516122448979592, 0.2566326530612245, 0.2590408163265306, 0.40851020408163263, 0.7556632653061225, 0.7641530612244898, 0.7062551020408163, 0.5439591836734694, 0.8037857142857143, 0.7750408163265307, 0.8138673469387755, 0.8297448979591837, 0.6333673469387755, 0.7989897959183674, 0.6986326530612245, 0.9109693877551021, 0.6600102040816327, 0.7903265306122449, 0.9248775510204081, 0.8995102040816326, 0.9574897959183674, 0.940469387755102, 0.7762448979591837, 0.8103163265306123, 0.9427857142857143, 0.961969387755102, 0.837265306122449, 0.9551020408163265, 0.9710204081632653, 0.9773367346938775, 0.9817959183673469, 0.981, 0.9847244897959183, 0.9840816326530613, 0.9856020408163265]

model_val_acc_list: 
[0.029, 0.042, 0.0795, 0.0975, 0.129, 0.149, 0.169, 0.1825, 0.2035, 0.21, 0.215, 0.2395, 0.2445, 0.2605, 0.2575, 0.283, 0.2745, 0.279, 0.2645, 0.282, 0.2795, 0.2765, 0.2795, 0.287, 0.296, 0.295, 0.305, 0.3005, 0.311, 0.3475, 0.321, 0.318, 0.3175, 0.327, 0.3235, 0.3305, 0.324, 0.33, 0.336, 0.337, 0.32, 0.3445, 0.3425, 0.36, 0.348, 0.3465, 0.3425, 0.348, 0.347, 0.348, 0.3435, 0.3455, 0.348, 0.351, 0.3455, 0.3565, 0.3515, 0.353, 0.208, 0.357, 0.3875, 0.36, 0.3695, 0.374, 0.3745, 0.3735, 0.3765, 0.369, 0.2795, 0.2425, 0.226, 0.3415, 0.287, 0.3075, 0.298, 0.215, 0.226, 0.3245, 0.31, 0.3315, 0.26, 0.22, 0.254, 0.262, 0.268, 0.2505, 0.379, 0.39, 0.421, 0.353, 0.3625, 0.3505, 0.3585, 0.363, 0.374, 0.3875, 0.391, 0.393, 0.3985, 0.3965]

model_pgd_acc_list: 
[0.018, 0.0295, 0.044, 0.056, 0.071, 0.0815, 0.0805, 0.0955, 0.1025, 0.103, 0.1115, 0.126, 0.1285, 0.1295, 0.1305, 0.1465, 0.1425, 0.1345, 0.144, 0.141, 0.139, 0.141, 0.1455, 0.14, 0.1545, 0.1515, 0.158, 0.156, 0.154, 0.166, 0.1775, 0.152, 0.152, 0.1625, 0.164, 0.153, 0.1605, 0.1635, 0.157, 0.1615, 0.147, 0.1755, 0.1595, 0.1705, 0.1625, 0.172, 0.1665, 0.166, 0.1725, 0.165, 0.161, 0.1565, 0.166, 0.159, 0.168, 0.1775, 0.165, 0.1575, 0.066, 0.1685, 0.1805, 0.166, 0.175, 0.1695, 0.1895, 0.1755, 0.177, 0.188, 0.0, 0.0, 0.0, 0.0005, 0.0, 0.0, 0.0, 0.0, 0.0, 0.0, 0.0, 0.0, 0.0, 0.0, 0.0, 0.0, 0.0, 0.0, 0.0005, 0.0, 0.0005, 0.0, 0.0, 0.0, 0.0, 0.0, 0.0, 0.0, 0.0, 0.0, 0.0, 0.0]

model_fgsm_acc_list: 
[0.018, 0.029, 0.045, 0.058, 0.072, 0.081, 0.085, 0.1005, 0.105, 0.108, 0.1125, 0.131, 0.1335, 0.1375, 0.138, 0.153, 0.1515, 0.1455, 0.151, 0.152, 0.153, 0.1485, 0.1535, 0.149, 0.1605, 0.1625, 0.1675, 0.163, 0.168, 0.1815, 0.1865, 0.165, 0.1595, 0.171, 0.1775, 0.1655, 0.172, 0.179, 0.171, 0.1805, 0.1645, 0.1945, 0.1765, 0.189, 0.1815, 0.1865, 0.184, 0.1855, 0.1955, 0.174, 0.179, 0.1735, 0.1825, 0.1735, 0.181, 0.1915, 0.184, 0.1725, 0.0825, 0.188, 0.1995, 0.189, 0.1925, 0.1885, 0.2085, 0.1925, 0.2, 0.209, 0.3105, 0.6075, 0.431, 0.121, 0.5385, 0.2085, 0.56, 0.3975, 0.077, 0.57, 0.4325, 0.6205, 0.499, 0.373, 0.184, 0.722, 0.8425, 0.881, 0.558, 0.5745, 0.575, 0.798, 0.7565, 0.915, 0.663, 0.88, 0.882, 0.5375, 0.6205, 0.6325, 0.736, 0.731]

wa_val_acc_list: 
[0.003, 0.005, 0.0035, 0.0035, 0.0055, 0.0055, 0.0085, 0.0205, 0.0295, 0.043, 0.0605, 0.0715, 0.079, 0.079, 0.0625, 0.0505, 0.042, 0.0375, 0.042, 0.0495, 0.08, 0.116, 0.171, 0.226, 0.262, 0.292, 0.315, 0.3255, 0.3355, 0.3445, 0.352, 0.3585, 0.3655, 0.37, 0.375, 0.379, 0.38, 0.381, 0.382, 0.3835, 0.3835, 0.3845, 0.387, 0.3865, 0.3885, 0.389, 0.3905, 0.3905, 0.3885, 0.391, 0.3945, 0.3965, 0.3965, 0.3975, 0.3945, 0.396, 0.399, 0.4035, 0.4065, 0.41, 0.415, 0.4145, 0.412, 0.415, 0.418, 0.419, 0.4245, 0.425, 0.4165, 0.2995, 0.2015, 0.1575, 0.173, 0.2915, 0.3795, 0.364, 0.371, 0.423, 0.457, 0.4195, 0.422, 0.315, 0.3305, 0.3835, 0.458, 0.4885, 0.4965, 0.507, 0.502, 0.527, 0.525, 0.521, 0.5055, 0.5055, 0.497, 0.49, 0.482, 0.469, 0.456, 0.4435]

wa_pgd_acc_list: 
[0.003, 0.0045, 0.0035, 0.0035, 0.004, 0.004, 0.0055, 0.0115, 0.0205, 0.025, 0.031, 0.0365, 0.042, 0.0405, 0.0315, 0.025, 0.0205, 0.0205, 0.0215, 0.027, 0.035, 0.055, 0.081, 0.1115, 0.1485, 0.1675, 0.184, 0.195, 0.205, 0.2065, 0.2105, 0.213, 0.214, 0.216, 0.2165, 0.2165, 0.219, 0.221, 0.2225, 0.2215, 0.2205, 0.2235, 0.222, 0.2205, 0.2215, 0.221, 0.2205, 0.221, 0.2185, 0.22, 0.225, 0.2245, 0.2265, 0.2235, 0.2235, 0.2245, 0.2255, 0.2285, 0.228, 0.231, 0.2295, 0.2295, 0.229, 0.228, 0.23, 0.232, 0.229, 0.233, 0.213, 0.1065, 0.0565, 0.039, 0.0415, 0.0295, 0.03, 0.029, 0.02, 0.0205, 0.015, 0.0115, 0.0085, 0.004, 0.0025, 0.004, 0.007, 0.0055, 0.009, 0.011, 0.0045, 0.005, 0.0045, 0.0035, 0.001, 0.0, 0.0, 0.0, 0.0, 0.0, 0.0, 0.0]

wa_fgsm_acc_list: 
[0.003, 0.0045, 0.0035, 0.0035, 0.004, 0.004, 0.0055, 0.0115, 0.02, 0.025, 0.031, 0.037, 0.0425, 0.0415, 0.033, 0.0255, 0.022, 0.0205, 0.022, 0.027, 0.036, 0.056, 0.081, 0.1155, 0.151, 0.1715, 0.187, 0.201, 0.2095, 0.211, 0.213, 0.2155, 0.22, 0.222, 0.226, 0.225, 0.2285, 0.229, 0.2315, 0.2325, 0.2315, 0.2355, 0.235, 0.238, 0.234, 0.2335, 0.232, 0.236, 0.2385, 0.2355, 0.2385, 0.24, 0.2415, 0.238, 0.2335, 0.2345, 0.238, 0.24, 0.2375, 0.2405, 0.2405, 0.2435, 0.241, 0.2435, 0.2435, 0.245, 0.248, 0.2485, 0.224, 0.1185, 0.065, 0.046, 0.0635, 0.062, 0.1215, 0.168, 0.1645, 0.0965, 0.0865, 0.25, 0.378, 0.214, 0.138, 0.2675, 0.2495, 0.1975, 0.1435, 0.1245, 0.0725, 0.093, 0.2905, 0.536, 0.7375, 0.839, 0.899, 0.9355, 0.932, 0.9355, 0.932, 0.9075]

total_training_time: 
36065.68351626396

total_val_time: 
1279.2914514541626

max_gpu_memory: 6.76 GB

==================================================
Starting final evaluation on test set...
==================================================
PGD test results:
  clean_acc: 0.4541
  pgd_10_acc: 0.2449
  pgd_20_acc: 0.2427
  pgd_50_acc: 0.2429
AutoAttack results:
  autoattack_acc: 0.1788
CR-Attack results:
  cr_attack_acc: 0.1781
